[2024-12-17T10:45:16.660+0000] {local_task_job_runner.py:123} INFO - ::group::Pre task execution logs
[2024-12-17T10:45:16.753+0000] {taskinstance.py:2613} INFO - Dependencies all met for dep_context=non-requeueable deps ti=<TaskInstance: Our_first_dag_using_python_operator.greet scheduled__2024-12-17T00:53:00+00:00 [queued]>
[2024-12-17T10:45:16.787+0000] {taskinstance.py:2613} INFO - Dependencies all met for dep_context=requeueable deps ti=<TaskInstance: Our_first_dag_using_python_operator.greet scheduled__2024-12-17T00:53:00+00:00 [queued]>
[2024-12-17T10:45:16.790+0000] {taskinstance.py:2866} INFO - Starting attempt 1 of 6
[2024-12-17T10:45:16.850+0000] {taskinstance.py:2889} INFO - Executing <Task(PythonOperator): greet> on 2024-12-17 00:53:00+00:00
[2024-12-17T10:45:16.865+0000] {warnings.py:112} WARNING - /home/***/.local/lib/python3.12/site-packages/***/task/task_runner/standard_task_runner.py:70: DeprecationWarning: This process (pid=2792) is multi-threaded, use of fork() may lead to deadlocks in the child.
  pid = os.fork()

[2024-12-17T10:45:16.869+0000] {standard_task_runner.py:104} INFO - Running: ['***', 'tasks', 'run', 'Our_first_dag_using_python_operator', 'greet', 'scheduled__2024-12-17T00:53:00+00:00', '--job-id', '343', '--raw', '--subdir', 'DAGS_FOLDER/create_dag_with_python.py', '--cfg-path', '/tmp/tmpj_q2q4_9']
[2024-12-17T10:45:16.872+0000] {standard_task_runner.py:72} INFO - Started process 2807 to run task
[2024-12-17T10:45:16.872+0000] {standard_task_runner.py:105} INFO - Job 343: Subtask greet
[2024-12-17T10:45:17.017+0000] {task_command.py:467} INFO - Running <TaskInstance: Our_first_dag_using_python_operator.greet scheduled__2024-12-17T00:53:00+00:00 [running]> on host 8348eb091483
[2024-12-17T10:45:17.272+0000] {taskinstance.py:3132} INFO - Exporting env vars: AIRFLOW_CTX_DAG_OWNER='srush' AIRFLOW_CTX_DAG_ID='Our_first_dag_using_python_operator' AIRFLOW_CTX_TASK_ID='greet' AIRFLOW_CTX_EXECUTION_DATE='2024-12-17T00:53:00+00:00' AIRFLOW_CTX_TRY_NUMBER='1' AIRFLOW_CTX_DAG_RUN_ID='scheduled__2024-12-17T00:53:00+00:00'
[2024-12-17T10:45:17.275+0000] {taskinstance.py:731} INFO - ::endgroup::
[2024-12-17T10:45:17.304+0000] {logging_mixin.py:190} INFO - Hello World!
[2024-12-17T10:45:17.305+0000] {python.py:240} INFO - Done. Returned value was: None
[2024-12-17T10:45:17.330+0000] {taskinstance.py:340} INFO - ::group::Post task execution logs
[2024-12-17T10:45:17.332+0000] {taskinstance.py:352} INFO - Marking task as SUCCESS. dag_id=Our_first_dag_using_python_operator, task_id=greet, run_id=scheduled__2024-12-17T00:53:00+00:00, execution_date=20241217T005300, start_date=20241217T104516, end_date=20241217T104517
[2024-12-17T10:45:17.424+0000] {local_task_job_runner.py:266} INFO - Task exited with return code 0
[2024-12-17T10:45:17.461+0000] {taskinstance.py:3895} INFO - 0 downstream tasks scheduled from follow-on schedule check
[2024-12-17T10:45:17.467+0000] {local_task_job_runner.py:245} INFO - ::endgroup::
