[2024-12-19T06:11:05.801+0000] {local_task_job_runner.py:123} INFO - ::group::Pre task execution logs
[2024-12-19T06:11:05.828+0000] {taskinstance.py:2613} INFO - Dependencies all met for dep_context=non-requeueable deps ti=<TaskInstance: fetch_news_and_insert_all_countries.fetch_and_insert_news_all_countries manual__2024-12-19T06:11:03.065946+00:00 [queued]>
[2024-12-19T06:11:05.842+0000] {taskinstance.py:2613} INFO - Dependencies all met for dep_context=requeueable deps ti=<TaskInstance: fetch_news_and_insert_all_countries.fetch_and_insert_news_all_countries manual__2024-12-19T06:11:03.065946+00:00 [queued]>
[2024-12-19T06:11:05.843+0000] {taskinstance.py:2866} INFO - Starting attempt 1 of 2
[2024-12-19T06:11:05.866+0000] {taskinstance.py:2889} INFO - Executing <Task(PythonOperator): fetch_and_insert_news_all_countries> on 2024-12-19 06:11:03.065946+00:00
[2024-12-19T06:11:05.878+0000] {warnings.py:112} WARNING - /home/***/.local/lib/python3.12/site-packages/***/task/task_runner/standard_task_runner.py:70: DeprecationWarning: This process (pid=1419) is multi-threaded, use of fork() may lead to deadlocks in the child.
  pid = os.fork()

[2024-12-19T06:11:05.882+0000] {standard_task_runner.py:72} INFO - Started process 1421 to run task
[2024-12-19T06:11:05.883+0000] {standard_task_runner.py:104} INFO - Running: ['***', 'tasks', 'run', 'fetch_news_and_insert_all_countries', 'fetch_and_insert_news_all_countries', 'manual__2024-12-19T06:11:03.065946+00:00', '--job-id', '2590', '--raw', '--subdir', 'DAGS_FOLDER/snowflake_connector_dag.py', '--cfg-path', '/tmp/tmp7ns48mt9']
[2024-12-19T06:11:05.887+0000] {standard_task_runner.py:105} INFO - Job 2590: Subtask fetch_and_insert_news_all_countries
[2024-12-19T06:11:05.972+0000] {task_command.py:467} INFO - Running <TaskInstance: fetch_news_and_insert_all_countries.fetch_and_insert_news_all_countries manual__2024-12-19T06:11:03.065946+00:00 [running]> on host 8348eb091483
[2024-12-19T06:11:06.124+0000] {taskinstance.py:3132} INFO - Exporting env vars: AIRFLOW_CTX_DAG_OWNER='***' AIRFLOW_CTX_DAG_ID='fetch_news_and_insert_all_countries' AIRFLOW_CTX_TASK_ID='fetch_and_insert_news_all_countries' AIRFLOW_CTX_EXECUTION_DATE='2024-12-19T06:11:03.065946+00:00' AIRFLOW_CTX_TRY_NUMBER='1' AIRFLOW_CTX_DAG_RUN_ID='manual__2024-12-19T06:11:03.065946+00:00'
[2024-12-19T06:11:06.126+0000] {taskinstance.py:731} INFO - ::endgroup::
[2024-12-19T06:11:06.171+0000] {base.py:84} INFO - Retrieving connection 'snowflake_con'
[2024-12-19T06:11:06.173+0000] {connection.py:414} INFO - Snowflake Connector for Python Version: 3.12.4, Python Version: 3.12.8, Platform: Linux-5.15.167.4-microsoft-standard-WSL2-x86_64-with-glibc2.36
[2024-12-19T06:11:06.175+0000] {connection.py:1197} INFO - Connecting to GLOBAL Snowflake domain
[2024-12-19T06:11:06.177+0000] {connection.py:1278} INFO - This connection is in OCSP Fail Open Mode. TLS Certificates would be checked for validity and revocation status. Any other Certificate Revocation related exceptions or OCSP Responder failures would be disregarded in favor of connectivity.
[2024-12-19T06:11:07.213+0000] {logging_mixin.py:190} INFO - Processing news for country: CH
[2024-12-19T06:11:07.215+0000] {logging_mixin.py:190} INFO - Fetching news from 2020-01-01 to 2020-01-02 for CH...
[2024-12-19T06:12:30.108+0000] {logging_mixin.py:190} INFO - Inserted 250 articles into Snowflake table 'NEWS_DATA2' for CH.
[2024-12-19T06:12:30.110+0000] {logging_mixin.py:190} INFO - Fetching news from 2020-01-02 to 2020-01-03 for CH...
[2024-12-19T06:13:49.744+0000] {logging_mixin.py:190} INFO - Inserted 250 articles into Snowflake table 'NEWS_DATA2' for CH.
[2024-12-19T06:13:49.746+0000] {logging_mixin.py:190} INFO - Fetching news from 2020-01-03 to 2020-01-04 for CH...
[2024-12-19T06:15:10.405+0000] {logging_mixin.py:190} INFO - Inserted 250 articles into Snowflake table 'NEWS_DATA2' for CH.
[2024-12-19T06:15:10.407+0000] {logging_mixin.py:190} INFO - Fetching news from 2020-01-04 to 2020-01-05 for CH...
[2024-12-19T06:16:35.391+0000] {logging_mixin.py:190} INFO - Inserted 250 articles into Snowflake table 'NEWS_DATA2' for CH.
[2024-12-19T06:16:35.392+0000] {logging_mixin.py:190} INFO - Fetching news from 2020-01-05 to 2020-01-06 for CH...
[2024-12-19T06:17:51.033+0000] {logging_mixin.py:190} INFO - Inserted 250 articles into Snowflake table 'NEWS_DATA2' for CH.
[2024-12-19T06:17:51.034+0000] {logging_mixin.py:190} INFO - Fetching news from 2020-01-06 to 2020-01-07 for CH...
[2024-12-19T06:19:07.786+0000] {logging_mixin.py:190} INFO - Inserted 250 articles into Snowflake table 'NEWS_DATA2' for CH.
[2024-12-19T06:19:07.788+0000] {logging_mixin.py:190} INFO - Fetching news from 2020-01-07 to 2020-01-08 for CH...
[2024-12-19T06:20:31.496+0000] {logging_mixin.py:190} INFO - Inserted 250 articles into Snowflake table 'NEWS_DATA2' for CH.
[2024-12-19T06:20:31.498+0000] {logging_mixin.py:190} INFO - Fetching news from 2020-01-08 to 2020-01-09 for CH...
[2024-12-19T06:22:27.393+0000] {logging_mixin.py:190} INFO - Inserted 250 articles into Snowflake table 'NEWS_DATA2' for CH.
[2024-12-19T06:22:27.395+0000] {logging_mixin.py:190} INFO - Fetching news from 2020-01-09 to 2020-01-10 for CH...
[2024-12-19T06:24:48.366+0000] {logging_mixin.py:190} INFO - Inserted 250 articles into Snowflake table 'NEWS_DATA2' for CH.
[2024-12-19T06:24:48.367+0000] {logging_mixin.py:190} INFO - Fetching news from 2020-01-10 to 2020-01-11 for CH...
[2024-12-19T06:26:28.508+0000] {logging_mixin.py:190} INFO - Inserted 250 articles into Snowflake table 'NEWS_DATA2' for CH.
[2024-12-19T06:26:28.510+0000] {logging_mixin.py:190} INFO - Fetching news from 2020-01-11 to 2020-01-12 for CH...
[2024-12-19T06:28:01.006+0000] {logging_mixin.py:190} INFO - Inserted 250 articles into Snowflake table 'NEWS_DATA2' for CH.
[2024-12-19T06:28:01.007+0000] {logging_mixin.py:190} INFO - Fetching news from 2020-01-12 to 2020-01-13 for CH...
[2024-12-19T06:29:28.338+0000] {logging_mixin.py:190} INFO - Inserted 250 articles into Snowflake table 'NEWS_DATA2' for CH.
[2024-12-19T06:29:28.339+0000] {logging_mixin.py:190} INFO - Fetching news from 2020-01-13 to 2020-01-14 for CH...
[2024-12-19T06:31:01.375+0000] {logging_mixin.py:190} INFO - Inserted 250 articles into Snowflake table 'NEWS_DATA2' for CH.
[2024-12-19T06:31:01.376+0000] {logging_mixin.py:190} INFO - Fetching news from 2020-01-14 to 2020-01-15 for CH...
[2024-12-19T06:32:45.599+0000] {logging_mixin.py:190} INFO - Inserted 250 articles into Snowflake table 'NEWS_DATA2' for CH.
[2024-12-19T06:32:45.601+0000] {logging_mixin.py:190} INFO - Fetching news from 2020-01-15 to 2020-01-16 for CH...
[2024-12-19T06:34:24.943+0000] {logging_mixin.py:190} INFO - Inserted 250 articles into Snowflake table 'NEWS_DATA2' for CH.
[2024-12-19T06:34:24.944+0000] {logging_mixin.py:190} INFO - Fetching news from 2020-01-16 to 2020-01-17 for CH...
[2024-12-19T06:36:10.964+0000] {logging_mixin.py:190} INFO - Inserted 250 articles into Snowflake table 'NEWS_DATA2' for CH.
[2024-12-19T06:36:10.965+0000] {logging_mixin.py:190} INFO - Fetching news from 2020-01-17 to 2020-01-18 for CH...
[2024-12-19T06:37:52.812+0000] {logging_mixin.py:190} INFO - Inserted 250 articles into Snowflake table 'NEWS_DATA2' for CH.
[2024-12-19T06:37:52.813+0000] {logging_mixin.py:190} INFO - Fetching news from 2020-01-18 to 2020-01-19 for CH...
[2024-12-19T06:39:32.866+0000] {logging_mixin.py:190} INFO - Inserted 250 articles into Snowflake table 'NEWS_DATA2' for CH.
[2024-12-19T06:39:32.867+0000] {logging_mixin.py:190} INFO - Fetching news from 2020-01-19 to 2020-01-20 for CH...
[2024-12-19T06:41:11.743+0000] {logging_mixin.py:190} INFO - Inserted 250 articles into Snowflake table 'NEWS_DATA2' for CH.
[2024-12-19T06:41:11.744+0000] {logging_mixin.py:190} INFO - Fetching news from 2020-01-20 to 2020-01-21 for CH...
[2024-12-19T06:42:49.864+0000] {logging_mixin.py:190} INFO - Inserted 250 articles into Snowflake table 'NEWS_DATA2' for CH.
[2024-12-19T06:42:49.866+0000] {logging_mixin.py:190} INFO - Fetching news from 2020-01-21 to 2020-01-22 for CH...
[2024-12-19T06:44:25.310+0000] {logging_mixin.py:190} INFO - Inserted 250 articles into Snowflake table 'NEWS_DATA2' for CH.
[2024-12-19T06:44:25.311+0000] {logging_mixin.py:190} INFO - Fetching news from 2020-01-22 to 2020-01-23 for CH...
[2024-12-19T06:44:27.348+0000] {connection.py:789} INFO - closed
[2024-12-19T06:44:27.379+0000] {connection.py:795} INFO - No async queries seem to be running, deleting session
[2024-12-19T06:44:27.422+0000] {logging_mixin.py:190} INFO - Error inserting data into Snowflake: 'ValueError' object has no attribute 'pos'
[2024-12-19T06:44:27.426+0000] {python.py:240} INFO - Done. Returned value was: None
[2024-12-19T06:44:27.486+0000] {taskinstance.py:340} INFO - ::group::Post task execution logs
[2024-12-19T06:44:27.488+0000] {taskinstance.py:352} INFO - Marking task as SUCCESS. dag_id=fetch_news_and_insert_all_countries, task_id=fetch_and_insert_news_all_countries, run_id=manual__2024-12-19T06:11:03.065946+00:00, execution_date=20241219T061103, start_date=20241219T061105, end_date=20241219T064427
[2024-12-19T06:44:27.603+0000] {local_task_job_runner.py:266} INFO - Task exited with return code 0
[2024-12-19T06:44:27.648+0000] {taskinstance.py:3895} INFO - 0 downstream tasks scheduled from follow-on schedule check
[2024-12-19T06:44:27.654+0000] {local_task_job_runner.py:245} INFO - ::endgroup::
