[2024-12-26T08:25:20.319+0000] {local_task_job_runner.py:123} INFO - ::group::Pre task execution logs
[2024-12-26T08:25:20.389+0000] {taskinstance.py:2613} INFO - Dependencies all met for dep_context=non-requeueable deps ti=<TaskInstance: transform_forex_data_dag.transform_and_load_forex_data scheduled__2024-12-25T00:00:00+00:00 [queued]>
[2024-12-26T08:25:20.425+0000] {taskinstance.py:2613} INFO - Dependencies all met for dep_context=requeueable deps ti=<TaskInstance: transform_forex_data_dag.transform_and_load_forex_data scheduled__2024-12-25T00:00:00+00:00 [queued]>
[2024-12-26T08:25:20.432+0000] {taskinstance.py:2866} INFO - Starting attempt 1 of 2
[2024-12-26T08:25:20.496+0000] {taskinstance.py:2889} INFO - Executing <Task(PythonOperator): transform_and_load_forex_data> on 2024-12-25 00:00:00+00:00
[2024-12-26T08:25:20.511+0000] {warnings.py:112} WARNING - /home/***/.local/lib/python3.12/site-packages/***/task/task_runner/standard_task_runner.py:70: DeprecationWarning: This process (pid=3238) is multi-threaded, use of fork() may lead to deadlocks in the child.
  pid = os.fork()

[2024-12-26T08:25:20.515+0000] {standard_task_runner.py:72} INFO - Started process 3243 to run task
[2024-12-26T08:25:20.516+0000] {standard_task_runner.py:104} INFO - Running: ['***', 'tasks', 'run', 'transform_forex_data_dag', 'transform_and_load_forex_data', 'scheduled__2024-12-25T00:00:00+00:00', '--job-id', '63', '--raw', '--subdir', 'DAGS_FOLDER/Forex_tranformation.py', '--cfg-path', '/tmp/tmp0dnjqr6i']
[2024-12-26T08:25:20.529+0000] {standard_task_runner.py:105} INFO - Job 63: Subtask transform_and_load_forex_data
[2024-12-26T08:25:20.673+0000] {task_command.py:467} INFO - Running <TaskInstance: transform_forex_data_dag.transform_and_load_forex_data scheduled__2024-12-25T00:00:00+00:00 [running]> on host 4fe538676cbc
[2024-12-26T08:25:20.830+0000] {taskinstance.py:3132} INFO - Exporting env vars: AIRFLOW_CTX_DAG_OWNER='***' AIRFLOW_CTX_DAG_ID='transform_forex_data_dag' AIRFLOW_CTX_TASK_ID='transform_and_load_forex_data' AIRFLOW_CTX_EXECUTION_DATE='2024-12-25T00:00:00+00:00' AIRFLOW_CTX_TRY_NUMBER='1' AIRFLOW_CTX_DAG_RUN_ID='scheduled__2024-12-25T00:00:00+00:00'
[2024-12-26T08:25:20.833+0000] {taskinstance.py:731} INFO - ::endgroup::
[2024-12-26T08:25:20.875+0000] {connection.py:414} INFO - Snowflake Connector for Python Version: 3.12.4, Python Version: 3.12.8, Platform: Linux-5.15.167.4-microsoft-standard-WSL2-x86_64-with-glibc2.36
[2024-12-26T08:25:20.877+0000] {connection.py:1197} INFO - Connecting to GLOBAL Snowflake domain
[2024-12-26T08:25:20.879+0000] {connection.py:1278} INFO - This connection is in OCSP Fail Open Mode. TLS Certificates would be checked for validity and revocation status. Any other Certificate Revocation related exceptions or OCSP Responder failures would be disregarded in favor of connectivity.
[2024-12-26T08:25:22.067+0000] {cursor.py:1166} INFO - Number of results in first chunk: 108
[2024-12-26T08:25:22.177+0000] {cursor.py:1166} INFO - Number of results in first chunk: 1
[2024-12-26T08:25:22.181+0000] {logging_mixin.py:190} INFO - 2024-12-26
[2024-12-26T08:25:22.253+0000] {cursor.py:1166} INFO - Number of results in first chunk: 0
[2024-12-26T08:25:22.640+0000] {logging_mixin.py:190} INFO - No new data to transform for pair USDGBP=X
[2024-12-26T08:25:22.765+0000] {cursor.py:1166} INFO - Number of results in first chunk: 1
[2024-12-26T08:25:22.767+0000] {logging_mixin.py:190} INFO - 2024-12-26
[2024-12-26T08:25:22.828+0000] {cursor.py:1166} INFO - Number of results in first chunk: 0
[2024-12-26T08:25:22.885+0000] {logging_mixin.py:190} INFO - No new data to transform for pair USDINR=X
[2024-12-26T08:25:22.939+0000] {cursor.py:1166} INFO - Number of results in first chunk: 1
[2024-12-26T08:25:22.941+0000] {logging_mixin.py:190} INFO - 2024-12-26
[2024-12-26T08:25:23.001+0000] {cursor.py:1166} INFO - Number of results in first chunk: 0
[2024-12-26T08:25:23.054+0000] {logging_mixin.py:190} INFO - No new data to transform for pair EURINR=X
[2024-12-26T08:25:23.113+0000] {cursor.py:1166} INFO - Number of results in first chunk: 1
[2024-12-26T08:25:23.114+0000] {logging_mixin.py:190} INFO - 2024-12-26
[2024-12-26T08:25:23.173+0000] {cursor.py:1166} INFO - Number of results in first chunk: 0
[2024-12-26T08:25:23.275+0000] {logging_mixin.py:190} INFO - No new data to transform for pair EURCHF=X
[2024-12-26T08:25:23.321+0000] {cursor.py:1166} INFO - Number of results in first chunk: 1
[2024-12-26T08:25:23.322+0000] {logging_mixin.py:190} INFO - 2024-12-26
[2024-12-26T08:25:23.383+0000] {cursor.py:1166} INFO - Number of results in first chunk: 0
[2024-12-26T08:25:23.449+0000] {logging_mixin.py:190} INFO - No new data to transform for pair GBPUSD=X
[2024-12-26T08:25:23.504+0000] {cursor.py:1166} INFO - Number of results in first chunk: 1
[2024-12-26T08:25:23.506+0000] {logging_mixin.py:190} INFO - 2024-12-26
[2024-12-26T08:25:23.570+0000] {cursor.py:1166} INFO - Number of results in first chunk: 0
[2024-12-26T08:25:23.662+0000] {logging_mixin.py:190} INFO - No new data to transform for pair GBPNZD=X
[2024-12-26T08:25:23.710+0000] {cursor.py:1166} INFO - Number of results in first chunk: 1
[2024-12-26T08:25:23.712+0000] {logging_mixin.py:190} INFO - 2024-12-26
[2024-12-26T08:25:23.776+0000] {cursor.py:1166} INFO - Number of results in first chunk: 0
[2024-12-26T08:25:23.841+0000] {logging_mixin.py:190} INFO - No new data to transform for pair USDNZD=X
[2024-12-26T08:25:23.891+0000] {cursor.py:1166} INFO - Number of results in first chunk: 1
[2024-12-26T08:25:23.893+0000] {logging_mixin.py:190} INFO - 2024-12-26
[2024-12-26T08:25:23.960+0000] {cursor.py:1166} INFO - Number of results in first chunk: 0
[2024-12-26T08:25:24.015+0000] {logging_mixin.py:190} INFO - No new data to transform for pair EURCNY=X
[2024-12-26T08:25:24.073+0000] {cursor.py:1166} INFO - Number of results in first chunk: 1
[2024-12-26T08:25:24.075+0000] {logging_mixin.py:190} INFO - 2024-12-26
[2024-12-26T08:25:24.751+0000] {cursor.py:1166} INFO - Number of results in first chunk: 0
[2024-12-26T08:25:24.817+0000] {logging_mixin.py:190} INFO - No new data to transform for pair GBPJPY=X
[2024-12-26T08:25:24.867+0000] {cursor.py:1166} INFO - Number of results in first chunk: 1
[2024-12-26T08:25:24.869+0000] {logging_mixin.py:190} INFO - 2024-12-26
[2024-12-26T08:25:24.943+0000] {cursor.py:1166} INFO - Number of results in first chunk: 0
[2024-12-26T08:25:24.996+0000] {logging_mixin.py:190} INFO - No new data to transform for pair CHFEUR=X
[2024-12-26T08:25:25.047+0000] {cursor.py:1166} INFO - Number of results in first chunk: 1
[2024-12-26T08:25:25.049+0000] {logging_mixin.py:190} INFO - 2024-12-26
[2024-12-26T08:25:25.117+0000] {cursor.py:1166} INFO - Number of results in first chunk: 0
[2024-12-26T08:25:25.211+0000] {logging_mixin.py:190} INFO - No new data to transform for pair CHFCAD=X
[2024-12-26T08:25:25.266+0000] {cursor.py:1166} INFO - Number of results in first chunk: 1
[2024-12-26T08:25:25.268+0000] {logging_mixin.py:190} INFO - 2024-12-26
[2024-12-26T08:25:25.356+0000] {cursor.py:1166} INFO - Number of results in first chunk: 0
[2024-12-26T08:25:25.452+0000] {logging_mixin.py:190} INFO - No new data to transform for pair CHFAED=X
[2024-12-26T08:25:25.516+0000] {cursor.py:1166} INFO - Number of results in first chunk: 1
[2024-12-26T08:25:25.517+0000] {logging_mixin.py:190} INFO - 2024-12-26
[2024-12-26T08:25:25.592+0000] {cursor.py:1166} INFO - Number of results in first chunk: 0
[2024-12-26T08:25:25.653+0000] {logging_mixin.py:190} INFO - No new data to transform for pair CNYJPY=X
[2024-12-26T08:25:25.735+0000] {cursor.py:1166} INFO - Number of results in first chunk: 1
[2024-12-26T08:25:25.737+0000] {logging_mixin.py:190} INFO - 2024-12-26
[2024-12-26T08:25:25.812+0000] {cursor.py:1166} INFO - Number of results in first chunk: 0
[2024-12-26T08:25:25.876+0000] {logging_mixin.py:190} INFO - No new data to transform for pair CNYCHF=X
[2024-12-26T08:25:25.929+0000] {cursor.py:1166} INFO - Number of results in first chunk: 1
[2024-12-26T08:25:25.931+0000] {logging_mixin.py:190} INFO - 2024-12-26
[2024-12-26T08:25:26.005+0000] {cursor.py:1166} INFO - Number of results in first chunk: 0
[2024-12-26T08:25:26.081+0000] {logging_mixin.py:190} INFO - No new data to transform for pair AEDUSD=X
[2024-12-26T08:25:26.130+0000] {cursor.py:1166} INFO - Number of results in first chunk: 1
[2024-12-26T08:25:26.132+0000] {logging_mixin.py:190} INFO - 2024-12-26
[2024-12-26T08:25:26.195+0000] {cursor.py:1166} INFO - Number of results in first chunk: 0
[2024-12-26T08:25:26.272+0000] {logging_mixin.py:190} INFO - No new data to transform for pair NZDUSD=X
[2024-12-26T08:25:26.326+0000] {cursor.py:1166} INFO - Number of results in first chunk: 1
[2024-12-26T08:25:26.327+0000] {logging_mixin.py:190} INFO - 2024-12-26
[2024-12-26T08:25:26.396+0000] {cursor.py:1166} INFO - Number of results in first chunk: 0
[2024-12-26T08:25:26.465+0000] {logging_mixin.py:190} INFO - No new data to transform for pair JPYAED=X
[2024-12-26T08:25:26.522+0000] {cursor.py:1166} INFO - Number of results in first chunk: 1
[2024-12-26T08:25:26.524+0000] {logging_mixin.py:190} INFO - 2024-12-26
[2024-12-26T08:25:26.586+0000] {cursor.py:1166} INFO - Number of results in first chunk: 0
[2024-12-26T08:25:26.642+0000] {logging_mixin.py:190} INFO - No new data to transform for pair JPYNZD=X
[2024-12-26T08:25:26.701+0000] {cursor.py:1166} INFO - Number of results in first chunk: 1
[2024-12-26T08:25:26.702+0000] {logging_mixin.py:190} INFO - 2024-12-26
[2024-12-26T08:25:26.783+0000] {cursor.py:1166} INFO - Number of results in first chunk: 0
[2024-12-26T08:25:26.863+0000] {logging_mixin.py:190} INFO - No new data to transform for pair INRUSD=X
[2024-12-26T08:25:26.918+0000] {cursor.py:1166} INFO - Number of results in first chunk: 1
[2024-12-26T08:25:26.920+0000] {logging_mixin.py:190} INFO - 2024-12-26
[2024-12-26T08:25:26.981+0000] {cursor.py:1166} INFO - Number of results in first chunk: 0
[2024-12-26T08:25:27.052+0000] {logging_mixin.py:190} INFO - No new data to transform for pair INREUR=X
[2024-12-26T08:25:27.150+0000] {cursor.py:1166} INFO - Number of results in first chunk: 1
[2024-12-26T08:25:27.152+0000] {logging_mixin.py:190} INFO - 2024-12-26
[2024-12-26T08:25:27.214+0000] {cursor.py:1166} INFO - Number of results in first chunk: 0
[2024-12-26T08:25:27.306+0000] {logging_mixin.py:190} INFO - No new data to transform for pair INRCNY=X
[2024-12-26T08:25:27.360+0000] {cursor.py:1166} INFO - Number of results in first chunk: 1
[2024-12-26T08:25:27.362+0000] {logging_mixin.py:190} INFO - 2024-12-26
[2024-12-26T08:25:27.427+0000] {cursor.py:1166} INFO - Number of results in first chunk: 0
[2024-12-26T08:25:27.490+0000] {logging_mixin.py:190} INFO - No new data to transform for pair INRNZD=X
[2024-12-26T08:25:27.542+0000] {cursor.py:1166} INFO - Number of results in first chunk: 1
[2024-12-26T08:25:27.545+0000] {logging_mixin.py:190} INFO - 2024-12-26
[2024-12-26T08:25:27.624+0000] {cursor.py:1166} INFO - Number of results in first chunk: 0
[2024-12-26T08:25:27.770+0000] {logging_mixin.py:190} INFO - No new data to transform for pair CADCHF=X
[2024-12-26T08:25:27.879+0000] {cursor.py:1166} INFO - Number of results in first chunk: 1
[2024-12-26T08:25:27.881+0000] {logging_mixin.py:190} INFO - 2024-12-26
[2024-12-26T08:25:27.946+0000] {cursor.py:1166} INFO - Number of results in first chunk: 0
[2024-12-26T08:25:28.008+0000] {logging_mixin.py:190} INFO - No new data to transform for pair CADAED=X
[2024-12-26T08:25:28.068+0000] {cursor.py:1166} INFO - Number of results in first chunk: 1
[2024-12-26T08:25:28.069+0000] {logging_mixin.py:190} INFO - 2024-12-26
[2024-12-26T08:25:28.135+0000] {cursor.py:1166} INFO - Number of results in first chunk: 0
[2024-12-26T08:25:28.186+0000] {logging_mixin.py:190} INFO - No new data to transform for pair AUDCHF=X
[2024-12-26T08:25:28.247+0000] {cursor.py:1166} INFO - Number of results in first chunk: 1
[2024-12-26T08:25:28.249+0000] {logging_mixin.py:190} INFO - 2024-12-26
[2024-12-26T08:25:28.314+0000] {cursor.py:1166} INFO - Number of results in first chunk: 0
[2024-12-26T08:25:28.379+0000] {logging_mixin.py:190} INFO - No new data to transform for pair USDCAD=X
[2024-12-26T08:25:28.428+0000] {cursor.py:1166} INFO - Number of results in first chunk: 1
[2024-12-26T08:25:28.430+0000] {logging_mixin.py:190} INFO - 2024-12-26
[2024-12-26T08:25:28.866+0000] {cursor.py:1166} INFO - Number of results in first chunk: 0
[2024-12-26T08:25:28.945+0000] {logging_mixin.py:190} INFO - No new data to transform for pair USDAUD=X
[2024-12-26T08:25:29.010+0000] {cursor.py:1166} INFO - Number of results in first chunk: 1
[2024-12-26T08:25:29.014+0000] {logging_mixin.py:190} INFO - 2024-12-26
[2024-12-26T08:25:29.102+0000] {cursor.py:1166} INFO - Number of results in first chunk: 0
[2024-12-26T08:25:29.203+0000] {logging_mixin.py:190} INFO - No new data to transform for pair EURJPY=X
[2024-12-26T08:25:29.286+0000] {cursor.py:1166} INFO - Number of results in first chunk: 1
[2024-12-26T08:25:29.292+0000] {logging_mixin.py:190} INFO - 2024-12-26
[2024-12-26T08:25:29.360+0000] {cursor.py:1166} INFO - Number of results in first chunk: 0
[2024-12-26T08:25:29.432+0000] {logging_mixin.py:190} INFO - No new data to transform for pair EURAUD=X
[2024-12-26T08:25:29.499+0000] {cursor.py:1166} INFO - Number of results in first chunk: 1
[2024-12-26T08:25:29.501+0000] {logging_mixin.py:190} INFO - 2024-12-26
[2024-12-26T08:25:29.688+0000] {cursor.py:1166} INFO - Number of results in first chunk: 0
[2024-12-26T08:25:29.794+0000] {logging_mixin.py:190} INFO - No new data to transform for pair GBPAUD=X
[2024-12-26T08:25:29.857+0000] {cursor.py:1166} INFO - Number of results in first chunk: 1
[2024-12-26T08:25:29.859+0000] {logging_mixin.py:190} INFO - 2024-12-26
[2024-12-26T08:25:29.939+0000] {cursor.py:1166} INFO - Number of results in first chunk: 0
[2024-12-26T08:25:30.062+0000] {logging_mixin.py:190} INFO - No new data to transform for pair AUDCNY=X
[2024-12-26T08:25:30.356+0000] {cursor.py:1166} INFO - Number of results in first chunk: 1
[2024-12-26T08:25:30.357+0000] {logging_mixin.py:190} INFO - 2024-12-26
[2024-12-26T08:25:30.542+0000] {cursor.py:1166} INFO - Number of results in first chunk: 0
[2024-12-26T08:25:30.598+0000] {logging_mixin.py:190} INFO - No new data to transform for pair AUDNZD=X
[2024-12-26T08:25:30.763+0000] {cursor.py:1166} INFO - Number of results in first chunk: 1
[2024-12-26T08:25:30.765+0000] {logging_mixin.py:190} INFO - 2024-12-26
[2024-12-26T08:25:30.825+0000] {cursor.py:1166} INFO - Number of results in first chunk: 0
[2024-12-26T08:25:30.881+0000] {logging_mixin.py:190} INFO - No new data to transform for pair CHFGBP=X
[2024-12-26T08:25:30.951+0000] {cursor.py:1166} INFO - Number of results in first chunk: 1
[2024-12-26T08:25:30.954+0000] {logging_mixin.py:190} INFO - 2024-12-26
[2024-12-26T08:25:31.021+0000] {cursor.py:1166} INFO - Number of results in first chunk: 0
[2024-12-26T08:25:31.073+0000] {logging_mixin.py:190} INFO - No new data to transform for pair CHFJPY=X
[2024-12-26T08:25:31.148+0000] {cursor.py:1166} INFO - Number of results in first chunk: 1
[2024-12-26T08:25:31.150+0000] {logging_mixin.py:190} INFO - 2024-12-26
[2024-12-26T08:25:31.210+0000] {cursor.py:1166} INFO - Number of results in first chunk: 0
[2024-12-26T08:25:31.265+0000] {logging_mixin.py:190} INFO - No new data to transform for pair CHFAUD=X
[2024-12-26T08:25:31.349+0000] {cursor.py:1166} INFO - Number of results in first chunk: 1
[2024-12-26T08:25:31.350+0000] {logging_mixin.py:190} INFO - 2024-12-26
[2024-12-26T08:25:31.411+0000] {cursor.py:1166} INFO - Number of results in first chunk: 0
[2024-12-26T08:25:31.471+0000] {logging_mixin.py:190} INFO - No new data to transform for pair CNYUSD=X
[2024-12-26T08:25:31.526+0000] {cursor.py:1166} INFO - Number of results in first chunk: 1
[2024-12-26T08:25:31.527+0000] {logging_mixin.py:190} INFO - 2024-12-24
[2024-12-26T08:25:31.622+0000] {cursor.py:1166} INFO - Number of results in first chunk: 1
[2024-12-26T08:25:31.624+0000] {logging_mixin.py:190} INFO - No new data to transform for pair CNYINR=X
[2024-12-26T08:25:31.678+0000] {cursor.py:1166} INFO - Number of results in first chunk: 1
[2024-12-26T08:25:31.680+0000] {logging_mixin.py:190} INFO - 2024-12-26
[2024-12-26T08:25:31.755+0000] {cursor.py:1166} INFO - Number of results in first chunk: 0
[2024-12-26T08:25:31.827+0000] {logging_mixin.py:190} INFO - No new data to transform for pair NZDCAD=X
[2024-12-26T08:25:31.877+0000] {cursor.py:1166} INFO - Number of results in first chunk: 1
[2024-12-26T08:25:31.878+0000] {logging_mixin.py:190} INFO - 2024-12-26
[2024-12-26T08:25:31.939+0000] {cursor.py:1166} INFO - Number of results in first chunk: 0
[2024-12-26T08:25:32.000+0000] {logging_mixin.py:190} INFO - No new data to transform for pair CNYCAD=X
[2024-12-26T08:25:32.048+0000] {cursor.py:1166} INFO - Number of results in first chunk: 1
[2024-12-26T08:25:32.050+0000] {logging_mixin.py:190} INFO - 2024-12-26
[2024-12-26T08:25:32.146+0000] {cursor.py:1166} INFO - Number of results in first chunk: 0
[2024-12-26T08:25:32.209+0000] {logging_mixin.py:190} INFO - No new data to transform for pair CNYNZD=X
[2024-12-26T08:25:32.261+0000] {cursor.py:1166} INFO - Number of results in first chunk: 1
[2024-12-26T08:25:32.263+0000] {logging_mixin.py:190} INFO - 2024-12-26
[2024-12-26T08:25:32.334+0000] {cursor.py:1166} INFO - Number of results in first chunk: 0
[2024-12-26T08:25:32.412+0000] {logging_mixin.py:190} INFO - No new data to transform for pair GBPAED=X
[2024-12-26T08:25:32.464+0000] {cursor.py:1166} INFO - Number of results in first chunk: 1
[2024-12-26T08:25:32.465+0000] {logging_mixin.py:190} INFO - 2024-12-26
[2024-12-26T08:25:32.545+0000] {cursor.py:1166} INFO - Number of results in first chunk: 0
[2024-12-26T08:25:32.643+0000] {logging_mixin.py:190} INFO - No new data to transform for pair CNYGBP=X
[2024-12-26T08:25:32.697+0000] {cursor.py:1166} INFO - Number of results in first chunk: 1
[2024-12-26T08:25:32.699+0000] {logging_mixin.py:190} INFO - 2024-12-26
[2024-12-26T08:25:32.761+0000] {cursor.py:1166} INFO - Number of results in first chunk: 0
[2024-12-26T08:25:32.838+0000] {logging_mixin.py:190} INFO - No new data to transform for pair AEDINR=X
[2024-12-26T08:25:32.887+0000] {cursor.py:1166} INFO - Number of results in first chunk: 1
[2024-12-26T08:25:32.888+0000] {logging_mixin.py:190} INFO - 2024-12-26
[2024-12-26T08:25:32.949+0000] {cursor.py:1166} INFO - Number of results in first chunk: 0
[2024-12-26T08:25:33.021+0000] {logging_mixin.py:190} INFO - No new data to transform for pair AEDNZD=X
[2024-12-26T08:25:33.073+0000] {cursor.py:1166} INFO - Number of results in first chunk: 1
[2024-12-26T08:25:33.075+0000] {logging_mixin.py:190} INFO - 2024-12-26
[2024-12-26T08:25:33.139+0000] {cursor.py:1166} INFO - Number of results in first chunk: 0
[2024-12-26T08:25:33.194+0000] {logging_mixin.py:190} INFO - No new data to transform for pair JPYCAD=X
[2024-12-26T08:25:33.244+0000] {cursor.py:1166} INFO - Number of results in first chunk: 1
[2024-12-26T08:25:33.245+0000] {logging_mixin.py:190} INFO - 2024-12-26
[2024-12-26T08:25:33.309+0000] {cursor.py:1166} INFO - Number of results in first chunk: 0
[2024-12-26T08:25:33.369+0000] {logging_mixin.py:190} INFO - No new data to transform for pair JPYCNY=X
[2024-12-26T08:25:33.416+0000] {cursor.py:1166} INFO - Number of results in first chunk: 1
[2024-12-26T08:25:33.418+0000] {logging_mixin.py:190} INFO - 2024-12-26
[2024-12-26T08:25:33.511+0000] {cursor.py:1166} INFO - Number of results in first chunk: 0
[2024-12-26T08:25:33.574+0000] {logging_mixin.py:190} INFO - No new data to transform for pair CADUSD=X
[2024-12-26T08:25:33.624+0000] {cursor.py:1166} INFO - Number of results in first chunk: 1
[2024-12-26T08:25:33.626+0000] {logging_mixin.py:190} INFO - 2024-12-26
[2024-12-26T08:25:33.715+0000] {cursor.py:1166} INFO - Number of results in first chunk: 0
[2024-12-26T08:25:33.773+0000] {logging_mixin.py:190} INFO - No new data to transform for pair CADJPY=X
[2024-12-26T08:25:33.868+0000] {cursor.py:1166} INFO - Number of results in first chunk: 1
[2024-12-26T08:25:33.869+0000] {logging_mixin.py:190} INFO - 2024-12-26
[2024-12-26T08:25:33.948+0000] {cursor.py:1166} INFO - Number of results in first chunk: 0
[2024-12-26T08:25:34.008+0000] {logging_mixin.py:190} INFO - No new data to transform for pair CADINR=X
[2024-12-26T08:25:34.071+0000] {cursor.py:1166} INFO - Number of results in first chunk: 1
[2024-12-26T08:25:34.073+0000] {logging_mixin.py:190} INFO - 2024-12-26
[2024-12-26T08:25:34.162+0000] {cursor.py:1166} INFO - Number of results in first chunk: 0
[2024-12-26T08:25:34.253+0000] {logging_mixin.py:190} INFO - No new data to transform for pair CADNZD=X
[2024-12-26T08:25:34.584+0000] {cursor.py:1166} INFO - Number of results in first chunk: 1
[2024-12-26T08:25:34.586+0000] {logging_mixin.py:190} INFO - 2024-12-26
[2024-12-26T08:25:34.655+0000] {cursor.py:1166} INFO - Number of results in first chunk: 0
[2024-12-26T08:25:34.711+0000] {logging_mixin.py:190} INFO - No new data to transform for pair AUDEUR=X
[2024-12-26T08:25:34.794+0000] {cursor.py:1166} INFO - Number of results in first chunk: 1
[2024-12-26T08:25:34.795+0000] {logging_mixin.py:190} INFO - 2024-12-26
[2024-12-26T08:25:34.962+0000] {cursor.py:1166} INFO - Number of results in first chunk: 0
[2024-12-26T08:25:35.048+0000] {logging_mixin.py:190} INFO - No new data to transform for pair AUDJPY=X
[2024-12-26T08:25:35.159+0000] {cursor.py:1166} INFO - Number of results in first chunk: 1
[2024-12-26T08:25:35.160+0000] {logging_mixin.py:190} INFO - 2024-12-24
[2024-12-26T08:25:35.299+0000] {cursor.py:1166} INFO - Number of results in first chunk: 1
[2024-12-26T08:25:35.301+0000] {logging_mixin.py:190} INFO - No new data to transform for pair INRAED=X
[2024-12-26T08:25:35.442+0000] {cursor.py:1166} INFO - Number of results in first chunk: 1
[2024-12-26T08:25:35.443+0000] {logging_mixin.py:190} INFO - 2024-12-26
[2024-12-26T08:25:35.649+0000] {cursor.py:1166} INFO - Number of results in first chunk: 0
[2024-12-26T08:25:35.712+0000] {logging_mixin.py:190} INFO - No new data to transform for pair CADEUR=X
[2024-12-26T08:25:35.834+0000] {cursor.py:1166} INFO - Number of results in first chunk: 1
[2024-12-26T08:25:35.835+0000] {logging_mixin.py:190} INFO - 2024-12-26
[2024-12-26T08:25:35.904+0000] {cursor.py:1166} INFO - Number of results in first chunk: 0
[2024-12-26T08:25:35.959+0000] {logging_mixin.py:190} INFO - No new data to transform for pair CADGBP=X
[2024-12-26T08:25:36.019+0000] {cursor.py:1166} INFO - Number of results in first chunk: 1
[2024-12-26T08:25:36.020+0000] {logging_mixin.py:190} INFO - 2024-12-26
[2024-12-26T08:25:36.137+0000] {cursor.py:1166} INFO - Number of results in first chunk: 0
[2024-12-26T08:25:36.267+0000] {logging_mixin.py:190} INFO - No new data to transform for pair EURCAD=X
[2024-12-26T08:25:36.376+0000] {cursor.py:1166} INFO - Number of results in first chunk: 1
[2024-12-26T08:25:36.377+0000] {logging_mixin.py:190} INFO - 2024-12-26
[2024-12-26T08:25:36.444+0000] {cursor.py:1166} INFO - Number of results in first chunk: 0
[2024-12-26T08:25:36.497+0000] {logging_mixin.py:190} INFO - No new data to transform for pair GBPEUR=X
[2024-12-26T08:25:36.552+0000] {cursor.py:1166} INFO - Number of results in first chunk: 1
[2024-12-26T08:25:36.554+0000] {logging_mixin.py:190} INFO - 2024-12-26
[2024-12-26T08:25:36.625+0000] {cursor.py:1166} INFO - Number of results in first chunk: 0
[2024-12-26T08:25:36.684+0000] {logging_mixin.py:190} INFO - No new data to transform for pair GBPCAD=X
[2024-12-26T08:25:36.780+0000] {cursor.py:1166} INFO - Number of results in first chunk: 1
[2024-12-26T08:25:36.782+0000] {logging_mixin.py:190} INFO - 2024-12-26
[2024-12-26T08:25:36.871+0000] {cursor.py:1166} INFO - Number of results in first chunk: 0
[2024-12-26T08:25:36.933+0000] {logging_mixin.py:190} INFO - No new data to transform for pair JPYGBP=X
[2024-12-26T08:25:36.991+0000] {cursor.py:1166} INFO - Number of results in first chunk: 1
[2024-12-26T08:25:36.992+0000] {logging_mixin.py:190} INFO - 2024-12-26
[2024-12-26T08:25:37.077+0000] {cursor.py:1166} INFO - Number of results in first chunk: 0
[2024-12-26T08:25:37.125+0000] {logging_mixin.py:190} INFO - No new data to transform for pair USDAED=X
[2024-12-26T08:25:37.224+0000] {cursor.py:1166} INFO - Number of results in first chunk: 1
[2024-12-26T08:25:37.225+0000] {logging_mixin.py:190} INFO - 2024-12-26
[2024-12-26T08:25:37.342+0000] {cursor.py:1166} INFO - Number of results in first chunk: 0
[2024-12-26T08:25:37.404+0000] {logging_mixin.py:190} INFO - No new data to transform for pair EURAED=X
[2024-12-26T08:25:37.488+0000] {cursor.py:1166} INFO - Number of results in first chunk: 1
[2024-12-26T08:25:37.489+0000] {logging_mixin.py:190} INFO - 2024-12-26
[2024-12-26T08:25:37.577+0000] {cursor.py:1166} INFO - Number of results in first chunk: 0
[2024-12-26T08:25:37.634+0000] {logging_mixin.py:190} INFO - No new data to transform for pair JPYEUR=X
[2024-12-26T08:25:37.685+0000] {cursor.py:1166} INFO - Number of results in first chunk: 1
[2024-12-26T08:25:37.686+0000] {logging_mixin.py:190} INFO - 2024-12-26
[2024-12-26T08:25:37.754+0000] {cursor.py:1166} INFO - Number of results in first chunk: 0
[2024-12-26T08:25:37.830+0000] {logging_mixin.py:190} INFO - No new data to transform for pair CHFUSD=X
[2024-12-26T08:25:37.891+0000] {cursor.py:1166} INFO - Number of results in first chunk: 1
[2024-12-26T08:25:37.893+0000] {logging_mixin.py:190} INFO - 2024-12-26
[2024-12-26T08:25:37.957+0000] {cursor.py:1166} INFO - Number of results in first chunk: 0
[2024-12-26T08:25:38.039+0000] {logging_mixin.py:190} INFO - No new data to transform for pair CHFINR=X
[2024-12-26T08:25:38.105+0000] {cursor.py:1166} INFO - Number of results in first chunk: 1
[2024-12-26T08:25:38.107+0000] {logging_mixin.py:190} INFO - 2024-12-26
[2024-12-26T08:25:38.193+0000] {cursor.py:1166} INFO - Number of results in first chunk: 0
[2024-12-26T08:25:38.263+0000] {logging_mixin.py:190} INFO - No new data to transform for pair NZDGBP=X
[2024-12-26T08:25:38.333+0000] {cursor.py:1166} INFO - Number of results in first chunk: 1
[2024-12-26T08:25:38.334+0000] {logging_mixin.py:190} INFO - 2024-12-26
[2024-12-26T08:25:38.413+0000] {cursor.py:1166} INFO - Number of results in first chunk: 0
[2024-12-26T08:25:38.499+0000] {logging_mixin.py:190} INFO - No new data to transform for pair NZDCHF=X
[2024-12-26T08:25:38.557+0000] {cursor.py:1166} INFO - Number of results in first chunk: 1
[2024-12-26T08:25:38.558+0000] {logging_mixin.py:190} INFO - 2024-12-26
[2024-12-26T08:25:38.635+0000] {cursor.py:1166} INFO - Number of results in first chunk: 0
[2024-12-26T08:25:38.772+0000] {logging_mixin.py:190} INFO - No new data to transform for pair NZDAUD=X
[2024-12-26T08:25:38.862+0000] {cursor.py:1166} INFO - Number of results in first chunk: 1
[2024-12-26T08:25:38.864+0000] {logging_mixin.py:190} INFO - 2024-12-26
[2024-12-26T08:25:38.962+0000] {cursor.py:1166} INFO - Number of results in first chunk: 0
[2024-12-26T08:25:39.035+0000] {logging_mixin.py:190} INFO - No new data to transform for pair EURGBP=X
[2024-12-26T08:25:39.089+0000] {cursor.py:1166} INFO - Number of results in first chunk: 1
[2024-12-26T08:25:39.090+0000] {logging_mixin.py:190} INFO - 2024-12-26
[2024-12-26T08:25:39.154+0000] {cursor.py:1166} INFO - Number of results in first chunk: 0
[2024-12-26T08:25:39.216+0000] {logging_mixin.py:190} INFO - No new data to transform for pair NZDINR=X
[2024-12-26T08:25:39.277+0000] {cursor.py:1166} INFO - Number of results in first chunk: 1
[2024-12-26T08:25:39.278+0000] {logging_mixin.py:190} INFO - 2024-12-26
[2024-12-26T08:25:39.369+0000] {cursor.py:1166} INFO - Number of results in first chunk: 0
[2024-12-26T08:25:39.418+0000] {logging_mixin.py:190} INFO - No new data to transform for pair AEDJPY=X
[2024-12-26T08:25:39.476+0000] {cursor.py:1166} INFO - Number of results in first chunk: 1
[2024-12-26T08:25:39.477+0000] {logging_mixin.py:190} INFO - 2024-12-26
[2024-12-26T08:25:39.569+0000] {cursor.py:1166} INFO - Number of results in first chunk: 0
[2024-12-26T08:25:39.648+0000] {logging_mixin.py:190} INFO - No new data to transform for pair AEDCAD=X
[2024-12-26T08:25:39.698+0000] {cursor.py:1166} INFO - Number of results in first chunk: 1
[2024-12-26T08:25:39.700+0000] {logging_mixin.py:190} INFO - 2024-12-26
[2024-12-26T08:25:39.774+0000] {cursor.py:1166} INFO - Number of results in first chunk: 0
[2024-12-26T08:25:39.845+0000] {logging_mixin.py:190} INFO - No new data to transform for pair INRGBP=X
[2024-12-26T08:25:39.893+0000] {cursor.py:1166} INFO - Number of results in first chunk: 1
[2024-12-26T08:25:39.895+0000] {logging_mixin.py:190} INFO - 2024-12-26
[2024-12-26T08:25:39.958+0000] {cursor.py:1166} INFO - Number of results in first chunk: 0
[2024-12-26T08:25:40.054+0000] {logging_mixin.py:190} INFO - No new data to transform for pair INRJPY=X
[2024-12-26T08:25:40.149+0000] {cursor.py:1166} INFO - Number of results in first chunk: 1
[2024-12-26T08:25:40.150+0000] {logging_mixin.py:190} INFO - 2024-12-26
[2024-12-26T08:25:40.242+0000] {cursor.py:1166} INFO - Number of results in first chunk: 0
[2024-12-26T08:25:40.315+0000] {logging_mixin.py:190} INFO - No new data to transform for pair INRCAD=X
[2024-12-26T08:25:40.365+0000] {cursor.py:1166} INFO - Number of results in first chunk: 1
[2024-12-26T08:25:40.367+0000] {logging_mixin.py:190} INFO - 2024-12-26
[2024-12-26T08:25:40.431+0000] {cursor.py:1166} INFO - Number of results in first chunk: 0
[2024-12-26T08:25:40.499+0000] {logging_mixin.py:190} INFO - No new data to transform for pair INRAUD=X
[2024-12-26T08:25:40.550+0000] {cursor.py:1166} INFO - Number of results in first chunk: 1
[2024-12-26T08:25:40.555+0000] {logging_mixin.py:190} INFO - 2024-12-26
[2024-12-26T08:25:40.625+0000] {cursor.py:1166} INFO - Number of results in first chunk: 0
[2024-12-26T08:25:40.682+0000] {logging_mixin.py:190} INFO - No new data to transform for pair INRCHF=X
[2024-12-26T08:25:40.739+0000] {cursor.py:1166} INFO - Number of results in first chunk: 1
[2024-12-26T08:25:40.740+0000] {logging_mixin.py:190} INFO - 2024-12-26
[2024-12-26T08:25:40.820+0000] {cursor.py:1166} INFO - Number of results in first chunk: 0
[2024-12-26T08:25:40.881+0000] {logging_mixin.py:190} INFO - No new data to transform for pair CADCNY=X
[2024-12-26T08:25:40.932+0000] {cursor.py:1166} INFO - Number of results in first chunk: 1
[2024-12-26T08:25:40.934+0000] {logging_mixin.py:190} INFO - 2024-12-26
[2024-12-26T08:25:40.993+0000] {cursor.py:1166} INFO - Number of results in first chunk: 0
[2024-12-26T08:25:41.059+0000] {logging_mixin.py:190} INFO - No new data to transform for pair AUDCAD=X
[2024-12-26T08:25:41.119+0000] {cursor.py:1166} INFO - Number of results in first chunk: 1
[2024-12-26T08:25:41.120+0000] {logging_mixin.py:190} INFO - 2024-12-26
[2024-12-26T08:25:41.178+0000] {cursor.py:1166} INFO - Number of results in first chunk: 0
[2024-12-26T08:25:41.231+0000] {logging_mixin.py:190} INFO - No new data to transform for pair CADAUD=X
[2024-12-26T08:25:41.279+0000] {cursor.py:1166} INFO - Number of results in first chunk: 1
[2024-12-26T08:25:41.281+0000] {logging_mixin.py:190} INFO - 2024-12-26
[2024-12-26T08:25:41.348+0000] {cursor.py:1166} INFO - Number of results in first chunk: 0
[2024-12-26T08:25:41.407+0000] {logging_mixin.py:190} INFO - No new data to transform for pair AUDINR=X
[2024-12-26T08:25:41.458+0000] {cursor.py:1166} INFO - Number of results in first chunk: 1
[2024-12-26T08:25:41.459+0000] {logging_mixin.py:190} INFO - 2024-12-26
[2024-12-26T08:25:41.523+0000] {cursor.py:1166} INFO - Number of results in first chunk: 0
[2024-12-26T08:25:41.579+0000] {logging_mixin.py:190} INFO - No new data to transform for pair USDEUR=X
[2024-12-26T08:25:41.630+0000] {cursor.py:1166} INFO - Number of results in first chunk: 1
[2024-12-26T08:25:41.632+0000] {logging_mixin.py:190} INFO - 2024-12-26
[2024-12-26T08:25:41.692+0000] {cursor.py:1166} INFO - Number of results in first chunk: 0
[2024-12-26T08:25:41.779+0000] {logging_mixin.py:190} INFO - No new data to transform for pair USDJPY=X
[2024-12-26T08:25:41.827+0000] {cursor.py:1166} INFO - Number of results in first chunk: 1
[2024-12-26T08:25:41.828+0000] {logging_mixin.py:190} INFO - 2024-12-26
[2024-12-26T08:25:41.890+0000] {cursor.py:1166} INFO - Number of results in first chunk: 0
[2024-12-26T08:25:42.055+0000] {logging_mixin.py:190} INFO - No new data to transform for pair USDCHF=X
[2024-12-26T08:25:42.103+0000] {cursor.py:1166} INFO - Number of results in first chunk: 1
[2024-12-26T08:25:42.104+0000] {logging_mixin.py:190} INFO - 2024-12-26
[2024-12-26T08:25:42.483+0000] {cursor.py:1166} INFO - Number of results in first chunk: 0
[2024-12-26T08:25:42.590+0000] {logging_mixin.py:190} INFO - No new data to transform for pair USDCNY=X
[2024-12-26T08:25:42.636+0000] {cursor.py:1166} INFO - Number of results in first chunk: 1
[2024-12-26T08:25:42.637+0000] {logging_mixin.py:190} INFO - 2024-12-26
[2024-12-26T08:25:42.736+0000] {cursor.py:1166} INFO - Number of results in first chunk: 0
[2024-12-26T08:25:42.832+0000] {logging_mixin.py:190} INFO - No new data to transform for pair GBPINR=X
[2024-12-26T08:25:42.880+0000] {cursor.py:1166} INFO - Number of results in first chunk: 1
[2024-12-26T08:25:42.882+0000] {logging_mixin.py:190} INFO - 2024-12-26
[2024-12-26T08:25:42.973+0000] {cursor.py:1166} INFO - Number of results in first chunk: 0
[2024-12-26T08:25:43.025+0000] {logging_mixin.py:190} INFO - No new data to transform for pair GBPCNY=X
[2024-12-26T08:25:43.095+0000] {cursor.py:1166} INFO - Number of results in first chunk: 1
[2024-12-26T08:25:43.097+0000] {logging_mixin.py:190} INFO - 2024-12-26
[2024-12-26T08:25:43.163+0000] {cursor.py:1166} INFO - Number of results in first chunk: 0
[2024-12-26T08:25:43.231+0000] {logging_mixin.py:190} INFO - No new data to transform for pair EURNZD=X
[2024-12-26T08:25:43.308+0000] {cursor.py:1166} INFO - Number of results in first chunk: 1
[2024-12-26T08:25:43.310+0000] {logging_mixin.py:190} INFO - 2024-12-26
[2024-12-26T08:25:43.436+0000] {cursor.py:1166} INFO - Number of results in first chunk: 0
[2024-12-26T08:25:43.497+0000] {logging_mixin.py:190} INFO - No new data to transform for pair JPYUSD=X
[2024-12-26T08:25:43.549+0000] {cursor.py:1166} INFO - Number of results in first chunk: 1
[2024-12-26T08:25:43.550+0000] {logging_mixin.py:190} INFO - 2024-12-24
[2024-12-26T08:25:43.596+0000] {cursor.py:1166} INFO - Number of results in first chunk: 1
[2024-12-26T08:25:43.598+0000] {logging_mixin.py:190} INFO - No new data to transform for pair AUDAED=X
[2024-12-26T08:25:43.684+0000] {cursor.py:1166} INFO - Number of results in first chunk: 1
[2024-12-26T08:25:43.686+0000] {logging_mixin.py:190} INFO - 2024-12-26
[2024-12-26T08:25:43.758+0000] {cursor.py:1166} INFO - Number of results in first chunk: 0
[2024-12-26T08:25:43.822+0000] {logging_mixin.py:190} INFO - No new data to transform for pair CHFCNY=X
[2024-12-26T08:25:43.887+0000] {cursor.py:1166} INFO - Number of results in first chunk: 1
[2024-12-26T08:25:43.888+0000] {logging_mixin.py:190} INFO - 2024-12-26
[2024-12-26T08:25:43.979+0000] {cursor.py:1166} INFO - Number of results in first chunk: 0
[2024-12-26T08:25:44.041+0000] {logging_mixin.py:190} INFO - No new data to transform for pair CHFNZD=X
[2024-12-26T08:25:44.125+0000] {cursor.py:1166} INFO - Number of results in first chunk: 1
[2024-12-26T08:25:44.127+0000] {logging_mixin.py:190} INFO - 2024-12-26
[2024-12-26T08:25:44.192+0000] {cursor.py:1166} INFO - Number of results in first chunk: 0
[2024-12-26T08:25:44.247+0000] {logging_mixin.py:190} INFO - No new data to transform for pair CNYEUR=X
[2024-12-26T08:25:44.298+0000] {cursor.py:1166} INFO - Number of results in first chunk: 1
[2024-12-26T08:25:44.300+0000] {logging_mixin.py:190} INFO - 2024-12-26
[2024-12-26T08:25:44.379+0000] {cursor.py:1166} INFO - Number of results in first chunk: 0
[2024-12-26T08:25:44.437+0000] {logging_mixin.py:190} INFO - No new data to transform for pair CNYAUD=X
[2024-12-26T08:25:44.496+0000] {cursor.py:1166} INFO - Number of results in first chunk: 1
[2024-12-26T08:25:44.503+0000] {logging_mixin.py:190} INFO - 2024-12-26
[2024-12-26T08:25:44.584+0000] {cursor.py:1166} INFO - Number of results in first chunk: 0
[2024-12-26T08:25:44.682+0000] {logging_mixin.py:190} INFO - No new data to transform for pair NZDCNY=X
[2024-12-26T08:25:44.780+0000] {cursor.py:1166} INFO - Number of results in first chunk: 1
[2024-12-26T08:25:44.781+0000] {logging_mixin.py:190} INFO - 2024-12-26
[2024-12-26T08:25:44.904+0000] {cursor.py:1166} INFO - Number of results in first chunk: 0
[2024-12-26T08:25:44.956+0000] {logging_mixin.py:190} INFO - No new data to transform for pair AEDEUR=X
[2024-12-26T08:25:45.076+0000] {cursor.py:1166} INFO - Number of results in first chunk: 1
[2024-12-26T08:25:45.077+0000] {logging_mixin.py:190} INFO - 2024-12-26
[2024-12-26T08:25:45.193+0000] {cursor.py:1166} INFO - Number of results in first chunk: 0
[2024-12-26T08:25:45.267+0000] {logging_mixin.py:190} INFO - No new data to transform for pair AEDGBP=X
[2024-12-26T08:25:45.327+0000] {cursor.py:1166} INFO - Number of results in first chunk: 1
[2024-12-26T08:25:45.328+0000] {logging_mixin.py:190} INFO - 2024-12-26
[2024-12-26T08:25:45.451+0000] {cursor.py:1166} INFO - Number of results in first chunk: 0
[2024-12-26T08:25:45.541+0000] {logging_mixin.py:190} INFO - No new data to transform for pair NZDEUR=X
[2024-12-26T08:25:45.633+0000] {cursor.py:1166} INFO - Number of results in first chunk: 1
[2024-12-26T08:25:45.634+0000] {logging_mixin.py:190} INFO - 2024-12-26
[2024-12-26T08:25:45.748+0000] {cursor.py:1166} INFO - Number of results in first chunk: 0
[2024-12-26T08:25:45.843+0000] {logging_mixin.py:190} INFO - No new data to transform for pair NZDJPY=X
[2024-12-26T08:25:45.934+0000] {cursor.py:1166} INFO - Number of results in first chunk: 1
[2024-12-26T08:25:45.935+0000] {logging_mixin.py:190} INFO - 2024-12-24
[2024-12-26T08:25:45.995+0000] {cursor.py:1166} INFO - Number of results in first chunk: 1
[2024-12-26T08:25:45.996+0000] {logging_mixin.py:190} INFO - No new data to transform for pair NZDAED=X
[2024-12-26T08:25:46.059+0000] {cursor.py:1166} INFO - Number of results in first chunk: 1
[2024-12-26T08:25:46.060+0000] {logging_mixin.py:190} INFO - 2024-12-26
[2024-12-26T08:25:46.128+0000] {cursor.py:1166} INFO - Number of results in first chunk: 0
[2024-12-26T08:25:46.196+0000] {logging_mixin.py:190} INFO - No new data to transform for pair EURUSD=X
[2024-12-26T08:25:46.262+0000] {cursor.py:1166} INFO - Number of results in first chunk: 1
[2024-12-26T08:25:46.264+0000] {logging_mixin.py:190} INFO - 2024-12-26
[2024-12-26T08:25:46.327+0000] {cursor.py:1166} INFO - Number of results in first chunk: 0
[2024-12-26T08:25:46.411+0000] {logging_mixin.py:190} INFO - No new data to transform for pair GBPCHF=X
[2024-12-26T08:25:46.482+0000] {cursor.py:1166} INFO - Number of results in first chunk: 1
[2024-12-26T08:25:46.484+0000] {logging_mixin.py:190} INFO - 2024-12-26
[2024-12-26T08:25:46.554+0000] {cursor.py:1166} INFO - Number of results in first chunk: 0
[2024-12-26T08:25:46.632+0000] {logging_mixin.py:190} INFO - No new data to transform for pair AEDCHF=X
[2024-12-26T08:25:46.704+0000] {cursor.py:1166} INFO - Number of results in first chunk: 1
[2024-12-26T08:25:46.705+0000] {logging_mixin.py:190} INFO - 2024-12-26
[2024-12-26T08:25:46.768+0000] {cursor.py:1166} INFO - Number of results in first chunk: 0
[2024-12-26T08:25:46.843+0000] {logging_mixin.py:190} INFO - No new data to transform for pair AEDAUD=X
[2024-12-26T08:25:46.933+0000] {cursor.py:1166} INFO - Number of results in first chunk: 1
[2024-12-26T08:25:46.934+0000] {logging_mixin.py:190} INFO - 2024-12-26
[2024-12-26T08:25:47.000+0000] {cursor.py:1166} INFO - Number of results in first chunk: 0
[2024-12-26T08:25:47.070+0000] {logging_mixin.py:190} INFO - No new data to transform for pair JPYINR=X
[2024-12-26T08:25:47.213+0000] {cursor.py:1166} INFO - Number of results in first chunk: 1
[2024-12-26T08:25:47.214+0000] {logging_mixin.py:190} INFO - 2024-12-26
[2024-12-26T08:25:47.283+0000] {cursor.py:1166} INFO - Number of results in first chunk: 0
[2024-12-26T08:25:47.600+0000] {logging_mixin.py:190} INFO - No new data to transform for pair JPYAUD=X
[2024-12-26T08:25:47.699+0000] {cursor.py:1166} INFO - Number of results in first chunk: 1
[2024-12-26T08:25:47.701+0000] {logging_mixin.py:190} INFO - 2024-12-26
[2024-12-26T08:25:47.768+0000] {cursor.py:1166} INFO - Number of results in first chunk: 0
[2024-12-26T08:25:47.832+0000] {logging_mixin.py:190} INFO - No new data to transform for pair AUDUSD=X
[2024-12-26T08:25:48.002+0000] {cursor.py:1166} INFO - Number of results in first chunk: 1
[2024-12-26T08:25:48.003+0000] {logging_mixin.py:190} INFO - 2024-12-26
[2024-12-26T08:25:48.076+0000] {cursor.py:1166} INFO - Number of results in first chunk: 0
[2024-12-26T08:25:48.146+0000] {logging_mixin.py:190} INFO - No new data to transform for pair AUDGBP=X
[2024-12-26T08:25:48.229+0000] {cursor.py:1166} INFO - Number of results in first chunk: 1
[2024-12-26T08:25:48.231+0000] {logging_mixin.py:190} INFO - 2024-12-26
[2024-12-26T08:25:48.310+0000] {cursor.py:1166} INFO - Number of results in first chunk: 0
[2024-12-26T08:25:48.371+0000] {logging_mixin.py:190} INFO - No new data to transform for pair JPYCHF=X
[2024-12-26T08:25:48.372+0000] {logging_mixin.py:190} INFO - Data transformation and insertion completed.
[2024-12-26T08:25:48.374+0000] {connection.py:789} INFO - closed
[2024-12-26T08:25:48.412+0000] {connection.py:795} INFO - No async queries seem to be running, deleting session
[2024-12-26T08:25:48.542+0000] {python.py:240} INFO - Done. Returned value was: None
[2024-12-26T08:25:48.600+0000] {taskinstance.py:340} INFO - ::group::Post task execution logs
[2024-12-26T08:25:48.609+0000] {taskinstance.py:352} INFO - Marking task as SUCCESS. dag_id=transform_forex_data_dag, task_id=transform_and_load_forex_data, run_id=scheduled__2024-12-25T00:00:00+00:00, execution_date=20241225T000000, start_date=20241226T082520, end_date=20241226T082548
[2024-12-26T08:25:48.726+0000] {local_task_job_runner.py:266} INFO - Task exited with return code 0
[2024-12-26T08:25:48.756+0000] {taskinstance.py:3895} INFO - 0 downstream tasks scheduled from follow-on schedule check
[2024-12-26T08:25:48.763+0000] {local_task_job_runner.py:245} INFO - ::endgroup::
