[2024-12-17T10:19:29.878+0000] {local_task_job_runner.py:123} INFO - ::group::Pre task execution logs
[2024-12-17T10:19:29.985+0000] {taskinstance.py:2613} INFO - Dependencies all met for dep_context=non-requeueable deps ti=<TaskInstance: my_first_dag_v3.second_task scheduled__2024-12-16T01:11:00+00:00 [queued]>
[2024-12-17T10:19:30.043+0000] {taskinstance.py:2613} INFO - Dependencies all met for dep_context=requeueable deps ti=<TaskInstance: my_first_dag_v3.second_task scheduled__2024-12-16T01:11:00+00:00 [queued]>
[2024-12-17T10:19:30.051+0000] {taskinstance.py:2866} INFO - Starting attempt 1 of 6
[2024-12-17T10:19:30.118+0000] {taskinstance.py:2889} INFO - Executing <Task(BashOperator): second_task> on 2024-12-16 01:11:00+00:00
[2024-12-17T10:19:30.175+0000] {standard_task_runner.py:104} INFO - Running: ['***', 'tasks', 'run', 'my_first_dag_v3', 'second_task', 'scheduled__2024-12-16T01:11:00+00:00', '--job-id', '250', '--raw', '--subdir', 'DAGS_FOLDER/my_first_dag.py', '--cfg-path', '/tmp/tmpcuv2t0ve']
[2024-12-17T10:19:30.192+0000] {standard_task_runner.py:105} INFO - Job 250: Subtask second_task
[2024-12-17T10:19:30.181+0000] {warnings.py:112} WARNING - /home/***/.local/lib/python3.12/site-packages/***/task/task_runner/standard_task_runner.py:70: DeprecationWarning: This process (pid=2128) is multi-threaded, use of fork() may lead to deadlocks in the child.
  pid = os.fork()

[2024-12-17T10:19:30.210+0000] {standard_task_runner.py:72} INFO - Started process 2170 to run task
[2024-12-17T10:19:30.532+0000] {task_command.py:467} INFO - Running <TaskInstance: my_first_dag_v3.second_task scheduled__2024-12-16T01:11:00+00:00 [running]> on host 8348eb091483
[2024-12-17T10:19:31.062+0000] {taskinstance.py:3132} INFO - Exporting env vars: AIRFLOW_CTX_DAG_OWNER='srush' AIRFLOW_CTX_DAG_ID='my_first_dag_v3' AIRFLOW_CTX_TASK_ID='second_task' AIRFLOW_CTX_EXECUTION_DATE='2024-12-16T01:11:00+00:00' AIRFLOW_CTX_TRY_NUMBER='1' AIRFLOW_CTX_DAG_RUN_ID='scheduled__2024-12-16T01:11:00+00:00'
[2024-12-17T10:19:31.065+0000] {taskinstance.py:731} INFO - ::endgroup::
[2024-12-17T10:19:31.167+0000] {subprocess.py:78} INFO - Tmp dir root location: /tmp
[2024-12-17T10:19:31.181+0000] {subprocess.py:88} INFO - Running command: ['/usr/bin/bash', '-c', 'echo task2 runs after task1']
[2024-12-17T10:19:31.233+0000] {subprocess.py:99} INFO - Output:
[2024-12-17T10:19:31.239+0000] {subprocess.py:106} INFO - task2 runs after task1
[2024-12-17T10:19:31.241+0000] {subprocess.py:110} INFO - Command exited with return code 0
[2024-12-17T10:19:31.376+0000] {taskinstance.py:340} INFO - ::group::Post task execution logs
[2024-12-17T10:19:31.394+0000] {taskinstance.py:352} INFO - Marking task as SUCCESS. dag_id=my_first_dag_v3, task_id=second_task, run_id=scheduled__2024-12-16T01:11:00+00:00, execution_date=20241216T011100, start_date=20241217T101929, end_date=20241217T101931
[2024-12-17T10:19:31.525+0000] {local_task_job_runner.py:266} INFO - Task exited with return code 0
[2024-12-17T10:19:31.560+0000] {local_task_job_runner.py:245} INFO - ::endgroup::
