[2024-12-19T10:47:01.869+0000] {local_task_job_runner.py:123} INFO - ::group::Pre task execution logs
[2024-12-19T10:47:01.901+0000] {taskinstance.py:2613} INFO - Dependencies all met for dep_context=non-requeueable deps ti=<TaskInstance: fetch_and_insert_all_countries_news.fetch_and_insert_news_all_countries manual__2024-12-19T10:46:59.389539+00:00 [queued]>
[2024-12-19T10:47:01.918+0000] {taskinstance.py:2613} INFO - Dependencies all met for dep_context=requeueable deps ti=<TaskInstance: fetch_and_insert_all_countries_news.fetch_and_insert_news_all_countries manual__2024-12-19T10:46:59.389539+00:00 [queued]>
[2024-12-19T10:47:01.920+0000] {taskinstance.py:2866} INFO - Starting attempt 1 of 2
[2024-12-19T10:47:01.949+0000] {taskinstance.py:2889} INFO - Executing <Task(PythonOperator): fetch_and_insert_news_all_countries> on 2024-12-19 10:46:59.389539+00:00
[2024-12-19T10:47:01.964+0000] {warnings.py:112} WARNING - /home/***/.local/lib/python3.12/site-packages/***/task/task_runner/standard_task_runner.py:70: DeprecationWarning: This process (pid=4870) is multi-threaded, use of fork() may lead to deadlocks in the child.
  pid = os.fork()

[2024-12-19T10:47:01.966+0000] {standard_task_runner.py:72} INFO - Started process 4872 to run task
[2024-12-19T10:47:01.967+0000] {standard_task_runner.py:104} INFO - Running: ['***', 'tasks', 'run', 'fetch_and_insert_all_countries_news', 'fetch_and_insert_news_all_countries', 'manual__2024-12-19T10:46:59.389539+00:00', '--job-id', '2599', '--raw', '--subdir', 'DAGS_FOLDER/snowflake_connector_dag.py', '--cfg-path', '/tmp/tmpdxg6onb6']
[2024-12-19T10:47:01.972+0000] {standard_task_runner.py:105} INFO - Job 2599: Subtask fetch_and_insert_news_all_countries
[2024-12-19T10:47:02.066+0000] {task_command.py:467} INFO - Running <TaskInstance: fetch_and_insert_all_countries_news.fetch_and_insert_news_all_countries manual__2024-12-19T10:46:59.389539+00:00 [running]> on host 8348eb091483
[2024-12-19T10:47:02.240+0000] {taskinstance.py:3132} INFO - Exporting env vars: AIRFLOW_CTX_DAG_OWNER='***' AIRFLOW_CTX_DAG_ID='fetch_and_insert_all_countries_news' AIRFLOW_CTX_TASK_ID='fetch_and_insert_news_all_countries' AIRFLOW_CTX_EXECUTION_DATE='2024-12-19T10:46:59.389539+00:00' AIRFLOW_CTX_TRY_NUMBER='1' AIRFLOW_CTX_DAG_RUN_ID='manual__2024-12-19T10:46:59.389539+00:00'
[2024-12-19T10:47:02.242+0000] {taskinstance.py:731} INFO - ::endgroup::
[2024-12-19T10:47:02.292+0000] {base.py:84} INFO - Retrieving connection 'snowflake_con'
[2024-12-19T10:47:02.294+0000] {connection.py:414} INFO - Snowflake Connector for Python Version: 3.12.4, Python Version: 3.12.8, Platform: Linux-5.15.167.4-microsoft-standard-WSL2-x86_64-with-glibc2.36
[2024-12-19T10:47:02.297+0000] {connection.py:1197} INFO - Connecting to GLOBAL Snowflake domain
[2024-12-19T10:47:02.299+0000] {connection.py:1278} INFO - This connection is in OCSP Fail Open Mode. TLS Certificates would be checked for validity and revocation status. Any other Certificate Revocation related exceptions or OCSP Responder failures would be disregarded in favor of connectivity.
[2024-12-19T10:47:02.847+0000] {logging_mixin.py:190} INFO - Processing news for country: CH
[2024-12-19T10:47:03.850+0000] {logging_mixin.py:190} INFO - Fetching news from 2020-03-10 to 2020-03-11 for CH...
[2024-12-19T10:47:04.696+0000] {logging_mixin.py:190} INFO - Error fetching data from 2020-03-10 to 2024-12-18: The gdelt api returned a non-successful statuscode. This is the response message: Please limit requests to one every 5 seconds or contact kalev.leetaru5@gmail.com for larger queries.
[2024-12-19T10:47:05.698+0000] {logging_mixin.py:190} INFO - Fetching news from 2020-03-11 to 2020-03-12 for CH...
[2024-12-19T10:47:06.548+0000] {logging_mixin.py:190} INFO - Error fetching data from 2020-03-10 to 2024-12-18: The gdelt api returned a non-successful statuscode. This is the response message: Please limit requests to one every 5 seconds or contact kalev.leetaru5@gmail.com for larger queries.
[2024-12-19T10:47:07.550+0000] {logging_mixin.py:190} INFO - Fetching news from 2020-03-12 to 2020-03-13 for CH...
[2024-12-19T10:47:08.385+0000] {logging_mixin.py:190} INFO - Error fetching data from 2020-03-10 to 2024-12-18: The gdelt api returned a non-successful statuscode. This is the response message: Please limit requests to one every 5 seconds or contact kalev.leetaru5@gmail.com for larger queries.
[2024-12-19T10:47:09.387+0000] {logging_mixin.py:190} INFO - Fetching news from 2020-03-13 to 2020-03-14 for CH...
[2024-12-19T10:47:10.261+0000] {logging_mixin.py:190} INFO - Error fetching data from 2020-03-10 to 2024-12-18: The gdelt api returned a non-successful statuscode. This is the response message: Please limit requests to one every 5 seconds or contact kalev.leetaru5@gmail.com for larger queries.
[2024-12-19T10:47:11.263+0000] {logging_mixin.py:190} INFO - Fetching news from 2020-03-14 to 2020-03-15 for CH...
[2024-12-19T10:47:12.111+0000] {logging_mixin.py:190} INFO - Error fetching data from 2020-03-10 to 2024-12-18: The gdelt api returned a non-successful statuscode. This is the response message: Please limit requests to one every 5 seconds or contact kalev.leetaru5@gmail.com for larger queries.
[2024-12-19T10:47:13.113+0000] {logging_mixin.py:190} INFO - Fetching news from 2020-03-15 to 2020-03-16 for CH...
[2024-12-19T10:47:13.989+0000] {logging_mixin.py:190} INFO - Error fetching data from 2020-03-10 to 2024-12-18: The gdelt api returned a non-successful statuscode. This is the response message: Please limit requests to one every 5 seconds or contact kalev.leetaru5@gmail.com for larger queries.
[2024-12-19T10:47:14.990+0000] {logging_mixin.py:190} INFO - Fetching news from 2020-03-16 to 2020-03-17 for CH...
[2024-12-19T10:47:15.833+0000] {logging_mixin.py:190} INFO - Error fetching data from 2020-03-10 to 2024-12-18: The gdelt api returned a non-successful statuscode. This is the response message: Please limit requests to one every 5 seconds or contact kalev.leetaru5@gmail.com for larger queries.
[2024-12-19T10:47:16.835+0000] {logging_mixin.py:190} INFO - Fetching news from 2020-03-17 to 2020-03-18 for CH...
[2024-12-19T10:47:17.673+0000] {logging_mixin.py:190} INFO - Error fetching data from 2020-03-10 to 2024-12-18: The gdelt api returned a non-successful statuscode. This is the response message: Please limit requests to one every 5 seconds or contact kalev.leetaru5@gmail.com for larger queries.
[2024-12-19T10:47:18.675+0000] {logging_mixin.py:190} INFO - Fetching news from 2020-03-18 to 2020-03-19 for CH...
[2024-12-19T10:47:19.552+0000] {logging_mixin.py:190} INFO - Error fetching data from 2020-03-10 to 2024-12-18: The gdelt api returned a non-successful statuscode. This is the response message: Please limit requests to one every 5 seconds or contact kalev.leetaru5@gmail.com for larger queries.
[2024-12-19T10:47:20.554+0000] {logging_mixin.py:190} INFO - Fetching news from 2020-03-19 to 2020-03-20 for CH...
[2024-12-19T10:47:21.424+0000] {logging_mixin.py:190} INFO - Error fetching data from 2020-03-10 to 2024-12-18: The gdelt api returned a non-successful statuscode. This is the response message: Please limit requests to one every 5 seconds or contact kalev.leetaru5@gmail.com for larger queries.
[2024-12-19T10:47:22.234+0000] {local_task_job_runner.py:346} WARNING - State of this instance has been externally set to failed. Terminating instance.
[2024-12-19T10:47:22.237+0000] {local_task_job_runner.py:245} INFO - ::endgroup::
[2024-12-19T10:47:22.239+0000] {process_utils.py:132} INFO - Sending 15 to group 4872. PIDs of all processes in the group: [4872]
[2024-12-19T10:47:22.241+0000] {process_utils.py:87} INFO - Sending the signal 15 to group 4872
[2024-12-19T10:47:22.243+0000] {taskinstance.py:3093} ERROR - Received SIGTERM. Terminating subprocesses.
[2024-12-19T10:47:22.244+0000] {connection.py:789} INFO - closed
[2024-12-19T10:47:22.377+0000] {connection.py:795} INFO - No async queries seem to be running, deleting session
[2024-12-19T10:47:22.462+0000] {taskinstance.py:340} INFO - ::group::Post task execution logs
[2024-12-19T10:47:22.536+0000] {process_utils.py:80} INFO - Process psutil.Process(pid=4872, status='terminated', exitcode=0, started='10:47:01') (4872) terminated with exit code 0
