[2024-12-18T11:54:27.873+0000] {local_task_job_runner.py:123} INFO - ::group::Pre task execution logs
[2024-12-18T11:54:27.900+0000] {taskinstance.py:2613} INFO - Dependencies all met for dep_context=non-requeueable deps ti=<TaskInstance: snowflake_connection_check.log_snowflake_result manual__2024-12-18T11:54:09.874790+00:00 [queued]>
[2024-12-18T11:54:27.911+0000] {taskinstance.py:2613} INFO - Dependencies all met for dep_context=requeueable deps ti=<TaskInstance: snowflake_connection_check.log_snowflake_result manual__2024-12-18T11:54:09.874790+00:00 [queued]>
[2024-12-18T11:54:27.912+0000] {taskinstance.py:2866} INFO - Starting attempt 2 of 3
[2024-12-18T11:54:27.939+0000] {taskinstance.py:2889} INFO - Executing <Task(PythonOperator): log_snowflake_result> on 2024-12-18 11:54:09.874790+00:00
[2024-12-18T11:54:27.948+0000] {warnings.py:112} WARNING - /home/***/.local/lib/python3.12/site-packages/***/task/task_runner/standard_task_runner.py:70: DeprecationWarning: This process (pid=1774) is multi-threaded, use of fork() may lead to deadlocks in the child.
  pid = os.fork()

[2024-12-18T11:54:27.950+0000] {standard_task_runner.py:72} INFO - Started process 1776 to run task
[2024-12-18T11:54:27.952+0000] {standard_task_runner.py:104} INFO - Running: ['***', 'tasks', 'run', 'snowflake_connection_check', 'log_snowflake_result', 'manual__2024-12-18T11:54:09.874790+00:00', '--job-id', '2577', '--raw', '--subdir', 'DAGS_FOLDER/snowflake_connector_dag.py', '--cfg-path', '/tmp/tmpoqcp7xyx']
[2024-12-18T11:54:27.956+0000] {standard_task_runner.py:105} INFO - Job 2577: Subtask log_snowflake_result
[2024-12-18T11:54:28.022+0000] {task_command.py:467} INFO - Running <TaskInstance: snowflake_connection_check.log_snowflake_result manual__2024-12-18T11:54:09.874790+00:00 [running]> on host 8348eb091483
[2024-12-18T11:54:28.143+0000] {taskinstance.py:3132} INFO - Exporting env vars: AIRFLOW_CTX_DAG_OWNER='***' AIRFLOW_CTX_DAG_ID='snowflake_connection_check' AIRFLOW_CTX_TASK_ID='log_snowflake_result' AIRFLOW_CTX_EXECUTION_DATE='2024-12-18T11:54:09.874790+00:00' AIRFLOW_CTX_TRY_NUMBER='2' AIRFLOW_CTX_DAG_RUN_ID='manual__2024-12-18T11:54:09.874790+00:00'
[2024-12-18T11:54:28.145+0000] {taskinstance.py:731} INFO - ::endgroup::
[2024-12-18T11:54:28.183+0000] {snowflake_connector_dag.py:33} INFO - Snowflake query result: [{'CURRENT_WAREHOUSE()': None}]
[2024-12-18T11:54:28.184+0000] {python.py:240} INFO - Done. Returned value was: None
[2024-12-18T11:54:28.201+0000] {taskinstance.py:340} INFO - ::group::Post task execution logs
[2024-12-18T11:54:28.202+0000] {taskinstance.py:352} INFO - Marking task as SUCCESS. dag_id=snowflake_connection_check, task_id=log_snowflake_result, run_id=manual__2024-12-18T11:54:09.874790+00:00, execution_date=20241218T115409, start_date=20241218T115427, end_date=20241218T115428
[2024-12-18T11:54:28.247+0000] {local_task_job_runner.py:266} INFO - Task exited with return code 0
[2024-12-18T11:54:28.274+0000] {taskinstance.py:3895} INFO - 0 downstream tasks scheduled from follow-on schedule check
[2024-12-18T11:54:28.279+0000] {local_task_job_runner.py:245} INFO - ::endgroup::
