[2025-01-02T08:30:18.337+0000] {local_task_job_runner.py:123} INFO - ::group::Pre task execution logs
[2025-01-02T08:30:18.366+0000] {taskinstance.py:2613} INFO - Dependencies all met for dep_context=non-requeueable deps ti=<TaskInstance: fetch_and_transform_news_data.process_news_all_countries manual__2025-01-02T08:30:15.463172+00:00 [queued]>
[2025-01-02T08:30:18.381+0000] {taskinstance.py:2613} INFO - Dependencies all met for dep_context=requeueable deps ti=<TaskInstance: fetch_and_transform_news_data.process_news_all_countries manual__2025-01-02T08:30:15.463172+00:00 [queued]>
[2025-01-02T08:30:18.383+0000] {taskinstance.py:2866} INFO - Starting attempt 1 of 2
[2025-01-02T08:30:18.405+0000] {taskinstance.py:2889} INFO - Executing <Task(PythonOperator): process_news_all_countries> on 2025-01-02 08:30:15.463172+00:00
[2025-01-02T08:30:18.417+0000] {warnings.py:112} WARNING - /home/***/.local/lib/python3.12/site-packages/***/task/task_runner/standard_task_runner.py:70: DeprecationWarning: This process (pid=1708) is multi-threaded, use of fork() may lead to deadlocks in the child.
  pid = os.fork()

[2025-01-02T08:30:18.420+0000] {standard_task_runner.py:72} INFO - Started process 1710 to run task
[2025-01-02T08:30:18.420+0000] {standard_task_runner.py:104} INFO - Running: ['***', 'tasks', 'run', 'fetch_and_transform_news_data', 'process_news_all_countries', 'manual__2025-01-02T08:30:15.463172+00:00', '--job-id', '95', '--raw', '--subdir', 'DAGS_FOLDER/fetch_and_transform_news.py', '--cfg-path', '/tmp/tmpavng8v4o']
[2025-01-02T08:30:18.424+0000] {standard_task_runner.py:105} INFO - Job 95: Subtask process_news_all_countries
[2025-01-02T08:30:18.502+0000] {task_command.py:467} INFO - Running <TaskInstance: fetch_and_transform_news_data.process_news_all_countries manual__2025-01-02T08:30:15.463172+00:00 [running]> on host 4fe538676cbc
[2025-01-02T08:30:18.648+0000] {taskinstance.py:3132} INFO - Exporting env vars: AIRFLOW_CTX_DAG_OWNER='***' AIRFLOW_CTX_DAG_ID='fetch_and_transform_news_data' AIRFLOW_CTX_TASK_ID='process_news_all_countries' AIRFLOW_CTX_EXECUTION_DATE='2025-01-02T08:30:15.463172+00:00' AIRFLOW_CTX_TRY_NUMBER='1' AIRFLOW_CTX_DAG_RUN_ID='manual__2025-01-02T08:30:15.463172+00:00'
[2025-01-02T08:30:18.650+0000] {taskinstance.py:731} INFO - ::endgroup::
[2025-01-02T08:30:18.692+0000] {base.py:84} INFO - Retrieving connection 'snowflake_con'
[2025-01-02T08:30:18.694+0000] {connection.py:414} INFO - Snowflake Connector for Python Version: 3.12.4, Python Version: 3.12.8, Platform: Linux-5.15.167.4-microsoft-standard-WSL2-x86_64-with-glibc2.36
[2025-01-02T08:30:18.697+0000] {connection.py:1197} INFO - Connecting to GLOBAL Snowflake domain
[2025-01-02T08:30:18.699+0000] {connection.py:1278} INFO - This connection is in OCSP Fail Open Mode. TLS Certificates would be checked for validity and revocation status. Any other Certificate Revocation related exceptions or OCSP Responder failures would be disregarded in favor of connectivity.
[2025-01-02T08:30:20.755+0000] {cursor.py:1166} INFO - Number of results in first chunk: 1
[2025-01-02T08:30:20.757+0000] {logging_mixin.py:190} INFO - 480000
[2025-01-02T08:30:20.759+0000] {connection.py:789} INFO - closed
[2025-01-02T08:30:21.033+0000] {connection.py:795} INFO - No async queries seem to be running, deleting session
[2025-01-02T08:30:21.338+0000] {connection.py:414} INFO - Snowflake Connector for Python Version: 3.12.4, Python Version: 3.12.8, Platform: Linux-5.15.167.4-microsoft-standard-WSL2-x86_64-with-glibc2.36
[2025-01-02T08:30:21.340+0000] {connection.py:1197} INFO - Connecting to GLOBAL Snowflake domain
[2025-01-02T08:30:21.341+0000] {connection.py:1278} INFO - This connection is in OCSP Fail Open Mode. TLS Certificates would be checked for validity and revocation status. Any other Certificate Revocation related exceptions or OCSP Responder failures would be disregarded in favor of connectivity.
[2025-01-02T08:30:25.604+0000] {cursor.py:1166} INFO - Number of results in first chunk: 892
[2025-01-02T08:30:31.034+0000] {logging_mixin.py:190} INFO - Inserted 1000 rows.
[2025-01-02T08:30:32.108+0000] {logging_mixin.py:190} INFO - Inserted 1000 rows.
[2025-01-02T08:30:33.197+0000] {logging_mixin.py:190} INFO - Inserted 1000 rows.
[2025-01-02T08:30:34.312+0000] {logging_mixin.py:190} INFO - Inserted 1000 rows.
[2025-01-02T08:30:35.171+0000] {logging_mixin.py:190} INFO - Inserted 1000 rows.
[2025-01-02T08:30:36.226+0000] {logging_mixin.py:190} INFO - Inserted 1000 rows.
[2025-01-02T08:30:36.988+0000] {logging_mixin.py:190} INFO - Inserted 1000 rows.
[2025-01-02T08:30:38.201+0000] {logging_mixin.py:190} INFO - Inserted 1000 rows.
[2025-01-02T08:30:39.261+0000] {logging_mixin.py:190} INFO - Inserted 1000 rows.
[2025-01-02T08:30:40.243+0000] {logging_mixin.py:190} INFO - Inserted 1000 rows.
[2025-01-02T08:30:40.860+0000] {logging_mixin.py:190} INFO - Logged 490000 rows in tracking table.
[2025-01-02T08:30:43.729+0000] {cursor.py:1166} INFO - Number of results in first chunk: 897
[2025-01-02T08:30:48.281+0000] {logging_mixin.py:190} INFO - Inserted 1000 rows.
[2025-01-02T08:30:49.286+0000] {logging_mixin.py:190} INFO - Inserted 1000 rows.
[2025-01-02T08:30:50.319+0000] {logging_mixin.py:190} INFO - Inserted 1000 rows.
[2025-01-02T08:30:51.392+0000] {logging_mixin.py:190} INFO - Inserted 1000 rows.
[2025-01-02T08:30:52.505+0000] {logging_mixin.py:190} INFO - Inserted 1000 rows.
[2025-01-02T08:30:53.382+0000] {logging_mixin.py:190} INFO - Inserted 1000 rows.
[2025-01-02T08:30:54.458+0000] {logging_mixin.py:190} INFO - Inserted 1000 rows.
[2025-01-02T08:30:55.438+0000] {logging_mixin.py:190} INFO - Inserted 1000 rows.
[2025-01-02T08:30:56.432+0000] {logging_mixin.py:190} INFO - Inserted 1000 rows.
[2025-01-02T08:30:57.748+0000] {logging_mixin.py:190} INFO - Inserted 1000 rows.
[2025-01-02T08:30:58.419+0000] {logging_mixin.py:190} INFO - Logged 500000 rows in tracking table.
[2025-01-02T08:31:01.172+0000] {cursor.py:1166} INFO - Number of results in first chunk: 902
[2025-01-02T08:31:04.094+0000] {logging_mixin.py:190} INFO - Inserted 1000 rows.
[2025-01-02T08:31:04.119+0000] {local_task_job_runner.py:346} WARNING - State of this instance has been externally set to success. Terminating instance.
[2025-01-02T08:31:04.122+0000] {local_task_job_runner.py:245} INFO - ::endgroup::
[2025-01-02T08:31:04.125+0000] {process_utils.py:132} INFO - Sending 15 to group 1710. PIDs of all processes in the group: [1710]
[2025-01-02T08:31:04.126+0000] {process_utils.py:87} INFO - Sending the signal 15 to group 1710
[2025-01-02T08:31:04.127+0000] {taskinstance.py:3093} ERROR - Received SIGTERM. Terminating subprocesses.
[2025-01-02T08:31:04.128+0000] {connection.py:789} INFO - closed
[2025-01-02T08:31:04.404+0000] {connection.py:795} INFO - No async queries seem to be running, deleting session
[2025-01-02T08:31:04.749+0000] {taskinstance.py:340} INFO - ::group::Post task execution logs
[2025-01-02T08:31:04.782+0000] {process_utils.py:80} INFO - Process psutil.Process(pid=1710, status='terminated', exitcode=0, started='08:30:18') (1710) terminated with exit code 0
