[2024-12-17T11:59:54.364+0000] {local_task_job_runner.py:123} INFO - ::group::Pre task execution logs
[2024-12-17T11:59:54.402+0000] {taskinstance.py:2613} INFO - Dependencies all met for dep_context=non-requeueable deps ti=<TaskInstance: Our_first_dag_using_python_operator_v2.greet scheduled__2024-12-17T09:46:00+00:00 [queued]>
[2024-12-17T11:59:54.424+0000] {taskinstance.py:2613} INFO - Dependencies all met for dep_context=requeueable deps ti=<TaskInstance: Our_first_dag_using_python_operator_v2.greet scheduled__2024-12-17T09:46:00+00:00 [queued]>
[2024-12-17T11:59:54.425+0000] {taskinstance.py:2866} INFO - Starting attempt 1 of 6
[2024-12-17T11:59:54.459+0000] {taskinstance.py:2889} INFO - Executing <Task(PythonOperator): greet> on 2024-12-17 09:46:00+00:00
[2024-12-17T11:59:54.469+0000] {warnings.py:112} WARNING - /home/***/.local/lib/python3.12/site-packages/***/task/task_runner/standard_task_runner.py:70: DeprecationWarning: This process (pid=9225) is multi-threaded, use of fork() may lead to deadlocks in the child.
  pid = os.fork()

[2024-12-17T11:59:54.472+0000] {standard_task_runner.py:72} INFO - Started process 9231 to run task
[2024-12-17T11:59:54.472+0000] {standard_task_runner.py:104} INFO - Running: ['***', 'tasks', 'run', 'Our_first_dag_using_python_operator_v2', 'greet', 'scheduled__2024-12-17T09:46:00+00:00', '--job-id', '2182', '--raw', '--subdir', 'DAGS_FOLDER/create_dag_with_python.py', '--cfg-path', '/tmp/tmppodhtxvl']
[2024-12-17T11:59:54.475+0000] {standard_task_runner.py:105} INFO - Job 2182: Subtask greet
[2024-12-17T11:59:54.564+0000] {task_command.py:467} INFO - Running <TaskInstance: Our_first_dag_using_python_operator_v2.greet scheduled__2024-12-17T09:46:00+00:00 [running]> on host 8348eb091483
[2024-12-17T11:59:54.742+0000] {taskinstance.py:3132} INFO - Exporting env vars: AIRFLOW_CTX_DAG_OWNER='srush' AIRFLOW_CTX_DAG_ID='Our_first_dag_using_python_operator_v2' AIRFLOW_CTX_TASK_ID='greet' AIRFLOW_CTX_EXECUTION_DATE='2024-12-17T09:46:00+00:00' AIRFLOW_CTX_TRY_NUMBER='1' AIRFLOW_CTX_DAG_RUN_ID='scheduled__2024-12-17T09:46:00+00:00'
[2024-12-17T11:59:54.744+0000] {taskinstance.py:731} INFO - ::endgroup::
[2024-12-17T11:59:54.812+0000] {logging_mixin.py:190} INFO - Hello World! My name is Jerry, I am 20 years old
[2024-12-17T11:59:54.813+0000] {python.py:240} INFO - Done. Returned value was: None
[2024-12-17T11:59:54.836+0000] {taskinstance.py:340} INFO - ::group::Post task execution logs
[2024-12-17T11:59:54.837+0000] {taskinstance.py:352} INFO - Marking task as SUCCESS. dag_id=Our_first_dag_using_python_operator_v2, task_id=greet, run_id=scheduled__2024-12-17T09:46:00+00:00, execution_date=20241217T094600, start_date=20241217T115954, end_date=20241217T115954
[2024-12-17T11:59:54.932+0000] {local_task_job_runner.py:266} INFO - Task exited with return code 0
[2024-12-17T11:59:54.962+0000] {taskinstance.py:3895} INFO - 0 downstream tasks scheduled from follow-on schedule check
[2024-12-17T11:59:54.968+0000] {local_task_job_runner.py:245} INFO - ::endgroup::
