[2024-12-20T07:53:28.874+0000] {local_task_job_runner.py:123} INFO - ::group::Pre task execution logs
[2024-12-20T07:53:28.923+0000] {taskinstance.py:2613} INFO - Dependencies all met for dep_context=non-requeueable deps ti=<TaskInstance: fetch_and_insert_all_countries_news_1.fetch_and_insert_news_all_countries manual__2024-12-20T07:53:25.381822+00:00 [queued]>
[2024-12-20T07:53:28.947+0000] {taskinstance.py:2613} INFO - Dependencies all met for dep_context=requeueable deps ti=<TaskInstance: fetch_and_insert_all_countries_news_1.fetch_and_insert_news_all_countries manual__2024-12-20T07:53:25.381822+00:00 [queued]>
[2024-12-20T07:53:28.949+0000] {taskinstance.py:2866} INFO - Starting attempt 1 of 2
[2024-12-20T07:53:28.989+0000] {taskinstance.py:2889} INFO - Executing <Task(PythonOperator): fetch_and_insert_news_all_countries> on 2024-12-20 07:53:25.381822+00:00
[2024-12-20T07:53:29.006+0000] {warnings.py:112} WARNING - /home/***/.local/lib/python3.12/site-packages/***/task/task_runner/standard_task_runner.py:70: DeprecationWarning: This process (pid=15860) is multi-threaded, use of fork() may lead to deadlocks in the child.
  pid = os.fork()

[2024-12-20T07:53:29.009+0000] {standard_task_runner.py:72} INFO - Started process 15862 to run task
[2024-12-20T07:53:29.010+0000] {standard_task_runner.py:104} INFO - Running: ['***', 'tasks', 'run', 'fetch_and_insert_all_countries_news_1', 'fetch_and_insert_news_all_countries', 'manual__2024-12-20T07:53:25.381822+00:00', '--job-id', '2637', '--raw', '--subdir', 'DAGS_FOLDER/snowflake_connector_dag.py', '--cfg-path', '/tmp/tmpxcef21ap']
[2024-12-20T07:53:29.016+0000] {standard_task_runner.py:105} INFO - Job 2637: Subtask fetch_and_insert_news_all_countries
[2024-12-20T07:53:29.105+0000] {task_command.py:467} INFO - Running <TaskInstance: fetch_and_insert_all_countries_news_1.fetch_and_insert_news_all_countries manual__2024-12-20T07:53:25.381822+00:00 [running]> on host 7b4c45f22bd5
[2024-12-20T07:53:29.254+0000] {taskinstance.py:3132} INFO - Exporting env vars: AIRFLOW_CTX_DAG_OWNER='srush' AIRFLOW_CTX_DAG_ID='fetch_and_insert_all_countries_news_1' AIRFLOW_CTX_TASK_ID='fetch_and_insert_news_all_countries' AIRFLOW_CTX_EXECUTION_DATE='2024-12-20T07:53:25.381822+00:00' AIRFLOW_CTX_TRY_NUMBER='1' AIRFLOW_CTX_DAG_RUN_ID='manual__2024-12-20T07:53:25.381822+00:00'
[2024-12-20T07:53:29.256+0000] {taskinstance.py:731} INFO - ::endgroup::
[2024-12-20T07:53:29.298+0000] {base.py:84} INFO - Retrieving connection 'snowflake_con'
[2024-12-20T07:53:29.299+0000] {connection.py:414} INFO - Snowflake Connector for Python Version: 3.12.4, Python Version: 3.12.8, Platform: Linux-5.15.167.4-microsoft-standard-WSL2-x86_64-with-glibc2.36
[2024-12-20T07:53:29.302+0000] {connection.py:1197} INFO - Connecting to GLOBAL Snowflake domain
[2024-12-20T07:53:29.304+0000] {connection.py:1278} INFO - This connection is in OCSP Fail Open Mode. TLS Certificates would be checked for validity and revocation status. Any other Certificate Revocation related exceptions or OCSP Responder failures would be disregarded in favor of connectivity.
[2024-12-20T07:53:29.938+0000] {cursor.py:1166} INFO - Number of results in first chunk: 11
[2024-12-20T07:53:30.019+0000] {cursor.py:1166} INFO - Number of results in first chunk: 5
[2024-12-20T07:53:30.021+0000] {logging_mixin.py:190} INFO - Fetched Keywords: ['currency', 'forex', 'finance', 'disease', 'war', 'election', 'pandemic', 'inflation', 'bank', 'trade', 'treaty']
[2024-12-20T07:53:30.022+0000] {logging_mixin.py:190} INFO - Fetched Countries: ['CH', 'JA', 'NZ', 'SZ', 'RS']
[2024-12-20T07:53:30.023+0000] {logging_mixin.py:190} INFO - Processing news for country: CH
[2024-12-20T07:53:33.025+0000] {logging_mixin.py:190} INFO - Fetching news from 2024-03-13 to 2024-03-14 for CH...
[2024-12-20T07:53:33.883+0000] {logging_mixin.py:190} INFO - Error fetching data for date: 2024-03-13 and country: CH. Error: The gdelt api returned a non-successful statuscode. This is the response message: Please limit requests to one every 5 seconds or contact kalev.leetaru5@gmail.com for larger queries.
[2024-12-20T07:53:36.885+0000] {logging_mixin.py:190} INFO - Fetching news from 2024-03-14 to 2024-03-15 for CH...
[2024-12-20T07:53:37.721+0000] {logging_mixin.py:190} INFO - Error fetching data for date: 2024-03-14 and country: CH. Error: The gdelt api returned a non-successful statuscode. This is the response message: Please limit requests to one every 5 seconds or contact kalev.leetaru5@gmail.com for larger queries.
[2024-12-20T07:53:40.723+0000] {logging_mixin.py:190} INFO - Fetching news from 2024-03-15 to 2024-03-16 for CH...
[2024-12-20T07:53:41.572+0000] {logging_mixin.py:190} INFO - Error fetching data for date: 2024-03-15 and country: CH. Error: The gdelt api returned a non-successful statuscode. This is the response message: Please limit requests to one every 5 seconds or contact kalev.leetaru5@gmail.com for larger queries.
[2024-12-20T07:53:44.575+0000] {logging_mixin.py:190} INFO - Fetching news from 2024-03-16 to 2024-03-17 for CH...
[2024-12-20T07:53:45.420+0000] {logging_mixin.py:190} INFO - Error fetching data for date: 2024-03-16 and country: CH. Error: The gdelt api returned a non-successful statuscode. This is the response message: Please limit requests to one every 5 seconds or contact kalev.leetaru5@gmail.com for larger queries.
[2024-12-20T07:53:48.422+0000] {logging_mixin.py:190} INFO - Fetching news from 2024-03-17 to 2024-03-18 for CH...
[2024-12-20T07:53:49.305+0000] {logging_mixin.py:190} INFO - Error fetching data for date: 2024-03-17 and country: CH. Error: The gdelt api returned a non-successful statuscode. This is the response message: Please limit requests to one every 5 seconds or contact kalev.leetaru5@gmail.com for larger queries.
[2024-12-20T07:53:52.307+0000] {logging_mixin.py:190} INFO - Fetching news from 2024-03-18 to 2024-03-19 for CH...
[2024-12-20T07:53:53.140+0000] {logging_mixin.py:190} INFO - Error fetching data for date: 2024-03-18 and country: CH. Error: The gdelt api returned a non-successful statuscode. This is the response message: Please limit requests to one every 5 seconds or contact kalev.leetaru5@gmail.com for larger queries.
[2024-12-20T07:53:54.370+0000] {local_task_job_runner.py:346} WARNING - State of this instance has been externally set to restarting. Terminating instance.
[2024-12-20T07:53:54.372+0000] {local_task_job_runner.py:245} INFO - ::endgroup::
[2024-12-20T07:53:54.375+0000] {process_utils.py:132} INFO - Sending 15 to group 15862. PIDs of all processes in the group: [15862]
[2024-12-20T07:53:54.376+0000] {process_utils.py:87} INFO - Sending the signal 15 to group 15862
[2024-12-20T07:53:54.377+0000] {taskinstance.py:3093} ERROR - Received SIGTERM. Terminating subprocesses.
[2024-12-20T07:53:54.378+0000] {connection.py:789} INFO - closed
[2024-12-20T07:53:54.406+0000] {connection.py:795} INFO - No async queries seem to be running, deleting session
[2024-12-20T07:53:54.456+0000] {taskinstance.py:3311} ERROR - Task failed with exception
Traceback (most recent call last):
  File "/home/airflow/.local/lib/python3.12/site-packages/airflow/models/taskinstance.py", line 767, in _execute_task
    result = _execute_callable(context=context, **execute_callable_kwargs)
             ^^^^^^^^^^^^^^^^^^^^^^^^^^^^^^^^^^^^^^^^^^^^^^^^^^^^^^^^^^^^^
  File "/home/airflow/.local/lib/python3.12/site-packages/airflow/models/taskinstance.py", line 733, in _execute_callable
    return ExecutionCallableRunner(
           ^^^^^^^^^^^^^^^^^^^^^^^^
  File "/home/airflow/.local/lib/python3.12/site-packages/airflow/utils/operator_helpers.py", line 252, in run
    return self.func(*args, **kwargs)
           ^^^^^^^^^^^^^^^^^^^^^^^^^^
  File "/home/airflow/.local/lib/python3.12/site-packages/airflow/models/baseoperator.py", line 422, in wrapper
    return func(self, *args, **kwargs)
           ^^^^^^^^^^^^^^^^^^^^^^^^^^^
  File "/home/airflow/.local/lib/python3.12/site-packages/airflow/operators/python.py", line 238, in execute
    return_value = self.execute_callable()
                   ^^^^^^^^^^^^^^^^^^^^^^^
  File "/home/airflow/.local/lib/python3.12/site-packages/airflow/operators/python.py", line 256, in execute_callable
    return runner.run(*self.op_args, **self.op_kwargs)
           ^^^^^^^^^^^^^^^^^^^^^^^^^^^^^^^^^^^^^^^^^^^
  File "/home/airflow/.local/lib/python3.12/site-packages/airflow/utils/operator_helpers.py", line 252, in run
    return self.func(*args, **kwargs)
           ^^^^^^^^^^^^^^^^^^^^^^^^^^
  File "/opt/airflow/dags/snowflake_connector_dag.py", line 144, in fetch_and_insert_news_for_countries
    time.sleep(3)
  File "/home/airflow/.local/lib/python3.12/site-packages/airflow/models/taskinstance.py", line 3095, in signal_handler
    raise AirflowTaskTerminated("Task received SIGTERM signal")
airflow.exceptions.AirflowTaskTerminated: Task received SIGTERM signal
[2024-12-20T07:53:54.471+0000] {taskinstance.py:1225} INFO - Marking task as UP_FOR_RETRY. dag_id=fetch_and_insert_all_countries_news_1, task_id=fetch_and_insert_news_all_countries, run_id=manual__2024-12-20T07:53:25.381822+00:00, execution_date=20241220T075325, start_date=20241220T075328, end_date=20241220T075354
[2024-12-20T07:53:54.495+0000] {taskinstance.py:340} INFO - ::group::Post task execution logs
[2024-12-20T07:53:54.550+0000] {process_utils.py:80} INFO - Process psutil.Process(pid=15862, status='terminated', exitcode=2, started='07:53:28') (15862) terminated with exit code 2
