[2024-12-20T10:06:01.259+0000] {local_task_job_runner.py:123} INFO - ::group::Pre task execution logs
[2024-12-20T10:06:01.296+0000] {taskinstance.py:2613} INFO - Dependencies all met for dep_context=non-requeueable deps ti=<TaskInstance: final.fetch_and_insert_news_all_countries manual__2024-12-20T10:05:57.908041+00:00 [queued]>
[2024-12-20T10:06:01.313+0000] {taskinstance.py:2613} INFO - Dependencies all met for dep_context=requeueable deps ti=<TaskInstance: final.fetch_and_insert_news_all_countries manual__2024-12-20T10:05:57.908041+00:00 [queued]>
[2024-12-20T10:06:01.315+0000] {taskinstance.py:2866} INFO - Starting attempt 1 of 2
[2024-12-20T10:06:01.345+0000] {taskinstance.py:2889} INFO - Executing <Task(PythonOperator): fetch_and_insert_news_all_countries> on 2024-12-20 10:05:57.908041+00:00
[2024-12-20T10:06:01.357+0000] {warnings.py:112} WARNING - /home/***/.local/lib/python3.12/site-packages/***/task/task_runner/standard_task_runner.py:70: DeprecationWarning: This process (pid=720) is multi-threaded, use of fork() may lead to deadlocks in the child.
  pid = os.fork()

[2024-12-20T10:06:01.360+0000] {standard_task_runner.py:72} INFO - Started process 729 to run task
[2024-12-20T10:06:01.360+0000] {standard_task_runner.py:104} INFO - Running: ['***', 'tasks', 'run', 'final', 'fetch_and_insert_news_all_countries', 'manual__2024-12-20T10:05:57.908041+00:00', '--job-id', '5', '--raw', '--subdir', 'DAGS_FOLDER/snowflake_connector_dag.py', '--cfg-path', '/tmp/tmp62z8wobu']
[2024-12-20T10:06:01.365+0000] {standard_task_runner.py:105} INFO - Job 5: Subtask fetch_and_insert_news_all_countries
[2024-12-20T10:06:01.481+0000] {task_command.py:467} INFO - Running <TaskInstance: final.fetch_and_insert_news_all_countries manual__2024-12-20T10:05:57.908041+00:00 [running]> on host 4fe538676cbc
[2024-12-20T10:06:01.708+0000] {taskinstance.py:3132} INFO - Exporting env vars: AIRFLOW_CTX_DAG_OWNER='***' AIRFLOW_CTX_DAG_ID='final' AIRFLOW_CTX_TASK_ID='fetch_and_insert_news_all_countries' AIRFLOW_CTX_EXECUTION_DATE='2024-12-20T10:05:57.908041+00:00' AIRFLOW_CTX_TRY_NUMBER='1' AIRFLOW_CTX_DAG_RUN_ID='manual__2024-12-20T10:05:57.908041+00:00'
[2024-12-20T10:06:01.711+0000] {taskinstance.py:731} INFO - ::endgroup::
[2024-12-20T10:06:01.771+0000] {base.py:84} INFO - Retrieving connection 'snowflake_con'
[2024-12-20T10:06:01.773+0000] {connection.py:414} INFO - Snowflake Connector for Python Version: 3.12.4, Python Version: 3.12.8, Platform: Linux-5.15.167.4-microsoft-standard-WSL2-x86_64-with-glibc2.36
[2024-12-20T10:06:01.775+0000] {connection.py:1197} INFO - Connecting to GLOBAL Snowflake domain
[2024-12-20T10:06:01.777+0000] {connection.py:1278} INFO - This connection is in OCSP Fail Open Mode. TLS Certificates would be checked for validity and revocation status. Any other Certificate Revocation related exceptions or OCSP Responder failures would be disregarded in favor of connectivity.
[2024-12-20T10:06:02.496+0000] {cursor.py:1166} INFO - Number of results in first chunk: 11
[2024-12-20T10:06:02.557+0000] {cursor.py:1166} INFO - Number of results in first chunk: 5
[2024-12-20T10:06:02.560+0000] {logging_mixin.py:190} INFO - Fetched Keywords: ['currency', 'forex', 'finance', 'disease', 'war', 'election', 'pandemic', 'inflation', 'bank', 'trade', 'treaty']
[2024-12-20T10:06:02.561+0000] {logging_mixin.py:190} INFO - Fetched Countries: ['CH', 'JA', 'NZ', 'SZ', 'RS']
[2024-12-20T10:06:02.564+0000] {logging_mixin.py:190} INFO - Processing news for country: CH
[2024-12-20T10:06:02.706+0000] {cursor.py:1166} INFO - Number of results in first chunk: 1
[2024-12-20T10:06:02.710+0000] {connection.py:789} INFO - closed
[2024-12-20T10:06:02.739+0000] {connection.py:795} INFO - No async queries seem to be running, deleting session
[2024-12-20T10:06:02.780+0000] {logging_mixin.py:190} INFO - Error inserting data into Snowflake: can't compare datetime.datetime to datetime.date
[2024-12-20T10:06:02.781+0000] {python.py:240} INFO - Done. Returned value was: None
[2024-12-20T10:06:02.801+0000] {taskinstance.py:340} INFO - ::group::Post task execution logs
[2024-12-20T10:06:02.803+0000] {taskinstance.py:352} INFO - Marking task as SUCCESS. dag_id=final, task_id=fetch_and_insert_news_all_countries, run_id=manual__2024-12-20T10:05:57.908041+00:00, execution_date=20241220T100557, start_date=20241220T100601, end_date=20241220T100602
[2024-12-20T10:06:02.870+0000] {local_task_job_runner.py:266} INFO - Task exited with return code 0
[2024-12-20T10:06:02.897+0000] {taskinstance.py:3895} INFO - 0 downstream tasks scheduled from follow-on schedule check
[2024-12-20T10:06:02.902+0000] {local_task_job_runner.py:245} INFO - ::endgroup::
