[2024-12-17T10:19:29.586+0000] {local_task_job_runner.py:123} INFO - ::group::Pre task execution logs
[2024-12-17T10:19:29.709+0000] {taskinstance.py:2613} INFO - Dependencies all met for dep_context=non-requeueable deps ti=<TaskInstance: my_first_dag_v3.third_task scheduled__2024-12-16T01:11:00+00:00 [queued]>
[2024-12-17T10:19:29.770+0000] {taskinstance.py:2613} INFO - Dependencies all met for dep_context=requeueable deps ti=<TaskInstance: my_first_dag_v3.third_task scheduled__2024-12-16T01:11:00+00:00 [queued]>
[2024-12-17T10:19:29.772+0000] {taskinstance.py:2866} INFO - Starting attempt 1 of 6
[2024-12-17T10:19:30.011+0000] {taskinstance.py:2889} INFO - Executing <Task(BashOperator): third_task> on 2024-12-16 01:11:00+00:00
[2024-12-17T10:19:30.027+0000] {warnings.py:112} WARNING - /home/***/.local/lib/python3.12/site-packages/***/task/task_runner/standard_task_runner.py:70: DeprecationWarning: This process (pid=2127) is multi-threaded, use of fork() may lead to deadlocks in the child.
  pid = os.fork()

[2024-12-17T10:19:30.041+0000] {standard_task_runner.py:72} INFO - Started process 2168 to run task
[2024-12-17T10:19:30.057+0000] {standard_task_runner.py:104} INFO - Running: ['***', 'tasks', 'run', 'my_first_dag_v3', 'third_task', 'scheduled__2024-12-16T01:11:00+00:00', '--job-id', '249', '--raw', '--subdir', 'DAGS_FOLDER/my_first_dag.py', '--cfg-path', '/tmp/tmpxtnnlqqt']
[2024-12-17T10:19:30.071+0000] {standard_task_runner.py:105} INFO - Job 249: Subtask third_task
[2024-12-17T10:19:30.372+0000] {task_command.py:467} INFO - Running <TaskInstance: my_first_dag_v3.third_task scheduled__2024-12-16T01:11:00+00:00 [running]> on host 8348eb091483
[2024-12-17T10:19:30.909+0000] {taskinstance.py:3132} INFO - Exporting env vars: AIRFLOW_CTX_DAG_OWNER='srush' AIRFLOW_CTX_DAG_ID='my_first_dag_v3' AIRFLOW_CTX_TASK_ID='third_task' AIRFLOW_CTX_EXECUTION_DATE='2024-12-16T01:11:00+00:00' AIRFLOW_CTX_TRY_NUMBER='1' AIRFLOW_CTX_DAG_RUN_ID='scheduled__2024-12-16T01:11:00+00:00'
[2024-12-17T10:19:30.927+0000] {taskinstance.py:731} INFO - ::endgroup::
[2024-12-17T10:19:31.006+0000] {subprocess.py:78} INFO - Tmp dir root location: /tmp
[2024-12-17T10:19:31.020+0000] {subprocess.py:88} INFO - Running command: ['/usr/bin/bash', '-c', 'echo task3 runs after task1 and with task2']
[2024-12-17T10:19:31.091+0000] {subprocess.py:99} INFO - Output:
[2024-12-17T10:19:31.096+0000] {subprocess.py:106} INFO - task3 runs after task1 and with task2
[2024-12-17T10:19:31.104+0000] {subprocess.py:110} INFO - Command exited with return code 0
[2024-12-17T10:19:31.336+0000] {taskinstance.py:340} INFO - ::group::Post task execution logs
[2024-12-17T10:19:31.341+0000] {taskinstance.py:352} INFO - Marking task as SUCCESS. dag_id=my_first_dag_v3, task_id=third_task, run_id=scheduled__2024-12-16T01:11:00+00:00, execution_date=20241216T011100, start_date=20241217T101929, end_date=20241217T101931
[2024-12-17T10:19:31.524+0000] {local_task_job_runner.py:266} INFO - Task exited with return code 0
[2024-12-17T10:19:31.584+0000] {taskinstance.py:3895} INFO - 0 downstream tasks scheduled from follow-on schedule check
[2024-12-17T10:19:31.591+0000] {local_task_job_runner.py:245} INFO - ::endgroup::
