[2024-12-20T08:46:16.019+0000] {local_task_job_runner.py:123} INFO - ::group::Pre task execution logs
[2024-12-20T08:46:16.053+0000] {taskinstance.py:2613} INFO - Dependencies all met for dep_context=non-requeueable deps ti=<TaskInstance: fetch_and_insert_news.fetch_and_insert_news_all_countries manual__2024-12-20T08:46:13.161661+00:00 [queued]>
[2024-12-20T08:46:16.067+0000] {taskinstance.py:2613} INFO - Dependencies all met for dep_context=requeueable deps ti=<TaskInstance: fetch_and_insert_news.fetch_and_insert_news_all_countries manual__2024-12-20T08:46:13.161661+00:00 [queued]>
[2024-12-20T08:46:16.068+0000] {taskinstance.py:2866} INFO - Starting attempt 1 of 2
[2024-12-20T08:46:16.089+0000] {taskinstance.py:2889} INFO - Executing <Task(PythonOperator): fetch_and_insert_news_all_countries> on 2024-12-20 08:46:13.161661+00:00
[2024-12-20T08:46:16.105+0000] {warnings.py:112} WARNING - /home/***/.local/lib/python3.12/site-packages/***/task/task_runner/standard_task_runner.py:70: DeprecationWarning: This process (pid=213) is multi-threaded, use of fork() may lead to deadlocks in the child.
  pid = os.fork()

[2024-12-20T08:46:16.108+0000] {standard_task_runner.py:72} INFO - Started process 215 to run task
[2024-12-20T08:46:16.109+0000] {standard_task_runner.py:104} INFO - Running: ['***', 'tasks', 'run', 'fetch_and_insert_news', 'fetch_and_insert_news_all_countries', 'manual__2024-12-20T08:46:13.161661+00:00', '--job-id', '7', '--raw', '--subdir', 'DAGS_FOLDER/snowflake_connector_dag.py', '--cfg-path', '/tmp/tmp61adm7ms']
[2024-12-20T08:46:16.113+0000] {standard_task_runner.py:105} INFO - Job 7: Subtask fetch_and_insert_news_all_countries
[2024-12-20T08:46:16.222+0000] {task_command.py:467} INFO - Running <TaskInstance: fetch_and_insert_news.fetch_and_insert_news_all_countries manual__2024-12-20T08:46:13.161661+00:00 [running]> on host 7d5d2ab8c58f
[2024-12-20T08:46:16.428+0000] {taskinstance.py:3132} INFO - Exporting env vars: AIRFLOW_CTX_DAG_OWNER='srush' AIRFLOW_CTX_DAG_ID='fetch_and_insert_news' AIRFLOW_CTX_TASK_ID='fetch_and_insert_news_all_countries' AIRFLOW_CTX_EXECUTION_DATE='2024-12-20T08:46:13.161661+00:00' AIRFLOW_CTX_TRY_NUMBER='1' AIRFLOW_CTX_DAG_RUN_ID='manual__2024-12-20T08:46:13.161661+00:00'
[2024-12-20T08:46:16.431+0000] {taskinstance.py:731} INFO - ::endgroup::
[2024-12-20T08:46:16.476+0000] {base.py:84} INFO - Retrieving connection 'snowflake_con'
[2024-12-20T08:46:16.478+0000] {connection.py:414} INFO - Snowflake Connector for Python Version: 3.12.4, Python Version: 3.12.8, Platform: Linux-5.15.167.4-microsoft-standard-WSL2-x86_64-with-glibc2.36
[2024-12-20T08:46:16.480+0000] {connection.py:1197} INFO - Connecting to GLOBAL Snowflake domain
[2024-12-20T08:46:16.482+0000] {connection.py:1278} INFO - This connection is in OCSP Fail Open Mode. TLS Certificates would be checked for validity and revocation status. Any other Certificate Revocation related exceptions or OCSP Responder failures would be disregarded in favor of connectivity.
[2024-12-20T08:46:17.192+0000] {cursor.py:1166} INFO - Number of results in first chunk: 11
[2024-12-20T08:46:17.302+0000] {cursor.py:1166} INFO - Number of results in first chunk: 5
[2024-12-20T08:46:17.303+0000] {logging_mixin.py:190} INFO - Fetched Keywords: ['currency', 'forex', 'finance', 'disease', 'war', 'election', 'pandemic', 'inflation', 'bank', 'trade', 'treaty']
[2024-12-20T08:46:17.304+0000] {logging_mixin.py:190} INFO - Fetched Countries: ['CH', 'JA', 'NZ', 'SZ', 'RS']
[2024-12-20T08:46:17.306+0000] {logging_mixin.py:190} INFO - Processing news for country: CH
[2024-12-20T08:46:20.309+0000] {logging_mixin.py:190} INFO - Fetching news from 2024-03-13 to 2024-03-14 for CH...
[2024-12-20T08:46:21.183+0000] {logging_mixin.py:190} INFO - Error fetching data for date: 2024-03-13 and country: CH. Error: The gdelt api returned a non-successful statuscode. This is the response message: Please limit requests to one every 5 seconds or contact kalev.leetaru5@gmail.com for larger queries.
[2024-12-20T08:46:24.185+0000] {logging_mixin.py:190} INFO - Fetching news from 2024-03-14 to 2024-03-15 for CH...
[2024-12-20T08:46:25.034+0000] {logging_mixin.py:190} INFO - Error fetching data for date: 2024-03-14 and country: CH. Error: The gdelt api returned a non-successful statuscode. This is the response message: Please limit requests to one every 5 seconds or contact kalev.leetaru5@gmail.com for larger queries.
[2024-12-20T08:46:28.034+0000] {logging_mixin.py:190} INFO - Fetching news from 2024-03-15 to 2024-03-16 for CH...
[2024-12-20T08:46:28.904+0000] {logging_mixin.py:190} INFO - Error fetching data for date: 2024-03-15 and country: CH. Error: The gdelt api returned a non-successful statuscode. This is the response message: Please limit requests to one every 5 seconds or contact kalev.leetaru5@gmail.com for larger queries.
[2024-12-20T08:46:31.906+0000] {logging_mixin.py:190} INFO - Fetching news from 2024-03-16 to 2024-03-17 for CH...
[2024-12-20T08:46:32.762+0000] {logging_mixin.py:190} INFO - Error fetching data for date: 2024-03-16 and country: CH. Error: The gdelt api returned a non-successful statuscode. This is the response message: Please limit requests to one every 5 seconds or contact kalev.leetaru5@gmail.com for larger queries.
[2024-12-20T08:46:35.764+0000] {logging_mixin.py:190} INFO - Fetching news from 2024-03-17 to 2024-03-18 for CH...
[2024-12-20T08:46:36.613+0000] {logging_mixin.py:190} INFO - Error fetching data for date: 2024-03-17 and country: CH. Error: The gdelt api returned a non-successful statuscode. This is the response message: Please limit requests to one every 5 seconds or contact kalev.leetaru5@gmail.com for larger queries.
[2024-12-20T08:46:39.615+0000] {logging_mixin.py:190} INFO - Fetching news from 2024-03-18 to 2024-03-19 for CH...
[2024-12-20T08:46:40.475+0000] {logging_mixin.py:190} INFO - Error fetching data for date: 2024-03-18 and country: CH. Error: The gdelt api returned a non-successful statuscode. This is the response message: Please limit requests to one every 5 seconds or contact kalev.leetaru5@gmail.com for larger queries.
[2024-12-20T08:46:43.477+0000] {logging_mixin.py:190} INFO - Fetching news from 2024-03-19 to 2024-03-20 for CH...
[2024-12-20T08:46:44.352+0000] {logging_mixin.py:190} INFO - Error fetching data for date: 2024-03-19 and country: CH. Error: The gdelt api returned a non-successful statuscode. This is the response message: Please limit requests to one every 5 seconds or contact kalev.leetaru5@gmail.com for larger queries.
[2024-12-20T08:46:47.355+0000] {logging_mixin.py:190} INFO - Fetching news from 2024-03-20 to 2024-03-21 for CH...
[2024-12-20T08:46:48.202+0000] {logging_mixin.py:190} INFO - Error fetching data for date: 2024-03-20 and country: CH. Error: The gdelt api returned a non-successful statuscode. This is the response message: Please limit requests to one every 5 seconds or contact kalev.leetaru5@gmail.com for larger queries.
[2024-12-20T08:46:51.204+0000] {logging_mixin.py:190} INFO - Fetching news from 2024-03-21 to 2024-03-22 for CH...
[2024-12-20T08:46:51.617+0000] {local_task_job_runner.py:346} WARNING - State of this instance has been externally set to failed. Terminating instance.
[2024-12-20T08:46:51.622+0000] {local_task_job_runner.py:245} INFO - ::endgroup::
[2024-12-20T08:46:51.625+0000] {process_utils.py:132} INFO - Sending 15 to group 215. PIDs of all processes in the group: [215]
[2024-12-20T08:46:51.626+0000] {process_utils.py:87} INFO - Sending the signal 15 to group 215
[2024-12-20T08:46:51.627+0000] {taskinstance.py:3093} ERROR - Received SIGTERM. Terminating subprocesses.
[2024-12-20T08:46:51.629+0000] {connection.py:789} INFO - closed
[2024-12-20T08:46:51.659+0000] {connection.py:795} INFO - No async queries seem to be running, deleting session
[2024-12-20T08:46:51.757+0000] {taskinstance.py:340} INFO - ::group::Post task execution logs
[2024-12-20T08:46:51.800+0000] {process_utils.py:80} INFO - Process psutil.Process(pid=215, status='terminated', exitcode=0, started='08:46:15') (215) terminated with exit code 0
