[2024-12-17T10:18:44.161+0000] {local_task_job_runner.py:123} INFO - ::group::Pre task execution logs
[2024-12-17T10:18:44.250+0000] {taskinstance.py:2613} INFO - Dependencies all met for dep_context=non-requeueable deps ti=<TaskInstance: my_first_dag_v3.third_task scheduled__2024-12-16T00:32:00+00:00 [queued]>
[2024-12-17T10:18:44.321+0000] {taskinstance.py:2613} INFO - Dependencies all met for dep_context=requeueable deps ti=<TaskInstance: my_first_dag_v3.third_task scheduled__2024-12-16T00:32:00+00:00 [queued]>
[2024-12-17T10:18:44.323+0000] {taskinstance.py:2866} INFO - Starting attempt 1 of 6
[2024-12-17T10:18:44.441+0000] {taskinstance.py:2889} INFO - Executing <Task(BashOperator): third_task> on 2024-12-16 00:32:00+00:00
[2024-12-17T10:18:44.464+0000] {warnings.py:112} WARNING - /home/***/.local/lib/python3.12/site-packages/***/task/task_runner/standard_task_runner.py:70: DeprecationWarning: This process (pid=1694) is multi-threaded, use of fork() may lead to deadlocks in the child.
  pid = os.fork()

[2024-12-17T10:18:44.491+0000] {standard_task_runner.py:72} INFO - Started process 1715 to run task
[2024-12-17T10:18:44.507+0000] {standard_task_runner.py:104} INFO - Running: ['***', 'tasks', 'run', 'my_first_dag_v3', 'third_task', 'scheduled__2024-12-16T00:32:00+00:00', '--job-id', '136', '--raw', '--subdir', 'DAGS_FOLDER/my_first_dag.py', '--cfg-path', '/tmp/tmpix44kd7e']
[2024-12-17T10:18:44.530+0000] {standard_task_runner.py:105} INFO - Job 136: Subtask third_task
[2024-12-17T10:18:44.784+0000] {task_command.py:467} INFO - Running <TaskInstance: my_first_dag_v3.third_task scheduled__2024-12-16T00:32:00+00:00 [running]> on host 8348eb091483
[2024-12-17T10:18:45.336+0000] {taskinstance.py:3132} INFO - Exporting env vars: AIRFLOW_CTX_DAG_OWNER='srush' AIRFLOW_CTX_DAG_ID='my_first_dag_v3' AIRFLOW_CTX_TASK_ID='third_task' AIRFLOW_CTX_EXECUTION_DATE='2024-12-16T00:32:00+00:00' AIRFLOW_CTX_TRY_NUMBER='1' AIRFLOW_CTX_DAG_RUN_ID='scheduled__2024-12-16T00:32:00+00:00'
[2024-12-17T10:18:45.338+0000] {taskinstance.py:731} INFO - ::endgroup::
[2024-12-17T10:18:45.407+0000] {subprocess.py:78} INFO - Tmp dir root location: /tmp
[2024-12-17T10:18:45.412+0000] {subprocess.py:88} INFO - Running command: ['/usr/bin/bash', '-c', 'echo task3 runs after task1 and with task2']
[2024-12-17T10:18:45.459+0000] {subprocess.py:99} INFO - Output:
[2024-12-17T10:18:45.465+0000] {subprocess.py:106} INFO - task3 runs after task1 and with task2
[2024-12-17T10:18:45.487+0000] {subprocess.py:110} INFO - Command exited with return code 0
[2024-12-17T10:18:45.601+0000] {taskinstance.py:340} INFO - ::group::Post task execution logs
[2024-12-17T10:18:45.606+0000] {taskinstance.py:352} INFO - Marking task as SUCCESS. dag_id=my_first_dag_v3, task_id=third_task, run_id=scheduled__2024-12-16T00:32:00+00:00, execution_date=20241216T003200, start_date=20241217T101844, end_date=20241217T101845
[2024-12-17T10:18:46.056+0000] {local_task_job_runner.py:266} INFO - Task exited with return code 0
[2024-12-17T10:18:46.201+0000] {taskinstance.py:3895} INFO - 0 downstream tasks scheduled from follow-on schedule check
[2024-12-17T10:18:46.257+0000] {local_task_job_runner.py:245} INFO - ::endgroup::
