[2024-12-26T06:01:27.647+0000] {processor.py:186} INFO - Started process (PID=3135) to work on /opt/airflow/dags/Forex_tranformation.py
[2024-12-26T06:01:27.648+0000] {processor.py:914} INFO - Processing file /opt/airflow/dags/Forex_tranformation.py for tasks to queue
[2024-12-26T06:01:27.651+0000] {logging_mixin.py:190} INFO - [2024-12-26T06:01:27.650+0000] {dagbag.py:588} INFO - Filling up the DagBag from /opt/airflow/dags/Forex_tranformation.py
[2024-12-26T06:01:27.755+0000] {processor.py:925} INFO - DAG(s) 'transform_forex_data_dag' retrieved from /opt/airflow/dags/Forex_tranformation.py
[2024-12-26T06:01:27.969+0000] {logging_mixin.py:190} INFO - [2024-12-26T06:01:27.969+0000] {dag.py:3239} INFO - Sync 1 DAGs
[2024-12-26T06:01:27.993+0000] {logging_mixin.py:190} INFO - [2024-12-26T06:01:27.993+0000] {dag.py:4180} INFO - Setting next_dagrun for transform_forex_data_dag to None, run_after=None
[2024-12-26T06:01:28.040+0000] {processor.py:208} INFO - Processing /opt/airflow/dags/Forex_tranformation.py took 0.401 seconds
[2024-12-26T06:01:58.741+0000] {processor.py:186} INFO - Started process (PID=3149) to work on /opt/airflow/dags/Forex_tranformation.py
[2024-12-26T06:01:58.743+0000] {processor.py:914} INFO - Processing file /opt/airflow/dags/Forex_tranformation.py for tasks to queue
[2024-12-26T06:01:58.745+0000] {logging_mixin.py:190} INFO - [2024-12-26T06:01:58.744+0000] {dagbag.py:588} INFO - Filling up the DagBag from /opt/airflow/dags/Forex_tranformation.py
[2024-12-26T06:01:58.769+0000] {processor.py:925} INFO - DAG(s) 'transform_forex_data_dag' retrieved from /opt/airflow/dags/Forex_tranformation.py
[2024-12-26T06:01:58.799+0000] {logging_mixin.py:190} INFO - [2024-12-26T06:01:58.798+0000] {dag.py:3239} INFO - Sync 1 DAGs
[2024-12-26T06:01:58.817+0000] {logging_mixin.py:190} INFO - [2024-12-26T06:01:58.816+0000] {dag.py:4180} INFO - Setting next_dagrun for transform_forex_data_dag to None, run_after=None
[2024-12-26T06:01:58.849+0000] {processor.py:208} INFO - Processing /opt/airflow/dags/Forex_tranformation.py took 0.114 seconds
[2024-12-26T06:02:29.074+0000] {processor.py:186} INFO - Started process (PID=3163) to work on /opt/airflow/dags/Forex_tranformation.py
[2024-12-26T06:02:29.076+0000] {processor.py:914} INFO - Processing file /opt/airflow/dags/Forex_tranformation.py for tasks to queue
[2024-12-26T06:02:29.078+0000] {logging_mixin.py:190} INFO - [2024-12-26T06:02:29.078+0000] {dagbag.py:588} INFO - Filling up the DagBag from /opt/airflow/dags/Forex_tranformation.py
[2024-12-26T06:02:29.113+0000] {processor.py:925} INFO - DAG(s) 'transform_forex_data_dag' retrieved from /opt/airflow/dags/Forex_tranformation.py
[2024-12-26T06:02:29.151+0000] {logging_mixin.py:190} INFO - [2024-12-26T06:02:29.150+0000] {dag.py:3239} INFO - Sync 1 DAGs
[2024-12-26T06:02:29.176+0000] {logging_mixin.py:190} INFO - [2024-12-26T06:02:29.175+0000] {dag.py:4180} INFO - Setting next_dagrun for transform_forex_data_dag to None, run_after=None
[2024-12-26T06:02:29.212+0000] {processor.py:208} INFO - Processing /opt/airflow/dags/Forex_tranformation.py took 0.146 seconds
[2024-12-26T06:03:00.073+0000] {processor.py:186} INFO - Started process (PID=3177) to work on /opt/airflow/dags/Forex_tranformation.py
[2024-12-26T06:03:00.075+0000] {processor.py:914} INFO - Processing file /opt/airflow/dags/Forex_tranformation.py for tasks to queue
[2024-12-26T06:03:00.077+0000] {logging_mixin.py:190} INFO - [2024-12-26T06:03:00.076+0000] {dagbag.py:588} INFO - Filling up the DagBag from /opt/airflow/dags/Forex_tranformation.py
[2024-12-26T06:03:00.103+0000] {processor.py:925} INFO - DAG(s) 'transform_forex_data_dag' retrieved from /opt/airflow/dags/Forex_tranformation.py
[2024-12-26T06:03:00.139+0000] {logging_mixin.py:190} INFO - [2024-12-26T06:03:00.139+0000] {dag.py:3239} INFO - Sync 1 DAGs
[2024-12-26T06:03:00.164+0000] {logging_mixin.py:190} INFO - [2024-12-26T06:03:00.163+0000] {dag.py:4180} INFO - Setting next_dagrun for transform_forex_data_dag to None, run_after=None
[2024-12-26T06:03:00.205+0000] {processor.py:208} INFO - Processing /opt/airflow/dags/Forex_tranformation.py took 0.139 seconds
[2024-12-26T06:03:30.413+0000] {processor.py:186} INFO - Started process (PID=3191) to work on /opt/airflow/dags/Forex_tranformation.py
[2024-12-26T06:03:30.414+0000] {processor.py:914} INFO - Processing file /opt/airflow/dags/Forex_tranformation.py for tasks to queue
[2024-12-26T06:03:30.416+0000] {logging_mixin.py:190} INFO - [2024-12-26T06:03:30.415+0000] {dagbag.py:588} INFO - Filling up the DagBag from /opt/airflow/dags/Forex_tranformation.py
[2024-12-26T06:03:30.438+0000] {processor.py:925} INFO - DAG(s) 'transform_forex_data_dag' retrieved from /opt/airflow/dags/Forex_tranformation.py
[2024-12-26T06:03:30.468+0000] {logging_mixin.py:190} INFO - [2024-12-26T06:03:30.467+0000] {dag.py:3239} INFO - Sync 1 DAGs
[2024-12-26T06:03:30.486+0000] {logging_mixin.py:190} INFO - [2024-12-26T06:03:30.486+0000] {dag.py:4180} INFO - Setting next_dagrun for transform_forex_data_dag to None, run_after=None
[2024-12-26T06:03:30.513+0000] {processor.py:208} INFO - Processing /opt/airflow/dags/Forex_tranformation.py took 0.108 seconds
[2024-12-26T06:04:00.577+0000] {processor.py:186} INFO - Started process (PID=3205) to work on /opt/airflow/dags/Forex_tranformation.py
[2024-12-26T06:04:00.578+0000] {processor.py:914} INFO - Processing file /opt/airflow/dags/Forex_tranformation.py for tasks to queue
[2024-12-26T06:04:00.580+0000] {logging_mixin.py:190} INFO - [2024-12-26T06:04:00.579+0000] {dagbag.py:588} INFO - Filling up the DagBag from /opt/airflow/dags/Forex_tranformation.py
[2024-12-26T06:04:00.603+0000] {processor.py:925} INFO - DAG(s) 'transform_forex_data_dag' retrieved from /opt/airflow/dags/Forex_tranformation.py
[2024-12-26T06:04:00.636+0000] {logging_mixin.py:190} INFO - [2024-12-26T06:04:00.635+0000] {dag.py:3239} INFO - Sync 1 DAGs
[2024-12-26T06:04:00.654+0000] {logging_mixin.py:190} INFO - [2024-12-26T06:04:00.654+0000] {dag.py:4180} INFO - Setting next_dagrun for transform_forex_data_dag to None, run_after=None
[2024-12-26T06:04:00.689+0000] {processor.py:208} INFO - Processing /opt/airflow/dags/Forex_tranformation.py took 0.119 seconds
[2024-12-26T06:04:31.004+0000] {processor.py:186} INFO - Started process (PID=3219) to work on /opt/airflow/dags/Forex_tranformation.py
[2024-12-26T06:04:31.005+0000] {processor.py:914} INFO - Processing file /opt/airflow/dags/Forex_tranformation.py for tasks to queue
[2024-12-26T06:04:31.007+0000] {logging_mixin.py:190} INFO - [2024-12-26T06:04:31.007+0000] {dagbag.py:588} INFO - Filling up the DagBag from /opt/airflow/dags/Forex_tranformation.py
[2024-12-26T06:04:31.030+0000] {processor.py:925} INFO - DAG(s) 'transform_forex_data_dag' retrieved from /opt/airflow/dags/Forex_tranformation.py
[2024-12-26T06:04:31.063+0000] {logging_mixin.py:190} INFO - [2024-12-26T06:04:31.063+0000] {dag.py:3239} INFO - Sync 1 DAGs
[2024-12-26T06:04:31.082+0000] {logging_mixin.py:190} INFO - [2024-12-26T06:04:31.082+0000] {dag.py:4180} INFO - Setting next_dagrun for transform_forex_data_dag to None, run_after=None
[2024-12-26T06:04:31.114+0000] {processor.py:208} INFO - Processing /opt/airflow/dags/Forex_tranformation.py took 0.116 seconds
[2024-12-26T06:05:01.250+0000] {processor.py:186} INFO - Started process (PID=3233) to work on /opt/airflow/dags/Forex_tranformation.py
[2024-12-26T06:05:01.252+0000] {processor.py:914} INFO - Processing file /opt/airflow/dags/Forex_tranformation.py for tasks to queue
[2024-12-26T06:05:01.253+0000] {logging_mixin.py:190} INFO - [2024-12-26T06:05:01.253+0000] {dagbag.py:588} INFO - Filling up the DagBag from /opt/airflow/dags/Forex_tranformation.py
[2024-12-26T06:05:01.276+0000] {processor.py:925} INFO - DAG(s) 'transform_forex_data_dag' retrieved from /opt/airflow/dags/Forex_tranformation.py
[2024-12-26T06:05:01.311+0000] {logging_mixin.py:190} INFO - [2024-12-26T06:05:01.310+0000] {dag.py:3239} INFO - Sync 1 DAGs
[2024-12-26T06:05:01.330+0000] {logging_mixin.py:190} INFO - [2024-12-26T06:05:01.330+0000] {dag.py:4180} INFO - Setting next_dagrun for transform_forex_data_dag to None, run_after=None
[2024-12-26T06:05:01.356+0000] {processor.py:208} INFO - Processing /opt/airflow/dags/Forex_tranformation.py took 0.113 seconds
[2024-12-26T06:05:31.662+0000] {processor.py:186} INFO - Started process (PID=3247) to work on /opt/airflow/dags/Forex_tranformation.py
[2024-12-26T06:05:31.664+0000] {processor.py:914} INFO - Processing file /opt/airflow/dags/Forex_tranformation.py for tasks to queue
[2024-12-26T06:05:31.665+0000] {logging_mixin.py:190} INFO - [2024-12-26T06:05:31.665+0000] {dagbag.py:588} INFO - Filling up the DagBag from /opt/airflow/dags/Forex_tranformation.py
[2024-12-26T06:05:31.688+0000] {processor.py:925} INFO - DAG(s) 'transform_forex_data_dag' retrieved from /opt/airflow/dags/Forex_tranformation.py
[2024-12-26T06:05:31.721+0000] {logging_mixin.py:190} INFO - [2024-12-26T06:05:31.720+0000] {dag.py:3239} INFO - Sync 1 DAGs
[2024-12-26T06:05:31.741+0000] {logging_mixin.py:190} INFO - [2024-12-26T06:05:31.740+0000] {dag.py:4180} INFO - Setting next_dagrun for transform_forex_data_dag to None, run_after=None
[2024-12-26T06:05:31.769+0000] {processor.py:208} INFO - Processing /opt/airflow/dags/Forex_tranformation.py took 0.113 seconds
[2024-12-26T06:06:02.005+0000] {processor.py:186} INFO - Started process (PID=3261) to work on /opt/airflow/dags/Forex_tranformation.py
[2024-12-26T06:06:02.007+0000] {processor.py:914} INFO - Processing file /opt/airflow/dags/Forex_tranformation.py for tasks to queue
[2024-12-26T06:06:02.009+0000] {logging_mixin.py:190} INFO - [2024-12-26T06:06:02.009+0000] {dagbag.py:588} INFO - Filling up the DagBag from /opt/airflow/dags/Forex_tranformation.py
[2024-12-26T06:06:02.036+0000] {processor.py:925} INFO - DAG(s) 'transform_forex_data_dag' retrieved from /opt/airflow/dags/Forex_tranformation.py
[2024-12-26T06:06:02.077+0000] {logging_mixin.py:190} INFO - [2024-12-26T06:06:02.076+0000] {dag.py:3239} INFO - Sync 1 DAGs
[2024-12-26T06:06:02.096+0000] {logging_mixin.py:190} INFO - [2024-12-26T06:06:02.096+0000] {dag.py:4180} INFO - Setting next_dagrun for transform_forex_data_dag to None, run_after=None
[2024-12-26T06:06:02.136+0000] {processor.py:208} INFO - Processing /opt/airflow/dags/Forex_tranformation.py took 0.139 seconds
[2024-12-26T06:06:33.144+0000] {processor.py:186} INFO - Started process (PID=3275) to work on /opt/airflow/dags/Forex_tranformation.py
[2024-12-26T06:06:33.145+0000] {processor.py:914} INFO - Processing file /opt/airflow/dags/Forex_tranformation.py for tasks to queue
[2024-12-26T06:06:33.147+0000] {logging_mixin.py:190} INFO - [2024-12-26T06:06:33.147+0000] {dagbag.py:588} INFO - Filling up the DagBag from /opt/airflow/dags/Forex_tranformation.py
[2024-12-26T06:06:33.177+0000] {processor.py:925} INFO - DAG(s) 'transform_forex_data_dag' retrieved from /opt/airflow/dags/Forex_tranformation.py
[2024-12-26T06:06:33.215+0000] {logging_mixin.py:190} INFO - [2024-12-26T06:06:33.214+0000] {dag.py:3239} INFO - Sync 1 DAGs
[2024-12-26T06:06:33.239+0000] {logging_mixin.py:190} INFO - [2024-12-26T06:06:33.238+0000] {dag.py:4180} INFO - Setting next_dagrun for transform_forex_data_dag to None, run_after=None
[2024-12-26T06:06:33.278+0000] {processor.py:208} INFO - Processing /opt/airflow/dags/Forex_tranformation.py took 0.141 seconds
[2024-12-26T06:07:03.699+0000] {processor.py:186} INFO - Started process (PID=3289) to work on /opt/airflow/dags/Forex_tranformation.py
[2024-12-26T06:07:03.701+0000] {processor.py:914} INFO - Processing file /opt/airflow/dags/Forex_tranformation.py for tasks to queue
[2024-12-26T06:07:03.704+0000] {logging_mixin.py:190} INFO - [2024-12-26T06:07:03.703+0000] {dagbag.py:588} INFO - Filling up the DagBag from /opt/airflow/dags/Forex_tranformation.py
[2024-12-26T06:07:03.728+0000] {processor.py:925} INFO - DAG(s) 'transform_forex_data_dag' retrieved from /opt/airflow/dags/Forex_tranformation.py
[2024-12-26T06:07:03.759+0000] {logging_mixin.py:190} INFO - [2024-12-26T06:07:03.759+0000] {dag.py:3239} INFO - Sync 1 DAGs
[2024-12-26T06:07:03.781+0000] {logging_mixin.py:190} INFO - [2024-12-26T06:07:03.781+0000] {dag.py:4180} INFO - Setting next_dagrun for transform_forex_data_dag to None, run_after=None
[2024-12-26T06:07:03.815+0000] {processor.py:208} INFO - Processing /opt/airflow/dags/Forex_tranformation.py took 0.128 seconds
[2024-12-26T06:07:34.664+0000] {processor.py:186} INFO - Started process (PID=3303) to work on /opt/airflow/dags/Forex_tranformation.py
[2024-12-26T06:07:34.666+0000] {processor.py:914} INFO - Processing file /opt/airflow/dags/Forex_tranformation.py for tasks to queue
[2024-12-26T06:07:34.668+0000] {logging_mixin.py:190} INFO - [2024-12-26T06:07:34.667+0000] {dagbag.py:588} INFO - Filling up the DagBag from /opt/airflow/dags/Forex_tranformation.py
[2024-12-26T06:07:34.693+0000] {processor.py:925} INFO - DAG(s) 'transform_forex_data_dag' retrieved from /opt/airflow/dags/Forex_tranformation.py
[2024-12-26T06:07:34.724+0000] {logging_mixin.py:190} INFO - [2024-12-26T06:07:34.724+0000] {dag.py:3239} INFO - Sync 1 DAGs
[2024-12-26T06:07:34.747+0000] {logging_mixin.py:190} INFO - [2024-12-26T06:07:34.747+0000] {dag.py:4180} INFO - Setting next_dagrun for transform_forex_data_dag to None, run_after=None
[2024-12-26T06:07:34.776+0000] {processor.py:208} INFO - Processing /opt/airflow/dags/Forex_tranformation.py took 0.119 seconds
[2024-12-26T06:08:04.895+0000] {processor.py:186} INFO - Started process (PID=3317) to work on /opt/airflow/dags/Forex_tranformation.py
[2024-12-26T06:08:04.897+0000] {processor.py:914} INFO - Processing file /opt/airflow/dags/Forex_tranformation.py for tasks to queue
[2024-12-26T06:08:04.899+0000] {logging_mixin.py:190} INFO - [2024-12-26T06:08:04.898+0000] {dagbag.py:588} INFO - Filling up the DagBag from /opt/airflow/dags/Forex_tranformation.py
[2024-12-26T06:08:04.923+0000] {processor.py:925} INFO - DAG(s) 'transform_forex_data_dag' retrieved from /opt/airflow/dags/Forex_tranformation.py
[2024-12-26T06:08:04.958+0000] {logging_mixin.py:190} INFO - [2024-12-26T06:08:04.958+0000] {dag.py:3239} INFO - Sync 1 DAGs
[2024-12-26T06:08:04.981+0000] {logging_mixin.py:190} INFO - [2024-12-26T06:08:04.981+0000] {dag.py:4180} INFO - Setting next_dagrun for transform_forex_data_dag to None, run_after=None
[2024-12-26T06:08:05.019+0000] {processor.py:208} INFO - Processing /opt/airflow/dags/Forex_tranformation.py took 0.131 seconds
[2024-12-26T06:08:35.161+0000] {processor.py:186} INFO - Started process (PID=3331) to work on /opt/airflow/dags/Forex_tranformation.py
[2024-12-26T06:08:35.162+0000] {processor.py:914} INFO - Processing file /opt/airflow/dags/Forex_tranformation.py for tasks to queue
[2024-12-26T06:08:35.163+0000] {logging_mixin.py:190} INFO - [2024-12-26T06:08:35.163+0000] {dagbag.py:588} INFO - Filling up the DagBag from /opt/airflow/dags/Forex_tranformation.py
[2024-12-26T06:08:35.185+0000] {processor.py:925} INFO - DAG(s) 'transform_forex_data_dag' retrieved from /opt/airflow/dags/Forex_tranformation.py
[2024-12-26T06:08:35.216+0000] {logging_mixin.py:190} INFO - [2024-12-26T06:08:35.215+0000] {dag.py:3239} INFO - Sync 1 DAGs
[2024-12-26T06:08:35.233+0000] {logging_mixin.py:190} INFO - [2024-12-26T06:08:35.233+0000] {dag.py:4180} INFO - Setting next_dagrun for transform_forex_data_dag to None, run_after=None
[2024-12-26T06:08:35.266+0000] {processor.py:208} INFO - Processing /opt/airflow/dags/Forex_tranformation.py took 0.112 seconds
[2024-12-26T06:09:05.388+0000] {processor.py:186} INFO - Started process (PID=3345) to work on /opt/airflow/dags/Forex_tranformation.py
[2024-12-26T06:09:05.389+0000] {processor.py:914} INFO - Processing file /opt/airflow/dags/Forex_tranformation.py for tasks to queue
[2024-12-26T06:09:05.392+0000] {logging_mixin.py:190} INFO - [2024-12-26T06:09:05.391+0000] {dagbag.py:588} INFO - Filling up the DagBag from /opt/airflow/dags/Forex_tranformation.py
[2024-12-26T06:09:05.424+0000] {processor.py:925} INFO - DAG(s) 'transform_forex_data_dag' retrieved from /opt/airflow/dags/Forex_tranformation.py
[2024-12-26T06:09:05.477+0000] {logging_mixin.py:190} INFO - [2024-12-26T06:09:05.476+0000] {dag.py:3239} INFO - Sync 1 DAGs
[2024-12-26T06:09:05.508+0000] {logging_mixin.py:190} INFO - [2024-12-26T06:09:05.508+0000] {dag.py:4180} INFO - Setting next_dagrun for transform_forex_data_dag to None, run_after=None
[2024-12-26T06:09:05.548+0000] {processor.py:208} INFO - Processing /opt/airflow/dags/Forex_tranformation.py took 0.169 seconds
[2024-12-26T06:09:35.721+0000] {processor.py:186} INFO - Started process (PID=3360) to work on /opt/airflow/dags/Forex_tranformation.py
[2024-12-26T06:09:35.723+0000] {processor.py:914} INFO - Processing file /opt/airflow/dags/Forex_tranformation.py for tasks to queue
[2024-12-26T06:09:35.725+0000] {logging_mixin.py:190} INFO - [2024-12-26T06:09:35.724+0000] {dagbag.py:588} INFO - Filling up the DagBag from /opt/airflow/dags/Forex_tranformation.py
[2024-12-26T06:09:35.751+0000] {processor.py:925} INFO - DAG(s) 'transform_forex_data_dag' retrieved from /opt/airflow/dags/Forex_tranformation.py
[2024-12-26T06:09:35.788+0000] {logging_mixin.py:190} INFO - [2024-12-26T06:09:35.788+0000] {dag.py:3239} INFO - Sync 1 DAGs
[2024-12-26T06:09:35.810+0000] {logging_mixin.py:190} INFO - [2024-12-26T06:09:35.810+0000] {dag.py:4180} INFO - Setting next_dagrun for transform_forex_data_dag to None, run_after=None
[2024-12-26T06:09:35.848+0000] {processor.py:208} INFO - Processing /opt/airflow/dags/Forex_tranformation.py took 0.134 seconds
[2024-12-26T06:10:05.997+0000] {processor.py:186} INFO - Started process (PID=3373) to work on /opt/airflow/dags/Forex_tranformation.py
[2024-12-26T06:10:05.999+0000] {processor.py:914} INFO - Processing file /opt/airflow/dags/Forex_tranformation.py for tasks to queue
[2024-12-26T06:10:06.001+0000] {logging_mixin.py:190} INFO - [2024-12-26T06:10:06.001+0000] {dagbag.py:588} INFO - Filling up the DagBag from /opt/airflow/dags/Forex_tranformation.py
[2024-12-26T06:10:06.027+0000] {processor.py:925} INFO - DAG(s) 'transform_forex_data_dag' retrieved from /opt/airflow/dags/Forex_tranformation.py
[2024-12-26T06:10:06.061+0000] {logging_mixin.py:190} INFO - [2024-12-26T06:10:06.060+0000] {dag.py:3239} INFO - Sync 1 DAGs
[2024-12-26T06:10:06.081+0000] {logging_mixin.py:190} INFO - [2024-12-26T06:10:06.081+0000] {dag.py:4180} INFO - Setting next_dagrun for transform_forex_data_dag to None, run_after=None
[2024-12-26T06:10:06.121+0000] {processor.py:208} INFO - Processing /opt/airflow/dags/Forex_tranformation.py took 0.134 seconds
[2024-12-26T06:10:36.262+0000] {processor.py:186} INFO - Started process (PID=3387) to work on /opt/airflow/dags/Forex_tranformation.py
[2024-12-26T06:10:36.263+0000] {processor.py:914} INFO - Processing file /opt/airflow/dags/Forex_tranformation.py for tasks to queue
[2024-12-26T06:10:36.265+0000] {logging_mixin.py:190} INFO - [2024-12-26T06:10:36.265+0000] {dagbag.py:588} INFO - Filling up the DagBag from /opt/airflow/dags/Forex_tranformation.py
[2024-12-26T06:10:36.294+0000] {processor.py:925} INFO - DAG(s) 'transform_forex_data_dag' retrieved from /opt/airflow/dags/Forex_tranformation.py
[2024-12-26T06:10:36.330+0000] {logging_mixin.py:190} INFO - [2024-12-26T06:10:36.330+0000] {dag.py:3239} INFO - Sync 1 DAGs
[2024-12-26T06:10:36.354+0000] {logging_mixin.py:190} INFO - [2024-12-26T06:10:36.354+0000] {dag.py:4180} INFO - Setting next_dagrun for transform_forex_data_dag to None, run_after=None
[2024-12-26T06:10:36.397+0000] {processor.py:208} INFO - Processing /opt/airflow/dags/Forex_tranformation.py took 0.142 seconds
[2024-12-26T06:11:06.722+0000] {processor.py:186} INFO - Started process (PID=3401) to work on /opt/airflow/dags/Forex_tranformation.py
[2024-12-26T06:11:06.724+0000] {processor.py:914} INFO - Processing file /opt/airflow/dags/Forex_tranformation.py for tasks to queue
[2024-12-26T06:11:06.726+0000] {logging_mixin.py:190} INFO - [2024-12-26T06:11:06.726+0000] {dagbag.py:588} INFO - Filling up the DagBag from /opt/airflow/dags/Forex_tranformation.py
[2024-12-26T06:11:06.755+0000] {processor.py:925} INFO - DAG(s) 'transform_forex_data_dag' retrieved from /opt/airflow/dags/Forex_tranformation.py
[2024-12-26T06:11:06.788+0000] {logging_mixin.py:190} INFO - [2024-12-26T06:11:06.788+0000] {dag.py:3239} INFO - Sync 1 DAGs
[2024-12-26T06:11:06.812+0000] {logging_mixin.py:190} INFO - [2024-12-26T06:11:06.812+0000] {dag.py:4180} INFO - Setting next_dagrun for transform_forex_data_dag to None, run_after=None
[2024-12-26T06:11:06.852+0000] {processor.py:208} INFO - Processing /opt/airflow/dags/Forex_tranformation.py took 0.137 seconds
[2024-12-26T06:11:37.005+0000] {processor.py:186} INFO - Started process (PID=3417) to work on /opt/airflow/dags/Forex_tranformation.py
[2024-12-26T06:11:37.006+0000] {processor.py:914} INFO - Processing file /opt/airflow/dags/Forex_tranformation.py for tasks to queue
[2024-12-26T06:11:37.008+0000] {logging_mixin.py:190} INFO - [2024-12-26T06:11:37.008+0000] {dagbag.py:588} INFO - Filling up the DagBag from /opt/airflow/dags/Forex_tranformation.py
[2024-12-26T06:11:37.039+0000] {processor.py:925} INFO - DAG(s) 'transform_forex_data_dag' retrieved from /opt/airflow/dags/Forex_tranformation.py
[2024-12-26T06:11:37.077+0000] {logging_mixin.py:190} INFO - [2024-12-26T06:11:37.077+0000] {dag.py:3239} INFO - Sync 1 DAGs
[2024-12-26T06:11:37.101+0000] {logging_mixin.py:190} INFO - [2024-12-26T06:11:37.101+0000] {dag.py:4180} INFO - Setting next_dagrun for transform_forex_data_dag to None, run_after=None
[2024-12-26T06:11:37.142+0000] {processor.py:208} INFO - Processing /opt/airflow/dags/Forex_tranformation.py took 0.145 seconds
[2024-12-26T06:12:07.279+0000] {processor.py:186} INFO - Started process (PID=3432) to work on /opt/airflow/dags/Forex_tranformation.py
[2024-12-26T06:12:07.281+0000] {processor.py:914} INFO - Processing file /opt/airflow/dags/Forex_tranformation.py for tasks to queue
[2024-12-26T06:12:07.282+0000] {logging_mixin.py:190} INFO - [2024-12-26T06:12:07.282+0000] {dagbag.py:588} INFO - Filling up the DagBag from /opt/airflow/dags/Forex_tranformation.py
[2024-12-26T06:12:07.310+0000] {processor.py:925} INFO - DAG(s) 'transform_forex_data_dag' retrieved from /opt/airflow/dags/Forex_tranformation.py
[2024-12-26T06:12:07.343+0000] {logging_mixin.py:190} INFO - [2024-12-26T06:12:07.343+0000] {dag.py:3239} INFO - Sync 1 DAGs
[2024-12-26T06:12:07.364+0000] {logging_mixin.py:190} INFO - [2024-12-26T06:12:07.364+0000] {dag.py:4180} INFO - Setting next_dagrun for transform_forex_data_dag to None, run_after=None
[2024-12-26T06:12:07.397+0000] {processor.py:208} INFO - Processing /opt/airflow/dags/Forex_tranformation.py took 0.126 seconds
[2024-12-26T06:12:37.542+0000] {processor.py:186} INFO - Started process (PID=3447) to work on /opt/airflow/dags/Forex_tranformation.py
[2024-12-26T06:12:37.544+0000] {processor.py:914} INFO - Processing file /opt/airflow/dags/Forex_tranformation.py for tasks to queue
[2024-12-26T06:12:37.546+0000] {logging_mixin.py:190} INFO - [2024-12-26T06:12:37.545+0000] {dagbag.py:588} INFO - Filling up the DagBag from /opt/airflow/dags/Forex_tranformation.py
[2024-12-26T06:12:37.577+0000] {processor.py:925} INFO - DAG(s) 'transform_forex_data_dag' retrieved from /opt/airflow/dags/Forex_tranformation.py
[2024-12-26T06:12:37.615+0000] {logging_mixin.py:190} INFO - [2024-12-26T06:12:37.615+0000] {dag.py:3239} INFO - Sync 1 DAGs
[2024-12-26T06:12:37.634+0000] {logging_mixin.py:190} INFO - [2024-12-26T06:12:37.634+0000] {dag.py:4180} INFO - Setting next_dagrun for transform_forex_data_dag to None, run_after=None
[2024-12-26T06:12:37.668+0000] {processor.py:208} INFO - Processing /opt/airflow/dags/Forex_tranformation.py took 0.136 seconds
[2024-12-26T06:13:07.829+0000] {processor.py:186} INFO - Started process (PID=3461) to work on /opt/airflow/dags/Forex_tranformation.py
[2024-12-26T06:13:07.831+0000] {processor.py:914} INFO - Processing file /opt/airflow/dags/Forex_tranformation.py for tasks to queue
[2024-12-26T06:13:07.833+0000] {logging_mixin.py:190} INFO - [2024-12-26T06:13:07.832+0000] {dagbag.py:588} INFO - Filling up the DagBag from /opt/airflow/dags/Forex_tranformation.py
[2024-12-26T06:13:07.856+0000] {processor.py:925} INFO - DAG(s) 'transform_forex_data_dag' retrieved from /opt/airflow/dags/Forex_tranformation.py
[2024-12-26T06:13:07.886+0000] {logging_mixin.py:190} INFO - [2024-12-26T06:13:07.886+0000] {dag.py:3239} INFO - Sync 1 DAGs
[2024-12-26T06:13:07.906+0000] {logging_mixin.py:190} INFO - [2024-12-26T06:13:07.906+0000] {dag.py:4180} INFO - Setting next_dagrun for transform_forex_data_dag to None, run_after=None
[2024-12-26T06:13:07.934+0000] {processor.py:208} INFO - Processing /opt/airflow/dags/Forex_tranformation.py took 0.112 seconds
[2024-12-26T06:13:38.083+0000] {processor.py:186} INFO - Started process (PID=3472) to work on /opt/airflow/dags/Forex_tranformation.py
[2024-12-26T06:13:38.084+0000] {processor.py:914} INFO - Processing file /opt/airflow/dags/Forex_tranformation.py for tasks to queue
[2024-12-26T06:13:38.087+0000] {logging_mixin.py:190} INFO - [2024-12-26T06:13:38.086+0000] {dagbag.py:588} INFO - Filling up the DagBag from /opt/airflow/dags/Forex_tranformation.py
[2024-12-26T06:13:38.121+0000] {processor.py:925} INFO - DAG(s) 'transform_forex_data_dag' retrieved from /opt/airflow/dags/Forex_tranformation.py
[2024-12-26T06:13:38.164+0000] {logging_mixin.py:190} INFO - [2024-12-26T06:13:38.163+0000] {dag.py:3239} INFO - Sync 1 DAGs
[2024-12-26T06:13:38.188+0000] {logging_mixin.py:190} INFO - [2024-12-26T06:13:38.188+0000] {dag.py:4180} INFO - Setting next_dagrun for transform_forex_data_dag to None, run_after=None
[2024-12-26T06:13:38.224+0000] {processor.py:208} INFO - Processing /opt/airflow/dags/Forex_tranformation.py took 0.151 seconds
[2024-12-26T06:14:08.440+0000] {processor.py:186} INFO - Started process (PID=3486) to work on /opt/airflow/dags/Forex_tranformation.py
[2024-12-26T06:14:08.442+0000] {processor.py:914} INFO - Processing file /opt/airflow/dags/Forex_tranformation.py for tasks to queue
[2024-12-26T06:14:08.445+0000] {logging_mixin.py:190} INFO - [2024-12-26T06:14:08.444+0000] {dagbag.py:588} INFO - Filling up the DagBag from /opt/airflow/dags/Forex_tranformation.py
[2024-12-26T06:14:08.475+0000] {processor.py:925} INFO - DAG(s) 'transform_forex_data_dag' retrieved from /opt/airflow/dags/Forex_tranformation.py
[2024-12-26T06:14:08.519+0000] {logging_mixin.py:190} INFO - [2024-12-26T06:14:08.518+0000] {dag.py:3239} INFO - Sync 1 DAGs
[2024-12-26T06:14:08.549+0000] {logging_mixin.py:190} INFO - [2024-12-26T06:14:08.549+0000] {dag.py:4180} INFO - Setting next_dagrun for transform_forex_data_dag to None, run_after=None
[2024-12-26T06:14:08.585+0000] {processor.py:208} INFO - Processing /opt/airflow/dags/Forex_tranformation.py took 0.156 seconds
[2024-12-26T06:14:38.858+0000] {processor.py:186} INFO - Started process (PID=3500) to work on /opt/airflow/dags/Forex_tranformation.py
[2024-12-26T06:14:38.860+0000] {processor.py:914} INFO - Processing file /opt/airflow/dags/Forex_tranformation.py for tasks to queue
[2024-12-26T06:14:38.862+0000] {logging_mixin.py:190} INFO - [2024-12-26T06:14:38.862+0000] {dagbag.py:588} INFO - Filling up the DagBag from /opt/airflow/dags/Forex_tranformation.py
[2024-12-26T06:14:38.890+0000] {processor.py:925} INFO - DAG(s) 'transform_forex_data_dag' retrieved from /opt/airflow/dags/Forex_tranformation.py
[2024-12-26T06:14:38.931+0000] {logging_mixin.py:190} INFO - [2024-12-26T06:14:38.930+0000] {dag.py:3239} INFO - Sync 1 DAGs
[2024-12-26T06:14:38.956+0000] {logging_mixin.py:190} INFO - [2024-12-26T06:14:38.956+0000] {dag.py:4180} INFO - Setting next_dagrun for transform_forex_data_dag to None, run_after=None
[2024-12-26T06:14:39.010+0000] {processor.py:208} INFO - Processing /opt/airflow/dags/Forex_tranformation.py took 0.161 seconds
[2024-12-26T06:15:09.588+0000] {processor.py:186} INFO - Started process (PID=3514) to work on /opt/airflow/dags/Forex_tranformation.py
[2024-12-26T06:15:09.591+0000] {processor.py:914} INFO - Processing file /opt/airflow/dags/Forex_tranformation.py for tasks to queue
[2024-12-26T06:15:09.594+0000] {logging_mixin.py:190} INFO - [2024-12-26T06:15:09.593+0000] {dagbag.py:588} INFO - Filling up the DagBag from /opt/airflow/dags/Forex_tranformation.py
[2024-12-26T06:15:09.627+0000] {processor.py:925} INFO - DAG(s) 'transform_forex_data_dag' retrieved from /opt/airflow/dags/Forex_tranformation.py
[2024-12-26T06:15:09.667+0000] {logging_mixin.py:190} INFO - [2024-12-26T06:15:09.667+0000] {dag.py:3239} INFO - Sync 1 DAGs
[2024-12-26T06:15:09.692+0000] {logging_mixin.py:190} INFO - [2024-12-26T06:15:09.691+0000] {dag.py:4180} INFO - Setting next_dagrun for transform_forex_data_dag to None, run_after=None
[2024-12-26T06:15:09.735+0000] {processor.py:208} INFO - Processing /opt/airflow/dags/Forex_tranformation.py took 0.158 seconds
[2024-12-26T06:15:40.116+0000] {processor.py:186} INFO - Started process (PID=3528) to work on /opt/airflow/dags/Forex_tranformation.py
[2024-12-26T06:15:40.118+0000] {processor.py:914} INFO - Processing file /opt/airflow/dags/Forex_tranformation.py for tasks to queue
[2024-12-26T06:15:40.121+0000] {logging_mixin.py:190} INFO - [2024-12-26T06:15:40.120+0000] {dagbag.py:588} INFO - Filling up the DagBag from /opt/airflow/dags/Forex_tranformation.py
[2024-12-26T06:15:40.159+0000] {processor.py:925} INFO - DAG(s) 'transform_forex_data_dag' retrieved from /opt/airflow/dags/Forex_tranformation.py
[2024-12-26T06:15:40.207+0000] {logging_mixin.py:190} INFO - [2024-12-26T06:15:40.206+0000] {dag.py:3239} INFO - Sync 1 DAGs
[2024-12-26T06:15:40.239+0000] {logging_mixin.py:190} INFO - [2024-12-26T06:15:40.239+0000] {dag.py:4180} INFO - Setting next_dagrun for transform_forex_data_dag to None, run_after=None
[2024-12-26T06:15:40.287+0000] {processor.py:208} INFO - Processing /opt/airflow/dags/Forex_tranformation.py took 0.179 seconds
[2024-12-26T06:16:10.633+0000] {processor.py:186} INFO - Started process (PID=3542) to work on /opt/airflow/dags/Forex_tranformation.py
[2024-12-26T06:16:10.635+0000] {processor.py:914} INFO - Processing file /opt/airflow/dags/Forex_tranformation.py for tasks to queue
[2024-12-26T06:16:10.638+0000] {logging_mixin.py:190} INFO - [2024-12-26T06:16:10.638+0000] {dagbag.py:588} INFO - Filling up the DagBag from /opt/airflow/dags/Forex_tranformation.py
[2024-12-26T06:16:10.666+0000] {processor.py:925} INFO - DAG(s) 'transform_forex_data_dag' retrieved from /opt/airflow/dags/Forex_tranformation.py
[2024-12-26T06:16:10.703+0000] {logging_mixin.py:190} INFO - [2024-12-26T06:16:10.702+0000] {dag.py:3239} INFO - Sync 1 DAGs
[2024-12-26T06:16:10.728+0000] {logging_mixin.py:190} INFO - [2024-12-26T06:16:10.728+0000] {dag.py:4180} INFO - Setting next_dagrun for transform_forex_data_dag to None, run_after=None
[2024-12-26T06:16:10.768+0000] {processor.py:208} INFO - Processing /opt/airflow/dags/Forex_tranformation.py took 0.144 seconds
[2024-12-26T06:16:41.025+0000] {processor.py:186} INFO - Started process (PID=3556) to work on /opt/airflow/dags/Forex_tranformation.py
[2024-12-26T06:16:41.027+0000] {processor.py:914} INFO - Processing file /opt/airflow/dags/Forex_tranformation.py for tasks to queue
[2024-12-26T06:16:41.029+0000] {logging_mixin.py:190} INFO - [2024-12-26T06:16:41.029+0000] {dagbag.py:588} INFO - Filling up the DagBag from /opt/airflow/dags/Forex_tranformation.py
[2024-12-26T06:16:41.064+0000] {processor.py:925} INFO - DAG(s) 'transform_forex_data_dag' retrieved from /opt/airflow/dags/Forex_tranformation.py
[2024-12-26T06:16:41.112+0000] {logging_mixin.py:190} INFO - [2024-12-26T06:16:41.111+0000] {dag.py:3239} INFO - Sync 1 DAGs
[2024-12-26T06:16:41.141+0000] {logging_mixin.py:190} INFO - [2024-12-26T06:16:41.141+0000] {dag.py:4180} INFO - Setting next_dagrun for transform_forex_data_dag to None, run_after=None
[2024-12-26T06:16:41.195+0000] {processor.py:208} INFO - Processing /opt/airflow/dags/Forex_tranformation.py took 0.183 seconds
[2024-12-26T06:17:11.310+0000] {processor.py:186} INFO - Started process (PID=3570) to work on /opt/airflow/dags/Forex_tranformation.py
[2024-12-26T06:17:11.312+0000] {processor.py:914} INFO - Processing file /opt/airflow/dags/Forex_tranformation.py for tasks to queue
[2024-12-26T06:17:11.314+0000] {logging_mixin.py:190} INFO - [2024-12-26T06:17:11.314+0000] {dagbag.py:588} INFO - Filling up the DagBag from /opt/airflow/dags/Forex_tranformation.py
[2024-12-26T06:17:11.345+0000] {processor.py:925} INFO - DAG(s) 'transform_forex_data_dag' retrieved from /opt/airflow/dags/Forex_tranformation.py
[2024-12-26T06:17:11.389+0000] {logging_mixin.py:190} INFO - [2024-12-26T06:17:11.388+0000] {dag.py:3239} INFO - Sync 1 DAGs
[2024-12-26T06:17:11.417+0000] {logging_mixin.py:190} INFO - [2024-12-26T06:17:11.416+0000] {dag.py:4180} INFO - Setting next_dagrun for transform_forex_data_dag to None, run_after=None
[2024-12-26T06:17:11.456+0000] {processor.py:208} INFO - Processing /opt/airflow/dags/Forex_tranformation.py took 0.154 seconds
[2024-12-26T06:17:41.734+0000] {processor.py:186} INFO - Started process (PID=3584) to work on /opt/airflow/dags/Forex_tranformation.py
[2024-12-26T06:17:41.736+0000] {processor.py:914} INFO - Processing file /opt/airflow/dags/Forex_tranformation.py for tasks to queue
[2024-12-26T06:17:41.739+0000] {logging_mixin.py:190} INFO - [2024-12-26T06:17:41.738+0000] {dagbag.py:588} INFO - Filling up the DagBag from /opt/airflow/dags/Forex_tranformation.py
[2024-12-26T06:17:41.776+0000] {processor.py:925} INFO - DAG(s) 'transform_forex_data_dag' retrieved from /opt/airflow/dags/Forex_tranformation.py
[2024-12-26T06:17:41.830+0000] {logging_mixin.py:190} INFO - [2024-12-26T06:17:41.829+0000] {dag.py:3239} INFO - Sync 1 DAGs
[2024-12-26T06:17:41.863+0000] {logging_mixin.py:190} INFO - [2024-12-26T06:17:41.862+0000] {dag.py:4180} INFO - Setting next_dagrun for transform_forex_data_dag to None, run_after=None
[2024-12-26T06:17:41.913+0000] {processor.py:208} INFO - Processing /opt/airflow/dags/Forex_tranformation.py took 0.191 seconds
[2024-12-26T06:18:12.211+0000] {processor.py:186} INFO - Started process (PID=3598) to work on /opt/airflow/dags/Forex_tranformation.py
[2024-12-26T06:18:12.213+0000] {processor.py:914} INFO - Processing file /opt/airflow/dags/Forex_tranformation.py for tasks to queue
[2024-12-26T06:18:12.218+0000] {logging_mixin.py:190} INFO - [2024-12-26T06:18:12.217+0000] {dagbag.py:588} INFO - Filling up the DagBag from /opt/airflow/dags/Forex_tranformation.py
[2024-12-26T06:18:12.255+0000] {processor.py:925} INFO - DAG(s) 'transform_forex_data_dag' retrieved from /opt/airflow/dags/Forex_tranformation.py
[2024-12-26T06:18:12.300+0000] {logging_mixin.py:190} INFO - [2024-12-26T06:18:12.300+0000] {dag.py:3239} INFO - Sync 1 DAGs
[2024-12-26T06:18:12.329+0000] {logging_mixin.py:190} INFO - [2024-12-26T06:18:12.328+0000] {dag.py:4180} INFO - Setting next_dagrun for transform_forex_data_dag to None, run_after=None
[2024-12-26T06:18:12.376+0000] {processor.py:208} INFO - Processing /opt/airflow/dags/Forex_tranformation.py took 0.176 seconds
[2024-12-26T06:18:42.475+0000] {processor.py:186} INFO - Started process (PID=3612) to work on /opt/airflow/dags/Forex_tranformation.py
[2024-12-26T06:18:42.477+0000] {processor.py:914} INFO - Processing file /opt/airflow/dags/Forex_tranformation.py for tasks to queue
[2024-12-26T06:18:42.479+0000] {logging_mixin.py:190} INFO - [2024-12-26T06:18:42.479+0000] {dagbag.py:588} INFO - Filling up the DagBag from /opt/airflow/dags/Forex_tranformation.py
[2024-12-26T06:18:42.506+0000] {processor.py:925} INFO - DAG(s) 'transform_forex_data_dag' retrieved from /opt/airflow/dags/Forex_tranformation.py
[2024-12-26T06:18:42.543+0000] {logging_mixin.py:190} INFO - [2024-12-26T06:18:42.542+0000] {dag.py:3239} INFO - Sync 1 DAGs
[2024-12-26T06:18:42.566+0000] {logging_mixin.py:190} INFO - [2024-12-26T06:18:42.566+0000] {dag.py:4180} INFO - Setting next_dagrun for transform_forex_data_dag to None, run_after=None
[2024-12-26T06:18:42.601+0000] {processor.py:208} INFO - Processing /opt/airflow/dags/Forex_tranformation.py took 0.132 seconds
[2024-12-26T06:19:12.932+0000] {processor.py:186} INFO - Started process (PID=3626) to work on /opt/airflow/dags/Forex_tranformation.py
[2024-12-26T06:19:12.934+0000] {processor.py:914} INFO - Processing file /opt/airflow/dags/Forex_tranformation.py for tasks to queue
[2024-12-26T06:19:12.935+0000] {logging_mixin.py:190} INFO - [2024-12-26T06:19:12.935+0000] {dagbag.py:588} INFO - Filling up the DagBag from /opt/airflow/dags/Forex_tranformation.py
[2024-12-26T06:19:12.964+0000] {processor.py:925} INFO - DAG(s) 'transform_forex_data_dag' retrieved from /opt/airflow/dags/Forex_tranformation.py
[2024-12-26T06:19:13.004+0000] {logging_mixin.py:190} INFO - [2024-12-26T06:19:13.003+0000] {dag.py:3239} INFO - Sync 1 DAGs
[2024-12-26T06:19:13.033+0000] {logging_mixin.py:190} INFO - [2024-12-26T06:19:13.032+0000] {dag.py:4180} INFO - Setting next_dagrun for transform_forex_data_dag to None, run_after=None
[2024-12-26T06:19:13.073+0000] {processor.py:208} INFO - Processing /opt/airflow/dags/Forex_tranformation.py took 0.149 seconds
[2024-12-26T06:19:43.151+0000] {processor.py:186} INFO - Started process (PID=3640) to work on /opt/airflow/dags/Forex_tranformation.py
[2024-12-26T06:19:43.153+0000] {processor.py:914} INFO - Processing file /opt/airflow/dags/Forex_tranformation.py for tasks to queue
[2024-12-26T06:19:43.155+0000] {logging_mixin.py:190} INFO - [2024-12-26T06:19:43.154+0000] {dagbag.py:588} INFO - Filling up the DagBag from /opt/airflow/dags/Forex_tranformation.py
[2024-12-26T06:19:43.185+0000] {processor.py:925} INFO - DAG(s) 'transform_forex_data_dag' retrieved from /opt/airflow/dags/Forex_tranformation.py
[2024-12-26T06:19:43.223+0000] {logging_mixin.py:190} INFO - [2024-12-26T06:19:43.222+0000] {dag.py:3239} INFO - Sync 1 DAGs
[2024-12-26T06:19:43.245+0000] {logging_mixin.py:190} INFO - [2024-12-26T06:19:43.245+0000] {dag.py:4180} INFO - Setting next_dagrun for transform_forex_data_dag to None, run_after=None
[2024-12-26T06:19:43.280+0000] {processor.py:208} INFO - Processing /opt/airflow/dags/Forex_tranformation.py took 0.137 seconds
[2024-12-26T06:20:13.446+0000] {processor.py:186} INFO - Started process (PID=3654) to work on /opt/airflow/dags/Forex_tranformation.py
[2024-12-26T06:20:13.448+0000] {processor.py:914} INFO - Processing file /opt/airflow/dags/Forex_tranformation.py for tasks to queue
[2024-12-26T06:20:13.450+0000] {logging_mixin.py:190} INFO - [2024-12-26T06:20:13.449+0000] {dagbag.py:588} INFO - Filling up the DagBag from /opt/airflow/dags/Forex_tranformation.py
[2024-12-26T06:20:13.479+0000] {processor.py:925} INFO - DAG(s) 'transform_forex_data_dag' retrieved from /opt/airflow/dags/Forex_tranformation.py
[2024-12-26T06:20:13.530+0000] {logging_mixin.py:190} INFO - [2024-12-26T06:20:13.530+0000] {dag.py:3239} INFO - Sync 1 DAGs
[2024-12-26T06:20:13.556+0000] {logging_mixin.py:190} INFO - [2024-12-26T06:20:13.556+0000] {dag.py:4180} INFO - Setting next_dagrun for transform_forex_data_dag to None, run_after=None
[2024-12-26T06:20:13.592+0000] {processor.py:208} INFO - Processing /opt/airflow/dags/Forex_tranformation.py took 0.153 seconds
[2024-12-26T06:20:43.715+0000] {processor.py:186} INFO - Started process (PID=3668) to work on /opt/airflow/dags/Forex_tranformation.py
[2024-12-26T06:20:43.718+0000] {processor.py:914} INFO - Processing file /opt/airflow/dags/Forex_tranformation.py for tasks to queue
[2024-12-26T06:20:43.721+0000] {logging_mixin.py:190} INFO - [2024-12-26T06:20:43.720+0000] {dagbag.py:588} INFO - Filling up the DagBag from /opt/airflow/dags/Forex_tranformation.py
[2024-12-26T06:20:43.759+0000] {processor.py:925} INFO - DAG(s) 'transform_forex_data_dag' retrieved from /opt/airflow/dags/Forex_tranformation.py
[2024-12-26T06:20:43.809+0000] {logging_mixin.py:190} INFO - [2024-12-26T06:20:43.808+0000] {dag.py:3239} INFO - Sync 1 DAGs
[2024-12-26T06:20:43.840+0000] {logging_mixin.py:190} INFO - [2024-12-26T06:20:43.839+0000] {dag.py:4180} INFO - Setting next_dagrun for transform_forex_data_dag to None, run_after=None
[2024-12-26T06:20:43.885+0000] {processor.py:208} INFO - Processing /opt/airflow/dags/Forex_tranformation.py took 0.181 seconds
[2024-12-26T06:21:14.176+0000] {processor.py:186} INFO - Started process (PID=3682) to work on /opt/airflow/dags/Forex_tranformation.py
[2024-12-26T06:21:14.177+0000] {processor.py:914} INFO - Processing file /opt/airflow/dags/Forex_tranformation.py for tasks to queue
[2024-12-26T06:21:14.180+0000] {logging_mixin.py:190} INFO - [2024-12-26T06:21:14.179+0000] {dagbag.py:588} INFO - Filling up the DagBag from /opt/airflow/dags/Forex_tranformation.py
[2024-12-26T06:21:14.210+0000] {processor.py:925} INFO - DAG(s) 'transform_forex_data_dag' retrieved from /opt/airflow/dags/Forex_tranformation.py
[2024-12-26T06:21:14.244+0000] {logging_mixin.py:190} INFO - [2024-12-26T06:21:14.244+0000] {dag.py:3239} INFO - Sync 1 DAGs
[2024-12-26T06:21:14.270+0000] {logging_mixin.py:190} INFO - [2024-12-26T06:21:14.269+0000] {dag.py:4180} INFO - Setting next_dagrun for transform_forex_data_dag to None, run_after=None
[2024-12-26T06:21:14.327+0000] {processor.py:208} INFO - Processing /opt/airflow/dags/Forex_tranformation.py took 0.160 seconds
[2024-12-26T06:21:44.910+0000] {processor.py:186} INFO - Started process (PID=3696) to work on /opt/airflow/dags/Forex_tranformation.py
[2024-12-26T06:21:44.912+0000] {processor.py:914} INFO - Processing file /opt/airflow/dags/Forex_tranformation.py for tasks to queue
[2024-12-26T06:21:44.914+0000] {logging_mixin.py:190} INFO - [2024-12-26T06:21:44.914+0000] {dagbag.py:588} INFO - Filling up the DagBag from /opt/airflow/dags/Forex_tranformation.py
[2024-12-26T06:21:44.946+0000] {processor.py:925} INFO - DAG(s) 'transform_forex_data_dag' retrieved from /opt/airflow/dags/Forex_tranformation.py
[2024-12-26T06:21:44.988+0000] {logging_mixin.py:190} INFO - [2024-12-26T06:21:44.987+0000] {dag.py:3239} INFO - Sync 1 DAGs
[2024-12-26T06:21:45.008+0000] {logging_mixin.py:190} INFO - [2024-12-26T06:21:45.008+0000] {dag.py:4180} INFO - Setting next_dagrun for transform_forex_data_dag to None, run_after=None
[2024-12-26T06:21:45.056+0000] {processor.py:208} INFO - Processing /opt/airflow/dags/Forex_tranformation.py took 0.157 seconds
[2024-12-26T06:22:15.138+0000] {processor.py:186} INFO - Started process (PID=3710) to work on /opt/airflow/dags/Forex_tranformation.py
[2024-12-26T06:22:15.140+0000] {processor.py:914} INFO - Processing file /opt/airflow/dags/Forex_tranformation.py for tasks to queue
[2024-12-26T06:22:15.143+0000] {logging_mixin.py:190} INFO - [2024-12-26T06:22:15.142+0000] {dagbag.py:588} INFO - Filling up the DagBag from /opt/airflow/dags/Forex_tranformation.py
[2024-12-26T06:22:15.180+0000] {processor.py:925} INFO - DAG(s) 'transform_forex_data_dag' retrieved from /opt/airflow/dags/Forex_tranformation.py
[2024-12-26T06:22:15.224+0000] {logging_mixin.py:190} INFO - [2024-12-26T06:22:15.223+0000] {dag.py:3239} INFO - Sync 1 DAGs
[2024-12-26T06:22:15.250+0000] {logging_mixin.py:190} INFO - [2024-12-26T06:22:15.250+0000] {dag.py:4180} INFO - Setting next_dagrun for transform_forex_data_dag to None, run_after=None
[2024-12-26T06:22:15.291+0000] {processor.py:208} INFO - Processing /opt/airflow/dags/Forex_tranformation.py took 0.160 seconds
[2024-12-26T06:22:45.481+0000] {processor.py:186} INFO - Started process (PID=3724) to work on /opt/airflow/dags/Forex_tranformation.py
[2024-12-26T06:22:45.483+0000] {processor.py:914} INFO - Processing file /opt/airflow/dags/Forex_tranformation.py for tasks to queue
[2024-12-26T06:22:45.485+0000] {logging_mixin.py:190} INFO - [2024-12-26T06:22:45.484+0000] {dagbag.py:588} INFO - Filling up the DagBag from /opt/airflow/dags/Forex_tranformation.py
[2024-12-26T06:22:45.512+0000] {processor.py:925} INFO - DAG(s) 'transform_forex_data_dag' retrieved from /opt/airflow/dags/Forex_tranformation.py
[2024-12-26T06:22:45.565+0000] {logging_mixin.py:190} INFO - [2024-12-26T06:22:45.565+0000] {dag.py:3239} INFO - Sync 1 DAGs
[2024-12-26T06:22:45.588+0000] {logging_mixin.py:190} INFO - [2024-12-26T06:22:45.587+0000] {dag.py:4180} INFO - Setting next_dagrun for transform_forex_data_dag to None, run_after=None
[2024-12-26T06:22:45.619+0000] {processor.py:208} INFO - Processing /opt/airflow/dags/Forex_tranformation.py took 0.147 seconds
[2024-12-26T06:23:15.884+0000] {processor.py:186} INFO - Started process (PID=3739) to work on /opt/airflow/dags/Forex_tranformation.py
[2024-12-26T06:23:15.886+0000] {processor.py:914} INFO - Processing file /opt/airflow/dags/Forex_tranformation.py for tasks to queue
[2024-12-26T06:23:15.888+0000] {logging_mixin.py:190} INFO - [2024-12-26T06:23:15.888+0000] {dagbag.py:588} INFO - Filling up the DagBag from /opt/airflow/dags/Forex_tranformation.py
[2024-12-26T06:23:15.917+0000] {processor.py:925} INFO - DAG(s) 'transform_forex_data_dag' retrieved from /opt/airflow/dags/Forex_tranformation.py
[2024-12-26T06:23:15.950+0000] {logging_mixin.py:190} INFO - [2024-12-26T06:23:15.949+0000] {dag.py:3239} INFO - Sync 1 DAGs
[2024-12-26T06:23:15.970+0000] {logging_mixin.py:190} INFO - [2024-12-26T06:23:15.970+0000] {dag.py:4180} INFO - Setting next_dagrun for transform_forex_data_dag to None, run_after=None
[2024-12-26T06:23:16.002+0000] {processor.py:208} INFO - Processing /opt/airflow/dags/Forex_tranformation.py took 0.125 seconds
[2024-12-26T06:23:46.193+0000] {processor.py:186} INFO - Started process (PID=3753) to work on /opt/airflow/dags/Forex_tranformation.py
[2024-12-26T06:23:46.195+0000] {processor.py:914} INFO - Processing file /opt/airflow/dags/Forex_tranformation.py for tasks to queue
[2024-12-26T06:23:46.197+0000] {logging_mixin.py:190} INFO - [2024-12-26T06:23:46.197+0000] {dagbag.py:588} INFO - Filling up the DagBag from /opt/airflow/dags/Forex_tranformation.py
[2024-12-26T06:23:46.226+0000] {processor.py:925} INFO - DAG(s) 'transform_forex_data_dag' retrieved from /opt/airflow/dags/Forex_tranformation.py
[2024-12-26T06:23:46.262+0000] {logging_mixin.py:190} INFO - [2024-12-26T06:23:46.262+0000] {dag.py:3239} INFO - Sync 1 DAGs
[2024-12-26T06:23:46.286+0000] {logging_mixin.py:190} INFO - [2024-12-26T06:23:46.286+0000] {dag.py:4180} INFO - Setting next_dagrun for transform_forex_data_dag to None, run_after=None
[2024-12-26T06:23:46.321+0000] {processor.py:208} INFO - Processing /opt/airflow/dags/Forex_tranformation.py took 0.136 seconds
[2024-12-26T06:24:16.593+0000] {processor.py:186} INFO - Started process (PID=3767) to work on /opt/airflow/dags/Forex_tranformation.py
[2024-12-26T06:24:16.595+0000] {processor.py:914} INFO - Processing file /opt/airflow/dags/Forex_tranformation.py for tasks to queue
[2024-12-26T06:24:16.597+0000] {logging_mixin.py:190} INFO - [2024-12-26T06:24:16.597+0000] {dagbag.py:588} INFO - Filling up the DagBag from /opt/airflow/dags/Forex_tranformation.py
[2024-12-26T06:24:16.644+0000] {processor.py:925} INFO - DAG(s) 'transform_forex_data_dag' retrieved from /opt/airflow/dags/Forex_tranformation.py
[2024-12-26T06:24:16.697+0000] {logging_mixin.py:190} INFO - [2024-12-26T06:24:16.696+0000] {dag.py:3239} INFO - Sync 1 DAGs
[2024-12-26T06:24:16.719+0000] {logging_mixin.py:190} INFO - [2024-12-26T06:24:16.718+0000] {dag.py:4180} INFO - Setting next_dagrun for transform_forex_data_dag to None, run_after=None
[2024-12-26T06:24:16.754+0000] {processor.py:208} INFO - Processing /opt/airflow/dags/Forex_tranformation.py took 0.168 seconds
[2024-12-26T06:24:47.043+0000] {processor.py:186} INFO - Started process (PID=3781) to work on /opt/airflow/dags/Forex_tranformation.py
[2024-12-26T06:24:47.045+0000] {processor.py:914} INFO - Processing file /opt/airflow/dags/Forex_tranformation.py for tasks to queue
[2024-12-26T06:24:47.047+0000] {logging_mixin.py:190} INFO - [2024-12-26T06:24:47.046+0000] {dagbag.py:588} INFO - Filling up the DagBag from /opt/airflow/dags/Forex_tranformation.py
[2024-12-26T06:24:47.080+0000] {processor.py:925} INFO - DAG(s) 'transform_forex_data_dag' retrieved from /opt/airflow/dags/Forex_tranformation.py
[2024-12-26T06:24:47.124+0000] {logging_mixin.py:190} INFO - [2024-12-26T06:24:47.123+0000] {dag.py:3239} INFO - Sync 1 DAGs
[2024-12-26T06:24:47.154+0000] {logging_mixin.py:190} INFO - [2024-12-26T06:24:47.154+0000] {dag.py:4180} INFO - Setting next_dagrun for transform_forex_data_dag to None, run_after=None
[2024-12-26T06:24:47.199+0000] {processor.py:208} INFO - Processing /opt/airflow/dags/Forex_tranformation.py took 0.166 seconds
[2024-12-26T06:25:17.421+0000] {processor.py:186} INFO - Started process (PID=3795) to work on /opt/airflow/dags/Forex_tranformation.py
[2024-12-26T06:25:17.422+0000] {processor.py:914} INFO - Processing file /opt/airflow/dags/Forex_tranformation.py for tasks to queue
[2024-12-26T06:25:17.424+0000] {logging_mixin.py:190} INFO - [2024-12-26T06:25:17.424+0000] {dagbag.py:588} INFO - Filling up the DagBag from /opt/airflow/dags/Forex_tranformation.py
[2024-12-26T06:25:17.451+0000] {processor.py:925} INFO - DAG(s) 'transform_forex_data_dag' retrieved from /opt/airflow/dags/Forex_tranformation.py
[2024-12-26T06:25:17.486+0000] {logging_mixin.py:190} INFO - [2024-12-26T06:25:17.486+0000] {dag.py:3239} INFO - Sync 1 DAGs
[2024-12-26T06:25:17.510+0000] {logging_mixin.py:190} INFO - [2024-12-26T06:25:17.510+0000] {dag.py:4180} INFO - Setting next_dagrun for transform_forex_data_dag to None, run_after=None
[2024-12-26T06:25:17.547+0000] {processor.py:208} INFO - Processing /opt/airflow/dags/Forex_tranformation.py took 0.135 seconds
[2024-12-26T06:25:47.780+0000] {processor.py:186} INFO - Started process (PID=3809) to work on /opt/airflow/dags/Forex_tranformation.py
[2024-12-26T06:25:47.781+0000] {processor.py:914} INFO - Processing file /opt/airflow/dags/Forex_tranformation.py for tasks to queue
[2024-12-26T06:25:47.783+0000] {logging_mixin.py:190} INFO - [2024-12-26T06:25:47.783+0000] {dagbag.py:588} INFO - Filling up the DagBag from /opt/airflow/dags/Forex_tranformation.py
[2024-12-26T06:25:47.809+0000] {processor.py:925} INFO - DAG(s) 'transform_forex_data_dag' retrieved from /opt/airflow/dags/Forex_tranformation.py
[2024-12-26T06:25:47.842+0000] {logging_mixin.py:190} INFO - [2024-12-26T06:25:47.842+0000] {dag.py:3239} INFO - Sync 1 DAGs
[2024-12-26T06:25:47.864+0000] {logging_mixin.py:190} INFO - [2024-12-26T06:25:47.864+0000] {dag.py:4180} INFO - Setting next_dagrun for transform_forex_data_dag to None, run_after=None
[2024-12-26T06:25:47.899+0000] {processor.py:208} INFO - Processing /opt/airflow/dags/Forex_tranformation.py took 0.127 seconds
[2024-12-26T06:26:18.057+0000] {processor.py:186} INFO - Started process (PID=3823) to work on /opt/airflow/dags/Forex_tranformation.py
[2024-12-26T06:26:18.059+0000] {processor.py:914} INFO - Processing file /opt/airflow/dags/Forex_tranformation.py for tasks to queue
[2024-12-26T06:26:18.061+0000] {logging_mixin.py:190} INFO - [2024-12-26T06:26:18.061+0000] {dagbag.py:588} INFO - Filling up the DagBag from /opt/airflow/dags/Forex_tranformation.py
[2024-12-26T06:26:18.097+0000] {processor.py:925} INFO - DAG(s) 'transform_forex_data_dag' retrieved from /opt/airflow/dags/Forex_tranformation.py
[2024-12-26T06:26:18.145+0000] {logging_mixin.py:190} INFO - [2024-12-26T06:26:18.144+0000] {dag.py:3239} INFO - Sync 1 DAGs
[2024-12-26T06:26:18.171+0000] {logging_mixin.py:190} INFO - [2024-12-26T06:26:18.170+0000] {dag.py:4180} INFO - Setting next_dagrun for transform_forex_data_dag to None, run_after=None
[2024-12-26T06:26:18.214+0000] {processor.py:208} INFO - Processing /opt/airflow/dags/Forex_tranformation.py took 0.167 seconds
[2024-12-26T06:26:48.367+0000] {processor.py:186} INFO - Started process (PID=3838) to work on /opt/airflow/dags/Forex_tranformation.py
[2024-12-26T06:26:48.369+0000] {processor.py:914} INFO - Processing file /opt/airflow/dags/Forex_tranformation.py for tasks to queue
[2024-12-26T06:26:48.371+0000] {logging_mixin.py:190} INFO - [2024-12-26T06:26:48.371+0000] {dagbag.py:588} INFO - Filling up the DagBag from /opt/airflow/dags/Forex_tranformation.py
[2024-12-26T06:26:48.399+0000] {processor.py:925} INFO - DAG(s) 'transform_forex_data_dag' retrieved from /opt/airflow/dags/Forex_tranformation.py
[2024-12-26T06:26:48.433+0000] {logging_mixin.py:190} INFO - [2024-12-26T06:26:48.433+0000] {dag.py:3239} INFO - Sync 1 DAGs
[2024-12-26T06:26:48.456+0000] {logging_mixin.py:190} INFO - [2024-12-26T06:26:48.456+0000] {dag.py:4180} INFO - Setting next_dagrun for transform_forex_data_dag to None, run_after=None
[2024-12-26T06:26:48.505+0000] {processor.py:208} INFO - Processing /opt/airflow/dags/Forex_tranformation.py took 0.147 seconds
[2024-12-26T06:27:18.767+0000] {processor.py:186} INFO - Started process (PID=3853) to work on /opt/airflow/dags/Forex_tranformation.py
[2024-12-26T06:27:18.769+0000] {processor.py:914} INFO - Processing file /opt/airflow/dags/Forex_tranformation.py for tasks to queue
[2024-12-26T06:27:18.772+0000] {logging_mixin.py:190} INFO - [2024-12-26T06:27:18.771+0000] {dagbag.py:588} INFO - Filling up the DagBag from /opt/airflow/dags/Forex_tranformation.py
[2024-12-26T06:27:18.824+0000] {processor.py:925} INFO - DAG(s) 'transform_forex_data_dag' retrieved from /opt/airflow/dags/Forex_tranformation.py
[2024-12-26T06:27:18.900+0000] {logging_mixin.py:190} INFO - [2024-12-26T06:27:18.899+0000] {dag.py:3239} INFO - Sync 1 DAGs
[2024-12-26T06:27:18.937+0000] {logging_mixin.py:190} INFO - [2024-12-26T06:27:18.937+0000] {dag.py:4180} INFO - Setting next_dagrun for transform_forex_data_dag to None, run_after=None
[2024-12-26T06:27:18.999+0000] {processor.py:208} INFO - Processing /opt/airflow/dags/Forex_tranformation.py took 0.244 seconds
[2024-12-26T06:27:49.130+0000] {processor.py:186} INFO - Started process (PID=3868) to work on /opt/airflow/dags/Forex_tranformation.py
[2024-12-26T06:27:49.131+0000] {processor.py:914} INFO - Processing file /opt/airflow/dags/Forex_tranformation.py for tasks to queue
[2024-12-26T06:27:49.134+0000] {logging_mixin.py:190} INFO - [2024-12-26T06:27:49.133+0000] {dagbag.py:588} INFO - Filling up the DagBag from /opt/airflow/dags/Forex_tranformation.py
[2024-12-26T06:27:49.163+0000] {processor.py:925} INFO - DAG(s) 'transform_forex_data_dag' retrieved from /opt/airflow/dags/Forex_tranformation.py
[2024-12-26T06:27:49.200+0000] {logging_mixin.py:190} INFO - [2024-12-26T06:27:49.200+0000] {dag.py:3239} INFO - Sync 1 DAGs
[2024-12-26T06:27:49.223+0000] {logging_mixin.py:190} INFO - [2024-12-26T06:27:49.223+0000] {dag.py:4180} INFO - Setting next_dagrun for transform_forex_data_dag to None, run_after=None
[2024-12-26T06:27:49.262+0000] {processor.py:208} INFO - Processing /opt/airflow/dags/Forex_tranformation.py took 0.141 seconds
[2024-12-26T06:28:19.342+0000] {processor.py:186} INFO - Started process (PID=3880) to work on /opt/airflow/dags/Forex_tranformation.py
[2024-12-26T06:28:19.343+0000] {processor.py:914} INFO - Processing file /opt/airflow/dags/Forex_tranformation.py for tasks to queue
[2024-12-26T06:28:19.345+0000] {logging_mixin.py:190} INFO - [2024-12-26T06:28:19.345+0000] {dagbag.py:588} INFO - Filling up the DagBag from /opt/airflow/dags/Forex_tranformation.py
[2024-12-26T06:28:19.369+0000] {processor.py:925} INFO - DAG(s) 'transform_forex_data_dag' retrieved from /opt/airflow/dags/Forex_tranformation.py
[2024-12-26T06:28:19.404+0000] {logging_mixin.py:190} INFO - [2024-12-26T06:28:19.404+0000] {dag.py:3239} INFO - Sync 1 DAGs
[2024-12-26T06:28:19.428+0000] {logging_mixin.py:190} INFO - [2024-12-26T06:28:19.428+0000] {dag.py:4180} INFO - Setting next_dagrun for transform_forex_data_dag to None, run_after=None
[2024-12-26T06:28:19.463+0000] {processor.py:208} INFO - Processing /opt/airflow/dags/Forex_tranformation.py took 0.129 seconds
[2024-12-26T06:28:49.804+0000] {processor.py:186} INFO - Started process (PID=3894) to work on /opt/airflow/dags/Forex_tranformation.py
[2024-12-26T06:28:49.805+0000] {processor.py:914} INFO - Processing file /opt/airflow/dags/Forex_tranformation.py for tasks to queue
[2024-12-26T06:28:49.808+0000] {logging_mixin.py:190} INFO - [2024-12-26T06:28:49.807+0000] {dagbag.py:588} INFO - Filling up the DagBag from /opt/airflow/dags/Forex_tranformation.py
[2024-12-26T06:28:49.837+0000] {processor.py:925} INFO - DAG(s) 'transform_forex_data_dag' retrieved from /opt/airflow/dags/Forex_tranformation.py
[2024-12-26T06:28:49.872+0000] {logging_mixin.py:190} INFO - [2024-12-26T06:28:49.872+0000] {dag.py:3239} INFO - Sync 1 DAGs
[2024-12-26T06:28:49.895+0000] {logging_mixin.py:190} INFO - [2024-12-26T06:28:49.894+0000] {dag.py:4180} INFO - Setting next_dagrun for transform_forex_data_dag to None, run_after=None
[2024-12-26T06:28:49.933+0000] {processor.py:208} INFO - Processing /opt/airflow/dags/Forex_tranformation.py took 0.138 seconds
[2024-12-26T06:29:20.258+0000] {processor.py:186} INFO - Started process (PID=3908) to work on /opt/airflow/dags/Forex_tranformation.py
[2024-12-26T06:29:20.260+0000] {processor.py:914} INFO - Processing file /opt/airflow/dags/Forex_tranformation.py for tasks to queue
[2024-12-26T06:29:20.263+0000] {logging_mixin.py:190} INFO - [2024-12-26T06:29:20.263+0000] {dagbag.py:588} INFO - Filling up the DagBag from /opt/airflow/dags/Forex_tranformation.py
[2024-12-26T06:29:20.302+0000] {processor.py:925} INFO - DAG(s) 'transform_forex_data_dag' retrieved from /opt/airflow/dags/Forex_tranformation.py
[2024-12-26T06:29:20.354+0000] {logging_mixin.py:190} INFO - [2024-12-26T06:29:20.353+0000] {dag.py:3239} INFO - Sync 1 DAGs
[2024-12-26T06:29:20.387+0000] {logging_mixin.py:190} INFO - [2024-12-26T06:29:20.386+0000] {dag.py:4180} INFO - Setting next_dagrun for transform_forex_data_dag to None, run_after=None
[2024-12-26T06:29:20.476+0000] {processor.py:208} INFO - Processing /opt/airflow/dags/Forex_tranformation.py took 0.228 seconds
[2024-12-26T06:29:50.902+0000] {processor.py:186} INFO - Started process (PID=3928) to work on /opt/airflow/dags/Forex_tranformation.py
[2024-12-26T06:29:50.905+0000] {processor.py:914} INFO - Processing file /opt/airflow/dags/Forex_tranformation.py for tasks to queue
[2024-12-26T06:29:50.907+0000] {logging_mixin.py:190} INFO - [2024-12-26T06:29:50.907+0000] {dagbag.py:588} INFO - Filling up the DagBag from /opt/airflow/dags/Forex_tranformation.py
[2024-12-26T06:29:50.953+0000] {processor.py:925} INFO - DAG(s) 'transform_forex_data_dag' retrieved from /opt/airflow/dags/Forex_tranformation.py
[2024-12-26T06:29:51.011+0000] {logging_mixin.py:190} INFO - [2024-12-26T06:29:51.010+0000] {dag.py:3239} INFO - Sync 1 DAGs
[2024-12-26T06:29:51.049+0000] {logging_mixin.py:190} INFO - [2024-12-26T06:29:51.049+0000] {dag.py:4180} INFO - Setting next_dagrun for transform_forex_data_dag to None, run_after=None
[2024-12-26T06:29:51.095+0000] {processor.py:208} INFO - Processing /opt/airflow/dags/Forex_tranformation.py took 0.209 seconds
[2024-12-26T06:30:21.242+0000] {processor.py:186} INFO - Started process (PID=3943) to work on /opt/airflow/dags/Forex_tranformation.py
[2024-12-26T06:30:21.244+0000] {processor.py:914} INFO - Processing file /opt/airflow/dags/Forex_tranformation.py for tasks to queue
[2024-12-26T06:30:21.246+0000] {logging_mixin.py:190} INFO - [2024-12-26T06:30:21.246+0000] {dagbag.py:588} INFO - Filling up the DagBag from /opt/airflow/dags/Forex_tranformation.py
[2024-12-26T06:30:21.274+0000] {processor.py:925} INFO - DAG(s) 'transform_forex_data_dag' retrieved from /opt/airflow/dags/Forex_tranformation.py
[2024-12-26T06:30:21.312+0000] {logging_mixin.py:190} INFO - [2024-12-26T06:30:21.312+0000] {dag.py:3239} INFO - Sync 1 DAGs
[2024-12-26T06:30:21.338+0000] {logging_mixin.py:190} INFO - [2024-12-26T06:30:21.338+0000] {dag.py:4180} INFO - Setting next_dagrun for transform_forex_data_dag to None, run_after=None
[2024-12-26T06:30:21.366+0000] {processor.py:208} INFO - Processing /opt/airflow/dags/Forex_tranformation.py took 0.131 seconds
[2024-12-26T06:30:51.596+0000] {processor.py:186} INFO - Started process (PID=3956) to work on /opt/airflow/dags/Forex_tranformation.py
[2024-12-26T06:30:51.597+0000] {processor.py:914} INFO - Processing file /opt/airflow/dags/Forex_tranformation.py for tasks to queue
[2024-12-26T06:30:51.600+0000] {logging_mixin.py:190} INFO - [2024-12-26T06:30:51.599+0000] {dagbag.py:588} INFO - Filling up the DagBag from /opt/airflow/dags/Forex_tranformation.py
[2024-12-26T06:30:51.632+0000] {processor.py:925} INFO - DAG(s) 'transform_forex_data_dag' retrieved from /opt/airflow/dags/Forex_tranformation.py
[2024-12-26T06:30:51.672+0000] {logging_mixin.py:190} INFO - [2024-12-26T06:30:51.672+0000] {dag.py:3239} INFO - Sync 1 DAGs
[2024-12-26T06:30:51.697+0000] {logging_mixin.py:190} INFO - [2024-12-26T06:30:51.696+0000] {dag.py:4180} INFO - Setting next_dagrun for transform_forex_data_dag to None, run_after=None
[2024-12-26T06:30:51.738+0000] {processor.py:208} INFO - Processing /opt/airflow/dags/Forex_tranformation.py took 0.151 seconds
[2024-12-26T06:31:22.018+0000] {processor.py:186} INFO - Started process (PID=3970) to work on /opt/airflow/dags/Forex_tranformation.py
[2024-12-26T06:31:22.020+0000] {processor.py:914} INFO - Processing file /opt/airflow/dags/Forex_tranformation.py for tasks to queue
[2024-12-26T06:31:22.022+0000] {logging_mixin.py:190} INFO - [2024-12-26T06:31:22.022+0000] {dagbag.py:588} INFO - Filling up the DagBag from /opt/airflow/dags/Forex_tranformation.py
[2024-12-26T06:31:22.054+0000] {processor.py:925} INFO - DAG(s) 'transform_forex_data_dag' retrieved from /opt/airflow/dags/Forex_tranformation.py
[2024-12-26T06:31:22.091+0000] {logging_mixin.py:190} INFO - [2024-12-26T06:31:22.091+0000] {dag.py:3239} INFO - Sync 1 DAGs
[2024-12-26T06:31:22.115+0000] {logging_mixin.py:190} INFO - [2024-12-26T06:31:22.115+0000] {dag.py:4180} INFO - Setting next_dagrun for transform_forex_data_dag to None, run_after=None
[2024-12-26T06:31:22.156+0000] {processor.py:208} INFO - Processing /opt/airflow/dags/Forex_tranformation.py took 0.146 seconds
[2024-12-26T06:31:52.232+0000] {processor.py:186} INFO - Started process (PID=3984) to work on /opt/airflow/dags/Forex_tranformation.py
[2024-12-26T06:31:52.234+0000] {processor.py:914} INFO - Processing file /opt/airflow/dags/Forex_tranformation.py for tasks to queue
[2024-12-26T06:31:52.236+0000] {logging_mixin.py:190} INFO - [2024-12-26T06:31:52.236+0000] {dagbag.py:588} INFO - Filling up the DagBag from /opt/airflow/dags/Forex_tranformation.py
[2024-12-26T06:31:52.266+0000] {processor.py:925} INFO - DAG(s) 'transform_forex_data_dag' retrieved from /opt/airflow/dags/Forex_tranformation.py
[2024-12-26T06:31:52.313+0000] {logging_mixin.py:190} INFO - [2024-12-26T06:31:52.312+0000] {dag.py:3239} INFO - Sync 1 DAGs
[2024-12-26T06:31:52.392+0000] {logging_mixin.py:190} INFO - [2024-12-26T06:31:52.391+0000] {dag.py:4180} INFO - Setting next_dagrun for transform_forex_data_dag to None, run_after=None
[2024-12-26T06:31:52.454+0000] {processor.py:208} INFO - Processing /opt/airflow/dags/Forex_tranformation.py took 0.229 seconds
[2024-12-26T06:32:22.546+0000] {processor.py:186} INFO - Started process (PID=3998) to work on /opt/airflow/dags/Forex_tranformation.py
[2024-12-26T06:32:22.547+0000] {processor.py:914} INFO - Processing file /opt/airflow/dags/Forex_tranformation.py for tasks to queue
[2024-12-26T06:32:22.550+0000] {logging_mixin.py:190} INFO - [2024-12-26T06:32:22.549+0000] {dagbag.py:588} INFO - Filling up the DagBag from /opt/airflow/dags/Forex_tranformation.py
[2024-12-26T06:32:22.581+0000] {processor.py:925} INFO - DAG(s) 'transform_forex_data_dag' retrieved from /opt/airflow/dags/Forex_tranformation.py
[2024-12-26T06:32:22.628+0000] {logging_mixin.py:190} INFO - [2024-12-26T06:32:22.628+0000] {dag.py:3239} INFO - Sync 1 DAGs
[2024-12-26T06:32:22.654+0000] {logging_mixin.py:190} INFO - [2024-12-26T06:32:22.654+0000] {dag.py:4180} INFO - Setting next_dagrun for transform_forex_data_dag to None, run_after=None
[2024-12-26T06:32:22.692+0000] {processor.py:208} INFO - Processing /opt/airflow/dags/Forex_tranformation.py took 0.155 seconds
[2024-12-26T06:32:53.049+0000] {processor.py:186} INFO - Started process (PID=4012) to work on /opt/airflow/dags/Forex_tranformation.py
[2024-12-26T06:32:53.050+0000] {processor.py:914} INFO - Processing file /opt/airflow/dags/Forex_tranformation.py for tasks to queue
[2024-12-26T06:32:53.053+0000] {logging_mixin.py:190} INFO - [2024-12-26T06:32:53.052+0000] {dagbag.py:588} INFO - Filling up the DagBag from /opt/airflow/dags/Forex_tranformation.py
[2024-12-26T06:32:53.088+0000] {processor.py:925} INFO - DAG(s) 'transform_forex_data_dag' retrieved from /opt/airflow/dags/Forex_tranformation.py
[2024-12-26T06:32:53.126+0000] {logging_mixin.py:190} INFO - [2024-12-26T06:32:53.126+0000] {dag.py:3239} INFO - Sync 1 DAGs
[2024-12-26T06:32:53.150+0000] {logging_mixin.py:190} INFO - [2024-12-26T06:32:53.150+0000] {dag.py:4180} INFO - Setting next_dagrun for transform_forex_data_dag to None, run_after=None
[2024-12-26T06:32:53.185+0000] {processor.py:208} INFO - Processing /opt/airflow/dags/Forex_tranformation.py took 0.143 seconds
