[2024-12-20T08:06:13.794+0000] {local_task_job_runner.py:123} INFO - ::group::Pre task execution logs
[2024-12-20T08:06:13.833+0000] {taskinstance.py:2613} INFO - Dependencies all met for dep_context=non-requeueable deps ti=<TaskInstance: fetch_and_insert_news.fetch_and_insert_news_all_countries manual__2024-12-20T08:06:09.446393+00:00 [queued]>
[2024-12-20T08:06:13.854+0000] {taskinstance.py:2613} INFO - Dependencies all met for dep_context=requeueable deps ti=<TaskInstance: fetch_and_insert_news.fetch_and_insert_news_all_countries manual__2024-12-20T08:06:09.446393+00:00 [queued]>
[2024-12-20T08:06:13.855+0000] {taskinstance.py:2866} INFO - Starting attempt 1 of 2
[2024-12-20T08:06:13.888+0000] {taskinstance.py:2889} INFO - Executing <Task(PythonOperator): fetch_and_insert_news_all_countries> on 2024-12-20 08:06:09.446393+00:00
[2024-12-20T08:06:13.905+0000] {warnings.py:112} WARNING - /home/***/.local/lib/python3.12/site-packages/***/task/task_runner/standard_task_runner.py:70: DeprecationWarning: This process (pid=16011) is multi-threaded, use of fork() may lead to deadlocks in the child.
  pid = os.fork()

[2024-12-20T08:06:13.909+0000] {standard_task_runner.py:72} INFO - Started process 16015 to run task
[2024-12-20T08:06:13.909+0000] {standard_task_runner.py:104} INFO - Running: ['***', 'tasks', 'run', 'fetch_and_insert_news', 'fetch_and_insert_news_all_countries', 'manual__2024-12-20T08:06:09.446393+00:00', '--job-id', '2639', '--raw', '--subdir', 'DAGS_FOLDER/snowflake_connector_dag.py', '--cfg-path', '/tmp/tmpf7c5wl7e']
[2024-12-20T08:06:13.913+0000] {standard_task_runner.py:105} INFO - Job 2639: Subtask fetch_and_insert_news_all_countries
[2024-12-20T08:06:14.027+0000] {task_command.py:467} INFO - Running <TaskInstance: fetch_and_insert_news.fetch_and_insert_news_all_countries manual__2024-12-20T08:06:09.446393+00:00 [running]> on host 7b4c45f22bd5
[2024-12-20T08:06:14.235+0000] {taskinstance.py:3132} INFO - Exporting env vars: AIRFLOW_CTX_DAG_OWNER='srush' AIRFLOW_CTX_DAG_ID='fetch_and_insert_news' AIRFLOW_CTX_TASK_ID='fetch_and_insert_news_all_countries' AIRFLOW_CTX_EXECUTION_DATE='2024-12-20T08:06:09.446393+00:00' AIRFLOW_CTX_TRY_NUMBER='1' AIRFLOW_CTX_DAG_RUN_ID='manual__2024-12-20T08:06:09.446393+00:00'
[2024-12-20T08:06:14.238+0000] {taskinstance.py:731} INFO - ::endgroup::
[2024-12-20T08:06:14.299+0000] {base.py:84} INFO - Retrieving connection 'snowflake_con'
[2024-12-20T08:06:14.302+0000] {connection.py:414} INFO - Snowflake Connector for Python Version: 3.12.4, Python Version: 3.12.8, Platform: Linux-5.15.167.4-microsoft-standard-WSL2-x86_64-with-glibc2.36
[2024-12-20T08:06:14.305+0000] {connection.py:1197} INFO - Connecting to GLOBAL Snowflake domain
[2024-12-20T08:06:14.307+0000] {connection.py:1278} INFO - This connection is in OCSP Fail Open Mode. TLS Certificates would be checked for validity and revocation status. Any other Certificate Revocation related exceptions or OCSP Responder failures would be disregarded in favor of connectivity.
[2024-12-20T08:06:15.184+0000] {cursor.py:1166} INFO - Number of results in first chunk: 11
[2024-12-20T08:06:15.249+0000] {cursor.py:1166} INFO - Number of results in first chunk: 5
[2024-12-20T08:06:15.252+0000] {logging_mixin.py:190} INFO - Fetched Keywords: ['currency', 'forex', 'finance', 'disease', 'war', 'election', 'pandemic', 'inflation', 'bank', 'trade', 'treaty']
[2024-12-20T08:06:15.253+0000] {logging_mixin.py:190} INFO - Fetched Countries: ['CH', 'JA', 'NZ', 'SZ', 'RS']
[2024-12-20T08:06:15.255+0000] {logging_mixin.py:190} INFO - Processing news for country: CH
[2024-12-20T08:06:18.258+0000] {logging_mixin.py:190} INFO - Fetching news from 2024-03-13 to 2024-03-14 for CH...
[2024-12-20T08:06:19.150+0000] {logging_mixin.py:190} INFO - Error fetching data for date: 2024-03-13 and country: CH. Error: The gdelt api returned a non-successful statuscode. This is the response message: Please limit requests to one every 5 seconds or contact kalev.leetaru5@gmail.com for larger queries.
[2024-12-20T08:06:22.156+0000] {logging_mixin.py:190} INFO - Fetching news from 2024-03-14 to 2024-03-15 for CH...
[2024-12-20T08:06:23.003+0000] {logging_mixin.py:190} INFO - Error fetching data for date: 2024-03-14 and country: CH. Error: The gdelt api returned a non-successful statuscode. This is the response message: Please limit requests to one every 5 seconds or contact kalev.leetaru5@gmail.com for larger queries.
[2024-12-20T08:06:26.003+0000] {logging_mixin.py:190} INFO - Fetching news from 2024-03-15 to 2024-03-16 for CH...
[2024-12-20T08:06:26.867+0000] {logging_mixin.py:190} INFO - Error fetching data for date: 2024-03-15 and country: CH. Error: The gdelt api returned a non-successful statuscode. This is the response message: Please limit requests to one every 5 seconds or contact kalev.leetaru5@gmail.com for larger queries.
[2024-12-20T08:06:29.869+0000] {logging_mixin.py:190} INFO - Fetching news from 2024-03-16 to 2024-03-17 for CH...
[2024-12-20T08:06:30.711+0000] {logging_mixin.py:190} INFO - Error fetching data for date: 2024-03-16 and country: CH. Error: The gdelt api returned a non-successful statuscode. This is the response message: Please limit requests to one every 5 seconds or contact kalev.leetaru5@gmail.com for larger queries.
[2024-12-20T08:06:33.713+0000] {logging_mixin.py:190} INFO - Fetching news from 2024-03-17 to 2024-03-18 for CH...
[2024-12-20T08:06:34.568+0000] {logging_mixin.py:190} INFO - Error fetching data for date: 2024-03-17 and country: CH. Error: The gdelt api returned a non-successful statuscode. This is the response message: Please limit requests to one every 5 seconds or contact kalev.leetaru5@gmail.com for larger queries.
[2024-12-20T08:06:37.570+0000] {logging_mixin.py:190} INFO - Fetching news from 2024-03-18 to 2024-03-19 for CH...
[2024-12-20T08:06:38.433+0000] {logging_mixin.py:190} INFO - Error fetching data for date: 2024-03-18 and country: CH. Error: The gdelt api returned a non-successful statuscode. This is the response message: Please limit requests to one every 5 seconds or contact kalev.leetaru5@gmail.com for larger queries.
[2024-12-20T08:06:41.435+0000] {logging_mixin.py:190} INFO - Fetching news from 2024-03-19 to 2024-03-20 for CH...
[2024-12-20T08:06:42.289+0000] {logging_mixin.py:190} INFO - Error fetching data for date: 2024-03-19 and country: CH. Error: The gdelt api returned a non-successful statuscode. This is the response message: Please limit requests to one every 5 seconds or contact kalev.leetaru5@gmail.com for larger queries.
[2024-12-20T08:06:45.291+0000] {logging_mixin.py:190} INFO - Fetching news from 2024-03-20 to 2024-03-21 for CH...
[2024-12-20T08:06:46.136+0000] {logging_mixin.py:190} INFO - Error fetching data for date: 2024-03-20 and country: CH. Error: The gdelt api returned a non-successful statuscode. This is the response message: Please limit requests to one every 5 seconds or contact kalev.leetaru5@gmail.com for larger queries.
[2024-12-20T08:06:49.138+0000] {logging_mixin.py:190} INFO - Fetching news from 2024-03-21 to 2024-03-22 for CH...
[2024-12-20T08:06:49.965+0000] {logging_mixin.py:190} INFO - Error fetching data for date: 2024-03-21 and country: CH. Error: The gdelt api returned a non-successful statuscode. This is the response message: Please limit requests to one every 5 seconds or contact kalev.leetaru5@gmail.com for larger queries.
[2024-12-20T08:06:52.967+0000] {logging_mixin.py:190} INFO - Fetching news from 2024-03-22 to 2024-03-23 for CH...
[2024-12-20T08:06:53.825+0000] {logging_mixin.py:190} INFO - Error fetching data for date: 2024-03-22 and country: CH. Error: The gdelt api returned a non-successful statuscode. This is the response message: Please limit requests to one every 5 seconds or contact kalev.leetaru5@gmail.com for larger queries.
[2024-12-20T08:06:56.826+0000] {logging_mixin.py:190} INFO - Fetching news from 2024-03-23 to 2024-03-24 for CH...
[2024-12-20T08:06:57.697+0000] {logging_mixin.py:190} INFO - Error fetching data for date: 2024-03-23 and country: CH. Error: The gdelt api returned a non-successful statuscode. This is the response message: Please limit requests to one every 5 seconds or contact kalev.leetaru5@gmail.com for larger queries.
[2024-12-20T08:07:00.700+0000] {logging_mixin.py:190} INFO - Fetching news from 2024-03-24 to 2024-03-25 for CH...
[2024-12-20T08:07:01.551+0000] {logging_mixin.py:190} INFO - Error fetching data for date: 2024-03-24 and country: CH. Error: The gdelt api returned a non-successful statuscode. This is the response message: Please limit requests to one every 5 seconds or contact kalev.leetaru5@gmail.com for larger queries.
[2024-12-20T08:07:04.553+0000] {logging_mixin.py:190} INFO - Fetching news from 2024-03-25 to 2024-03-26 for CH...
[2024-12-20T08:07:05.458+0000] {logging_mixin.py:190} INFO - Error fetching data for date: 2024-03-25 and country: CH. Error: The gdelt api returned a non-successful statuscode. This is the response message: Please limit requests to one every 5 seconds or contact kalev.leetaru5@gmail.com for larger queries.
[2024-12-20T08:07:08.466+0000] {logging_mixin.py:190} INFO - Fetching news from 2024-03-26 to 2024-03-27 for CH...
[2024-12-20T08:07:09.311+0000] {logging_mixin.py:190} INFO - Error fetching data for date: 2024-03-26 and country: CH. Error: The gdelt api returned a non-successful statuscode. This is the response message: Please limit requests to one every 5 seconds or contact kalev.leetaru5@gmail.com for larger queries.
[2024-12-20T08:07:12.314+0000] {logging_mixin.py:190} INFO - Fetching news from 2024-03-27 to 2024-03-28 for CH...
[2024-12-20T08:07:13.199+0000] {logging_mixin.py:190} INFO - Error fetching data for date: 2024-03-27 and country: CH. Error: The gdelt api returned a non-successful statuscode. This is the response message: Please limit requests to one every 5 seconds or contact kalev.leetaru5@gmail.com for larger queries.
[2024-12-20T08:07:16.202+0000] {logging_mixin.py:190} INFO - Fetching news from 2024-03-28 to 2024-03-29 for CH...
[2024-12-20T08:07:17.049+0000] {logging_mixin.py:190} INFO - Error fetching data for date: 2024-03-28 and country: CH. Error: The gdelt api returned a non-successful statuscode. This is the response message: Please limit requests to one every 5 seconds or contact kalev.leetaru5@gmail.com for larger queries.
[2024-12-20T08:07:20.051+0000] {logging_mixin.py:190} INFO - Fetching news from 2024-03-29 to 2024-03-30 for CH...
[2024-12-20T08:07:20.922+0000] {logging_mixin.py:190} INFO - Error fetching data for date: 2024-03-29 and country: CH. Error: The gdelt api returned a non-successful statuscode. This is the response message: Please limit requests to one every 5 seconds or contact kalev.leetaru5@gmail.com for larger queries.
[2024-12-20T08:07:28.921+0000] {logging_mixin.py:190} INFO - Fetching news from 2024-03-30 to 2024-03-31 for CH...
[2024-12-20T08:07:29.762+0000] {logging_mixin.py:190} INFO - Error fetching data for date: 2024-03-30 and country: CH. Error: The gdelt api returned a non-successful statuscode. This is the response message: Please limit requests to one every 5 seconds or contact kalev.leetaru5@gmail.com for larger queries.
[2024-12-20T08:07:32.764+0000] {logging_mixin.py:190} INFO - Fetching news from 2024-03-31 to 2024-04-01 for CH...
[2024-12-20T08:07:33.642+0000] {logging_mixin.py:190} INFO - Error fetching data for date: 2024-03-31 and country: CH. Error: The gdelt api returned a non-successful statuscode. This is the response message: Please limit requests to one every 5 seconds or contact kalev.leetaru5@gmail.com for larger queries.
[2024-12-20T08:07:36.644+0000] {logging_mixin.py:190} INFO - Fetching news from 2024-04-01 to 2024-04-02 for CH...
[2024-12-20T08:07:37.495+0000] {logging_mixin.py:190} INFO - Error fetching data for date: 2024-04-01 and country: CH. Error: The gdelt api returned a non-successful statuscode. This is the response message: Please limit requests to one every 5 seconds or contact kalev.leetaru5@gmail.com for larger queries.
[2024-12-20T08:07:40.497+0000] {logging_mixin.py:190} INFO - Fetching news from 2024-04-02 to 2024-04-03 for CH...
[2024-12-20T08:07:41.379+0000] {logging_mixin.py:190} INFO - Error fetching data for date: 2024-04-02 and country: CH. Error: The gdelt api returned a non-successful statuscode. This is the response message: Please limit requests to one every 5 seconds or contact kalev.leetaru5@gmail.com for larger queries.
[2024-12-20T08:07:44.382+0000] {logging_mixin.py:190} INFO - Fetching news from 2024-04-03 to 2024-04-04 for CH...
[2024-12-20T08:07:45.291+0000] {logging_mixin.py:190} INFO - Error fetching data for date: 2024-04-03 and country: CH. Error: The gdelt api returned a non-successful statuscode. This is the response message: Please limit requests to one every 5 seconds or contact kalev.leetaru5@gmail.com for larger queries.
[2024-12-20T08:07:48.292+0000] {logging_mixin.py:190} INFO - Fetching news from 2024-04-04 to 2024-04-05 for CH...
[2024-12-20T08:07:49.118+0000] {logging_mixin.py:190} INFO - Error fetching data for date: 2024-04-04 and country: CH. Error: The gdelt api returned a non-successful statuscode. This is the response message: Please limit requests to one every 5 seconds or contact kalev.leetaru5@gmail.com for larger queries.
[2024-12-20T08:07:52.120+0000] {logging_mixin.py:190} INFO - Fetching news from 2024-04-05 to 2024-04-06 for CH...
[2024-12-20T08:07:52.969+0000] {logging_mixin.py:190} INFO - Error fetching data for date: 2024-04-05 and country: CH. Error: The gdelt api returned a non-successful statuscode. This is the response message: Please limit requests to one every 5 seconds or contact kalev.leetaru5@gmail.com for larger queries.
[2024-12-20T08:07:55.969+0000] {logging_mixin.py:190} INFO - Fetching news from 2024-04-06 to 2024-04-07 for CH...
[2024-12-20T08:07:56.838+0000] {logging_mixin.py:190} INFO - Error fetching data for date: 2024-04-06 and country: CH. Error: The gdelt api returned a non-successful statuscode. This is the response message: Please limit requests to one every 5 seconds or contact kalev.leetaru5@gmail.com for larger queries.
[2024-12-20T08:07:59.840+0000] {logging_mixin.py:190} INFO - Fetching news from 2024-04-07 to 2024-04-08 for CH...
[2024-12-20T08:08:00.685+0000] {logging_mixin.py:190} INFO - Error fetching data for date: 2024-04-07 and country: CH. Error: The gdelt api returned a non-successful statuscode. This is the response message: Please limit requests to one every 5 seconds or contact kalev.leetaru5@gmail.com for larger queries.
[2024-12-20T08:08:03.687+0000] {logging_mixin.py:190} INFO - Fetching news from 2024-04-08 to 2024-04-09 for CH...
[2024-12-20T08:08:04.508+0000] {logging_mixin.py:190} INFO - Error fetching data for date: 2024-04-08 and country: CH. Error: The gdelt api returned a non-successful statuscode. This is the response message: Please limit requests to one every 5 seconds or contact kalev.leetaru5@gmail.com for larger queries.
[2024-12-20T08:08:07.510+0000] {logging_mixin.py:190} INFO - Fetching news from 2024-04-09 to 2024-04-10 for CH...
[2024-12-20T08:08:08.387+0000] {logging_mixin.py:190} INFO - Error fetching data for date: 2024-04-09 and country: CH. Error: The gdelt api returned a non-successful statuscode. This is the response message: Please limit requests to one every 5 seconds or contact kalev.leetaru5@gmail.com for larger queries.
[2024-12-20T08:08:11.393+0000] {logging_mixin.py:190} INFO - Fetching news from 2024-04-10 to 2024-04-11 for CH...
[2024-12-20T08:08:12.243+0000] {logging_mixin.py:190} INFO - Error fetching data for date: 2024-04-10 and country: CH. Error: The gdelt api returned a non-successful statuscode. This is the response message: Please limit requests to one every 5 seconds or contact kalev.leetaru5@gmail.com for larger queries.
[2024-12-20T08:08:15.245+0000] {logging_mixin.py:190} INFO - Fetching news from 2024-04-11 to 2024-04-12 for CH...
[2024-12-20T08:08:16.112+0000] {logging_mixin.py:190} INFO - Error fetching data for date: 2024-04-11 and country: CH. Error: The gdelt api returned a non-successful statuscode. This is the response message: Please limit requests to one every 5 seconds or contact kalev.leetaru5@gmail.com for larger queries.
[2024-12-20T08:08:19.126+0000] {logging_mixin.py:190} INFO - Fetching news from 2024-04-12 to 2024-04-13 for CH...
[2024-12-20T08:08:20.001+0000] {logging_mixin.py:190} INFO - Error fetching data for date: 2024-04-12 and country: CH. Error: The gdelt api returned a non-successful statuscode. This is the response message: Please limit requests to one every 5 seconds or contact kalev.leetaru5@gmail.com for larger queries.
[2024-12-20T08:08:23.004+0000] {logging_mixin.py:190} INFO - Fetching news from 2024-04-13 to 2024-04-14 for CH...
[2024-12-20T08:08:23.818+0000] {logging_mixin.py:190} INFO - Error fetching data for date: 2024-04-13 and country: CH. Error: The gdelt api returned a non-successful statuscode. This is the response message: Please limit requests to one every 5 seconds or contact kalev.leetaru5@gmail.com for larger queries.
[2024-12-20T08:08:26.818+0000] {logging_mixin.py:190} INFO - Fetching news from 2024-04-14 to 2024-04-15 for CH...
[2024-12-20T08:08:27.633+0000] {logging_mixin.py:190} INFO - Error fetching data for date: 2024-04-14 and country: CH. Error: The gdelt api returned a non-successful statuscode. This is the response message: Please limit requests to one every 5 seconds or contact kalev.leetaru5@gmail.com for larger queries.
[2024-12-20T08:08:30.635+0000] {logging_mixin.py:190} INFO - Fetching news from 2024-04-15 to 2024-04-16 for CH...
[2024-12-20T08:08:31.509+0000] {logging_mixin.py:190} INFO - Error fetching data for date: 2024-04-15 and country: CH. Error: The gdelt api returned a non-successful statuscode. This is the response message: Please limit requests to one every 5 seconds or contact kalev.leetaru5@gmail.com for larger queries.
[2024-12-20T08:08:34.510+0000] {logging_mixin.py:190} INFO - Fetching news from 2024-04-16 to 2024-04-17 for CH...
[2024-12-20T08:08:35.361+0000] {logging_mixin.py:190} INFO - Error fetching data for date: 2024-04-16 and country: CH. Error: The gdelt api returned a non-successful statuscode. This is the response message: Please limit requests to one every 5 seconds or contact kalev.leetaru5@gmail.com for larger queries.
[2024-12-20T08:08:38.363+0000] {logging_mixin.py:190} INFO - Fetching news from 2024-04-17 to 2024-04-18 for CH...
[2024-12-20T08:08:39.189+0000] {logging_mixin.py:190} INFO - Error fetching data for date: 2024-04-17 and country: CH. Error: The gdelt api returned a non-successful statuscode. This is the response message: Please limit requests to one every 5 seconds or contact kalev.leetaru5@gmail.com for larger queries.
[2024-12-20T08:08:42.191+0000] {logging_mixin.py:190} INFO - Fetching news from 2024-04-18 to 2024-04-19 for CH...
[2024-12-20T08:08:43.068+0000] {logging_mixin.py:190} INFO - Error fetching data for date: 2024-04-18 and country: CH. Error: The gdelt api returned a non-successful statuscode. This is the response message: Please limit requests to one every 5 seconds or contact kalev.leetaru5@gmail.com for larger queries.
[2024-12-20T08:08:46.022+0000] {local_task_job_runner.py:346} WARNING - State of this instance has been externally set to failed. Terminating instance.
[2024-12-20T08:08:46.024+0000] {local_task_job_runner.py:245} INFO - ::endgroup::
[2024-12-20T08:08:46.028+0000] {process_utils.py:132} INFO - Sending 15 to group 16015. PIDs of all processes in the group: [16015]
[2024-12-20T08:08:46.030+0000] {process_utils.py:87} INFO - Sending the signal 15 to group 16015
[2024-12-20T08:08:46.031+0000] {taskinstance.py:3093} ERROR - Received SIGTERM. Terminating subprocesses.
[2024-12-20T08:08:46.033+0000] {connection.py:789} INFO - closed
[2024-12-20T08:08:46.071+0000] {connection.py:795} INFO - No async queries seem to be running, deleting session
[2024-12-20T08:08:46.241+0000] {taskinstance.py:340} INFO - ::group::Post task execution logs
[2024-12-20T08:08:46.285+0000] {process_utils.py:80} INFO - Process psutil.Process(pid=16015, status='terminated', exitcode=0, started='08:06:13') (16015) terminated with exit code 0
