[2025-01-02T06:37:20.038+0000] {local_task_job_runner.py:123} INFO - ::group::Pre task execution logs
[2025-01-02T06:37:20.084+0000] {taskinstance.py:2613} INFO - Dependencies all met for dep_context=non-requeueable deps ti=<TaskInstance: fetch_and_transform_news_data.process_news_all_countries manual__2025-01-02T06:37:10.987786+00:00 [queued]>
[2025-01-02T06:37:20.111+0000] {taskinstance.py:2613} INFO - Dependencies all met for dep_context=requeueable deps ti=<TaskInstance: fetch_and_transform_news_data.process_news_all_countries manual__2025-01-02T06:37:10.987786+00:00 [queued]>
[2025-01-02T06:37:20.112+0000] {taskinstance.py:2866} INFO - Starting attempt 1 of 2
[2025-01-02T06:37:20.144+0000] {taskinstance.py:2889} INFO - Executing <Task(PythonOperator): process_news_all_countries> on 2025-01-02 06:37:10.987786+00:00
[2025-01-02T06:37:20.157+0000] {warnings.py:112} WARNING - /home/***/.local/lib/python3.12/site-packages/***/task/task_runner/standard_task_runner.py:70: DeprecationWarning: This process (pid=160) is multi-threaded, use of fork() may lead to deadlocks in the child.
  pid = os.fork()

[2025-01-02T06:37:20.160+0000] {standard_task_runner.py:72} INFO - Started process 162 to run task
[2025-01-02T06:37:20.162+0000] {standard_task_runner.py:104} INFO - Running: ['***', 'tasks', 'run', 'fetch_and_transform_news_data', 'process_news_all_countries', 'manual__2025-01-02T06:37:10.987786+00:00', '--job-id', '81', '--raw', '--subdir', 'DAGS_FOLDER/fetch_and_transform_news.py', '--cfg-path', '/tmp/tmpumqw2btx']
[2025-01-02T06:37:20.167+0000] {standard_task_runner.py:105} INFO - Job 81: Subtask process_news_all_countries
[2025-01-02T06:37:20.254+0000] {task_command.py:467} INFO - Running <TaskInstance: fetch_and_transform_news_data.process_news_all_countries manual__2025-01-02T06:37:10.987786+00:00 [running]> on host 4fe538676cbc
[2025-01-02T06:37:20.424+0000] {taskinstance.py:3132} INFO - Exporting env vars: AIRFLOW_CTX_DAG_OWNER='***' AIRFLOW_CTX_DAG_ID='fetch_and_transform_news_data' AIRFLOW_CTX_TASK_ID='process_news_all_countries' AIRFLOW_CTX_EXECUTION_DATE='2025-01-02T06:37:10.987786+00:00' AIRFLOW_CTX_TRY_NUMBER='1' AIRFLOW_CTX_DAG_RUN_ID='manual__2025-01-02T06:37:10.987786+00:00'
[2025-01-02T06:37:20.426+0000] {taskinstance.py:731} INFO - ::endgroup::
[2025-01-02T06:37:20.470+0000] {base.py:84} INFO - Retrieving connection 'snowflake_con'
[2025-01-02T06:37:20.472+0000] {connection.py:414} INFO - Snowflake Connector for Python Version: 3.12.4, Python Version: 3.12.8, Platform: Linux-5.15.167.4-microsoft-standard-WSL2-x86_64-with-glibc2.36
[2025-01-02T06:37:20.474+0000] {connection.py:1197} INFO - Connecting to GLOBAL Snowflake domain
[2025-01-02T06:37:20.475+0000] {connection.py:1278} INFO - This connection is in OCSP Fail Open Mode. TLS Certificates would be checked for validity and revocation status. Any other Certificate Revocation related exceptions or OCSP Responder failures would be disregarded in favor of connectivity.
[2025-01-02T06:37:21.822+0000] {logging_mixin.py:190} INFO - Error fetching offset: 250001 (08001): None: Failed to connect to DB: qkjqutz-knb84971.snowflakecomputing.com:443. Incorrect username or password was specified.
[2025-01-02T06:37:21.824+0000] {connection.py:414} INFO - Snowflake Connector for Python Version: 3.12.4, Python Version: 3.12.8, Platform: Linux-5.15.167.4-microsoft-standard-WSL2-x86_64-with-glibc2.36
[2025-01-02T06:37:21.825+0000] {connection.py:1197} INFO - Connecting to GLOBAL Snowflake domain
[2025-01-02T06:37:21.826+0000] {connection.py:1278} INFO - This connection is in OCSP Fail Open Mode. TLS Certificates would be checked for validity and revocation status. Any other Certificate Revocation related exceptions or OCSP Responder failures would be disregarded in favor of connectivity.
[2025-01-02T06:37:22.990+0000] {logging_mixin.py:190} INFO - Error transforming data into Snowflake: 250001 (08001): None: Failed to connect to DB: qkjqutz-knb84971.snowflakecomputing.com:443. Incorrect username or password was specified.
[2025-01-02T06:37:22.991+0000] {python.py:240} INFO - Done. Returned value was: None
[2025-01-02T06:37:23.009+0000] {taskinstance.py:340} INFO - ::group::Post task execution logs
[2025-01-02T06:37:23.011+0000] {taskinstance.py:352} INFO - Marking task as SUCCESS. dag_id=fetch_and_transform_news_data, task_id=process_news_all_countries, run_id=manual__2025-01-02T06:37:10.987786+00:00, execution_date=20250102T063710, start_date=20250102T063720, end_date=20250102T063723
[2025-01-02T06:37:23.074+0000] {local_task_job_runner.py:266} INFO - Task exited with return code 0
[2025-01-02T06:37:23.102+0000] {taskinstance.py:3895} INFO - 0 downstream tasks scheduled from follow-on schedule check
[2025-01-02T06:37:23.109+0000] {local_task_job_runner.py:245} INFO - ::endgroup::
