[2024-12-17T10:18:44.393+0000] {local_task_job_runner.py:123} INFO - ::group::Pre task execution logs
[2024-12-17T10:18:44.494+0000] {taskinstance.py:2613} INFO - Dependencies all met for dep_context=non-requeueable deps ti=<TaskInstance: my_first_dag_v3.first_task scheduled__2024-12-16T00:40:00+00:00 [queued]>
[2024-12-17T10:18:44.560+0000] {taskinstance.py:2613} INFO - Dependencies all met for dep_context=requeueable deps ti=<TaskInstance: my_first_dag_v3.first_task scheduled__2024-12-16T00:40:00+00:00 [queued]>
[2024-12-17T10:18:44.564+0000] {taskinstance.py:2866} INFO - Starting attempt 1 of 6
[2024-12-17T10:18:44.664+0000] {taskinstance.py:2889} INFO - Executing <Task(BashOperator): first_task> on 2024-12-16 00:40:00+00:00
[2024-12-17T10:18:44.700+0000] {warnings.py:112} WARNING - /home/***/.local/lib/python3.12/site-packages/***/task/task_runner/standard_task_runner.py:70: DeprecationWarning: This process (pid=1692) is multi-threaded, use of fork() may lead to deadlocks in the child.
  pid = os.fork()

[2024-12-17T10:18:44.711+0000] {standard_task_runner.py:72} INFO - Started process 1724 to run task
[2024-12-17T10:18:44.733+0000] {standard_task_runner.py:104} INFO - Running: ['***', 'tasks', 'run', 'my_first_dag_v3', 'first_task', 'scheduled__2024-12-16T00:40:00+00:00', '--job-id', '140', '--raw', '--subdir', 'DAGS_FOLDER/my_first_dag.py', '--cfg-path', '/tmp/tmpdguctuy_']
[2024-12-17T10:18:44.739+0000] {standard_task_runner.py:105} INFO - Job 140: Subtask first_task
[2024-12-17T10:18:45.033+0000] {task_command.py:467} INFO - Running <TaskInstance: my_first_dag_v3.first_task scheduled__2024-12-16T00:40:00+00:00 [running]> on host 8348eb091483
[2024-12-17T10:18:45.512+0000] {taskinstance.py:3132} INFO - Exporting env vars: AIRFLOW_CTX_DAG_OWNER='srush' AIRFLOW_CTX_DAG_ID='my_first_dag_v3' AIRFLOW_CTX_TASK_ID='first_task' AIRFLOW_CTX_EXECUTION_DATE='2024-12-16T00:40:00+00:00' AIRFLOW_CTX_TRY_NUMBER='1' AIRFLOW_CTX_DAG_RUN_ID='scheduled__2024-12-16T00:40:00+00:00'
[2024-12-17T10:18:45.518+0000] {taskinstance.py:731} INFO - ::endgroup::
[2024-12-17T10:18:45.666+0000] {subprocess.py:78} INFO - Tmp dir root location: /tmp
[2024-12-17T10:18:45.673+0000] {subprocess.py:88} INFO - Running command: ['/usr/bin/bash', '-c', 'echo hello world']
[2024-12-17T10:18:45.759+0000] {subprocess.py:99} INFO - Output:
[2024-12-17T10:18:45.766+0000] {subprocess.py:106} INFO - hello world
[2024-12-17T10:18:45.767+0000] {subprocess.py:110} INFO - Command exited with return code 0
[2024-12-17T10:18:45.881+0000] {taskinstance.py:340} INFO - ::group::Post task execution logs
[2024-12-17T10:18:45.885+0000] {taskinstance.py:352} INFO - Marking task as SUCCESS. dag_id=my_first_dag_v3, task_id=first_task, run_id=scheduled__2024-12-16T00:40:00+00:00, execution_date=20241216T004000, start_date=20241217T101844, end_date=20241217T101845
[2024-12-17T10:18:46.063+0000] {local_task_job_runner.py:266} INFO - Task exited with return code 0
[2024-12-17T10:18:46.194+0000] {taskinstance.py:3895} INFO - 2 downstream tasks scheduled from follow-on schedule check
[2024-12-17T10:18:46.211+0000] {local_task_job_runner.py:245} INFO - ::endgroup::
