[2024-12-17T10:19:15.793+0000] {local_task_job_runner.py:123} INFO - ::group::Pre task execution logs
[2024-12-17T10:19:15.849+0000] {taskinstance.py:2613} INFO - Dependencies all met for dep_context=non-requeueable deps ti=<TaskInstance: my_first_dag_v3.first_task scheduled__2024-12-16T01:02:00+00:00 [queued]>
[2024-12-17T10:19:15.902+0000] {taskinstance.py:2613} INFO - Dependencies all met for dep_context=requeueable deps ti=<TaskInstance: my_first_dag_v3.first_task scheduled__2024-12-16T01:02:00+00:00 [queued]>
[2024-12-17T10:19:15.904+0000] {taskinstance.py:2866} INFO - Starting attempt 1 of 6
[2024-12-17T10:19:15.981+0000] {taskinstance.py:2889} INFO - Executing <Task(BashOperator): first_task> on 2024-12-16 01:02:00+00:00
[2024-12-17T10:19:16.007+0000] {warnings.py:112} WARNING - /home/***/.local/lib/python3.12/site-packages/***/task/task_runner/standard_task_runner.py:70: DeprecationWarning: This process (pid=2008) is multi-threaded, use of fork() may lead to deadlocks in the child.
  pid = os.fork()

[2024-12-17T10:19:16.020+0000] {standard_task_runner.py:72} INFO - Started process 2018 to run task
[2024-12-17T10:19:16.022+0000] {standard_task_runner.py:104} INFO - Running: ['***', 'tasks', 'run', 'my_first_dag_v3', 'first_task', 'scheduled__2024-12-16T01:02:00+00:00', '--job-id', '214', '--raw', '--subdir', 'DAGS_FOLDER/my_first_dag.py', '--cfg-path', '/tmp/tmpb_ljb8sp']
[2024-12-17T10:19:16.026+0000] {standard_task_runner.py:105} INFO - Job 214: Subtask first_task
[2024-12-17T10:19:16.162+0000] {task_command.py:467} INFO - Running <TaskInstance: my_first_dag_v3.first_task scheduled__2024-12-16T01:02:00+00:00 [running]> on host 8348eb091483
[2024-12-17T10:19:16.413+0000] {taskinstance.py:3132} INFO - Exporting env vars: AIRFLOW_CTX_DAG_OWNER='srush' AIRFLOW_CTX_DAG_ID='my_first_dag_v3' AIRFLOW_CTX_TASK_ID='first_task' AIRFLOW_CTX_EXECUTION_DATE='2024-12-16T01:02:00+00:00' AIRFLOW_CTX_TRY_NUMBER='1' AIRFLOW_CTX_DAG_RUN_ID='scheduled__2024-12-16T01:02:00+00:00'
[2024-12-17T10:19:16.420+0000] {taskinstance.py:731} INFO - ::endgroup::
[2024-12-17T10:19:16.470+0000] {subprocess.py:78} INFO - Tmp dir root location: /tmp
[2024-12-17T10:19:16.474+0000] {subprocess.py:88} INFO - Running command: ['/usr/bin/bash', '-c', 'echo hello world']
[2024-12-17T10:19:16.515+0000] {subprocess.py:99} INFO - Output:
[2024-12-17T10:19:16.518+0000] {subprocess.py:106} INFO - hello world
[2024-12-17T10:19:16.520+0000] {subprocess.py:110} INFO - Command exited with return code 0
[2024-12-17T10:19:16.610+0000] {taskinstance.py:340} INFO - ::group::Post task execution logs
[2024-12-17T10:19:16.611+0000] {taskinstance.py:352} INFO - Marking task as SUCCESS. dag_id=my_first_dag_v3, task_id=first_task, run_id=scheduled__2024-12-16T01:02:00+00:00, execution_date=20241216T010200, start_date=20241217T101915, end_date=20241217T101916
[2024-12-17T10:19:16.781+0000] {local_task_job_runner.py:266} INFO - Task exited with return code 0
[2024-12-17T10:19:16.852+0000] {taskinstance.py:3895} INFO - 2 downstream tasks scheduled from follow-on schedule check
[2024-12-17T10:19:16.872+0000] {local_task_job_runner.py:245} INFO - ::endgroup::
