[2024-12-18T10:22:07.691+0000] {local_task_job_runner.py:123} INFO - ::group::Pre task execution logs
[2024-12-18T10:22:07.717+0000] {taskinstance.py:2613} INFO - Dependencies all met for dep_context=non-requeueable deps ti=<TaskInstance: news_fetch_to_snowflake.fetch_news_to_dataframe manual__2024-12-18T10:18:30.316182+00:00 [queued]>
[2024-12-18T10:22:07.732+0000] {taskinstance.py:2613} INFO - Dependencies all met for dep_context=requeueable deps ti=<TaskInstance: news_fetch_to_snowflake.fetch_news_to_dataframe manual__2024-12-18T10:18:30.316182+00:00 [queued]>
[2024-12-18T10:22:07.734+0000] {taskinstance.py:2866} INFO - Starting attempt 2 of 3
[2024-12-18T10:22:07.755+0000] {taskinstance.py:2889} INFO - Executing <Task(PythonOperator): fetch_news_to_dataframe> on 2024-12-18 10:18:30.316182+00:00
[2024-12-18T10:22:07.764+0000] {warnings.py:112} WARNING - /home/***/.local/lib/python3.12/site-packages/***/task/task_runner/standard_task_runner.py:70: DeprecationWarning: This process (pid=536) is multi-threaded, use of fork() may lead to deadlocks in the child.
  pid = os.fork()

[2024-12-18T10:22:07.766+0000] {standard_task_runner.py:72} INFO - Started process 545 to run task
[2024-12-18T10:22:07.767+0000] {standard_task_runner.py:104} INFO - Running: ['***', 'tasks', 'run', 'news_fetch_to_snowflake', 'fetch_news_to_dataframe', 'manual__2024-12-18T10:18:30.316182+00:00', '--job-id', '2558', '--raw', '--subdir', 'DAGS_FOLDER/snowflake_connector_dag.py', '--cfg-path', '/tmp/tmp1l4ipzki']
[2024-12-18T10:22:07.770+0000] {standard_task_runner.py:105} INFO - Job 2558: Subtask fetch_news_to_dataframe
[2024-12-18T10:22:07.839+0000] {task_command.py:467} INFO - Running <TaskInstance: news_fetch_to_snowflake.fetch_news_to_dataframe manual__2024-12-18T10:18:30.316182+00:00 [running]> on host 8348eb091483
[2024-12-18T10:22:07.968+0000] {taskinstance.py:3132} INFO - Exporting env vars: AIRFLOW_CTX_DAG_OWNER='***' AIRFLOW_CTX_DAG_ID='news_fetch_to_snowflake' AIRFLOW_CTX_TASK_ID='fetch_news_to_dataframe' AIRFLOW_CTX_EXECUTION_DATE='2024-12-18T10:18:30.316182+00:00' AIRFLOW_CTX_TRY_NUMBER='2' AIRFLOW_CTX_DAG_RUN_ID='manual__2024-12-18T10:18:30.316182+00:00'
[2024-12-18T10:22:07.971+0000] {taskinstance.py:731} INFO - ::endgroup::
[2024-12-18T10:22:08.000+0000] {logging_mixin.py:190} INFO - Fetching news from 2024-12-18 to 2024-12-19...
[2024-12-18T10:22:10.113+0000] {python.py:240} INFO - Done. Returned value was: None
[2024-12-18T10:22:10.128+0000] {taskinstance.py:340} INFO - ::group::Post task execution logs
[2024-12-18T10:22:10.129+0000] {taskinstance.py:352} INFO - Marking task as SUCCESS. dag_id=news_fetch_to_snowflake, task_id=fetch_news_to_dataframe, run_id=manual__2024-12-18T10:18:30.316182+00:00, execution_date=20241218T101830, start_date=20241218T102207, end_date=20241218T102210
[2024-12-18T10:22:10.194+0000] {local_task_job_runner.py:266} INFO - Task exited with return code 0
[2024-12-18T10:22:10.235+0000] {taskinstance.py:3895} INFO - 1 downstream tasks scheduled from follow-on schedule check
[2024-12-18T10:22:10.240+0000] {local_task_job_runner.py:245} INFO - ::endgroup::
