[2024-12-19T10:49:02.818+0000] {local_task_job_runner.py:123} INFO - ::group::Pre task execution logs
[2024-12-19T10:49:02.849+0000] {taskinstance.py:2613} INFO - Dependencies all met for dep_context=non-requeueable deps ti=<TaskInstance: fetch_and_insert_all_countries_news.fetch_and_insert_news_all_countries manual__2024-12-19T10:48:35.232996+00:00 [queued]>
[2024-12-19T10:49:02.864+0000] {taskinstance.py:2613} INFO - Dependencies all met for dep_context=requeueable deps ti=<TaskInstance: fetch_and_insert_all_countries_news.fetch_and_insert_news_all_countries manual__2024-12-19T10:48:35.232996+00:00 [queued]>
[2024-12-19T10:49:02.866+0000] {taskinstance.py:2866} INFO - Starting attempt 2 of 3
[2024-12-19T10:49:02.889+0000] {taskinstance.py:2889} INFO - Executing <Task(PythonOperator): fetch_and_insert_news_all_countries> on 2024-12-19 10:48:35.232996+00:00
[2024-12-19T10:49:02.900+0000] {warnings.py:112} WARNING - /home/***/.local/lib/python3.12/site-packages/***/task/task_runner/standard_task_runner.py:70: DeprecationWarning: This process (pid=4899) is multi-threaded, use of fork() may lead to deadlocks in the child.
  pid = os.fork()

[2024-12-19T10:49:02.903+0000] {standard_task_runner.py:72} INFO - Started process 4901 to run task
[2024-12-19T10:49:02.903+0000] {standard_task_runner.py:104} INFO - Running: ['***', 'tasks', 'run', 'fetch_and_insert_all_countries_news', 'fetch_and_insert_news_all_countries', 'manual__2024-12-19T10:48:35.232996+00:00', '--job-id', '2601', '--raw', '--subdir', 'DAGS_FOLDER/snowflake_connector_dag.py', '--cfg-path', '/tmp/tmpm4nshgrv']
[2024-12-19T10:49:02.907+0000] {standard_task_runner.py:105} INFO - Job 2601: Subtask fetch_and_insert_news_all_countries
[2024-12-19T10:49:02.991+0000] {task_command.py:467} INFO - Running <TaskInstance: fetch_and_insert_all_countries_news.fetch_and_insert_news_all_countries manual__2024-12-19T10:48:35.232996+00:00 [running]> on host 8348eb091483
[2024-12-19T10:49:03.149+0000] {taskinstance.py:3132} INFO - Exporting env vars: AIRFLOW_CTX_DAG_OWNER='srush' AIRFLOW_CTX_DAG_ID='fetch_and_insert_all_countries_news' AIRFLOW_CTX_TASK_ID='fetch_and_insert_news_all_countries' AIRFLOW_CTX_EXECUTION_DATE='2024-12-19T10:48:35.232996+00:00' AIRFLOW_CTX_TRY_NUMBER='2' AIRFLOW_CTX_DAG_RUN_ID='manual__2024-12-19T10:48:35.232996+00:00'
[2024-12-19T10:49:03.151+0000] {taskinstance.py:731} INFO - ::endgroup::
[2024-12-19T10:49:03.189+0000] {base.py:84} INFO - Retrieving connection 'snowflake_con'
[2024-12-19T10:49:03.191+0000] {connection.py:414} INFO - Snowflake Connector for Python Version: 3.12.4, Python Version: 3.12.8, Platform: Linux-5.15.167.4-microsoft-standard-WSL2-x86_64-with-glibc2.36
[2024-12-19T10:49:03.193+0000] {connection.py:1197} INFO - Connecting to GLOBAL Snowflake domain
[2024-12-19T10:49:03.194+0000] {connection.py:1278} INFO - This connection is in OCSP Fail Open Mode. TLS Certificates would be checked for validity and revocation status. Any other Certificate Revocation related exceptions or OCSP Responder failures would be disregarded in favor of connectivity.
[2024-12-19T10:49:03.559+0000] {logging_mixin.py:190} INFO - Processing news for country: CH
[2024-12-19T10:49:04.563+0000] {logging_mixin.py:190} INFO - Fetching news from 2020-03-10 to 2020-03-11 for CH...
[2024-12-19T10:49:05.413+0000] {logging_mixin.py:190} INFO - Error fetching data from 2020-03-10 to 2024-12-18: The gdelt api returned a non-successful statuscode. This is the response message: Please limit requests to one every 5 seconds or contact kalev.leetaru5@gmail.com for larger queries.
[2024-12-19T10:49:06.415+0000] {logging_mixin.py:190} INFO - Fetching news from 2020-03-11 to 2020-03-12 for CH...
[2024-12-19T10:49:07.252+0000] {logging_mixin.py:190} INFO - Error fetching data from 2020-03-10 to 2024-12-18: The gdelt api returned a non-successful statuscode. This is the response message: Please limit requests to one every 5 seconds or contact kalev.leetaru5@gmail.com for larger queries.
[2024-12-19T10:49:08.254+0000] {logging_mixin.py:190} INFO - Fetching news from 2020-03-12 to 2020-03-13 for CH...
[2024-12-19T10:49:09.093+0000] {logging_mixin.py:190} INFO - Error fetching data from 2020-03-10 to 2024-12-18: The gdelt api returned a non-successful statuscode. This is the response message: Please limit requests to one every 5 seconds or contact kalev.leetaru5@gmail.com for larger queries.
[2024-12-19T10:49:10.096+0000] {logging_mixin.py:190} INFO - Fetching news from 2020-03-13 to 2020-03-14 for CH...
[2024-12-19T10:49:10.974+0000] {logging_mixin.py:190} INFO - Error fetching data from 2020-03-10 to 2024-12-18: The gdelt api returned a non-successful statuscode. This is the response message: Please limit requests to one every 5 seconds or contact kalev.leetaru5@gmail.com for larger queries.
[2024-12-19T10:49:11.976+0000] {logging_mixin.py:190} INFO - Fetching news from 2020-03-14 to 2020-03-15 for CH...
[2024-12-19T10:49:12.821+0000] {logging_mixin.py:190} INFO - Error fetching data from 2020-03-10 to 2024-12-18: The gdelt api returned a non-successful statuscode. This is the response message: Please limit requests to one every 5 seconds or contact kalev.leetaru5@gmail.com for larger queries.
[2024-12-19T10:49:13.823+0000] {logging_mixin.py:190} INFO - Fetching news from 2020-03-15 to 2020-03-16 for CH...
[2024-12-19T10:49:14.673+0000] {logging_mixin.py:190} INFO - Error fetching data from 2020-03-10 to 2024-12-18: The gdelt api returned a non-successful statuscode. This is the response message: Please limit requests to one every 5 seconds or contact kalev.leetaru5@gmail.com for larger queries.
[2024-12-19T10:49:15.681+0000] {logging_mixin.py:190} INFO - Fetching news from 2020-03-16 to 2020-03-17 for CH...
[2024-12-19T10:49:16.581+0000] {logging_mixin.py:190} INFO - Error fetching data from 2020-03-10 to 2024-12-18: The gdelt api returned a non-successful statuscode. This is the response message: Please limit requests to one every 5 seconds or contact kalev.leetaru5@gmail.com for larger queries.
[2024-12-19T10:49:17.582+0000] {logging_mixin.py:190} INFO - Fetching news from 2020-03-17 to 2020-03-18 for CH...
[2024-12-19T10:49:18.426+0000] {logging_mixin.py:190} INFO - Error fetching data from 2020-03-10 to 2024-12-18: The gdelt api returned a non-successful statuscode. This is the response message: Please limit requests to one every 5 seconds or contact kalev.leetaru5@gmail.com for larger queries.
[2024-12-19T10:49:19.428+0000] {logging_mixin.py:190} INFO - Fetching news from 2020-03-18 to 2020-03-19 for CH...
[2024-12-19T10:49:20.266+0000] {logging_mixin.py:190} INFO - Error fetching data from 2020-03-10 to 2024-12-18: The gdelt api returned a non-successful statuscode. This is the response message: Please limit requests to one every 5 seconds or contact kalev.leetaru5@gmail.com for larger queries.
[2024-12-19T10:49:21.268+0000] {logging_mixin.py:190} INFO - Fetching news from 2020-03-19 to 2020-03-20 for CH...
[2024-12-19T10:49:22.136+0000] {logging_mixin.py:190} INFO - Error fetching data from 2020-03-10 to 2024-12-18: The gdelt api returned a non-successful statuscode. This is the response message: Please limit requests to one every 5 seconds or contact kalev.leetaru5@gmail.com for larger queries.
[2024-12-19T10:49:23.138+0000] {logging_mixin.py:190} INFO - Fetching news from 2020-03-20 to 2020-03-21 for CH...
[2024-12-19T10:49:23.980+0000] {logging_mixin.py:190} INFO - Error fetching data from 2020-03-10 to 2024-12-18: The gdelt api returned a non-successful statuscode. This is the response message: Please limit requests to one every 5 seconds or contact kalev.leetaru5@gmail.com for larger queries.
[2024-12-19T10:49:24.983+0000] {logging_mixin.py:190} INFO - Fetching news from 2020-03-21 to 2020-03-22 for CH...
[2024-12-19T10:49:25.830+0000] {logging_mixin.py:190} INFO - Error fetching data from 2020-03-10 to 2024-12-18: The gdelt api returned a non-successful statuscode. This is the response message: Please limit requests to one every 5 seconds or contact kalev.leetaru5@gmail.com for larger queries.
[2024-12-19T10:49:26.832+0000] {logging_mixin.py:190} INFO - Fetching news from 2020-03-22 to 2020-03-23 for CH...
[2024-12-19T10:49:27.697+0000] {logging_mixin.py:190} INFO - Error fetching data from 2020-03-10 to 2024-12-18: The gdelt api returned a non-successful statuscode. This is the response message: Please limit requests to one every 5 seconds or contact kalev.leetaru5@gmail.com for larger queries.
[2024-12-19T10:49:28.700+0000] {logging_mixin.py:190} INFO - Fetching news from 2020-03-23 to 2020-03-24 for CH...
[2024-12-19T10:49:29.552+0000] {logging_mixin.py:190} INFO - Error fetching data from 2020-03-10 to 2024-12-18: The gdelt api returned a non-successful statuscode. This is the response message: Please limit requests to one every 5 seconds or contact kalev.leetaru5@gmail.com for larger queries.
[2024-12-19T10:49:30.553+0000] {logging_mixin.py:190} INFO - Fetching news from 2020-03-24 to 2020-03-25 for CH...
[2024-12-19T10:49:31.392+0000] {logging_mixin.py:190} INFO - Error fetching data from 2020-03-10 to 2024-12-18: The gdelt api returned a non-successful statuscode. This is the response message: Please limit requests to one every 5 seconds or contact kalev.leetaru5@gmail.com for larger queries.
[2024-12-19T10:49:32.394+0000] {logging_mixin.py:190} INFO - Fetching news from 2020-03-25 to 2020-03-26 for CH...
[2024-12-19T10:49:33.270+0000] {logging_mixin.py:190} INFO - Error fetching data from 2020-03-10 to 2024-12-18: The gdelt api returned a non-successful statuscode. This is the response message: Please limit requests to one every 5 seconds or contact kalev.leetaru5@gmail.com for larger queries.
[2024-12-19T10:49:34.272+0000] {logging_mixin.py:190} INFO - Fetching news from 2020-03-26 to 2020-03-27 for CH...
[2024-12-19T10:49:35.127+0000] {logging_mixin.py:190} INFO - Error fetching data from 2020-03-10 to 2024-12-18: The gdelt api returned a non-successful statuscode. This is the response message: Please limit requests to one every 5 seconds or contact kalev.leetaru5@gmail.com for larger queries.
[2024-12-19T10:49:36.129+0000] {logging_mixin.py:190} INFO - Fetching news from 2020-03-27 to 2020-03-28 for CH...
[2024-12-19T10:49:36.993+0000] {logging_mixin.py:190} INFO - Error fetching data from 2020-03-10 to 2024-12-18: The gdelt api returned a non-successful statuscode. This is the response message: Please limit requests to one every 5 seconds or contact kalev.leetaru5@gmail.com for larger queries.
[2024-12-19T10:49:37.996+0000] {logging_mixin.py:190} INFO - Fetching news from 2020-03-28 to 2020-03-29 for CH...
[2024-12-19T10:49:38.882+0000] {logging_mixin.py:190} INFO - Error fetching data from 2020-03-10 to 2024-12-18: The gdelt api returned a non-successful statuscode. This is the response message: Please limit requests to one every 5 seconds or contact kalev.leetaru5@gmail.com for larger queries.
[2024-12-19T10:49:39.883+0000] {logging_mixin.py:190} INFO - Fetching news from 2020-03-29 to 2020-03-30 for CH...
[2024-12-19T10:49:40.768+0000] {logging_mixin.py:190} INFO - Error fetching data from 2020-03-10 to 2024-12-18: The gdelt api returned a non-successful statuscode. This is the response message: Please limit requests to one every 5 seconds or contact kalev.leetaru5@gmail.com for larger queries.
[2024-12-19T10:49:46.770+0000] {logging_mixin.py:190} INFO - Fetching news from 2020-03-30 to 2020-03-31 for CH...
[2024-12-19T10:49:47.609+0000] {logging_mixin.py:190} INFO - Error fetching data from 2020-03-10 to 2024-12-18: The gdelt api returned a non-successful statuscode. This is the response message: Please limit requests to one every 5 seconds or contact kalev.leetaru5@gmail.com for larger queries.
[2024-12-19T10:49:48.611+0000] {logging_mixin.py:190} INFO - Fetching news from 2020-03-31 to 2020-04-01 for CH...
[2024-12-19T10:49:49.467+0000] {logging_mixin.py:190} INFO - Error fetching data from 2020-03-10 to 2024-12-18: The gdelt api returned a non-successful statuscode. This is the response message: Please limit requests to one every 5 seconds or contact kalev.leetaru5@gmail.com for larger queries.
[2024-12-19T10:49:50.469+0000] {logging_mixin.py:190} INFO - Fetching news from 2020-04-01 to 2020-04-02 for CH...
[2024-12-19T10:49:51.333+0000] {logging_mixin.py:190} INFO - Error fetching data from 2020-03-10 to 2024-12-18: The gdelt api returned a non-successful statuscode. This is the response message: Please limit requests to one every 5 seconds or contact kalev.leetaru5@gmail.com for larger queries.
[2024-12-19T10:49:52.333+0000] {logging_mixin.py:190} INFO - Fetching news from 2020-04-02 to 2020-04-03 for CH...
[2024-12-19T10:49:53.208+0000] {logging_mixin.py:190} INFO - Error fetching data from 2020-03-10 to 2024-12-18: The gdelt api returned a non-successful statuscode. This is the response message: Please limit requests to one every 5 seconds or contact kalev.leetaru5@gmail.com for larger queries.
[2024-12-19T10:49:54.210+0000] {logging_mixin.py:190} INFO - Fetching news from 2020-04-03 to 2020-04-04 for CH...
[2024-12-19T10:49:55.053+0000] {logging_mixin.py:190} INFO - Error fetching data from 2020-03-10 to 2024-12-18: The gdelt api returned a non-successful statuscode. This is the response message: Please limit requests to one every 5 seconds or contact kalev.leetaru5@gmail.com for larger queries.
[2024-12-19T10:49:56.055+0000] {logging_mixin.py:190} INFO - Fetching news from 2020-04-04 to 2020-04-05 for CH...
[2024-12-19T10:49:56.936+0000] {logging_mixin.py:190} INFO - Error fetching data from 2020-03-10 to 2024-12-18: The gdelt api returned a non-successful statuscode. This is the response message: Please limit requests to one every 5 seconds or contact kalev.leetaru5@gmail.com for larger queries.
[2024-12-19T10:49:57.937+0000] {logging_mixin.py:190} INFO - Fetching news from 2020-04-05 to 2020-04-06 for CH...
[2024-12-19T10:49:58.803+0000] {logging_mixin.py:190} INFO - Error fetching data from 2020-03-10 to 2024-12-18: The gdelt api returned a non-successful statuscode. This is the response message: Please limit requests to one every 5 seconds or contact kalev.leetaru5@gmail.com for larger queries.
[2024-12-19T10:49:59.805+0000] {logging_mixin.py:190} INFO - Fetching news from 2020-04-06 to 2020-04-07 for CH...
[2024-12-19T10:50:00.661+0000] {logging_mixin.py:190} INFO - Error fetching data from 2020-03-10 to 2024-12-18: The gdelt api returned a non-successful statuscode. This is the response message: Please limit requests to one every 5 seconds or contact kalev.leetaru5@gmail.com for larger queries.
[2024-12-19T10:50:01.663+0000] {logging_mixin.py:190} INFO - Fetching news from 2020-04-07 to 2020-04-08 for CH...
[2024-12-19T10:50:02.508+0000] {logging_mixin.py:190} INFO - Error fetching data from 2020-03-10 to 2024-12-18: The gdelt api returned a non-successful statuscode. This is the response message: Please limit requests to one every 5 seconds or contact kalev.leetaru5@gmail.com for larger queries.
[2024-12-19T10:50:03.511+0000] {logging_mixin.py:190} INFO - Fetching news from 2020-04-08 to 2020-04-09 for CH...
[2024-12-19T10:50:04.385+0000] {logging_mixin.py:190} INFO - Error fetching data from 2020-03-10 to 2024-12-18: The gdelt api returned a non-successful statuscode. This is the response message: Please limit requests to one every 5 seconds or contact kalev.leetaru5@gmail.com for larger queries.
[2024-12-19T10:50:05.387+0000] {logging_mixin.py:190} INFO - Fetching news from 2020-04-09 to 2020-04-10 for CH...
[2024-12-19T10:50:06.208+0000] {logging_mixin.py:190} INFO - Error fetching data from 2020-03-10 to 2024-12-18: The gdelt api returned a non-successful statuscode. This is the response message: Please limit requests to one every 5 seconds or contact kalev.leetaru5@gmail.com for larger queries.
[2024-12-19T10:50:07.211+0000] {logging_mixin.py:190} INFO - Fetching news from 2020-04-10 to 2020-04-11 for CH...
[2024-12-19T10:50:08.072+0000] {logging_mixin.py:190} INFO - Error fetching data from 2020-03-10 to 2024-12-18: The gdelt api returned a non-successful statuscode. This is the response message: Please limit requests to one every 5 seconds or contact kalev.leetaru5@gmail.com for larger queries.
[2024-12-19T10:50:09.073+0000] {logging_mixin.py:190} INFO - Fetching news from 2020-04-11 to 2020-04-12 for CH...
[2024-12-19T10:50:09.940+0000] {logging_mixin.py:190} INFO - Error fetching data from 2020-03-10 to 2024-12-18: The gdelt api returned a non-successful statuscode. This is the response message: Please limit requests to one every 5 seconds or contact kalev.leetaru5@gmail.com for larger queries.
[2024-12-19T10:50:10.943+0000] {logging_mixin.py:190} INFO - Fetching news from 2020-04-12 to 2020-04-13 for CH...
[2024-12-19T10:50:11.775+0000] {logging_mixin.py:190} INFO - Error fetching data from 2020-03-10 to 2024-12-18: The gdelt api returned a non-successful statuscode. This is the response message: Please limit requests to one every 5 seconds or contact kalev.leetaru5@gmail.com for larger queries.
[2024-12-19T10:50:12.777+0000] {logging_mixin.py:190} INFO - Fetching news from 2020-04-13 to 2020-04-14 for CH...
[2024-12-19T10:50:13.621+0000] {logging_mixin.py:190} INFO - Error fetching data from 2020-03-10 to 2024-12-18: The gdelt api returned a non-successful statuscode. This is the response message: Please limit requests to one every 5 seconds or contact kalev.leetaru5@gmail.com for larger queries.
[2024-12-19T10:50:14.623+0000] {logging_mixin.py:190} INFO - Fetching news from 2020-04-14 to 2020-04-15 for CH...
[2024-12-19T10:50:15.490+0000] {logging_mixin.py:190} INFO - Error fetching data from 2020-03-10 to 2024-12-18: The gdelt api returned a non-successful statuscode. This is the response message: Please limit requests to one every 5 seconds or contact kalev.leetaru5@gmail.com for larger queries.
[2024-12-19T10:50:16.491+0000] {logging_mixin.py:190} INFO - Fetching news from 2020-04-15 to 2020-04-16 for CH...
[2024-12-19T10:50:17.308+0000] {logging_mixin.py:190} INFO - Error fetching data from 2020-03-10 to 2024-12-18: The gdelt api returned a non-successful statuscode. This is the response message: Please limit requests to one every 5 seconds or contact kalev.leetaru5@gmail.com for larger queries.
[2024-12-19T10:50:18.310+0000] {logging_mixin.py:190} INFO - Fetching news from 2020-04-16 to 2020-04-17 for CH...
[2024-12-19T10:50:19.147+0000] {logging_mixin.py:190} INFO - Error fetching data from 2020-03-10 to 2024-12-18: The gdelt api returned a non-successful statuscode. This is the response message: Please limit requests to one every 5 seconds or contact kalev.leetaru5@gmail.com for larger queries.
[2024-12-19T10:50:20.149+0000] {logging_mixin.py:190} INFO - Fetching news from 2020-04-17 to 2020-04-18 for CH...
[2024-12-19T10:50:21.021+0000] {logging_mixin.py:190} INFO - Error fetching data from 2020-03-10 to 2024-12-18: The gdelt api returned a non-successful statuscode. This is the response message: Please limit requests to one every 5 seconds or contact kalev.leetaru5@gmail.com for larger queries.
[2024-12-19T10:50:22.022+0000] {logging_mixin.py:190} INFO - Fetching news from 2020-04-18 to 2020-04-19 for CH...
[2024-12-19T10:50:22.865+0000] {logging_mixin.py:190} INFO - Error fetching data from 2020-03-10 to 2024-12-18: The gdelt api returned a non-successful statuscode. This is the response message: Please limit requests to one every 5 seconds or contact kalev.leetaru5@gmail.com for larger queries.
[2024-12-19T10:50:23.867+0000] {logging_mixin.py:190} INFO - Fetching news from 2020-04-19 to 2020-04-20 for CH...
[2024-12-19T10:50:24.681+0000] {logging_mixin.py:190} INFO - Error fetching data from 2020-03-10 to 2024-12-18: The gdelt api returned a non-successful statuscode. This is the response message: Please limit requests to one every 5 seconds or contact kalev.leetaru5@gmail.com for larger queries.
[2024-12-19T10:50:25.683+0000] {logging_mixin.py:190} INFO - Fetching news from 2020-04-20 to 2020-04-21 for CH...
[2024-12-19T10:50:26.552+0000] {logging_mixin.py:190} INFO - Error fetching data from 2020-03-10 to 2024-12-18: The gdelt api returned a non-successful statuscode. This is the response message: Please limit requests to one every 5 seconds or contact kalev.leetaru5@gmail.com for larger queries.
[2024-12-19T10:50:27.554+0000] {logging_mixin.py:190} INFO - Fetching news from 2020-04-21 to 2020-04-22 for CH...
[2024-12-19T10:50:28.424+0000] {logging_mixin.py:190} INFO - Error fetching data from 2020-03-10 to 2024-12-18: The gdelt api returned a non-successful statuscode. This is the response message: Please limit requests to one every 5 seconds or contact kalev.leetaru5@gmail.com for larger queries.
[2024-12-19T10:50:29.426+0000] {logging_mixin.py:190} INFO - Fetching news from 2020-04-22 to 2020-04-23 for CH...
[2024-12-19T10:50:30.263+0000] {logging_mixin.py:190} INFO - Error fetching data from 2020-03-10 to 2024-12-18: The gdelt api returned a non-successful statuscode. This is the response message: Please limit requests to one every 5 seconds or contact kalev.leetaru5@gmail.com for larger queries.
[2024-12-19T10:50:31.265+0000] {logging_mixin.py:190} INFO - Fetching news from 2020-04-23 to 2020-04-24 for CH...
[2024-12-19T10:50:32.135+0000] {logging_mixin.py:190} INFO - Error fetching data from 2020-03-10 to 2024-12-18: The gdelt api returned a non-successful statuscode. This is the response message: Please limit requests to one every 5 seconds or contact kalev.leetaru5@gmail.com for larger queries.
[2024-12-19T10:50:33.137+0000] {logging_mixin.py:190} INFO - Fetching news from 2020-04-24 to 2020-04-25 for CH...
[2024-12-19T10:50:33.946+0000] {logging_mixin.py:190} INFO - Error fetching data from 2020-03-10 to 2024-12-18: The gdelt api returned a non-successful statuscode. This is the response message: Please limit requests to one every 5 seconds or contact kalev.leetaru5@gmail.com for larger queries.
[2024-12-19T10:50:34.948+0000] {logging_mixin.py:190} INFO - Fetching news from 2020-04-25 to 2020-04-26 for CH...
[2024-12-19T10:50:35.792+0000] {logging_mixin.py:190} INFO - Error fetching data from 2020-03-10 to 2024-12-18: The gdelt api returned a non-successful statuscode. This is the response message: Please limit requests to one every 5 seconds or contact kalev.leetaru5@gmail.com for larger queries.
[2024-12-19T10:50:36.794+0000] {logging_mixin.py:190} INFO - Fetching news from 2020-04-26 to 2020-04-27 for CH...
[2024-12-19T10:50:37.604+0000] {logging_mixin.py:190} INFO - Error fetching data from 2020-03-10 to 2024-12-18: The gdelt api returned a non-successful statuscode. This is the response message: Please limit requests to one every 5 seconds or contact kalev.leetaru5@gmail.com for larger queries.
[2024-12-19T10:50:38.605+0000] {logging_mixin.py:190} INFO - Fetching news from 2020-04-27 to 2020-04-28 for CH...
[2024-12-19T10:50:39.448+0000] {logging_mixin.py:190} INFO - Error fetching data from 2020-03-10 to 2024-12-18: The gdelt api returned a non-successful statuscode. This is the response message: Please limit requests to one every 5 seconds or contact kalev.leetaru5@gmail.com for larger queries.
[2024-12-19T10:50:40.450+0000] {logging_mixin.py:190} INFO - Fetching news from 2020-04-28 to 2020-04-29 for CH...
[2024-12-19T10:50:41.289+0000] {logging_mixin.py:190} INFO - Error fetching data from 2020-03-10 to 2024-12-18: The gdelt api returned a non-successful statuscode. This is the response message: Please limit requests to one every 5 seconds or contact kalev.leetaru5@gmail.com for larger queries.
[2024-12-19T10:50:42.290+0000] {logging_mixin.py:190} INFO - Fetching news from 2020-04-29 to 2020-04-30 for CH...
[2024-12-19T10:50:43.092+0000] {logging_mixin.py:190} INFO - Error fetching data from 2020-03-10 to 2024-12-18: The gdelt api returned a non-successful statuscode. This is the response message: Please limit requests to one every 5 seconds or contact kalev.leetaru5@gmail.com for larger queries.
[2024-12-19T10:50:49.094+0000] {logging_mixin.py:190} INFO - Fetching news from 2020-04-30 to 2020-05-01 for CH...
[2024-12-19T10:50:49.966+0000] {logging_mixin.py:190} INFO - Error fetching data from 2020-03-10 to 2024-12-18: The gdelt api returned a non-successful statuscode. This is the response message: Please limit requests to one every 5 seconds or contact kalev.leetaru5@gmail.com for larger queries.
[2024-12-19T10:50:50.968+0000] {logging_mixin.py:190} INFO - Fetching news from 2020-05-01 to 2020-05-02 for CH...
[2024-12-19T10:50:51.789+0000] {logging_mixin.py:190} INFO - Error fetching data from 2020-03-10 to 2024-12-18: The gdelt api returned a non-successful statuscode. This is the response message: Please limit requests to one every 5 seconds or contact kalev.leetaru5@gmail.com for larger queries.
[2024-12-19T10:50:52.789+0000] {logging_mixin.py:190} INFO - Fetching news from 2020-05-02 to 2020-05-03 for CH...
[2024-12-19T10:50:53.634+0000] {logging_mixin.py:190} INFO - Error fetching data from 2020-03-10 to 2024-12-18: The gdelt api returned a non-successful statuscode. This is the response message: Please limit requests to one every 5 seconds or contact kalev.leetaru5@gmail.com for larger queries.
[2024-12-19T10:50:54.636+0000] {logging_mixin.py:190} INFO - Fetching news from 2020-05-03 to 2020-05-04 for CH...
[2024-12-19T10:50:55.547+0000] {logging_mixin.py:190} INFO - Error fetching data from 2020-03-10 to 2024-12-18: The gdelt api returned a non-successful statuscode. This is the response message: Please limit requests to one every 5 seconds or contact kalev.leetaru5@gmail.com for larger queries.
[2024-12-19T10:50:56.549+0000] {logging_mixin.py:190} INFO - Fetching news from 2020-05-04 to 2020-05-05 for CH...
[2024-12-19T10:50:57.398+0000] {logging_mixin.py:190} INFO - Error fetching data from 2020-03-10 to 2024-12-18: The gdelt api returned a non-successful statuscode. This is the response message: Please limit requests to one every 5 seconds or contact kalev.leetaru5@gmail.com for larger queries.
[2024-12-19T10:50:58.400+0000] {logging_mixin.py:190} INFO - Fetching news from 2020-05-05 to 2020-05-06 for CH...
[2024-12-19T10:50:59.224+0000] {logging_mixin.py:190} INFO - Error fetching data from 2020-03-10 to 2024-12-18: The gdelt api returned a non-successful statuscode. This is the response message: Please limit requests to one every 5 seconds or contact kalev.leetaru5@gmail.com for larger queries.
[2024-12-19T10:51:00.226+0000] {logging_mixin.py:190} INFO - Fetching news from 2020-05-06 to 2020-05-07 for CH...
[2024-12-19T10:51:01.098+0000] {logging_mixin.py:190} INFO - Error fetching data from 2020-03-10 to 2024-12-18: The gdelt api returned a non-successful statuscode. This is the response message: Please limit requests to one every 5 seconds or contact kalev.leetaru5@gmail.com for larger queries.
[2024-12-19T10:51:02.101+0000] {logging_mixin.py:190} INFO - Fetching news from 2020-05-07 to 2020-05-08 for CH...
[2024-12-19T10:51:02.953+0000] {logging_mixin.py:190} INFO - Error fetching data from 2020-03-10 to 2024-12-18: The gdelt api returned a non-successful statuscode. This is the response message: Please limit requests to one every 5 seconds or contact kalev.leetaru5@gmail.com for larger queries.
[2024-12-19T10:51:03.955+0000] {logging_mixin.py:190} INFO - Fetching news from 2020-05-08 to 2020-05-09 for CH...
[2024-12-19T10:51:04.799+0000] {logging_mixin.py:190} INFO - Error fetching data from 2020-03-10 to 2024-12-18: The gdelt api returned a non-successful statuscode. This is the response message: Please limit requests to one every 5 seconds or contact kalev.leetaru5@gmail.com for larger queries.
[2024-12-19T10:51:05.801+0000] {logging_mixin.py:190} INFO - Fetching news from 2020-05-09 to 2020-05-10 for CH...
[2024-12-19T10:51:06.696+0000] {logging_mixin.py:190} INFO - Error fetching data from 2020-03-10 to 2024-12-18: The gdelt api returned a non-successful statuscode. This is the response message: Please limit requests to one every 5 seconds or contact kalev.leetaru5@gmail.com for larger queries.
[2024-12-19T10:51:07.697+0000] {logging_mixin.py:190} INFO - Fetching news from 2020-05-10 to 2020-05-11 for CH...
[2024-12-19T10:51:08.532+0000] {logging_mixin.py:190} INFO - Error fetching data from 2020-03-10 to 2024-12-18: The gdelt api returned a non-successful statuscode. This is the response message: Please limit requests to one every 5 seconds or contact kalev.leetaru5@gmail.com for larger queries.
[2024-12-19T10:51:09.534+0000] {logging_mixin.py:190} INFO - Fetching news from 2020-05-11 to 2020-05-12 for CH...
[2024-12-19T10:51:10.395+0000] {logging_mixin.py:190} INFO - Error fetching data from 2020-03-10 to 2024-12-18: The gdelt api returned a non-successful statuscode. This is the response message: Please limit requests to one every 5 seconds or contact kalev.leetaru5@gmail.com for larger queries.
[2024-12-19T10:51:11.396+0000] {logging_mixin.py:190} INFO - Fetching news from 2020-05-12 to 2020-05-13 for CH...
[2024-12-19T10:51:12.243+0000] {logging_mixin.py:190} INFO - Error fetching data from 2020-03-10 to 2024-12-18: The gdelt api returned a non-successful statuscode. This is the response message: Please limit requests to one every 5 seconds or contact kalev.leetaru5@gmail.com for larger queries.
[2024-12-19T10:51:13.245+0000] {logging_mixin.py:190} INFO - Fetching news from 2020-05-13 to 2020-05-14 for CH...
[2024-12-19T10:51:14.090+0000] {logging_mixin.py:190} INFO - Error fetching data from 2020-03-10 to 2024-12-18: The gdelt api returned a non-successful statuscode. This is the response message: Please limit requests to one every 5 seconds or contact kalev.leetaru5@gmail.com for larger queries.
[2024-12-19T10:51:15.092+0000] {logging_mixin.py:190} INFO - Fetching news from 2020-05-14 to 2020-05-15 for CH...
[2024-12-19T10:51:15.937+0000] {logging_mixin.py:190} INFO - Error fetching data from 2020-03-10 to 2024-12-18: The gdelt api returned a non-successful statuscode. This is the response message: Please limit requests to one every 5 seconds or contact kalev.leetaru5@gmail.com for larger queries.
[2024-12-19T10:51:16.939+0000] {logging_mixin.py:190} INFO - Fetching news from 2020-05-15 to 2020-05-16 for CH...
[2024-12-19T10:51:17.810+0000] {logging_mixin.py:190} INFO - Error fetching data from 2020-03-10 to 2024-12-18: The gdelt api returned a non-successful statuscode. This is the response message: Please limit requests to one every 5 seconds or contact kalev.leetaru5@gmail.com for larger queries.
[2024-12-19T10:51:18.812+0000] {logging_mixin.py:190} INFO - Fetching news from 2020-05-16 to 2020-05-17 for CH...
[2024-12-19T10:51:19.651+0000] {logging_mixin.py:190} INFO - Error fetching data from 2020-03-10 to 2024-12-18: The gdelt api returned a non-successful statuscode. This is the response message: Please limit requests to one every 5 seconds or contact kalev.leetaru5@gmail.com for larger queries.
[2024-12-19T10:51:20.653+0000] {logging_mixin.py:190} INFO - Fetching news from 2020-05-17 to 2020-05-18 for CH...
[2024-12-19T10:51:21.554+0000] {logging_mixin.py:190} INFO - Error fetching data from 2020-03-10 to 2024-12-18: The gdelt api returned a non-successful statuscode. This is the response message: Please limit requests to one every 5 seconds or contact kalev.leetaru5@gmail.com for larger queries.
[2024-12-19T10:51:22.554+0000] {logging_mixin.py:190} INFO - Fetching news from 2020-05-18 to 2020-05-19 for CH...
[2024-12-19T10:51:23.419+0000] {logging_mixin.py:190} INFO - Error fetching data from 2020-03-10 to 2024-12-18: The gdelt api returned a non-successful statuscode. This is the response message: Please limit requests to one every 5 seconds or contact kalev.leetaru5@gmail.com for larger queries.
[2024-12-19T10:51:24.420+0000] {logging_mixin.py:190} INFO - Fetching news from 2020-05-19 to 2020-05-20 for CH...
[2024-12-19T10:51:25.256+0000] {logging_mixin.py:190} INFO - Error fetching data from 2020-03-10 to 2024-12-18: The gdelt api returned a non-successful statuscode. This is the response message: Please limit requests to one every 5 seconds or contact kalev.leetaru5@gmail.com for larger queries.
[2024-12-19T10:51:26.258+0000] {logging_mixin.py:190} INFO - Fetching news from 2020-05-20 to 2020-05-21 for CH...
[2024-12-19T10:51:27.096+0000] {logging_mixin.py:190} INFO - Error fetching data from 2020-03-10 to 2024-12-18: The gdelt api returned a non-successful statuscode. This is the response message: Please limit requests to one every 5 seconds or contact kalev.leetaru5@gmail.com for larger queries.
[2024-12-19T10:51:28.098+0000] {logging_mixin.py:190} INFO - Fetching news from 2020-05-21 to 2020-05-22 for CH...
[2024-12-19T10:51:28.946+0000] {logging_mixin.py:190} INFO - Error fetching data from 2020-03-10 to 2024-12-18: The gdelt api returned a non-successful statuscode. This is the response message: Please limit requests to one every 5 seconds or contact kalev.leetaru5@gmail.com for larger queries.
[2024-12-19T10:51:29.956+0000] {logging_mixin.py:190} INFO - Fetching news from 2020-05-22 to 2020-05-23 for CH...
[2024-12-19T10:51:30.768+0000] {logging_mixin.py:190} INFO - Error fetching data from 2020-03-10 to 2024-12-18: The gdelt api returned a non-successful statuscode. This is the response message: Please limit requests to one every 5 seconds or contact kalev.leetaru5@gmail.com for larger queries.
[2024-12-19T10:51:31.769+0000] {logging_mixin.py:190} INFO - Fetching news from 2020-05-23 to 2020-05-24 for CH...
[2024-12-19T10:51:32.607+0000] {logging_mixin.py:190} INFO - Error fetching data from 2020-03-10 to 2024-12-18: The gdelt api returned a non-successful statuscode. This is the response message: Please limit requests to one every 5 seconds or contact kalev.leetaru5@gmail.com for larger queries.
[2024-12-19T10:51:33.608+0000] {logging_mixin.py:190} INFO - Fetching news from 2020-05-24 to 2020-05-25 for CH...
[2024-12-19T10:51:34.480+0000] {logging_mixin.py:190} INFO - Error fetching data from 2020-03-10 to 2024-12-18: The gdelt api returned a non-successful statuscode. This is the response message: Please limit requests to one every 5 seconds or contact kalev.leetaru5@gmail.com for larger queries.
[2024-12-19T10:51:35.482+0000] {logging_mixin.py:190} INFO - Fetching news from 2020-05-25 to 2020-05-26 for CH...
[2024-12-19T10:51:36.320+0000] {logging_mixin.py:190} INFO - Error fetching data from 2020-03-10 to 2024-12-18: The gdelt api returned a non-successful statuscode. This is the response message: Please limit requests to one every 5 seconds or contact kalev.leetaru5@gmail.com for larger queries.
[2024-12-19T10:51:37.322+0000] {logging_mixin.py:190} INFO - Fetching news from 2020-05-26 to 2020-05-27 for CH...
[2024-12-19T10:51:38.161+0000] {logging_mixin.py:190} INFO - Error fetching data from 2020-03-10 to 2024-12-18: The gdelt api returned a non-successful statuscode. This is the response message: Please limit requests to one every 5 seconds or contact kalev.leetaru5@gmail.com for larger queries.
[2024-12-19T10:51:39.163+0000] {logging_mixin.py:190} INFO - Fetching news from 2020-05-27 to 2020-05-28 for CH...
[2024-12-19T10:51:40.043+0000] {logging_mixin.py:190} INFO - Error fetching data from 2020-03-10 to 2024-12-18: The gdelt api returned a non-successful statuscode. This is the response message: Please limit requests to one every 5 seconds or contact kalev.leetaru5@gmail.com for larger queries.
[2024-12-19T10:51:41.045+0000] {logging_mixin.py:190} INFO - Fetching news from 2020-05-28 to 2020-05-29 for CH...
[2024-12-19T10:51:41.881+0000] {logging_mixin.py:190} INFO - Error fetching data from 2020-03-10 to 2024-12-18: The gdelt api returned a non-successful statuscode. This is the response message: Please limit requests to one every 5 seconds or contact kalev.leetaru5@gmail.com for larger queries.
[2024-12-19T10:51:42.882+0000] {logging_mixin.py:190} INFO - Fetching news from 2020-05-29 to 2020-05-30 for CH...
[2024-12-19T10:51:43.687+0000] {logging_mixin.py:190} INFO - Error fetching data from 2020-03-10 to 2024-12-18: The gdelt api returned a non-successful statuscode. This is the response message: Please limit requests to one every 5 seconds or contact kalev.leetaru5@gmail.com for larger queries.
[2024-12-19T10:51:49.689+0000] {logging_mixin.py:190} INFO - Fetching news from 2020-05-30 to 2020-05-31 for CH...
[2024-12-19T10:51:50.566+0000] {logging_mixin.py:190} INFO - Error fetching data from 2020-03-10 to 2024-12-18: The gdelt api returned a non-successful statuscode. This is the response message: Please limit requests to one every 5 seconds or contact kalev.leetaru5@gmail.com for larger queries.
[2024-12-19T10:51:51.567+0000] {logging_mixin.py:190} INFO - Fetching news from 2020-05-31 to 2020-06-01 for CH...
[2024-12-19T10:51:52.425+0000] {logging_mixin.py:190} INFO - Error fetching data from 2020-03-10 to 2024-12-18: The gdelt api returned a non-successful statuscode. This is the response message: Please limit requests to one every 5 seconds or contact kalev.leetaru5@gmail.com for larger queries.
[2024-12-19T10:51:53.440+0000] {logging_mixin.py:190} INFO - Fetching news from 2020-06-01 to 2020-06-02 for CH...
[2024-12-19T10:51:54.274+0000] {logging_mixin.py:190} INFO - Error fetching data from 2020-03-10 to 2024-12-18: The gdelt api returned a non-successful statuscode. This is the response message: Please limit requests to one every 5 seconds or contact kalev.leetaru5@gmail.com for larger queries.
[2024-12-19T10:51:55.276+0000] {logging_mixin.py:190} INFO - Fetching news from 2020-06-02 to 2020-06-03 for CH...
[2024-12-19T10:51:56.142+0000] {logging_mixin.py:190} INFO - Error fetching data from 2020-03-10 to 2024-12-18: The gdelt api returned a non-successful statuscode. This is the response message: Please limit requests to one every 5 seconds or contact kalev.leetaru5@gmail.com for larger queries.
[2024-12-19T10:51:57.144+0000] {logging_mixin.py:190} INFO - Fetching news from 2020-06-03 to 2020-06-04 for CH...
[2024-12-19T10:51:58.000+0000] {logging_mixin.py:190} INFO - Error fetching data from 2020-03-10 to 2024-12-18: The gdelt api returned a non-successful statuscode. This is the response message: Please limit requests to one every 5 seconds or contact kalev.leetaru5@gmail.com for larger queries.
[2024-12-19T10:51:59.002+0000] {logging_mixin.py:190} INFO - Fetching news from 2020-06-04 to 2020-06-05 for CH...
[2024-12-19T10:51:59.846+0000] {logging_mixin.py:190} INFO - Error fetching data from 2020-03-10 to 2024-12-18: The gdelt api returned a non-successful statuscode. This is the response message: Please limit requests to one every 5 seconds or contact kalev.leetaru5@gmail.com for larger queries.
[2024-12-19T10:52:00.848+0000] {logging_mixin.py:190} INFO - Fetching news from 2020-06-05 to 2020-06-06 for CH...
[2024-12-19T10:52:01.723+0000] {logging_mixin.py:190} INFO - Error fetching data from 2020-03-10 to 2024-12-18: The gdelt api returned a non-successful statuscode. This is the response message: Please limit requests to one every 5 seconds or contact kalev.leetaru5@gmail.com for larger queries.
[2024-12-19T10:52:02.725+0000] {logging_mixin.py:190} INFO - Fetching news from 2020-06-06 to 2020-06-07 for CH...
[2024-12-19T10:52:03.584+0000] {logging_mixin.py:190} INFO - Error fetching data from 2020-03-10 to 2024-12-18: The gdelt api returned a non-successful statuscode. This is the response message: Please limit requests to one every 5 seconds or contact kalev.leetaru5@gmail.com for larger queries.
[2024-12-19T10:52:04.585+0000] {logging_mixin.py:190} INFO - Fetching news from 2020-06-07 to 2020-06-08 for CH...
[2024-12-19T10:52:05.425+0000] {logging_mixin.py:190} INFO - Error fetching data from 2020-03-10 to 2024-12-18: The gdelt api returned a non-successful statuscode. This is the response message: Please limit requests to one every 5 seconds or contact kalev.leetaru5@gmail.com for larger queries.
[2024-12-19T10:52:06.427+0000] {logging_mixin.py:190} INFO - Fetching news from 2020-06-08 to 2020-06-09 for CH...
[2024-12-19T10:52:07.298+0000] {logging_mixin.py:190} INFO - Error fetching data from 2020-03-10 to 2024-12-18: The gdelt api returned a non-successful statuscode. This is the response message: Please limit requests to one every 5 seconds or contact kalev.leetaru5@gmail.com for larger queries.
[2024-12-19T10:52:08.299+0000] {logging_mixin.py:190} INFO - Fetching news from 2020-06-09 to 2020-06-10 for CH...
[2024-12-19T10:52:09.165+0000] {logging_mixin.py:190} INFO - Error fetching data from 2020-03-10 to 2024-12-18: The gdelt api returned a non-successful statuscode. This is the response message: Please limit requests to one every 5 seconds or contact kalev.leetaru5@gmail.com for larger queries.
[2024-12-19T10:52:10.166+0000] {logging_mixin.py:190} INFO - Fetching news from 2020-06-10 to 2020-06-11 for CH...
[2024-12-19T10:52:11.012+0000] {logging_mixin.py:190} INFO - Error fetching data from 2020-03-10 to 2024-12-18: The gdelt api returned a non-successful statuscode. This is the response message: Please limit requests to one every 5 seconds or contact kalev.leetaru5@gmail.com for larger queries.
[2024-12-19T10:52:12.014+0000] {logging_mixin.py:190} INFO - Fetching news from 2020-06-11 to 2020-06-12 for CH...
[2024-12-19T10:52:12.885+0000] {logging_mixin.py:190} INFO - Error fetching data from 2020-03-10 to 2024-12-18: The gdelt api returned a non-successful statuscode. This is the response message: Please limit requests to one every 5 seconds or contact kalev.leetaru5@gmail.com for larger queries.
[2024-12-19T10:52:13.887+0000] {logging_mixin.py:190} INFO - Fetching news from 2020-06-12 to 2020-06-13 for CH...
[2024-12-19T10:52:14.724+0000] {logging_mixin.py:190} INFO - Error fetching data from 2020-03-10 to 2024-12-18: The gdelt api returned a non-successful statuscode. This is the response message: Please limit requests to one every 5 seconds or contact kalev.leetaru5@gmail.com for larger queries.
[2024-12-19T10:52:15.726+0000] {logging_mixin.py:190} INFO - Fetching news from 2020-06-13 to 2020-06-14 for CH...
[2024-12-19T10:52:16.550+0000] {logging_mixin.py:190} INFO - Error fetching data from 2020-03-10 to 2024-12-18: The gdelt api returned a non-successful statuscode. This is the response message: Please limit requests to one every 5 seconds or contact kalev.leetaru5@gmail.com for larger queries.
[2024-12-19T10:52:17.552+0000] {logging_mixin.py:190} INFO - Fetching news from 2020-06-14 to 2020-06-15 for CH...
[2024-12-19T10:52:18.420+0000] {logging_mixin.py:190} INFO - Error fetching data from 2020-03-10 to 2024-12-18: The gdelt api returned a non-successful statuscode. This is the response message: Please limit requests to one every 5 seconds or contact kalev.leetaru5@gmail.com for larger queries.
[2024-12-19T10:52:19.422+0000] {logging_mixin.py:190} INFO - Fetching news from 2020-06-15 to 2020-06-16 for CH...
[2024-12-19T10:52:20.264+0000] {logging_mixin.py:190} INFO - Error fetching data from 2020-03-10 to 2024-12-18: The gdelt api returned a non-successful statuscode. This is the response message: Please limit requests to one every 5 seconds or contact kalev.leetaru5@gmail.com for larger queries.
[2024-12-19T10:52:21.266+0000] {logging_mixin.py:190} INFO - Fetching news from 2020-06-16 to 2020-06-17 for CH...
[2024-12-19T10:52:22.070+0000] {logging_mixin.py:190} INFO - Error fetching data from 2020-03-10 to 2024-12-18: The gdelt api returned a non-successful statuscode. This is the response message: Please limit requests to one every 5 seconds or contact kalev.leetaru5@gmail.com for larger queries.
[2024-12-19T10:52:23.070+0000] {logging_mixin.py:190} INFO - Fetching news from 2020-06-17 to 2020-06-18 for CH...
[2024-12-19T10:52:23.917+0000] {logging_mixin.py:190} INFO - Error fetching data from 2020-03-10 to 2024-12-18: The gdelt api returned a non-successful statuscode. This is the response message: Please limit requests to one every 5 seconds or contact kalev.leetaru5@gmail.com for larger queries.
[2024-12-19T10:52:24.919+0000] {logging_mixin.py:190} INFO - Fetching news from 2020-06-18 to 2020-06-19 for CH...
[2024-12-19T10:52:25.742+0000] {logging_mixin.py:190} INFO - Error fetching data from 2020-03-10 to 2024-12-18: The gdelt api returned a non-successful statuscode. This is the response message: Please limit requests to one every 5 seconds or contact kalev.leetaru5@gmail.com for larger queries.
[2024-12-19T10:52:26.744+0000] {logging_mixin.py:190} INFO - Fetching news from 2020-06-19 to 2020-06-20 for CH...
[2024-12-19T10:52:27.615+0000] {logging_mixin.py:190} INFO - Error fetching data from 2020-03-10 to 2024-12-18: The gdelt api returned a non-successful statuscode. This is the response message: Please limit requests to one every 5 seconds or contact kalev.leetaru5@gmail.com for larger queries.
[2024-12-19T10:52:28.616+0000] {logging_mixin.py:190} INFO - Fetching news from 2020-06-20 to 2020-06-21 for CH...
[2024-12-19T10:52:29.486+0000] {logging_mixin.py:190} INFO - Error fetching data from 2020-03-10 to 2024-12-18: The gdelt api returned a non-successful statuscode. This is the response message: Please limit requests to one every 5 seconds or contact kalev.leetaru5@gmail.com for larger queries.
[2024-12-19T10:52:30.488+0000] {logging_mixin.py:190} INFO - Fetching news from 2020-06-21 to 2020-06-22 for CH...
[2024-12-19T10:52:31.323+0000] {logging_mixin.py:190} INFO - Error fetching data from 2020-03-10 to 2024-12-18: The gdelt api returned a non-successful statuscode. This is the response message: Please limit requests to one every 5 seconds or contact kalev.leetaru5@gmail.com for larger queries.
[2024-12-19T10:52:32.324+0000] {logging_mixin.py:190} INFO - Fetching news from 2020-06-22 to 2020-06-23 for CH...
[2024-12-19T10:52:33.184+0000] {logging_mixin.py:190} INFO - Error fetching data from 2020-03-10 to 2024-12-18: The gdelt api returned a non-successful statuscode. This is the response message: Please limit requests to one every 5 seconds or contact kalev.leetaru5@gmail.com for larger queries.
[2024-12-19T10:52:34.187+0000] {logging_mixin.py:190} INFO - Fetching news from 2020-06-23 to 2020-06-24 for CH...
[2024-12-19T10:52:35.025+0000] {logging_mixin.py:190} INFO - Error fetching data from 2020-03-10 to 2024-12-18: The gdelt api returned a non-successful statuscode. This is the response message: Please limit requests to one every 5 seconds or contact kalev.leetaru5@gmail.com for larger queries.
[2024-12-19T10:52:36.027+0000] {logging_mixin.py:190} INFO - Fetching news from 2020-06-24 to 2020-06-25 for CH...
[2024-12-19T10:52:36.829+0000] {logging_mixin.py:190} INFO - Error fetching data from 2020-03-10 to 2024-12-18: The gdelt api returned a non-successful statuscode. This is the response message: Please limit requests to one every 5 seconds or contact kalev.leetaru5@gmail.com for larger queries.
[2024-12-19T10:52:37.831+0000] {logging_mixin.py:190} INFO - Fetching news from 2020-06-25 to 2020-06-26 for CH...
[2024-12-19T10:52:38.669+0000] {logging_mixin.py:190} INFO - Error fetching data from 2020-03-10 to 2024-12-18: The gdelt api returned a non-successful statuscode. This is the response message: Please limit requests to one every 5 seconds or contact kalev.leetaru5@gmail.com for larger queries.
[2024-12-19T10:52:39.671+0000] {logging_mixin.py:190} INFO - Fetching news from 2020-06-26 to 2020-06-27 for CH...
[2024-12-19T10:52:40.565+0000] {logging_mixin.py:190} INFO - Error fetching data from 2020-03-10 to 2024-12-18: The gdelt api returned a non-successful statuscode. This is the response message: Please limit requests to one every 5 seconds or contact kalev.leetaru5@gmail.com for larger queries.
[2024-12-19T10:52:41.567+0000] {logging_mixin.py:190} INFO - Fetching news from 2020-06-27 to 2020-06-28 for CH...
[2024-12-19T10:52:42.407+0000] {logging_mixin.py:190} INFO - Error fetching data from 2020-03-10 to 2024-12-18: The gdelt api returned a non-successful statuscode. This is the response message: Please limit requests to one every 5 seconds or contact kalev.leetaru5@gmail.com for larger queries.
[2024-12-19T10:52:43.409+0000] {logging_mixin.py:190} INFO - Fetching news from 2020-06-28 to 2020-06-29 for CH...
[2024-12-19T10:52:44.264+0000] {logging_mixin.py:190} INFO - Error fetching data from 2020-03-10 to 2024-12-18: The gdelt api returned a non-successful statuscode. This is the response message: Please limit requests to one every 5 seconds or contact kalev.leetaru5@gmail.com for larger queries.
[2024-12-19T10:52:45.266+0000] {logging_mixin.py:190} INFO - Fetching news from 2020-06-29 to 2020-06-30 for CH...
[2024-12-19T10:52:46.113+0000] {logging_mixin.py:190} INFO - Error fetching data from 2020-03-10 to 2024-12-18: The gdelt api returned a non-successful statuscode. This is the response message: Please limit requests to one every 5 seconds or contact kalev.leetaru5@gmail.com for larger queries.
[2024-12-19T10:52:52.115+0000] {logging_mixin.py:190} INFO - Fetching news from 2020-06-30 to 2020-07-01 for CH...
[2024-12-19T10:52:52.941+0000] {logging_mixin.py:190} INFO - Error fetching data from 2020-03-10 to 2024-12-18: The gdelt api returned a non-successful statuscode. This is the response message: Please limit requests to one every 5 seconds or contact kalev.leetaru5@gmail.com for larger queries.
[2024-12-19T10:52:53.942+0000] {logging_mixin.py:190} INFO - Fetching news from 2020-07-01 to 2020-07-02 for CH...
[2024-12-19T10:52:54.807+0000] {logging_mixin.py:190} INFO - Error fetching data from 2020-03-10 to 2024-12-18: The gdelt api returned a non-successful statuscode. This is the response message: Please limit requests to one every 5 seconds or contact kalev.leetaru5@gmail.com for larger queries.
[2024-12-19T10:52:55.809+0000] {logging_mixin.py:190} INFO - Fetching news from 2020-07-02 to 2020-07-03 for CH...
[2024-12-19T10:52:56.655+0000] {logging_mixin.py:190} INFO - Error fetching data from 2020-03-10 to 2024-12-18: The gdelt api returned a non-successful statuscode. This is the response message: Please limit requests to one every 5 seconds or contact kalev.leetaru5@gmail.com for larger queries.
[2024-12-19T10:52:57.657+0000] {logging_mixin.py:190} INFO - Fetching news from 2020-07-03 to 2020-07-04 for CH...
[2024-12-19T10:52:58.518+0000] {logging_mixin.py:190} INFO - Error fetching data from 2020-03-10 to 2024-12-18: The gdelt api returned a non-successful statuscode. This is the response message: Please limit requests to one every 5 seconds or contact kalev.leetaru5@gmail.com for larger queries.
[2024-12-19T10:52:59.520+0000] {logging_mixin.py:190} INFO - Fetching news from 2020-07-04 to 2020-07-05 for CH...
[2024-12-19T10:53:00.363+0000] {logging_mixin.py:190} INFO - Error fetching data from 2020-03-10 to 2024-12-18: The gdelt api returned a non-successful statuscode. This is the response message: Please limit requests to one every 5 seconds or contact kalev.leetaru5@gmail.com for larger queries.
[2024-12-19T10:53:01.366+0000] {logging_mixin.py:190} INFO - Fetching news from 2020-07-05 to 2020-07-06 for CH...
[2024-12-19T10:53:02.204+0000] {logging_mixin.py:190} INFO - Error fetching data from 2020-03-10 to 2024-12-18: The gdelt api returned a non-successful statuscode. This is the response message: Please limit requests to one every 5 seconds or contact kalev.leetaru5@gmail.com for larger queries.
[2024-12-19T10:53:03.205+0000] {logging_mixin.py:190} INFO - Fetching news from 2020-07-06 to 2020-07-07 for CH...
[2024-12-19T10:53:04.078+0000] {logging_mixin.py:190} INFO - Error fetching data from 2020-03-10 to 2024-12-18: The gdelt api returned a non-successful statuscode. This is the response message: Please limit requests to one every 5 seconds or contact kalev.leetaru5@gmail.com for larger queries.
[2024-12-19T10:53:05.079+0000] {logging_mixin.py:190} INFO - Fetching news from 2020-07-07 to 2020-07-08 for CH...
[2024-12-19T10:53:05.922+0000] {logging_mixin.py:190} INFO - Error fetching data from 2020-03-10 to 2024-12-18: The gdelt api returned a non-successful statuscode. This is the response message: Please limit requests to one every 5 seconds or contact kalev.leetaru5@gmail.com for larger queries.
[2024-12-19T10:53:06.926+0000] {logging_mixin.py:190} INFO - Fetching news from 2020-07-08 to 2020-07-09 for CH...
[2024-12-19T10:53:07.793+0000] {logging_mixin.py:190} INFO - Error fetching data from 2020-03-10 to 2024-12-18: The gdelt api returned a non-successful statuscode. This is the response message: Please limit requests to one every 5 seconds or contact kalev.leetaru5@gmail.com for larger queries.
[2024-12-19T10:53:08.795+0000] {logging_mixin.py:190} INFO - Fetching news from 2020-07-09 to 2020-07-10 for CH...
[2024-12-19T10:53:09.674+0000] {logging_mixin.py:190} INFO - Error fetching data from 2020-03-10 to 2024-12-18: The gdelt api returned a non-successful statuscode. This is the response message: Please limit requests to one every 5 seconds or contact kalev.leetaru5@gmail.com for larger queries.
[2024-12-19T10:53:10.676+0000] {logging_mixin.py:190} INFO - Fetching news from 2020-07-10 to 2020-07-11 for CH...
[2024-12-19T10:53:11.514+0000] {logging_mixin.py:190} INFO - Error fetching data from 2020-03-10 to 2024-12-18: The gdelt api returned a non-successful statuscode. This is the response message: Please limit requests to one every 5 seconds or contact kalev.leetaru5@gmail.com for larger queries.
[2024-12-19T10:53:12.517+0000] {logging_mixin.py:190} INFO - Fetching news from 2020-07-11 to 2020-07-12 for CH...
[2024-12-19T10:53:13.347+0000] {logging_mixin.py:190} INFO - Error fetching data from 2020-03-10 to 2024-12-18: The gdelt api returned a non-successful statuscode. This is the response message: Please limit requests to one every 5 seconds or contact kalev.leetaru5@gmail.com for larger queries.
[2024-12-19T10:53:14.349+0000] {logging_mixin.py:190} INFO - Fetching news from 2020-07-12 to 2020-07-13 for CH...
[2024-12-19T10:53:15.228+0000] {logging_mixin.py:190} INFO - Error fetching data from 2020-03-10 to 2024-12-18: The gdelt api returned a non-successful statuscode. This is the response message: Please limit requests to one every 5 seconds or contact kalev.leetaru5@gmail.com for larger queries.
[2024-12-19T10:53:16.230+0000] {logging_mixin.py:190} INFO - Fetching news from 2020-07-13 to 2020-07-14 for CH...
[2024-12-19T10:53:17.070+0000] {logging_mixin.py:190} INFO - Error fetching data from 2020-03-10 to 2024-12-18: The gdelt api returned a non-successful statuscode. This is the response message: Please limit requests to one every 5 seconds or contact kalev.leetaru5@gmail.com for larger queries.
[2024-12-19T10:53:18.071+0000] {logging_mixin.py:190} INFO - Fetching news from 2020-07-14 to 2020-07-15 for CH...
[2024-12-19T10:53:18.908+0000] {logging_mixin.py:190} INFO - Error fetching data from 2020-03-10 to 2024-12-18: The gdelt api returned a non-successful statuscode. This is the response message: Please limit requests to one every 5 seconds or contact kalev.leetaru5@gmail.com for larger queries.
[2024-12-19T10:53:19.909+0000] {logging_mixin.py:190} INFO - Fetching news from 2020-07-15 to 2020-07-16 for CH...
[2024-12-19T10:53:20.777+0000] {logging_mixin.py:190} INFO - Error fetching data from 2020-03-10 to 2024-12-18: The gdelt api returned a non-successful statuscode. This is the response message: Please limit requests to one every 5 seconds or contact kalev.leetaru5@gmail.com for larger queries.
[2024-12-19T10:53:21.779+0000] {logging_mixin.py:190} INFO - Fetching news from 2020-07-16 to 2020-07-17 for CH...
[2024-12-19T10:53:22.668+0000] {logging_mixin.py:190} INFO - Error fetching data from 2020-03-10 to 2024-12-18: The gdelt api returned a non-successful statuscode. This is the response message: Please limit requests to one every 5 seconds or contact kalev.leetaru5@gmail.com for larger queries.
[2024-12-19T10:53:23.670+0000] {logging_mixin.py:190} INFO - Fetching news from 2020-07-17 to 2020-07-18 for CH...
[2024-12-19T10:53:24.511+0000] {logging_mixin.py:190} INFO - Error fetching data from 2020-03-10 to 2024-12-18: The gdelt api returned a non-successful statuscode. This is the response message: Please limit requests to one every 5 seconds or contact kalev.leetaru5@gmail.com for larger queries.
[2024-12-19T10:53:25.518+0000] {logging_mixin.py:190} INFO - Fetching news from 2020-07-18 to 2020-07-19 for CH...
[2024-12-19T10:53:26.362+0000] {logging_mixin.py:190} INFO - Error fetching data from 2020-03-10 to 2024-12-18: The gdelt api returned a non-successful statuscode. This is the response message: Please limit requests to one every 5 seconds or contact kalev.leetaru5@gmail.com for larger queries.
[2024-12-19T10:53:27.365+0000] {logging_mixin.py:190} INFO - Fetching news from 2020-07-19 to 2020-07-20 for CH...
[2024-12-19T10:53:28.188+0000] {logging_mixin.py:190} INFO - Error fetching data from 2020-03-10 to 2024-12-18: The gdelt api returned a non-successful statuscode. This is the response message: Please limit requests to one every 5 seconds or contact kalev.leetaru5@gmail.com for larger queries.
[2024-12-19T10:53:29.189+0000] {logging_mixin.py:190} INFO - Fetching news from 2020-07-20 to 2020-07-21 for CH...
[2024-12-19T10:53:29.991+0000] {logging_mixin.py:190} INFO - Error fetching data from 2020-03-10 to 2024-12-18: The gdelt api returned a non-successful statuscode. This is the response message: Please limit requests to one every 5 seconds or contact kalev.leetaru5@gmail.com for larger queries.
[2024-12-19T10:53:30.993+0000] {logging_mixin.py:190} INFO - Fetching news from 2020-07-21 to 2020-07-22 for CH...
[2024-12-19T10:53:31.856+0000] {logging_mixin.py:190} INFO - Error fetching data from 2020-03-10 to 2024-12-18: The gdelt api returned a non-successful statuscode. This is the response message: Please limit requests to one every 5 seconds or contact kalev.leetaru5@gmail.com for larger queries.
[2024-12-19T10:53:32.858+0000] {logging_mixin.py:190} INFO - Fetching news from 2020-07-22 to 2020-07-23 for CH...
[2024-12-19T10:53:33.669+0000] {logging_mixin.py:190} INFO - Error fetching data from 2020-03-10 to 2024-12-18: The gdelt api returned a non-successful statuscode. This is the response message: Please limit requests to one every 5 seconds or contact kalev.leetaru5@gmail.com for larger queries.
[2024-12-19T10:53:34.670+0000] {logging_mixin.py:190} INFO - Fetching news from 2020-07-23 to 2020-07-24 for CH...
[2024-12-19T10:53:35.471+0000] {logging_mixin.py:190} INFO - Error fetching data from 2020-03-10 to 2024-12-18: The gdelt api returned a non-successful statuscode. This is the response message: Please limit requests to one every 5 seconds or contact kalev.leetaru5@gmail.com for larger queries.
[2024-12-19T10:53:36.472+0000] {logging_mixin.py:190} INFO - Fetching news from 2020-07-24 to 2020-07-25 for CH...
[2024-12-19T10:53:37.377+0000] {logging_mixin.py:190} INFO - Error fetching data from 2020-03-10 to 2024-12-18: The gdelt api returned a non-successful statuscode. This is the response message: Please limit requests to one every 5 seconds or contact kalev.leetaru5@gmail.com for larger queries.
[2024-12-19T10:53:38.378+0000] {logging_mixin.py:190} INFO - Fetching news from 2020-07-25 to 2020-07-26 for CH...
[2024-12-19T10:53:39.227+0000] {logging_mixin.py:190} INFO - Error fetching data from 2020-03-10 to 2024-12-18: The gdelt api returned a non-successful statuscode. This is the response message: Please limit requests to one every 5 seconds or contact kalev.leetaru5@gmail.com for larger queries.
[2024-12-19T10:53:40.229+0000] {logging_mixin.py:190} INFO - Fetching news from 2020-07-26 to 2020-07-27 for CH...
[2024-12-19T10:53:41.068+0000] {logging_mixin.py:190} INFO - Error fetching data from 2020-03-10 to 2024-12-18: The gdelt api returned a non-successful statuscode. This is the response message: Please limit requests to one every 5 seconds or contact kalev.leetaru5@gmail.com for larger queries.
[2024-12-19T10:53:42.069+0000] {logging_mixin.py:190} INFO - Fetching news from 2020-07-27 to 2020-07-28 for CH...
[2024-12-19T10:53:42.955+0000] {logging_mixin.py:190} INFO - Error fetching data from 2020-03-10 to 2024-12-18: The gdelt api returned a non-successful statuscode. This is the response message: Please limit requests to one every 5 seconds or contact kalev.leetaru5@gmail.com for larger queries.
[2024-12-19T10:53:43.957+0000] {logging_mixin.py:190} INFO - Fetching news from 2020-07-28 to 2020-07-29 for CH...
[2024-12-19T10:53:44.809+0000] {logging_mixin.py:190} INFO - Error fetching data from 2020-03-10 to 2024-12-18: The gdelt api returned a non-successful statuscode. This is the response message: Please limit requests to one every 5 seconds or contact kalev.leetaru5@gmail.com for larger queries.
[2024-12-19T10:53:45.811+0000] {logging_mixin.py:190} INFO - Fetching news from 2020-07-29 to 2020-07-30 for CH...
[2024-12-19T10:53:46.686+0000] {logging_mixin.py:190} INFO - Error fetching data from 2020-03-10 to 2024-12-18: The gdelt api returned a non-successful statuscode. This is the response message: Please limit requests to one every 5 seconds or contact kalev.leetaru5@gmail.com for larger queries.
[2024-12-19T10:53:52.686+0000] {logging_mixin.py:190} INFO - Fetching news from 2020-07-30 to 2020-07-31 for CH...
[2024-12-19T10:53:53.546+0000] {logging_mixin.py:190} INFO - Error fetching data from 2020-03-10 to 2024-12-18: The gdelt api returned a non-successful statuscode. This is the response message: Please limit requests to one every 5 seconds or contact kalev.leetaru5@gmail.com for larger queries.
[2024-12-19T10:53:54.548+0000] {logging_mixin.py:190} INFO - Fetching news from 2020-07-31 to 2020-08-01 for CH...
[2024-12-19T10:53:55.368+0000] {logging_mixin.py:190} INFO - Error fetching data from 2020-03-10 to 2024-12-18: The gdelt api returned a non-successful statuscode. This is the response message: Please limit requests to one every 5 seconds or contact kalev.leetaru5@gmail.com for larger queries.
[2024-12-19T10:53:56.370+0000] {logging_mixin.py:190} INFO - Fetching news from 2020-08-01 to 2020-08-02 for CH...
[2024-12-19T10:53:57.172+0000] {logging_mixin.py:190} INFO - Error fetching data from 2020-03-10 to 2024-12-18: The gdelt api returned a non-successful statuscode. This is the response message: Please limit requests to one every 5 seconds or contact kalev.leetaru5@gmail.com for larger queries.
[2024-12-19T10:53:58.174+0000] {logging_mixin.py:190} INFO - Fetching news from 2020-08-02 to 2020-08-03 for CH...
[2024-12-19T10:53:59.087+0000] {logging_mixin.py:190} INFO - Error fetching data from 2020-03-10 to 2024-12-18: The gdelt api returned a non-successful statuscode. This is the response message: Please limit requests to one every 5 seconds or contact kalev.leetaru5@gmail.com for larger queries.
[2024-12-19T10:54:00.090+0000] {logging_mixin.py:190} INFO - Fetching news from 2020-08-03 to 2020-08-04 for CH...
[2024-12-19T10:54:00.943+0000] {logging_mixin.py:190} INFO - Error fetching data from 2020-03-10 to 2024-12-18: The gdelt api returned a non-successful statuscode. This is the response message: Please limit requests to one every 5 seconds or contact kalev.leetaru5@gmail.com for larger queries.
[2024-12-19T10:54:01.945+0000] {logging_mixin.py:190} INFO - Fetching news from 2020-08-04 to 2020-08-05 for CH...
[2024-12-19T10:54:02.780+0000] {logging_mixin.py:190} INFO - Error fetching data from 2020-03-10 to 2024-12-18: The gdelt api returned a non-successful statuscode. This is the response message: Please limit requests to one every 5 seconds or contact kalev.leetaru5@gmail.com for larger queries.
[2024-12-19T10:54:03.781+0000] {logging_mixin.py:190} INFO - Fetching news from 2020-08-05 to 2020-08-06 for CH...
[2024-12-19T10:54:04.647+0000] {logging_mixin.py:190} INFO - Error fetching data from 2020-03-10 to 2024-12-18: The gdelt api returned a non-successful statuscode. This is the response message: Please limit requests to one every 5 seconds or contact kalev.leetaru5@gmail.com for larger queries.
[2024-12-19T10:54:05.649+0000] {logging_mixin.py:190} INFO - Fetching news from 2020-08-06 to 2020-08-07 for CH...
[2024-12-19T10:54:06.516+0000] {logging_mixin.py:190} INFO - Error fetching data from 2020-03-10 to 2024-12-18: The gdelt api returned a non-successful statuscode. This is the response message: Please limit requests to one every 5 seconds or contact kalev.leetaru5@gmail.com for larger queries.
[2024-12-19T10:54:07.518+0000] {logging_mixin.py:190} INFO - Fetching news from 2020-08-07 to 2020-08-08 for CH...
[2024-12-19T10:54:08.358+0000] {logging_mixin.py:190} INFO - Error fetching data from 2020-03-10 to 2024-12-18: The gdelt api returned a non-successful statuscode. This is the response message: Please limit requests to one every 5 seconds or contact kalev.leetaru5@gmail.com for larger queries.
[2024-12-19T10:54:09.360+0000] {logging_mixin.py:190} INFO - Fetching news from 2020-08-08 to 2020-08-09 for CH...
[2024-12-19T10:54:10.227+0000] {logging_mixin.py:190} INFO - Error fetching data from 2020-03-10 to 2024-12-18: The gdelt api returned a non-successful statuscode. This is the response message: Please limit requests to one every 5 seconds or contact kalev.leetaru5@gmail.com for larger queries.
[2024-12-19T10:54:11.229+0000] {logging_mixin.py:190} INFO - Fetching news from 2020-08-09 to 2020-08-10 for CH...
[2024-12-19T10:54:12.197+0000] {logging_mixin.py:190} INFO - Error fetching data from 2020-03-10 to 2024-12-18: The gdelt api returned a non-successful statuscode. This is the response message: Please limit requests to one every 5 seconds or contact kalev.leetaru5@gmail.com for larger queries.
[2024-12-19T10:54:13.200+0000] {logging_mixin.py:190} INFO - Fetching news from 2020-08-10 to 2020-08-11 for CH...
[2024-12-19T10:54:14.068+0000] {logging_mixin.py:190} INFO - Error fetching data from 2020-03-10 to 2024-12-18: The gdelt api returned a non-successful statuscode. This is the response message: Please limit requests to one every 5 seconds or contact kalev.leetaru5@gmail.com for larger queries.
[2024-12-19T10:54:15.070+0000] {logging_mixin.py:190} INFO - Fetching news from 2020-08-11 to 2020-08-12 for CH...
[2024-12-19T10:54:15.931+0000] {logging_mixin.py:190} INFO - Error fetching data from 2020-03-10 to 2024-12-18: The gdelt api returned a non-successful statuscode. This is the response message: Please limit requests to one every 5 seconds or contact kalev.leetaru5@gmail.com for larger queries.
[2024-12-19T10:54:16.933+0000] {logging_mixin.py:190} INFO - Fetching news from 2020-08-12 to 2020-08-13 for CH...
[2024-12-19T10:54:17.781+0000] {logging_mixin.py:190} INFO - Error fetching data from 2020-03-10 to 2024-12-18: The gdelt api returned a non-successful statuscode. This is the response message: Please limit requests to one every 5 seconds or contact kalev.leetaru5@gmail.com for larger queries.
[2024-12-19T10:54:18.783+0000] {logging_mixin.py:190} INFO - Fetching news from 2020-08-13 to 2020-08-14 for CH...
[2024-12-19T10:54:19.626+0000] {logging_mixin.py:190} INFO - Error fetching data from 2020-03-10 to 2024-12-18: The gdelt api returned a non-successful statuscode. This is the response message: Please limit requests to one every 5 seconds or contact kalev.leetaru5@gmail.com for larger queries.
[2024-12-19T10:54:20.629+0000] {logging_mixin.py:190} INFO - Fetching news from 2020-08-14 to 2020-08-15 for CH...
[2024-12-19T10:54:21.487+0000] {logging_mixin.py:190} INFO - Error fetching data from 2020-03-10 to 2024-12-18: The gdelt api returned a non-successful statuscode. This is the response message: Please limit requests to one every 5 seconds or contact kalev.leetaru5@gmail.com for larger queries.
[2024-12-19T10:54:22.486+0000] {logging_mixin.py:190} INFO - Fetching news from 2020-08-15 to 2020-08-16 for CH...
[2024-12-19T10:54:23.335+0000] {logging_mixin.py:190} INFO - Error fetching data from 2020-03-10 to 2024-12-18: The gdelt api returned a non-successful statuscode. This is the response message: Please limit requests to one every 5 seconds or contact kalev.leetaru5@gmail.com for larger queries.
[2024-12-19T10:54:24.337+0000] {logging_mixin.py:190} INFO - Fetching news from 2020-08-16 to 2020-08-17 for CH...
[2024-12-19T10:54:25.166+0000] {logging_mixin.py:190} INFO - Error fetching data from 2020-03-10 to 2024-12-18: The gdelt api returned a non-successful statuscode. This is the response message: Please limit requests to one every 5 seconds or contact kalev.leetaru5@gmail.com for larger queries.
[2024-12-19T10:54:26.169+0000] {logging_mixin.py:190} INFO - Fetching news from 2020-08-17 to 2020-08-18 for CH...
[2024-12-19T10:54:27.045+0000] {logging_mixin.py:190} INFO - Error fetching data from 2020-03-10 to 2024-12-18: The gdelt api returned a non-successful statuscode. This is the response message: Please limit requests to one every 5 seconds or contact kalev.leetaru5@gmail.com for larger queries.
[2024-12-19T10:54:28.047+0000] {logging_mixin.py:190} INFO - Fetching news from 2020-08-18 to 2020-08-19 for CH...
[2024-12-19T10:54:28.884+0000] {logging_mixin.py:190} INFO - Error fetching data from 2020-03-10 to 2024-12-18: The gdelt api returned a non-successful statuscode. This is the response message: Please limit requests to one every 5 seconds or contact kalev.leetaru5@gmail.com for larger queries.
[2024-12-19T10:54:29.885+0000] {logging_mixin.py:190} INFO - Fetching news from 2020-08-19 to 2020-08-20 for CH...
[2024-12-19T10:54:30.722+0000] {logging_mixin.py:190} INFO - Error fetching data from 2020-03-10 to 2024-12-18: The gdelt api returned a non-successful statuscode. This is the response message: Please limit requests to one every 5 seconds or contact kalev.leetaru5@gmail.com for larger queries.
[2024-12-19T10:54:31.724+0000] {logging_mixin.py:190} INFO - Fetching news from 2020-08-20 to 2020-08-21 for CH...
[2024-12-19T10:54:32.603+0000] {logging_mixin.py:190} INFO - Error fetching data from 2020-03-10 to 2024-12-18: The gdelt api returned a non-successful statuscode. This is the response message: Please limit requests to one every 5 seconds or contact kalev.leetaru5@gmail.com for larger queries.
[2024-12-19T10:54:33.604+0000] {logging_mixin.py:190} INFO - Fetching news from 2020-08-21 to 2020-08-22 for CH...
[2024-12-19T10:54:34.425+0000] {logging_mixin.py:190} INFO - Error fetching data from 2020-03-10 to 2024-12-18: The gdelt api returned a non-successful statuscode. This is the response message: Please limit requests to one every 5 seconds or contact kalev.leetaru5@gmail.com for larger queries.
[2024-12-19T10:54:35.427+0000] {logging_mixin.py:190} INFO - Fetching news from 2020-08-22 to 2020-08-23 for CH...
[2024-12-19T10:54:36.285+0000] {logging_mixin.py:190} INFO - Error fetching data from 2020-03-10 to 2024-12-18: The gdelt api returned a non-successful statuscode. This is the response message: Please limit requests to one every 5 seconds or contact kalev.leetaru5@gmail.com for larger queries.
[2024-12-19T10:54:37.287+0000] {logging_mixin.py:190} INFO - Fetching news from 2020-08-23 to 2020-08-24 for CH...
[2024-12-19T10:54:38.145+0000] {logging_mixin.py:190} INFO - Error fetching data from 2020-03-10 to 2024-12-18: The gdelt api returned a non-successful statuscode. This is the response message: Please limit requests to one every 5 seconds or contact kalev.leetaru5@gmail.com for larger queries.
[2024-12-19T10:54:39.147+0000] {logging_mixin.py:190} INFO - Fetching news from 2020-08-24 to 2020-08-25 for CH...
[2024-12-19T10:54:39.977+0000] {logging_mixin.py:190} INFO - Error fetching data from 2020-03-10 to 2024-12-18: The gdelt api returned a non-successful statuscode. This is the response message: Please limit requests to one every 5 seconds or contact kalev.leetaru5@gmail.com for larger queries.
[2024-12-19T10:54:40.980+0000] {logging_mixin.py:190} INFO - Fetching news from 2020-08-25 to 2020-08-26 for CH...
[2024-12-19T10:54:41.823+0000] {logging_mixin.py:190} INFO - Error fetching data from 2020-03-10 to 2024-12-18: The gdelt api returned a non-successful statuscode. This is the response message: Please limit requests to one every 5 seconds or contact kalev.leetaru5@gmail.com for larger queries.
[2024-12-19T10:54:42.824+0000] {logging_mixin.py:190} INFO - Fetching news from 2020-08-26 to 2020-08-27 for CH...
[2024-12-19T10:54:43.677+0000] {logging_mixin.py:190} INFO - Error fetching data from 2020-03-10 to 2024-12-18: The gdelt api returned a non-successful statuscode. This is the response message: Please limit requests to one every 5 seconds or contact kalev.leetaru5@gmail.com for larger queries.
[2024-12-19T10:54:44.678+0000] {logging_mixin.py:190} INFO - Fetching news from 2020-08-27 to 2020-08-28 for CH...
[2024-12-19T10:54:45.515+0000] {logging_mixin.py:190} INFO - Error fetching data from 2020-03-10 to 2024-12-18: The gdelt api returned a non-successful statuscode. This is the response message: Please limit requests to one every 5 seconds or contact kalev.leetaru5@gmail.com for larger queries.
[2024-12-19T10:54:46.517+0000] {logging_mixin.py:190} INFO - Fetching news from 2020-08-28 to 2020-08-29 for CH...
[2024-12-19T10:54:47.357+0000] {logging_mixin.py:190} INFO - Error fetching data from 2020-03-10 to 2024-12-18: The gdelt api returned a non-successful statuscode. This is the response message: Please limit requests to one every 5 seconds or contact kalev.leetaru5@gmail.com for larger queries.
[2024-12-19T10:54:48.359+0000] {logging_mixin.py:190} INFO - Fetching news from 2020-08-29 to 2020-08-30 for CH...
[2024-12-19T10:54:49.223+0000] {logging_mixin.py:190} INFO - Error fetching data from 2020-03-10 to 2024-12-18: The gdelt api returned a non-successful statuscode. This is the response message: Please limit requests to one every 5 seconds or contact kalev.leetaru5@gmail.com for larger queries.
[2024-12-19T10:54:55.223+0000] {logging_mixin.py:190} INFO - Fetching news from 2020-08-30 to 2020-08-31 for CH...
[2024-12-19T10:54:56.099+0000] {logging_mixin.py:190} INFO - Error fetching data from 2020-03-10 to 2024-12-18: The gdelt api returned a non-successful statuscode. This is the response message: Please limit requests to one every 5 seconds or contact kalev.leetaru5@gmail.com for larger queries.
[2024-12-19T10:54:57.100+0000] {logging_mixin.py:190} INFO - Fetching news from 2020-08-31 to 2020-09-01 for CH...
[2024-12-19T10:54:57.950+0000] {logging_mixin.py:190} INFO - Error fetching data from 2020-03-10 to 2024-12-18: The gdelt api returned a non-successful statuscode. This is the response message: Please limit requests to one every 5 seconds or contact kalev.leetaru5@gmail.com for larger queries.
[2024-12-19T10:54:58.951+0000] {logging_mixin.py:190} INFO - Fetching news from 2020-09-01 to 2020-09-02 for CH...
[2024-12-19T10:54:59.787+0000] {logging_mixin.py:190} INFO - Error fetching data from 2020-03-10 to 2024-12-18: The gdelt api returned a non-successful statuscode. This is the response message: Please limit requests to one every 5 seconds or contact kalev.leetaru5@gmail.com for larger queries.
[2024-12-19T10:55:00.788+0000] {logging_mixin.py:190} INFO - Fetching news from 2020-09-02 to 2020-09-03 for CH...
[2024-12-19T10:55:01.659+0000] {logging_mixin.py:190} INFO - Error fetching data from 2020-03-10 to 2024-12-18: The gdelt api returned a non-successful statuscode. This is the response message: Please limit requests to one every 5 seconds or contact kalev.leetaru5@gmail.com for larger queries.
[2024-12-19T10:55:02.661+0000] {logging_mixin.py:190} INFO - Fetching news from 2020-09-03 to 2020-09-04 for CH...
[2024-12-19T10:55:03.497+0000] {logging_mixin.py:190} INFO - Error fetching data from 2020-03-10 to 2024-12-18: The gdelt api returned a non-successful statuscode. This is the response message: Please limit requests to one every 5 seconds or contact kalev.leetaru5@gmail.com for larger queries.
[2024-12-19T10:55:04.499+0000] {logging_mixin.py:190} INFO - Fetching news from 2020-09-04 to 2020-09-05 for CH...
[2024-12-19T10:55:05.340+0000] {logging_mixin.py:190} INFO - Error fetching data from 2020-03-10 to 2024-12-18: The gdelt api returned a non-successful statuscode. This is the response message: Please limit requests to one every 5 seconds or contact kalev.leetaru5@gmail.com for larger queries.
[2024-12-19T10:55:06.342+0000] {logging_mixin.py:190} INFO - Fetching news from 2020-09-05 to 2020-09-06 for CH...
[2024-12-19T10:55:07.216+0000] {logging_mixin.py:190} INFO - Error fetching data from 2020-03-10 to 2024-12-18: The gdelt api returned a non-successful statuscode. This is the response message: Please limit requests to one every 5 seconds or contact kalev.leetaru5@gmail.com for larger queries.
[2024-12-19T10:55:08.218+0000] {logging_mixin.py:190} INFO - Fetching news from 2020-09-06 to 2020-09-07 for CH...
[2024-12-19T10:55:09.079+0000] {logging_mixin.py:190} INFO - Error fetching data from 2020-03-10 to 2024-12-18: The gdelt api returned a non-successful statuscode. This is the response message: Please limit requests to one every 5 seconds or contact kalev.leetaru5@gmail.com for larger queries.
[2024-12-19T10:55:10.082+0000] {logging_mixin.py:190} INFO - Fetching news from 2020-09-07 to 2020-09-08 for CH...
[2024-12-19T10:55:10.933+0000] {logging_mixin.py:190} INFO - Error fetching data from 2020-03-10 to 2024-12-18: The gdelt api returned a non-successful statuscode. This is the response message: Please limit requests to one every 5 seconds or contact kalev.leetaru5@gmail.com for larger queries.
[2024-12-19T10:55:11.935+0000] {logging_mixin.py:190} INFO - Fetching news from 2020-09-08 to 2020-09-09 for CH...
[2024-12-19T10:55:12.807+0000] {logging_mixin.py:190} INFO - Error fetching data from 2020-03-10 to 2024-12-18: The gdelt api returned a non-successful statuscode. This is the response message: Please limit requests to one every 5 seconds or contact kalev.leetaru5@gmail.com for larger queries.
[2024-12-19T10:55:13.809+0000] {logging_mixin.py:190} INFO - Fetching news from 2020-09-09 to 2020-09-10 for CH...
[2024-12-19T10:55:14.655+0000] {logging_mixin.py:190} INFO - Error fetching data from 2020-03-10 to 2024-12-18: The gdelt api returned a non-successful statuscode. This is the response message: Please limit requests to one every 5 seconds or contact kalev.leetaru5@gmail.com for larger queries.
[2024-12-19T10:55:15.657+0000] {logging_mixin.py:190} INFO - Fetching news from 2020-09-10 to 2020-09-11 for CH...
[2024-12-19T10:55:16.511+0000] {logging_mixin.py:190} INFO - Error fetching data from 2020-03-10 to 2024-12-18: The gdelt api returned a non-successful statuscode. This is the response message: Please limit requests to one every 5 seconds or contact kalev.leetaru5@gmail.com for larger queries.
[2024-12-19T10:55:17.513+0000] {logging_mixin.py:190} INFO - Fetching news from 2020-09-11 to 2020-09-12 for CH...
[2024-12-19T10:55:18.381+0000] {logging_mixin.py:190} INFO - Error fetching data from 2020-03-10 to 2024-12-18: The gdelt api returned a non-successful statuscode. This is the response message: Please limit requests to one every 5 seconds or contact kalev.leetaru5@gmail.com for larger queries.
[2024-12-19T10:55:19.383+0000] {logging_mixin.py:190} INFO - Fetching news from 2020-09-12 to 2020-09-13 for CH...
[2024-12-19T10:55:20.220+0000] {logging_mixin.py:190} INFO - Error fetching data from 2020-03-10 to 2024-12-18: The gdelt api returned a non-successful statuscode. This is the response message: Please limit requests to one every 5 seconds or contact kalev.leetaru5@gmail.com for larger queries.
[2024-12-19T10:55:21.222+0000] {logging_mixin.py:190} INFO - Fetching news from 2020-09-13 to 2020-09-14 for CH...
[2024-12-19T10:55:22.034+0000] {logging_mixin.py:190} INFO - Error fetching data from 2020-03-10 to 2024-12-18: The gdelt api returned a non-successful statuscode. This is the response message: Please limit requests to one every 5 seconds or contact kalev.leetaru5@gmail.com for larger queries.
[2024-12-19T10:55:23.034+0000] {logging_mixin.py:190} INFO - Fetching news from 2020-09-14 to 2020-09-15 for CH...
[2024-12-19T10:55:23.937+0000] {logging_mixin.py:190} INFO - Error fetching data from 2020-03-10 to 2024-12-18: The gdelt api returned a non-successful statuscode. This is the response message: Please limit requests to one every 5 seconds or contact kalev.leetaru5@gmail.com for larger queries.
[2024-12-19T10:55:24.939+0000] {logging_mixin.py:190} INFO - Fetching news from 2020-09-15 to 2020-09-16 for CH...
[2024-12-19T10:55:25.789+0000] {logging_mixin.py:190} INFO - Error fetching data from 2020-03-10 to 2024-12-18: The gdelt api returned a non-successful statuscode. This is the response message: Please limit requests to one every 5 seconds or contact kalev.leetaru5@gmail.com for larger queries.
[2024-12-19T10:55:26.792+0000] {logging_mixin.py:190} INFO - Fetching news from 2020-09-16 to 2020-09-17 for CH...
[2024-12-19T10:55:27.678+0000] {logging_mixin.py:190} INFO - Error fetching data from 2020-03-10 to 2024-12-18: The gdelt api returned a non-successful statuscode. This is the response message: Please limit requests to one every 5 seconds or contact kalev.leetaru5@gmail.com for larger queries.
[2024-12-19T10:55:28.680+0000] {logging_mixin.py:190} INFO - Fetching news from 2020-09-17 to 2020-09-18 for CH...
[2024-12-19T10:55:29.565+0000] {logging_mixin.py:190} INFO - Error fetching data from 2020-03-10 to 2024-12-18: The gdelt api returned a non-successful statuscode. This is the response message: Please limit requests to one every 5 seconds or contact kalev.leetaru5@gmail.com for larger queries.
[2024-12-19T10:55:30.579+0000] {logging_mixin.py:190} INFO - Fetching news from 2020-09-18 to 2020-09-19 for CH...
[2024-12-19T10:55:31.395+0000] {logging_mixin.py:190} INFO - Error fetching data from 2020-03-10 to 2024-12-18: The gdelt api returned a non-successful statuscode. This is the response message: Please limit requests to one every 5 seconds or contact kalev.leetaru5@gmail.com for larger queries.
[2024-12-19T10:55:32.397+0000] {logging_mixin.py:190} INFO - Fetching news from 2020-09-19 to 2020-09-20 for CH...
