[2024-12-17T11:59:08.047+0000] {local_task_job_runner.py:123} INFO - ::group::Pre task execution logs
[2024-12-17T11:59:08.097+0000] {taskinstance.py:2613} INFO - Dependencies all met for dep_context=non-requeueable deps ti=<TaskInstance: Our_first_dag_using_python_operator_v2.greet scheduled__2024-12-17T08:49:00+00:00 [queued]>
[2024-12-17T11:59:08.126+0000] {taskinstance.py:2613} INFO - Dependencies all met for dep_context=requeueable deps ti=<TaskInstance: Our_first_dag_using_python_operator_v2.greet scheduled__2024-12-17T08:49:00+00:00 [queued]>
[2024-12-17T11:59:08.128+0000] {taskinstance.py:2866} INFO - Starting attempt 1 of 6
[2024-12-17T11:59:08.172+0000] {taskinstance.py:2889} INFO - Executing <Task(PythonOperator): greet> on 2024-12-17 08:49:00+00:00
[2024-12-17T11:59:08.191+0000] {warnings.py:112} WARNING - /home/***/.local/lib/python3.12/site-packages/***/task/task_runner/standard_task_runner.py:70: DeprecationWarning: This process (pid=8887) is multi-threaded, use of fork() may lead to deadlocks in the child.
  pid = os.fork()

[2024-12-17T11:59:08.196+0000] {standard_task_runner.py:72} INFO - Started process 8899 to run task
[2024-12-17T11:59:08.198+0000] {standard_task_runner.py:104} INFO - Running: ['***', 'tasks', 'run', 'Our_first_dag_using_python_operator_v2', 'greet', 'scheduled__2024-12-17T08:49:00+00:00', '--job-id', '2074', '--raw', '--subdir', 'DAGS_FOLDER/create_dag_with_python.py', '--cfg-path', '/tmp/tmp_j04e1qt']
[2024-12-17T11:59:08.201+0000] {standard_task_runner.py:105} INFO - Job 2074: Subtask greet
[2024-12-17T11:59:08.315+0000] {task_command.py:467} INFO - Running <TaskInstance: Our_first_dag_using_python_operator_v2.greet scheduled__2024-12-17T08:49:00+00:00 [running]> on host 8348eb091483
[2024-12-17T11:59:08.539+0000] {taskinstance.py:3132} INFO - Exporting env vars: AIRFLOW_CTX_DAG_OWNER='srush' AIRFLOW_CTX_DAG_ID='Our_first_dag_using_python_operator_v2' AIRFLOW_CTX_TASK_ID='greet' AIRFLOW_CTX_EXECUTION_DATE='2024-12-17T08:49:00+00:00' AIRFLOW_CTX_TRY_NUMBER='1' AIRFLOW_CTX_DAG_RUN_ID='scheduled__2024-12-17T08:49:00+00:00'
[2024-12-17T11:59:08.541+0000] {taskinstance.py:731} INFO - ::endgroup::
[2024-12-17T11:59:08.601+0000] {logging_mixin.py:190} INFO - Hello World! My name is Jerry, I am 20 years old
[2024-12-17T11:59:08.602+0000] {python.py:240} INFO - Done. Returned value was: None
[2024-12-17T11:59:08.622+0000] {taskinstance.py:340} INFO - ::group::Post task execution logs
[2024-12-17T11:59:08.623+0000] {taskinstance.py:352} INFO - Marking task as SUCCESS. dag_id=Our_first_dag_using_python_operator_v2, task_id=greet, run_id=scheduled__2024-12-17T08:49:00+00:00, execution_date=20241217T084900, start_date=20241217T115908, end_date=20241217T115908
[2024-12-17T11:59:08.701+0000] {local_task_job_runner.py:266} INFO - Task exited with return code 0
[2024-12-17T11:59:08.751+0000] {taskinstance.py:3895} INFO - 0 downstream tasks scheduled from follow-on schedule check
[2024-12-17T11:59:08.759+0000] {local_task_job_runner.py:245} INFO - ::endgroup::
