[2024-12-18T11:53:37.439+0000] {local_task_job_runner.py:123} INFO - ::group::Pre task execution logs
[2024-12-18T11:53:37.466+0000] {taskinstance.py:2613} INFO - Dependencies all met for dep_context=non-requeueable deps ti=<TaskInstance: snowflake_connection_check.log_snowflake_result manual__2024-12-18T11:53:32.167071+00:00 [queued]>
[2024-12-18T11:53:37.477+0000] {taskinstance.py:2613} INFO - Dependencies all met for dep_context=requeueable deps ti=<TaskInstance: snowflake_connection_check.log_snowflake_result manual__2024-12-18T11:53:32.167071+00:00 [queued]>
[2024-12-18T11:53:37.479+0000] {taskinstance.py:2866} INFO - Starting attempt 1 of 2
[2024-12-18T11:53:37.498+0000] {taskinstance.py:2889} INFO - Executing <Task(PythonOperator): log_snowflake_result> on 2024-12-18 11:53:32.167071+00:00
[2024-12-18T11:53:37.505+0000] {warnings.py:112} WARNING - /home/***/.local/lib/python3.12/site-packages/***/task/task_runner/standard_task_runner.py:70: DeprecationWarning: This process (pid=1751) is multi-threaded, use of fork() may lead to deadlocks in the child.
  pid = os.fork()

[2024-12-18T11:53:37.507+0000] {standard_task_runner.py:72} INFO - Started process 1753 to run task
[2024-12-18T11:53:37.509+0000] {standard_task_runner.py:104} INFO - Running: ['***', 'tasks', 'run', 'snowflake_connection_check', 'log_snowflake_result', 'manual__2024-12-18T11:53:32.167071+00:00', '--job-id', '2573', '--raw', '--subdir', 'DAGS_FOLDER/snowflake_connector_dag.py', '--cfg-path', '/tmp/tmpymshdger']
[2024-12-18T11:53:37.512+0000] {standard_task_runner.py:105} INFO - Job 2573: Subtask log_snowflake_result
[2024-12-18T11:53:37.580+0000] {task_command.py:467} INFO - Running <TaskInstance: snowflake_connection_check.log_snowflake_result manual__2024-12-18T11:53:32.167071+00:00 [running]> on host 8348eb091483
[2024-12-18T11:53:37.703+0000] {taskinstance.py:3132} INFO - Exporting env vars: AIRFLOW_CTX_DAG_OWNER='***' AIRFLOW_CTX_DAG_ID='snowflake_connection_check' AIRFLOW_CTX_TASK_ID='log_snowflake_result' AIRFLOW_CTX_EXECUTION_DATE='2024-12-18T11:53:32.167071+00:00' AIRFLOW_CTX_TRY_NUMBER='1' AIRFLOW_CTX_DAG_RUN_ID='manual__2024-12-18T11:53:32.167071+00:00'
[2024-12-18T11:53:37.705+0000] {taskinstance.py:731} INFO - ::endgroup::
[2024-12-18T11:53:37.739+0000] {snowflake_connector_dag.py:33} INFO - Snowflake query result: [{'CURRENT_DATABASE()': 'PROJECT'}]
[2024-12-18T11:53:37.740+0000] {python.py:240} INFO - Done. Returned value was: None
[2024-12-18T11:53:37.754+0000] {taskinstance.py:340} INFO - ::group::Post task execution logs
[2024-12-18T11:53:37.755+0000] {taskinstance.py:352} INFO - Marking task as SUCCESS. dag_id=snowflake_connection_check, task_id=log_snowflake_result, run_id=manual__2024-12-18T11:53:32.167071+00:00, execution_date=20241218T115332, start_date=20241218T115337, end_date=20241218T115337
[2024-12-18T11:53:37.804+0000] {local_task_job_runner.py:266} INFO - Task exited with return code 0
[2024-12-18T11:53:37.827+0000] {taskinstance.py:3895} INFO - 0 downstream tasks scheduled from follow-on schedule check
[2024-12-18T11:53:37.832+0000] {local_task_job_runner.py:245} INFO - ::endgroup::
