[2024-12-17T10:19:41.070+0000] {local_task_job_runner.py:123} INFO - ::group::Pre task execution logs
[2024-12-17T10:19:41.175+0000] {taskinstance.py:2613} INFO - Dependencies all met for dep_context=non-requeueable deps ti=<TaskInstance: my_first_dag_v3.second_task scheduled__2024-12-16T01:19:00+00:00 [queued]>
[2024-12-17T10:19:41.219+0000] {taskinstance.py:2613} INFO - Dependencies all met for dep_context=requeueable deps ti=<TaskInstance: my_first_dag_v3.second_task scheduled__2024-12-16T01:19:00+00:00 [queued]>
[2024-12-17T10:19:41.229+0000] {taskinstance.py:2866} INFO - Starting attempt 1 of 6
[2024-12-17T10:19:41.352+0000] {taskinstance.py:2889} INFO - Executing <Task(BashOperator): second_task> on 2024-12-16 01:19:00+00:00
[2024-12-17T10:19:41.402+0000] {warnings.py:112} WARNING - /home/***/.local/lib/python3.12/site-packages/***/task/task_runner/standard_task_runner.py:70: DeprecationWarning: This process (pid=2242) is multi-threaded, use of fork() may lead to deadlocks in the child.
  pid = os.fork()

[2024-12-17T10:19:41.407+0000] {standard_task_runner.py:72} INFO - Started process 2276 to run task
[2024-12-17T10:19:41.419+0000] {standard_task_runner.py:104} INFO - Running: ['***', 'tasks', 'run', 'my_first_dag_v3', 'second_task', 'scheduled__2024-12-16T01:19:00+00:00', '--job-id', '276', '--raw', '--subdir', 'DAGS_FOLDER/my_first_dag.py', '--cfg-path', '/tmp/tmpy2kgr4cc']
[2024-12-17T10:19:41.421+0000] {standard_task_runner.py:105} INFO - Job 276: Subtask second_task
[2024-12-17T10:19:41.701+0000] {task_command.py:467} INFO - Running <TaskInstance: my_first_dag_v3.second_task scheduled__2024-12-16T01:19:00+00:00 [running]> on host 8348eb091483
[2024-12-17T10:19:42.237+0000] {taskinstance.py:3132} INFO - Exporting env vars: AIRFLOW_CTX_DAG_OWNER='srush' AIRFLOW_CTX_DAG_ID='my_first_dag_v3' AIRFLOW_CTX_TASK_ID='second_task' AIRFLOW_CTX_EXECUTION_DATE='2024-12-16T01:19:00+00:00' AIRFLOW_CTX_TRY_NUMBER='1' AIRFLOW_CTX_DAG_RUN_ID='scheduled__2024-12-16T01:19:00+00:00'
[2024-12-17T10:19:42.240+0000] {taskinstance.py:731} INFO - ::endgroup::
[2024-12-17T10:19:42.300+0000] {subprocess.py:78} INFO - Tmp dir root location: /tmp
[2024-12-17T10:19:42.305+0000] {subprocess.py:88} INFO - Running command: ['/usr/bin/bash', '-c', 'echo task2 runs after task1']
[2024-12-17T10:19:42.345+0000] {subprocess.py:99} INFO - Output:
[2024-12-17T10:19:42.349+0000] {subprocess.py:106} INFO - task2 runs after task1
[2024-12-17T10:19:42.350+0000] {subprocess.py:110} INFO - Command exited with return code 0
[2024-12-17T10:19:42.466+0000] {taskinstance.py:340} INFO - ::group::Post task execution logs
[2024-12-17T10:19:42.468+0000] {taskinstance.py:352} INFO - Marking task as SUCCESS. dag_id=my_first_dag_v3, task_id=second_task, run_id=scheduled__2024-12-16T01:19:00+00:00, execution_date=20241216T011900, start_date=20241217T101941, end_date=20241217T101942
[2024-12-17T10:19:42.805+0000] {local_task_job_runner.py:266} INFO - Task exited with return code 0
[2024-12-17T10:19:42.891+0000] {taskinstance.py:3895} INFO - 0 downstream tasks scheduled from follow-on schedule check
[2024-12-17T10:19:42.914+0000] {local_task_job_runner.py:245} INFO - ::endgroup::
