[2024-12-20T04:58:50.583+0000] {local_task_job_runner.py:123} INFO - ::group::Pre task execution logs
[2024-12-20T04:58:50.610+0000] {taskinstance.py:2613} INFO - Dependencies all met for dep_context=non-requeueable deps ti=<TaskInstance: fetch_and_insert_all_countries_news_1.fetch_and_insert_news_all_countries manual__2024-12-20T04:58:48.223168+00:00 [queued]>
[2024-12-20T04:58:50.626+0000] {taskinstance.py:2613} INFO - Dependencies all met for dep_context=requeueable deps ti=<TaskInstance: fetch_and_insert_all_countries_news_1.fetch_and_insert_news_all_countries manual__2024-12-20T04:58:48.223168+00:00 [queued]>
[2024-12-20T04:58:50.627+0000] {taskinstance.py:2866} INFO - Starting attempt 1 of 2
[2024-12-20T04:58:50.650+0000] {taskinstance.py:2889} INFO - Executing <Task(PythonOperator): fetch_and_insert_news_all_countries> on 2024-12-20 04:58:48.223168+00:00
[2024-12-20T04:58:50.660+0000] {warnings.py:112} WARNING - /home/***/.local/lib/python3.12/site-packages/***/task/task_runner/standard_task_runner.py:70: DeprecationWarning: This process (pid=13635) is multi-threaded, use of fork() may lead to deadlocks in the child.
  pid = os.fork()

[2024-12-20T04:58:50.662+0000] {standard_task_runner.py:72} INFO - Started process 13637 to run task
[2024-12-20T04:58:50.663+0000] {standard_task_runner.py:104} INFO - Running: ['***', 'tasks', 'run', 'fetch_and_insert_all_countries_news_1', 'fetch_and_insert_news_all_countries', 'manual__2024-12-20T04:58:48.223168+00:00', '--job-id', '2619', '--raw', '--subdir', 'DAGS_FOLDER/snowflake_connector_dag.py', '--cfg-path', '/tmp/tmpfmusjp1y']
[2024-12-20T04:58:50.667+0000] {standard_task_runner.py:105} INFO - Job 2619: Subtask fetch_and_insert_news_all_countries
[2024-12-20T04:58:50.738+0000] {task_command.py:467} INFO - Running <TaskInstance: fetch_and_insert_all_countries_news_1.fetch_and_insert_news_all_countries manual__2024-12-20T04:58:48.223168+00:00 [running]> on host 7b4c45f22bd5
[2024-12-20T04:58:50.872+0000] {taskinstance.py:3132} INFO - Exporting env vars: AIRFLOW_CTX_DAG_OWNER='srush' AIRFLOW_CTX_DAG_ID='fetch_and_insert_all_countries_news_1' AIRFLOW_CTX_TASK_ID='fetch_and_insert_news_all_countries' AIRFLOW_CTX_EXECUTION_DATE='2024-12-20T04:58:48.223168+00:00' AIRFLOW_CTX_TRY_NUMBER='1' AIRFLOW_CTX_DAG_RUN_ID='manual__2024-12-20T04:58:48.223168+00:00'
[2024-12-20T04:58:50.874+0000] {taskinstance.py:731} INFO - ::endgroup::
[2024-12-20T04:58:50.912+0000] {base.py:84} INFO - Retrieving connection 'snowflake_con'
[2024-12-20T04:58:50.915+0000] {connection.py:414} INFO - Snowflake Connector for Python Version: 3.12.4, Python Version: 3.12.8, Platform: Linux-5.15.167.4-microsoft-standard-WSL2-x86_64-with-glibc2.36
[2024-12-20T04:58:50.918+0000] {connection.py:1197} INFO - Connecting to GLOBAL Snowflake domain
[2024-12-20T04:58:50.919+0000] {connection.py:1278} INFO - This connection is in OCSP Fail Open Mode. TLS Certificates would be checked for validity and revocation status. Any other Certificate Revocation related exceptions or OCSP Responder failures would be disregarded in favor of connectivity.
[2024-12-20T04:58:51.352+0000] {logging_mixin.py:190} INFO - Processing news for country: CH
[2024-12-20T04:58:56.353+0000] {logging_mixin.py:190} INFO - Fetching news from 2023-09-08 to 2023-09-09 for CH...
[2024-12-20T04:58:58.834+0000] {logging_mixin.py:190} INFO - Inserted 250 articles into Snowflake table 'DEMO_NEWS' for CH.
[2024-12-20T04:59:03.836+0000] {logging_mixin.py:190} INFO - Fetching news from 2023-09-09 to 2023-09-10 for CH...
[2024-12-20T04:59:06.204+0000] {logging_mixin.py:190} INFO - Error fetching data from 2023-09-08 to 2024-12-19: 'ValueError' object has no attribute 'pos'
[2024-12-20T04:59:11.206+0000] {logging_mixin.py:190} INFO - Fetching news from 2023-09-10 to 2023-09-11 for CH...
[2024-12-20T04:59:15.882+0000] {logging_mixin.py:190} INFO - Inserted 250 articles into Snowflake table 'DEMO_NEWS' for CH.
[2024-12-20T04:59:20.884+0000] {logging_mixin.py:190} INFO - Fetching news from 2023-09-11 to 2023-09-12 for CH...
[2024-12-20T04:59:24.839+0000] {logging_mixin.py:190} INFO - Inserted 250 articles into Snowflake table 'DEMO_NEWS' for CH.
[2024-12-20T04:59:29.841+0000] {logging_mixin.py:190} INFO - Fetching news from 2023-09-12 to 2023-09-13 for CH...
[2024-12-20T04:59:32.814+0000] {logging_mixin.py:190} INFO - Inserted 250 articles into Snowflake table 'DEMO_NEWS' for CH.
[2024-12-20T04:59:37.816+0000] {logging_mixin.py:190} INFO - Fetching news from 2023-09-13 to 2023-09-14 for CH...
[2024-12-20T04:59:41.110+0000] {logging_mixin.py:190} INFO - Inserted 250 articles into Snowflake table 'DEMO_NEWS' for CH.
[2024-12-20T04:59:46.111+0000] {logging_mixin.py:190} INFO - Fetching news from 2023-09-14 to 2023-09-15 for CH...
[2024-12-20T04:59:50.771+0000] {logging_mixin.py:190} INFO - Inserted 250 articles into Snowflake table 'DEMO_NEWS' for CH.
[2024-12-20T04:59:55.771+0000] {logging_mixin.py:190} INFO - Fetching news from 2023-09-15 to 2023-09-16 for CH...
[2024-12-20T04:59:58.069+0000] {logging_mixin.py:190} INFO - Error fetching data from 2023-09-08 to 2024-12-19: 'ValueError' object has no attribute 'pos'
[2024-12-20T05:00:03.071+0000] {logging_mixin.py:190} INFO - Fetching news from 2023-09-16 to 2023-09-17 for CH...
[2024-12-20T05:00:06.391+0000] {logging_mixin.py:190} INFO - Inserted 250 articles into Snowflake table 'DEMO_NEWS' for CH.
[2024-12-20T05:00:11.393+0000] {logging_mixin.py:190} INFO - Fetching news from 2023-09-17 to 2023-09-18 for CH...
[2024-12-20T05:00:23.963+0000] {logging_mixin.py:190} INFO - Inserted 250 articles into Snowflake table 'DEMO_NEWS' for CH.
[2024-12-20T05:00:28.962+0000] {logging_mixin.py:190} INFO - Fetching news from 2023-09-18 to 2023-09-19 for CH...
[2024-12-20T05:00:37.914+0000] {logging_mixin.py:190} INFO - Inserted 250 articles into Snowflake table 'DEMO_NEWS' for CH.
[2024-12-20T05:00:42.915+0000] {logging_mixin.py:190} INFO - Fetching news from 2023-09-19 to 2023-09-20 for CH...
[2024-12-20T05:00:47.977+0000] {logging_mixin.py:190} INFO - Error fetching data from 2023-09-08 to 2024-12-19: 'ValueError' object has no attribute 'pos'
[2024-12-20T05:00:52.979+0000] {logging_mixin.py:190} INFO - Fetching news from 2023-09-20 to 2023-09-21 for CH...
[2024-12-20T05:00:55.509+0000] {logging_mixin.py:190} INFO - Inserted 250 articles into Snowflake table 'DEMO_NEWS' for CH.
[2024-12-20T05:01:00.511+0000] {logging_mixin.py:190} INFO - Fetching news from 2023-09-21 to 2023-09-22 for CH...
[2024-12-20T05:01:08.184+0000] {logging_mixin.py:190} INFO - Error fetching data from 2023-09-08 to 2024-12-19: 'ValueError' object has no attribute 'pos'
[2024-12-20T05:01:13.186+0000] {logging_mixin.py:190} INFO - Fetching news from 2023-09-22 to 2023-09-23 for CH...
[2024-12-20T05:01:24.364+0000] {logging_mixin.py:190} INFO - Inserted 250 articles into Snowflake table 'DEMO_NEWS' for CH.
[2024-12-20T05:01:29.363+0000] {logging_mixin.py:190} INFO - Fetching news from 2023-09-23 to 2023-09-24 for CH...
[2024-12-20T05:01:31.653+0000] {logging_mixin.py:190} INFO - Error fetching data from 2023-09-08 to 2024-12-19: 'ValueError' object has no attribute 'pos'
[2024-12-20T05:01:36.656+0000] {logging_mixin.py:190} INFO - Fetching news from 2023-09-24 to 2023-09-25 for CH...
[2024-12-20T05:01:46.804+0000] {logging_mixin.py:190} INFO - Inserted 250 articles into Snowflake table 'DEMO_NEWS' for CH.
[2024-12-20T05:01:51.805+0000] {logging_mixin.py:190} INFO - Fetching news from 2023-09-25 to 2023-09-26 for CH...
[2024-12-20T05:01:58.428+0000] {logging_mixin.py:190} INFO - Inserted 250 articles into Snowflake table 'DEMO_NEWS' for CH.
[2024-12-20T05:02:03.429+0000] {logging_mixin.py:190} INFO - Fetching news from 2023-09-26 to 2023-09-27 for CH...
[2024-12-20T05:02:18.187+0000] {logging_mixin.py:190} INFO - Error fetching data from 2023-09-08 to 2024-12-19: 'ValueError' object has no attribute 'pos'
[2024-12-20T05:02:23.188+0000] {logging_mixin.py:190} INFO - Fetching news from 2023-09-27 to 2023-09-28 for CH...
[2024-12-20T05:02:30.515+0000] {logging_mixin.py:190} INFO - Inserted 250 articles into Snowflake table 'DEMO_NEWS' for CH.
[2024-12-20T05:02:35.516+0000] {logging_mixin.py:190} INFO - Fetching news from 2023-09-28 to 2023-09-29 for CH...
[2024-12-20T05:02:42.673+0000] {logging_mixin.py:190} INFO - Error fetching data from 2023-09-08 to 2024-12-19: 'ValueError' object has no attribute 'pos'
[2024-12-20T05:02:47.676+0000] {logging_mixin.py:190} INFO - Fetching news from 2023-09-29 to 2023-09-30 for CH...
[2024-12-20T05:02:50.314+0000] {logging_mixin.py:190} INFO - Inserted 250 articles into Snowflake table 'DEMO_NEWS' for CH.
[2024-12-20T05:03:00.313+0000] {logging_mixin.py:190} INFO - Fetching news from 2023-09-30 to 2023-10-01 for CH...
[2024-12-20T05:03:04.758+0000] {logging_mixin.py:190} INFO - Inserted 250 articles into Snowflake table 'DEMO_NEWS' for CH.
[2024-12-20T05:03:09.759+0000] {logging_mixin.py:190} INFO - Fetching news from 2023-10-01 to 2023-10-02 for CH...
[2024-12-20T05:03:15.297+0000] {logging_mixin.py:190} INFO - Inserted 250 articles into Snowflake table 'DEMO_NEWS' for CH.
[2024-12-20T05:03:20.298+0000] {logging_mixin.py:190} INFO - Fetching news from 2023-10-02 to 2023-10-03 for CH...
[2024-12-20T05:03:25.137+0000] {logging_mixin.py:190} INFO - Inserted 250 articles into Snowflake table 'DEMO_NEWS' for CH.
[2024-12-20T05:03:30.138+0000] {logging_mixin.py:190} INFO - Fetching news from 2023-10-03 to 2023-10-04 for CH...
[2024-12-20T05:03:32.835+0000] {logging_mixin.py:190} INFO - Inserted 250 articles into Snowflake table 'DEMO_NEWS' for CH.
[2024-12-20T05:03:37.838+0000] {logging_mixin.py:190} INFO - Fetching news from 2023-10-04 to 2023-10-05 for CH...
[2024-12-20T05:03:40.714+0000] {logging_mixin.py:190} INFO - Inserted 250 articles into Snowflake table 'DEMO_NEWS' for CH.
[2024-12-20T05:03:45.715+0000] {logging_mixin.py:190} INFO - Fetching news from 2023-10-05 to 2023-10-06 for CH...
[2024-12-20T05:03:47.649+0000] {logging_mixin.py:190} INFO - Error fetching data from 2023-09-08 to 2024-12-19: 'ValueError' object has no attribute 'pos'
[2024-12-20T05:03:52.651+0000] {logging_mixin.py:190} INFO - Fetching news from 2023-10-06 to 2023-10-07 for CH...
[2024-12-20T05:03:55.449+0000] {logging_mixin.py:190} INFO - Inserted 250 articles into Snowflake table 'DEMO_NEWS' for CH.
[2024-12-20T05:04:00.451+0000] {logging_mixin.py:190} INFO - Fetching news from 2023-10-07 to 2023-10-08 for CH...
[2024-12-20T05:04:02.756+0000] {logging_mixin.py:190} INFO - Inserted 250 articles into Snowflake table 'DEMO_NEWS' for CH.
[2024-12-20T05:04:07.758+0000] {logging_mixin.py:190} INFO - Fetching news from 2023-10-08 to 2023-10-09 for CH...
[2024-12-20T05:04:10.248+0000] {logging_mixin.py:190} INFO - Inserted 250 articles into Snowflake table 'DEMO_NEWS' for CH.
[2024-12-20T05:04:15.250+0000] {logging_mixin.py:190} INFO - Fetching news from 2023-10-09 to 2023-10-10 for CH...
[2024-12-20T05:04:18.763+0000] {logging_mixin.py:190} INFO - Inserted 250 articles into Snowflake table 'DEMO_NEWS' for CH.
[2024-12-20T05:04:23.764+0000] {logging_mixin.py:190} INFO - Fetching news from 2023-10-10 to 2023-10-11 for CH...
[2024-12-20T05:04:27.743+0000] {logging_mixin.py:190} INFO - Error fetching data from 2023-09-08 to 2024-12-19: 'ValueError' object has no attribute 'pos'
[2024-12-20T05:04:32.745+0000] {logging_mixin.py:190} INFO - Fetching news from 2023-10-11 to 2023-10-12 for CH...
[2024-12-20T05:04:38.951+0000] {logging_mixin.py:190} INFO - Error fetching data from 2023-09-08 to 2024-12-19: Max Recursion depth is reached. JSON can´t be parsed!
[2024-12-20T05:04:44.009+0000] {logging_mixin.py:190} INFO - Fetching news from 2023-10-12 to 2023-10-13 for CH...
[2024-12-20T05:04:46.618+0000] {logging_mixin.py:190} INFO - Inserted 250 articles into Snowflake table 'DEMO_NEWS' for CH.
[2024-12-20T05:04:51.619+0000] {logging_mixin.py:190} INFO - Fetching news from 2023-10-13 to 2023-10-14 for CH...
[2024-12-20T05:04:53.567+0000] {logging_mixin.py:190} INFO - Error fetching data from 2023-09-08 to 2024-12-19: 'ValueError' object has no attribute 'pos'
[2024-12-20T05:04:58.568+0000] {logging_mixin.py:190} INFO - Fetching news from 2023-10-14 to 2023-10-15 for CH...
[2024-12-20T05:05:01.290+0000] {logging_mixin.py:190} INFO - Inserted 250 articles into Snowflake table 'DEMO_NEWS' for CH.
[2024-12-20T05:05:06.291+0000] {logging_mixin.py:190} INFO - Fetching news from 2023-10-15 to 2023-10-16 for CH...
[2024-12-20T05:05:09.087+0000] {logging_mixin.py:190} INFO - Inserted 250 articles into Snowflake table 'DEMO_NEWS' for CH.
[2024-12-20T05:05:14.088+0000] {logging_mixin.py:190} INFO - Fetching news from 2023-10-16 to 2023-10-17 for CH...
[2024-12-20T05:05:17.052+0000] {logging_mixin.py:190} INFO - Inserted 250 articles into Snowflake table 'DEMO_NEWS' for CH.
[2024-12-20T05:05:22.053+0000] {logging_mixin.py:190} INFO - Fetching news from 2023-10-17 to 2023-10-18 for CH...
[2024-12-20T05:05:25.962+0000] {logging_mixin.py:190} INFO - Inserted 250 articles into Snowflake table 'DEMO_NEWS' for CH.
[2024-12-20T05:05:30.963+0000] {logging_mixin.py:190} INFO - Fetching news from 2023-10-18 to 2023-10-19 for CH...
[2024-12-20T05:05:34.586+0000] {logging_mixin.py:190} INFO - Inserted 250 articles into Snowflake table 'DEMO_NEWS' for CH.
[2024-12-20T05:05:39.588+0000] {logging_mixin.py:190} INFO - Fetching news from 2023-10-19 to 2023-10-20 for CH...
[2024-12-20T05:05:41.709+0000] {logging_mixin.py:190} INFO - Error fetching data from 2023-09-08 to 2024-12-19: 'ValueError' object has no attribute 'pos'
[2024-12-20T05:05:46.711+0000] {logging_mixin.py:190} INFO - Fetching news from 2023-10-20 to 2023-10-21 for CH...
[2024-12-20T05:05:49.786+0000] {logging_mixin.py:190} INFO - Inserted 250 articles into Snowflake table 'DEMO_NEWS' for CH.
[2024-12-20T05:05:54.785+0000] {logging_mixin.py:190} INFO - Fetching news from 2023-10-21 to 2023-10-22 for CH...
[2024-12-20T05:05:58.767+0000] {logging_mixin.py:190} INFO - Inserted 250 articles into Snowflake table 'DEMO_NEWS' for CH.
[2024-12-20T05:06:03.769+0000] {logging_mixin.py:190} INFO - Fetching news from 2023-10-22 to 2023-10-23 for CH...
[2024-12-20T05:06:06.469+0000] {logging_mixin.py:190} INFO - Inserted 250 articles into Snowflake table 'DEMO_NEWS' for CH.
[2024-12-20T05:06:11.471+0000] {logging_mixin.py:190} INFO - Fetching news from 2023-10-23 to 2023-10-24 for CH...
[2024-12-20T05:06:14.095+0000] {logging_mixin.py:190} INFO - Inserted 250 articles into Snowflake table 'DEMO_NEWS' for CH.
[2024-12-20T05:06:19.096+0000] {logging_mixin.py:190} INFO - Fetching news from 2023-10-24 to 2023-10-25 for CH...
[2024-12-20T05:06:21.636+0000] {logging_mixin.py:190} INFO - Inserted 250 articles into Snowflake table 'DEMO_NEWS' for CH.
[2024-12-20T05:06:26.636+0000] {logging_mixin.py:190} INFO - Fetching news from 2023-10-25 to 2023-10-26 for CH...
[2024-12-20T05:06:29.970+0000] {logging_mixin.py:190} INFO - Inserted 250 articles into Snowflake table 'DEMO_NEWS' for CH.
[2024-12-20T05:06:34.972+0000] {logging_mixin.py:190} INFO - Fetching news from 2023-10-26 to 2023-10-27 for CH...
[2024-12-20T05:06:37.560+0000] {logging_mixin.py:190} INFO - Inserted 250 articles into Snowflake table 'DEMO_NEWS' for CH.
[2024-12-20T05:06:42.562+0000] {logging_mixin.py:190} INFO - Fetching news from 2023-10-27 to 2023-10-28 for CH...
[2024-12-20T05:06:45.166+0000] {logging_mixin.py:190} INFO - Inserted 250 articles into Snowflake table 'DEMO_NEWS' for CH.
[2024-12-20T05:06:50.168+0000] {logging_mixin.py:190} INFO - Fetching news from 2023-10-28 to 2023-10-29 for CH...
[2024-12-20T05:06:52.503+0000] {logging_mixin.py:190} INFO - Inserted 250 articles into Snowflake table 'DEMO_NEWS' for CH.
[2024-12-20T05:06:57.502+0000] {logging_mixin.py:190} INFO - Fetching news from 2023-10-29 to 2023-10-30 for CH...
[2024-12-20T05:07:03.799+0000] {logging_mixin.py:190} INFO - Inserted 250 articles into Snowflake table 'DEMO_NEWS' for CH.
[2024-12-20T05:07:13.801+0000] {logging_mixin.py:190} INFO - Fetching news from 2023-10-30 to 2023-10-31 for CH...
[2024-12-20T05:07:16.221+0000] {logging_mixin.py:190} INFO - Inserted 250 articles into Snowflake table 'DEMO_NEWS' for CH.
[2024-12-20T05:07:21.222+0000] {logging_mixin.py:190} INFO - Fetching news from 2023-10-31 to 2023-11-01 for CH...
[2024-12-20T05:07:25.178+0000] {logging_mixin.py:190} INFO - Inserted 250 articles into Snowflake table 'DEMO_NEWS' for CH.
[2024-12-20T05:07:30.179+0000] {logging_mixin.py:190} INFO - Fetching news from 2023-11-01 to 2023-11-02 for CH...
[2024-12-20T05:07:33.359+0000] {logging_mixin.py:190} INFO - Inserted 250 articles into Snowflake table 'DEMO_NEWS' for CH.
[2024-12-20T05:07:38.360+0000] {logging_mixin.py:190} INFO - Fetching news from 2023-11-02 to 2023-11-03 for CH...
[2024-12-20T05:07:43.263+0000] {logging_mixin.py:190} INFO - Error fetching data from 2023-09-08 to 2024-12-19: 'ValueError' object has no attribute 'pos'
[2024-12-20T05:07:48.265+0000] {logging_mixin.py:190} INFO - Fetching news from 2023-11-03 to 2023-11-04 for CH...
[2024-12-20T05:07:51.895+0000] {logging_mixin.py:190} INFO - Inserted 250 articles into Snowflake table 'DEMO_NEWS' for CH.
[2024-12-20T05:07:56.894+0000] {logging_mixin.py:190} INFO - Fetching news from 2023-11-04 to 2023-11-05 for CH...
[2024-12-20T05:07:59.553+0000] {logging_mixin.py:190} INFO - Inserted 250 articles into Snowflake table 'DEMO_NEWS' for CH.
[2024-12-20T05:08:04.554+0000] {logging_mixin.py:190} INFO - Fetching news from 2023-11-05 to 2023-11-06 for CH...
[2024-12-20T05:08:07.282+0000] {logging_mixin.py:190} INFO - Inserted 250 articles into Snowflake table 'DEMO_NEWS' for CH.
[2024-12-20T05:08:12.284+0000] {logging_mixin.py:190} INFO - Fetching news from 2023-11-06 to 2023-11-07 for CH...
[2024-12-20T05:08:14.688+0000] {logging_mixin.py:190} INFO - Inserted 250 articles into Snowflake table 'DEMO_NEWS' for CH.
[2024-12-20T05:08:19.690+0000] {logging_mixin.py:190} INFO - Fetching news from 2023-11-07 to 2023-11-08 for CH...
[2024-12-20T05:08:23.918+0000] {logging_mixin.py:190} INFO - Inserted 250 articles into Snowflake table 'DEMO_NEWS' for CH.
[2024-12-20T05:08:28.917+0000] {logging_mixin.py:190} INFO - Fetching news from 2023-11-08 to 2023-11-09 for CH...
[2024-12-20T05:08:35.160+0000] {logging_mixin.py:190} INFO - Error fetching data from 2023-09-08 to 2024-12-19: 'ValueError' object has no attribute 'pos'
[2024-12-20T05:08:40.161+0000] {logging_mixin.py:190} INFO - Fetching news from 2023-11-09 to 2023-11-10 for CH...
[2024-12-20T05:08:42.830+0000] {logging_mixin.py:190} INFO - Inserted 250 articles into Snowflake table 'DEMO_NEWS' for CH.
[2024-12-20T05:08:47.831+0000] {logging_mixin.py:190} INFO - Fetching news from 2023-11-10 to 2023-11-11 for CH...
[2024-12-20T05:08:50.068+0000] {logging_mixin.py:190} INFO - Inserted 250 articles into Snowflake table 'DEMO_NEWS' for CH.
[2024-12-20T05:08:55.068+0000] {logging_mixin.py:190} INFO - Fetching news from 2023-11-11 to 2023-11-12 for CH...
[2024-12-20T05:08:57.708+0000] {logging_mixin.py:190} INFO - Inserted 250 articles into Snowflake table 'DEMO_NEWS' for CH.
[2024-12-20T05:09:02.709+0000] {logging_mixin.py:190} INFO - Fetching news from 2023-11-12 to 2023-11-13 for CH...
[2024-12-20T05:09:06.337+0000] {logging_mixin.py:190} INFO - Error fetching data from 2023-09-08 to 2024-12-19: 'ValueError' object has no attribute 'pos'
[2024-12-20T05:09:11.339+0000] {logging_mixin.py:190} INFO - Fetching news from 2023-11-13 to 2023-11-14 for CH...
[2024-12-20T05:09:13.176+0000] {logging_mixin.py:190} INFO - Error fetching data from 2023-09-08 to 2024-12-19: 'ValueError' object has no attribute 'pos'
[2024-12-20T05:09:18.178+0000] {logging_mixin.py:190} INFO - Fetching news from 2023-11-14 to 2023-11-15 for CH...
[2024-12-20T05:09:20.468+0000] {logging_mixin.py:190} INFO - Inserted 250 articles into Snowflake table 'DEMO_NEWS' for CH.
[2024-12-20T05:09:25.467+0000] {logging_mixin.py:190} INFO - Fetching news from 2023-11-15 to 2023-11-16 for CH...
[2024-12-20T05:09:27.858+0000] {logging_mixin.py:190} INFO - Error fetching data from 2023-09-08 to 2024-12-19: 'ValueError' object has no attribute 'pos'
[2024-12-20T05:09:32.860+0000] {logging_mixin.py:190} INFO - Fetching news from 2023-11-16 to 2023-11-17 for CH...
[2024-12-20T05:09:36.856+0000] {logging_mixin.py:190} INFO - Inserted 250 articles into Snowflake table 'DEMO_NEWS' for CH.
[2024-12-20T05:09:41.858+0000] {logging_mixin.py:190} INFO - Fetching news from 2023-11-17 to 2023-11-18 for CH...
[2024-12-20T05:09:48.370+0000] {logging_mixin.py:190} INFO - Error fetching data from 2023-09-08 to 2024-12-19: 'ValueError' object has no attribute 'pos'
[2024-12-20T05:09:53.372+0000] {logging_mixin.py:190} INFO - Fetching news from 2023-11-18 to 2023-11-19 for CH...
[2024-12-20T05:09:55.942+0000] {logging_mixin.py:190} INFO - Inserted 250 articles into Snowflake table 'DEMO_NEWS' for CH.
[2024-12-20T05:10:00.943+0000] {logging_mixin.py:190} INFO - Fetching news from 2023-11-19 to 2023-11-20 for CH...
[2024-12-20T05:10:03.507+0000] {logging_mixin.py:190} INFO - Inserted 250 articles into Snowflake table 'DEMO_NEWS' for CH.
[2024-12-20T05:10:08.508+0000] {logging_mixin.py:190} INFO - Fetching news from 2023-11-20 to 2023-11-21 for CH...
[2024-12-20T05:10:10.497+0000] {logging_mixin.py:190} INFO - Error fetching data from 2023-09-08 to 2024-12-19: 'ValueError' object has no attribute 'pos'
[2024-12-20T05:10:15.499+0000] {logging_mixin.py:190} INFO - Fetching news from 2023-11-21 to 2023-11-22 for CH...
[2024-12-20T05:10:20.072+0000] {logging_mixin.py:190} INFO - Inserted 250 articles into Snowflake table 'DEMO_NEWS' for CH.
[2024-12-20T05:10:25.071+0000] {logging_mixin.py:190} INFO - Fetching news from 2023-11-22 to 2023-11-23 for CH...
[2024-12-20T05:10:29.098+0000] {logging_mixin.py:190} INFO - Inserted 250 articles into Snowflake table 'DEMO_NEWS' for CH.
[2024-12-20T05:10:34.100+0000] {logging_mixin.py:190} INFO - Fetching news from 2023-11-23 to 2023-11-24 for CH...
[2024-12-20T05:10:36.468+0000] {logging_mixin.py:190} INFO - Inserted 250 articles into Snowflake table 'DEMO_NEWS' for CH.
[2024-12-20T05:10:41.470+0000] {logging_mixin.py:190} INFO - Fetching news from 2023-11-24 to 2023-11-25 for CH...
[2024-12-20T05:10:43.913+0000] {logging_mixin.py:190} INFO - Inserted 250 articles into Snowflake table 'DEMO_NEWS' for CH.
[2024-12-20T05:10:48.915+0000] {logging_mixin.py:190} INFO - Fetching news from 2023-11-25 to 2023-11-26 for CH...
[2024-12-20T05:10:52.720+0000] {logging_mixin.py:190} INFO - Inserted 250 articles into Snowflake table 'DEMO_NEWS' for CH.
[2024-12-20T05:10:57.719+0000] {logging_mixin.py:190} INFO - Fetching news from 2023-11-26 to 2023-11-27 for CH...
[2024-12-20T05:11:00.694+0000] {logging_mixin.py:190} INFO - Inserted 250 articles into Snowflake table 'DEMO_NEWS' for CH.
[2024-12-20T05:11:05.697+0000] {logging_mixin.py:190} INFO - Fetching news from 2023-11-27 to 2023-11-28 for CH...
[2024-12-20T05:11:08.098+0000] {logging_mixin.py:190} INFO - Inserted 250 articles into Snowflake table 'DEMO_NEWS' for CH.
[2024-12-20T05:11:13.099+0000] {logging_mixin.py:190} INFO - Fetching news from 2023-11-28 to 2023-11-29 for CH...
[2024-12-20T05:11:15.484+0000] {logging_mixin.py:190} INFO - Inserted 250 articles into Snowflake table 'DEMO_NEWS' for CH.
[2024-12-20T05:11:20.486+0000] {logging_mixin.py:190} INFO - Fetching news from 2023-11-29 to 2023-11-30 for CH...
[2024-12-20T05:11:22.565+0000] {logging_mixin.py:190} INFO - Error fetching data from 2023-09-08 to 2024-12-19: 'ValueError' object has no attribute 'pos'
[2024-12-20T05:11:32.565+0000] {logging_mixin.py:190} INFO - Fetching news from 2023-11-30 to 2023-12-01 for CH...
[2024-12-20T05:11:35.526+0000] {logging_mixin.py:190} INFO - Inserted 250 articles into Snowflake table 'DEMO_NEWS' for CH.
[2024-12-20T05:11:40.527+0000] {logging_mixin.py:190} INFO - Fetching news from 2023-12-01 to 2023-12-02 for CH...
[2024-12-20T05:11:43.345+0000] {logging_mixin.py:190} INFO - Inserted 250 articles into Snowflake table 'DEMO_NEWS' for CH.
[2024-12-20T05:11:48.347+0000] {logging_mixin.py:190} INFO - Fetching news from 2023-12-02 to 2023-12-03 for CH...
[2024-12-20T05:11:50.601+0000] {logging_mixin.py:190} INFO - Inserted 250 articles into Snowflake table 'DEMO_NEWS' for CH.
[2024-12-20T05:11:55.602+0000] {logging_mixin.py:190} INFO - Fetching news from 2023-12-03 to 2023-12-04 for CH...
[2024-12-20T05:11:58.027+0000] {logging_mixin.py:190} INFO - Inserted 250 articles into Snowflake table 'DEMO_NEWS' for CH.
[2024-12-20T05:12:03.029+0000] {logging_mixin.py:190} INFO - Fetching news from 2023-12-04 to 2023-12-05 for CH...
[2024-12-20T05:12:07.322+0000] {logging_mixin.py:190} INFO - Inserted 250 articles into Snowflake table 'DEMO_NEWS' for CH.
[2024-12-20T05:12:12.323+0000] {logging_mixin.py:190} INFO - Fetching news from 2023-12-05 to 2023-12-06 for CH...
[2024-12-20T05:12:17.514+0000] {logging_mixin.py:190} INFO - Inserted 250 articles into Snowflake table 'DEMO_NEWS' for CH.
[2024-12-20T05:12:22.515+0000] {logging_mixin.py:190} INFO - Fetching news from 2023-12-06 to 2023-12-07 for CH...
[2024-12-20T05:12:24.350+0000] {logging_mixin.py:190} INFO - Error fetching data from 2023-09-08 to 2024-12-19: 'ValueError' object has no attribute 'pos'
[2024-12-20T05:12:29.350+0000] {logging_mixin.py:190} INFO - Fetching news from 2023-12-07 to 2023-12-08 for CH...
[2024-12-20T05:12:32.605+0000] {logging_mixin.py:190} INFO - Inserted 250 articles into Snowflake table 'DEMO_NEWS' for CH.
[2024-12-20T05:12:37.607+0000] {logging_mixin.py:190} INFO - Fetching news from 2023-12-08 to 2023-12-09 for CH...
[2024-12-20T05:12:40.219+0000] {logging_mixin.py:190} INFO - Inserted 250 articles into Snowflake table 'DEMO_NEWS' for CH.
[2024-12-20T05:12:45.221+0000] {logging_mixin.py:190} INFO - Fetching news from 2023-12-09 to 2023-12-10 for CH...
[2024-12-20T05:12:49.830+0000] {logging_mixin.py:190} INFO - Inserted 250 articles into Snowflake table 'DEMO_NEWS' for CH.
[2024-12-20T05:12:54.830+0000] {logging_mixin.py:190} INFO - Fetching news from 2023-12-10 to 2023-12-11 for CH...
[2024-12-20T05:12:59.945+0000] {logging_mixin.py:190} INFO - Inserted 250 articles into Snowflake table 'DEMO_NEWS' for CH.
[2024-12-20T05:13:04.946+0000] {logging_mixin.py:190} INFO - Fetching news from 2023-12-11 to 2023-12-12 for CH...
[2024-12-20T05:13:07.630+0000] {logging_mixin.py:190} INFO - Error fetching data from 2023-09-08 to 2024-12-19: 'ValueError' object has no attribute 'pos'
[2024-12-20T05:13:12.632+0000] {logging_mixin.py:190} INFO - Fetching news from 2023-12-12 to 2023-12-13 for CH...
[2024-12-20T05:13:14.819+0000] {logging_mixin.py:190} INFO - Error fetching data from 2023-09-08 to 2024-12-19: 'ValueError' object has no attribute 'pos'
[2024-12-20T05:13:19.821+0000] {logging_mixin.py:190} INFO - Fetching news from 2023-12-13 to 2023-12-14 for CH...
[2024-12-20T05:13:21.656+0000] {logging_mixin.py:190} INFO - Error fetching data from 2023-09-08 to 2024-12-19: 'ValueError' object has no attribute 'pos'
[2024-12-20T05:13:26.656+0000] {logging_mixin.py:190} INFO - Fetching news from 2023-12-14 to 2023-12-15 for CH...
[2024-12-20T05:13:28.834+0000] {logging_mixin.py:190} INFO - Error fetching data from 2023-09-08 to 2024-12-19: 'ValueError' object has no attribute 'pos'
[2024-12-20T05:13:33.835+0000] {logging_mixin.py:190} INFO - Fetching news from 2023-12-15 to 2023-12-16 for CH...
[2024-12-20T05:13:35.737+0000] {logging_mixin.py:190} INFO - Error fetching data from 2023-09-08 to 2024-12-19: 'ValueError' object has no attribute 'pos'
[2024-12-20T05:13:40.739+0000] {logging_mixin.py:190} INFO - Fetching news from 2023-12-16 to 2023-12-17 for CH...
[2024-12-20T05:13:43.794+0000] {logging_mixin.py:190} INFO - Inserted 250 articles into Snowflake table 'DEMO_NEWS' for CH.
[2024-12-20T05:13:48.795+0000] {logging_mixin.py:190} INFO - Fetching news from 2023-12-17 to 2023-12-18 for CH...
[2024-12-20T05:13:51.266+0000] {logging_mixin.py:190} INFO - Inserted 250 articles into Snowflake table 'DEMO_NEWS' for CH.
[2024-12-20T05:13:56.265+0000] {logging_mixin.py:190} INFO - Fetching news from 2023-12-18 to 2023-12-19 for CH...
[2024-12-20T05:13:58.656+0000] {logging_mixin.py:190} INFO - Inserted 250 articles into Snowflake table 'DEMO_NEWS' for CH.
[2024-12-20T05:14:03.657+0000] {logging_mixin.py:190} INFO - Fetching news from 2023-12-19 to 2023-12-20 for CH...
[2024-12-20T05:14:08.672+0000] {logging_mixin.py:190} INFO - Error fetching data from 2023-09-08 to 2024-12-19: 'ValueError' object has no attribute 'pos'
[2024-12-20T05:14:13.674+0000] {logging_mixin.py:190} INFO - Fetching news from 2023-12-20 to 2023-12-21 for CH...
[2024-12-20T05:14:15.791+0000] {logging_mixin.py:190} INFO - Error fetching data from 2023-09-08 to 2024-12-19: 'ValueError' object has no attribute 'pos'
[2024-12-20T05:14:20.793+0000] {logging_mixin.py:190} INFO - Fetching news from 2023-12-21 to 2023-12-22 for CH...
[2024-12-20T05:14:23.389+0000] {logging_mixin.py:190} INFO - Inserted 250 articles into Snowflake table 'DEMO_NEWS' for CH.
[2024-12-20T05:14:28.390+0000] {logging_mixin.py:190} INFO - Fetching news from 2023-12-22 to 2023-12-23 for CH...
[2024-12-20T05:14:31.275+0000] {logging_mixin.py:190} INFO - Inserted 250 articles into Snowflake table 'DEMO_NEWS' for CH.
[2024-12-20T05:14:36.276+0000] {logging_mixin.py:190} INFO - Fetching news from 2023-12-23 to 2023-12-24 for CH...
[2024-12-20T05:14:39.793+0000] {logging_mixin.py:190} INFO - Inserted 250 articles into Snowflake table 'DEMO_NEWS' for CH.
[2024-12-20T05:14:44.795+0000] {logging_mixin.py:190} INFO - Fetching news from 2023-12-24 to 2023-12-25 for CH...
[2024-12-20T05:14:49.819+0000] {logging_mixin.py:190} INFO - Inserted 250 articles into Snowflake table 'DEMO_NEWS' for CH.
[2024-12-20T05:14:54.818+0000] {logging_mixin.py:190} INFO - Fetching news from 2023-12-25 to 2023-12-26 for CH...
[2024-12-20T05:14:57.268+0000] {logging_mixin.py:190} INFO - Inserted 250 articles into Snowflake table 'DEMO_NEWS' for CH.
[2024-12-20T05:15:02.270+0000] {logging_mixin.py:190} INFO - Fetching news from 2023-12-26 to 2023-12-27 for CH...
[2024-12-20T05:15:04.846+0000] {logging_mixin.py:190} INFO - Error fetching data from 2023-09-08 to 2024-12-19: 'ValueError' object has no attribute 'pos'
[2024-12-20T05:15:09.849+0000] {logging_mixin.py:190} INFO - Fetching news from 2023-12-27 to 2023-12-28 for CH...
[2024-12-20T05:15:13.977+0000] {logging_mixin.py:190} INFO - Inserted 250 articles into Snowflake table 'DEMO_NEWS' for CH.
[2024-12-20T05:15:18.978+0000] {logging_mixin.py:190} INFO - Fetching news from 2023-12-28 to 2023-12-29 for CH...
[2024-12-20T05:15:22.605+0000] {logging_mixin.py:190} INFO - Inserted 250 articles into Snowflake table 'DEMO_NEWS' for CH.
[2024-12-20T05:15:27.605+0000] {logging_mixin.py:190} INFO - Fetching news from 2023-12-29 to 2023-12-30 for CH...
[2024-12-20T05:15:31.797+0000] {logging_mixin.py:190} INFO - Inserted 250 articles into Snowflake table 'DEMO_NEWS' for CH.
[2024-12-20T05:15:41.799+0000] {logging_mixin.py:190} INFO - Fetching news from 2023-12-30 to 2023-12-31 for CH...
[2024-12-20T05:15:45.490+0000] {logging_mixin.py:190} INFO - Error fetching data from 2023-09-08 to 2024-12-19: 'ValueError' object has no attribute 'pos'
[2024-12-20T05:15:50.492+0000] {logging_mixin.py:190} INFO - Fetching news from 2023-12-31 to 2024-01-01 for CH...
[2024-12-20T05:15:53.567+0000] {logging_mixin.py:190} INFO - Inserted 250 articles into Snowflake table 'DEMO_NEWS' for CH.
[2024-12-20T05:15:58.566+0000] {logging_mixin.py:190} INFO - Fetching news from 2024-01-01 to 2024-01-02 for CH...
[2024-12-20T05:16:00.580+0000] {logging_mixin.py:190} INFO - Error fetching data from 2023-09-08 to 2024-12-19: 'ValueError' object has no attribute 'pos'
[2024-12-20T05:16:05.582+0000] {logging_mixin.py:190} INFO - Fetching news from 2024-01-02 to 2024-01-03 for CH...
[2024-12-20T05:16:10.016+0000] {logging_mixin.py:190} INFO - Error fetching data from 2023-09-08 to 2024-12-19: 'ValueError' object has no attribute 'pos'
[2024-12-20T05:16:15.019+0000] {logging_mixin.py:190} INFO - Fetching news from 2024-01-03 to 2024-01-04 for CH...
[2024-12-20T05:16:17.572+0000] {logging_mixin.py:190} INFO - Inserted 250 articles into Snowflake table 'DEMO_NEWS' for CH.
[2024-12-20T05:16:22.573+0000] {logging_mixin.py:190} INFO - Fetching news from 2024-01-04 to 2024-01-05 for CH...
[2024-12-20T05:16:25.147+0000] {logging_mixin.py:190} INFO - Inserted 250 articles into Snowflake table 'DEMO_NEWS' for CH.
[2024-12-20T05:16:30.149+0000] {logging_mixin.py:190} INFO - Fetching news from 2024-01-05 to 2024-01-06 for CH...
[2024-12-20T05:16:32.744+0000] {logging_mixin.py:190} INFO - Inserted 250 articles into Snowflake table 'DEMO_NEWS' for CH.
[2024-12-20T05:16:37.746+0000] {logging_mixin.py:190} INFO - Fetching news from 2024-01-06 to 2024-01-07 for CH...
[2024-12-20T05:16:42.608+0000] {logging_mixin.py:190} INFO - Inserted 250 articles into Snowflake table 'DEMO_NEWS' for CH.
[2024-12-20T05:16:47.609+0000] {logging_mixin.py:190} INFO - Fetching news from 2024-01-07 to 2024-01-08 for CH...
[2024-12-20T05:16:50.174+0000] {logging_mixin.py:190} INFO - Inserted 250 articles into Snowflake table 'DEMO_NEWS' for CH.
[2024-12-20T05:16:55.173+0000] {logging_mixin.py:190} INFO - Fetching news from 2024-01-08 to 2024-01-09 for CH...
[2024-12-20T05:16:57.551+0000] {logging_mixin.py:190} INFO - Error fetching data from 2023-09-08 to 2024-12-19: 'ValueError' object has no attribute 'pos'
[2024-12-20T05:17:02.553+0000] {logging_mixin.py:190} INFO - Fetching news from 2024-01-09 to 2024-01-10 for CH...
[2024-12-20T05:17:05.142+0000] {logging_mixin.py:190} INFO - Inserted 250 articles into Snowflake table 'DEMO_NEWS' for CH.
[2024-12-20T05:17:10.143+0000] {logging_mixin.py:190} INFO - Fetching news from 2024-01-10 to 2024-01-11 for CH...
[2024-12-20T05:17:12.115+0000] {logging_mixin.py:190} INFO - Error fetching data from 2023-09-08 to 2024-12-19: 'ValueError' object has no attribute 'pos'
[2024-12-20T05:17:17.117+0000] {logging_mixin.py:190} INFO - Fetching news from 2024-01-11 to 2024-01-12 for CH...
[2024-12-20T05:17:20.405+0000] {logging_mixin.py:190} INFO - Inserted 250 articles into Snowflake table 'DEMO_NEWS' for CH.
[2024-12-20T05:17:25.405+0000] {logging_mixin.py:190} INFO - Fetching news from 2024-01-12 to 2024-01-13 for CH...
[2024-12-20T05:17:29.797+0000] {logging_mixin.py:190} INFO - Inserted 250 articles into Snowflake table 'DEMO_NEWS' for CH.
[2024-12-20T05:17:34.798+0000] {logging_mixin.py:190} INFO - Fetching news from 2024-01-13 to 2024-01-14 for CH...
[2024-12-20T05:17:39.942+0000] {logging_mixin.py:190} INFO - Inserted 250 articles into Snowflake table 'DEMO_NEWS' for CH.
[2024-12-20T05:17:44.944+0000] {logging_mixin.py:190} INFO - Fetching news from 2024-01-14 to 2024-01-15 for CH...
[2024-12-20T05:17:48.077+0000] {logging_mixin.py:190} INFO - Inserted 250 articles into Snowflake table 'DEMO_NEWS' for CH.
[2024-12-20T05:17:53.078+0000] {logging_mixin.py:190} INFO - Fetching news from 2024-01-15 to 2024-01-16 for CH...
[2024-12-20T05:17:58.427+0000] {logging_mixin.py:190} INFO - Inserted 250 articles into Snowflake table 'DEMO_NEWS' for CH.
[2024-12-20T05:18:03.429+0000] {logging_mixin.py:190} INFO - Fetching news from 2024-01-16 to 2024-01-17 for CH...
[2024-12-20T05:18:05.878+0000] {logging_mixin.py:190} INFO - Inserted 250 articles into Snowflake table 'DEMO_NEWS' for CH.
[2024-12-20T05:18:10.879+0000] {logging_mixin.py:190} INFO - Fetching news from 2024-01-17 to 2024-01-18 for CH...
[2024-12-20T05:18:16.726+0000] {logging_mixin.py:190} INFO - Inserted 250 articles into Snowflake table 'DEMO_NEWS' for CH.
[2024-12-20T05:18:21.727+0000] {logging_mixin.py:190} INFO - Fetching news from 2024-01-18 to 2024-01-19 for CH...
[2024-12-20T05:18:25.523+0000] {logging_mixin.py:190} INFO - Inserted 250 articles into Snowflake table 'DEMO_NEWS' for CH.
[2024-12-20T05:18:30.524+0000] {logging_mixin.py:190} INFO - Fetching news from 2024-01-19 to 2024-01-20 for CH...
[2024-12-20T05:18:36.729+0000] {logging_mixin.py:190} INFO - Inserted 250 articles into Snowflake table 'DEMO_NEWS' for CH.
[2024-12-20T05:18:41.731+0000] {logging_mixin.py:190} INFO - Fetching news from 2024-01-20 to 2024-01-21 for CH...
[2024-12-20T05:18:44.876+0000] {logging_mixin.py:190} INFO - Inserted 250 articles into Snowflake table 'DEMO_NEWS' for CH.
[2024-12-20T05:18:49.877+0000] {logging_mixin.py:190} INFO - Fetching news from 2024-01-21 to 2024-01-22 for CH...
[2024-12-20T05:18:52.234+0000] {logging_mixin.py:190} INFO - Error fetching data from 2023-09-08 to 2024-12-19: 'ValueError' object has no attribute 'pos'
[2024-12-20T05:18:57.234+0000] {logging_mixin.py:190} INFO - Fetching news from 2024-01-22 to 2024-01-23 for CH...
[2024-12-20T05:19:00.220+0000] {logging_mixin.py:190} INFO - Inserted 250 articles into Snowflake table 'DEMO_NEWS' for CH.
[2024-12-20T05:19:05.223+0000] {logging_mixin.py:190} INFO - Fetching news from 2024-01-23 to 2024-01-24 for CH...
[2024-12-20T05:19:07.837+0000] {logging_mixin.py:190} INFO - Inserted 250 articles into Snowflake table 'DEMO_NEWS' for CH.
[2024-12-20T05:19:12.838+0000] {logging_mixin.py:190} INFO - Fetching news from 2024-01-24 to 2024-01-25 for CH...
[2024-12-20T05:19:15.396+0000] {logging_mixin.py:190} INFO - Inserted 250 articles into Snowflake table 'DEMO_NEWS' for CH.
[2024-12-20T05:19:20.397+0000] {logging_mixin.py:190} INFO - Fetching news from 2024-01-25 to 2024-01-26 for CH...
[2024-12-20T05:19:24.134+0000] {logging_mixin.py:190} INFO - Error fetching data from 2023-09-08 to 2024-12-19: 'ValueError' object has no attribute 'pos'
[2024-12-20T05:19:29.134+0000] {logging_mixin.py:190} INFO - Fetching news from 2024-01-26 to 2024-01-27 for CH...
[2024-12-20T05:19:32.530+0000] {logging_mixin.py:190} INFO - Inserted 250 articles into Snowflake table 'DEMO_NEWS' for CH.
[2024-12-20T05:19:37.531+0000] {logging_mixin.py:190} INFO - Fetching news from 2024-01-27 to 2024-01-28 for CH...
[2024-12-20T05:19:41.699+0000] {logging_mixin.py:190} INFO - Inserted 250 articles into Snowflake table 'DEMO_NEWS' for CH.
[2024-12-20T05:19:46.701+0000] {logging_mixin.py:190} INFO - Fetching news from 2024-01-28 to 2024-01-29 for CH...
[2024-12-20T05:19:49.535+0000] {logging_mixin.py:190} INFO - Inserted 250 articles into Snowflake table 'DEMO_NEWS' for CH.
[2024-12-20T05:19:54.534+0000] {logging_mixin.py:190} INFO - Fetching news from 2024-01-29 to 2024-01-30 for CH...
[2024-12-20T05:19:56.424+0000] {logging_mixin.py:190} INFO - Error fetching data from 2023-09-08 to 2024-12-19: 'ValueError' object has no attribute 'pos'
[2024-12-20T05:20:06.426+0000] {logging_mixin.py:190} INFO - Fetching news from 2024-01-30 to 2024-01-31 for CH...
[2024-12-20T05:20:08.800+0000] {logging_mixin.py:190} INFO - Inserted 250 articles into Snowflake table 'DEMO_NEWS' for CH.
[2024-12-20T05:20:13.801+0000] {logging_mixin.py:190} INFO - Fetching news from 2024-01-31 to 2024-02-01 for CH...
[2024-12-20T05:20:17.231+0000] {logging_mixin.py:190} INFO - Inserted 250 articles into Snowflake table 'DEMO_NEWS' for CH.
[2024-12-20T05:20:22.232+0000] {logging_mixin.py:190} INFO - Fetching news from 2024-02-01 to 2024-02-02 for CH...
[2024-12-20T05:20:25.606+0000] {logging_mixin.py:190} INFO - Inserted 250 articles into Snowflake table 'DEMO_NEWS' for CH.
[2024-12-20T05:20:30.607+0000] {logging_mixin.py:190} INFO - Fetching news from 2024-02-02 to 2024-02-03 for CH...
[2024-12-20T05:20:32.443+0000] {logging_mixin.py:190} INFO - Error fetching data from 2023-09-08 to 2024-12-19: 'ValueError' object has no attribute 'pos'
[2024-12-20T05:20:37.445+0000] {logging_mixin.py:190} INFO - Fetching news from 2024-02-03 to 2024-02-04 for CH...
[2024-12-20T05:20:40.004+0000] {logging_mixin.py:190} INFO - Inserted 250 articles into Snowflake table 'DEMO_NEWS' for CH.
[2024-12-20T05:20:45.005+0000] {logging_mixin.py:190} INFO - Fetching news from 2024-02-04 to 2024-02-05 for CH...
[2024-12-20T05:20:47.647+0000] {logging_mixin.py:190} INFO - Inserted 250 articles into Snowflake table 'DEMO_NEWS' for CH.
[2024-12-20T05:20:52.649+0000] {logging_mixin.py:190} INFO - Fetching news from 2024-02-05 to 2024-02-06 for CH...
[2024-12-20T05:20:55.405+0000] {logging_mixin.py:190} INFO - Inserted 250 articles into Snowflake table 'DEMO_NEWS' for CH.
[2024-12-20T05:21:00.406+0000] {logging_mixin.py:190} INFO - Fetching news from 2024-02-06 to 2024-02-07 for CH...
[2024-12-20T05:21:02.466+0000] {logging_mixin.py:190} INFO - Error fetching data from 2023-09-08 to 2024-12-19: 'ValueError' object has no attribute 'pos'
[2024-12-20T05:21:07.467+0000] {logging_mixin.py:190} INFO - Fetching news from 2024-02-07 to 2024-02-08 for CH...
[2024-12-20T05:21:09.593+0000] {logging_mixin.py:190} INFO - Error fetching data from 2023-09-08 to 2024-12-19: 'ValueError' object has no attribute 'pos'
[2024-12-20T05:21:14.595+0000] {logging_mixin.py:190} INFO - Fetching news from 2024-02-08 to 2024-02-09 for CH...
[2024-12-20T05:21:17.529+0000] {logging_mixin.py:190} INFO - Inserted 250 articles into Snowflake table 'DEMO_NEWS' for CH.
[2024-12-20T05:21:22.530+0000] {logging_mixin.py:190} INFO - Fetching news from 2024-02-09 to 2024-02-10 for CH...
[2024-12-20T05:21:25.367+0000] {logging_mixin.py:190} INFO - Inserted 250 articles into Snowflake table 'DEMO_NEWS' for CH.
[2024-12-20T05:21:30.368+0000] {logging_mixin.py:190} INFO - Fetching news from 2024-02-10 to 2024-02-11 for CH...
[2024-12-20T05:21:33.097+0000] {logging_mixin.py:190} INFO - Inserted 250 articles into Snowflake table 'DEMO_NEWS' for CH.
[2024-12-20T05:21:38.098+0000] {logging_mixin.py:190} INFO - Fetching news from 2024-02-11 to 2024-02-12 for CH...
[2024-12-20T05:21:40.480+0000] {logging_mixin.py:190} INFO - Inserted 250 articles into Snowflake table 'DEMO_NEWS' for CH.
[2024-12-20T05:21:45.482+0000] {logging_mixin.py:190} INFO - Fetching news from 2024-02-12 to 2024-02-13 for CH...
[2024-12-20T05:21:48.252+0000] {logging_mixin.py:190} INFO - Inserted 250 articles into Snowflake table 'DEMO_NEWS' for CH.
[2024-12-20T05:21:53.254+0000] {logging_mixin.py:190} INFO - Fetching news from 2024-02-13 to 2024-02-14 for CH...
[2024-12-20T05:21:55.519+0000] {logging_mixin.py:190} INFO - Error fetching data from 2023-09-08 to 2024-12-19: 'ValueError' object has no attribute 'pos'
[2024-12-20T05:22:00.521+0000] {logging_mixin.py:190} INFO - Fetching news from 2024-02-14 to 2024-02-15 for CH...
[2024-12-20T05:22:05.486+0000] {logging_mixin.py:190} INFO - Error fetching data from 2023-09-08 to 2024-12-19: 'ValueError' object has no attribute 'pos'
[2024-12-20T05:22:10.488+0000] {logging_mixin.py:190} INFO - Fetching news from 2024-02-15 to 2024-02-16 for CH...
[2024-12-20T05:22:13.092+0000] {logging_mixin.py:190} INFO - Inserted 250 articles into Snowflake table 'DEMO_NEWS' for CH.
[2024-12-20T05:22:18.094+0000] {logging_mixin.py:190} INFO - Fetching news from 2024-02-16 to 2024-02-17 for CH...
[2024-12-20T05:22:21.180+0000] {logging_mixin.py:190} INFO - Inserted 250 articles into Snowflake table 'DEMO_NEWS' for CH.
[2024-12-20T05:22:26.179+0000] {logging_mixin.py:190} INFO - Fetching news from 2024-02-17 to 2024-02-18 for CH...
[2024-12-20T05:22:31.060+0000] {logging_mixin.py:190} INFO - Error fetching data from 2023-09-08 to 2024-12-19: 'ValueError' object has no attribute 'pos'
[2024-12-20T05:22:36.062+0000] {logging_mixin.py:190} INFO - Fetching news from 2024-02-18 to 2024-02-19 for CH...
[2024-12-20T05:22:38.772+0000] {logging_mixin.py:190} INFO - Inserted 250 articles into Snowflake table 'DEMO_NEWS' for CH.
[2024-12-20T05:22:43.773+0000] {logging_mixin.py:190} INFO - Fetching news from 2024-02-19 to 2024-02-20 for CH...
[2024-12-20T05:22:49.113+0000] {logging_mixin.py:190} INFO - Error fetching data from 2023-09-08 to 2024-12-19: Max Recursion depth is reached. JSON can´t be parsed!
[2024-12-20T05:22:54.173+0000] {logging_mixin.py:190} INFO - Fetching news from 2024-02-20 to 2024-02-21 for CH...
[2024-12-20T05:22:56.802+0000] {logging_mixin.py:190} INFO - Inserted 250 articles into Snowflake table 'DEMO_NEWS' for CH.
[2024-12-20T05:23:01.804+0000] {logging_mixin.py:190} INFO - Fetching news from 2024-02-21 to 2024-02-22 for CH...
[2024-12-20T05:23:07.414+0000] {logging_mixin.py:190} INFO - Inserted 250 articles into Snowflake table 'DEMO_NEWS' for CH.
[2024-12-20T05:23:12.416+0000] {logging_mixin.py:190} INFO - Fetching news from 2024-02-22 to 2024-02-23 for CH...
[2024-12-20T05:23:16.291+0000] {logging_mixin.py:190} INFO - Error fetching data from 2023-09-08 to 2024-12-19: 'ValueError' object has no attribute 'pos'
[2024-12-20T05:23:21.293+0000] {logging_mixin.py:190} INFO - Fetching news from 2024-02-23 to 2024-02-24 for CH...
[2024-12-20T05:23:24.419+0000] {logging_mixin.py:190} INFO - Inserted 250 articles into Snowflake table 'DEMO_NEWS' for CH.
[2024-12-20T05:23:29.419+0000] {logging_mixin.py:190} INFO - Fetching news from 2024-02-24 to 2024-02-25 for CH...
[2024-12-20T05:23:32.908+0000] {logging_mixin.py:190} INFO - Inserted 250 articles into Snowflake table 'DEMO_NEWS' for CH.
[2024-12-20T05:23:37.909+0000] {logging_mixin.py:190} INFO - Fetching news from 2024-02-25 to 2024-02-26 for CH...
[2024-12-20T05:23:41.019+0000] {logging_mixin.py:190} INFO - Inserted 250 articles into Snowflake table 'DEMO_NEWS' for CH.
[2024-12-20T05:23:46.021+0000] {logging_mixin.py:190} INFO - Fetching news from 2024-02-26 to 2024-02-27 for CH...
[2024-12-20T05:23:49.127+0000] {logging_mixin.py:190} INFO - Inserted 250 articles into Snowflake table 'DEMO_NEWS' for CH.
[2024-12-20T05:23:54.129+0000] {logging_mixin.py:190} INFO - Fetching news from 2024-02-27 to 2024-02-28 for CH...
[2024-12-20T05:23:58.107+0000] {logging_mixin.py:190} INFO - Inserted 250 articles into Snowflake table 'DEMO_NEWS' for CH.
[2024-12-20T05:24:03.109+0000] {logging_mixin.py:190} INFO - Fetching news from 2024-02-28 to 2024-02-29 for CH...
[2024-12-20T05:24:08.631+0000] {logging_mixin.py:190} INFO - Inserted 250 articles into Snowflake table 'DEMO_NEWS' for CH.
[2024-12-20T05:24:13.632+0000] {logging_mixin.py:190} INFO - Fetching news from 2024-02-29 to 2024-03-01 for CH...
[2024-12-20T05:24:16.419+0000] {logging_mixin.py:190} INFO - Inserted 250 articles into Snowflake table 'DEMO_NEWS' for CH.
[2024-12-20T05:24:21.421+0000] {logging_mixin.py:190} INFO - Fetching news from 2024-03-01 to 2024-03-02 for CH...
[2024-12-20T05:24:25.282+0000] {logging_mixin.py:190} INFO - Inserted 250 articles into Snowflake table 'DEMO_NEWS' for CH.
[2024-12-20T05:24:30.284+0000] {logging_mixin.py:190} INFO - Fetching news from 2024-03-02 to 2024-03-03 for CH...
[2024-12-20T05:24:35.997+0000] {logging_mixin.py:190} INFO - Error fetching data from 2023-09-08 to 2024-12-19: 'ValueError' object has no attribute 'pos'
[2024-12-20T05:24:41.000+0000] {logging_mixin.py:190} INFO - Fetching news from 2024-03-03 to 2024-03-04 for CH...
[2024-12-20T05:24:43.629+0000] {logging_mixin.py:190} INFO - Inserted 250 articles into Snowflake table 'DEMO_NEWS' for CH.
[2024-12-20T05:24:48.631+0000] {logging_mixin.py:190} INFO - Fetching news from 2024-03-04 to 2024-03-05 for CH...
[2024-12-20T05:24:51.863+0000] {logging_mixin.py:190} INFO - Inserted 250 articles into Snowflake table 'DEMO_NEWS' for CH.
[2024-12-20T05:24:56.874+0000] {logging_mixin.py:190} INFO - Fetching news from 2024-03-05 to 2024-03-06 for CH...
[2024-12-20T05:25:00.227+0000] {logging_mixin.py:190} INFO - Inserted 250 articles into Snowflake table 'DEMO_NEWS' for CH.
[2024-12-20T05:25:05.229+0000] {logging_mixin.py:190} INFO - Fetching news from 2024-03-06 to 2024-03-07 for CH...
[2024-12-20T05:25:10.717+0000] {logging_mixin.py:190} INFO - Error fetching data from 2023-09-08 to 2024-12-19: 'ValueError' object has no attribute 'pos'
[2024-12-20T05:25:15.719+0000] {logging_mixin.py:190} INFO - Fetching news from 2024-03-07 to 2024-03-08 for CH...
[2024-12-20T05:25:19.233+0000] {logging_mixin.py:190} INFO - Inserted 250 articles into Snowflake table 'DEMO_NEWS' for CH.
[2024-12-20T05:25:24.235+0000] {logging_mixin.py:190} INFO - Fetching news from 2024-03-08 to 2024-03-09 for CH...
[2024-12-20T05:25:26.780+0000] {logging_mixin.py:190} INFO - Inserted 250 articles into Snowflake table 'DEMO_NEWS' for CH.
[2024-12-20T05:25:31.782+0000] {logging_mixin.py:190} INFO - Fetching news from 2024-03-09 to 2024-03-10 for CH...
[2024-12-20T05:25:35.879+0000] {logging_mixin.py:190} INFO - Error fetching data from 2023-09-08 to 2024-12-19: 'ValueError' object has no attribute 'pos'
[2024-12-20T05:25:40.881+0000] {logging_mixin.py:190} INFO - Fetching news from 2024-03-10 to 2024-03-11 for CH...
[2024-12-20T05:25:43.946+0000] {logging_mixin.py:190} INFO - Inserted 250 articles into Snowflake table 'DEMO_NEWS' for CH.
[2024-12-20T05:25:48.947+0000] {logging_mixin.py:190} INFO - Fetching news from 2024-03-11 to 2024-03-12 for CH...
[2024-12-20T05:25:55.512+0000] {logging_mixin.py:190} INFO - Inserted 250 articles into Snowflake table 'DEMO_NEWS' for CH.
[2024-12-20T05:26:00.513+0000] {logging_mixin.py:190} INFO - Fetching news from 2024-03-12 to 2024-03-13 for CH...
[2024-12-20T05:26:07.418+0000] {logging_mixin.py:190} INFO - Inserted 250 articles into Snowflake table 'DEMO_NEWS' for CH.
[2024-12-20T05:26:07.467+0000] {local_task_job_runner.py:318} WARNING - Recorded pid 13980 does not match the current pid 13637
[2024-12-20T05:26:07.469+0000] {local_task_job_runner.py:218} WARNING - Heartbeat failed with Exception: PID of job runner does not match
[2024-12-20T05:26:12.420+0000] {logging_mixin.py:190} INFO - Fetching news from 2024-03-13 to 2024-03-14 for CH...
[2024-12-20T05:26:12.546+0000] {local_task_job_runner.py:318} WARNING - Recorded pid 13980 does not match the current pid 13637
[2024-12-20T05:26:12.547+0000] {local_task_job_runner.py:218} WARNING - Heartbeat failed with Exception: PID of job runner does not match
[2024-12-20T05:26:16.335+0000] {logging_mixin.py:190} INFO - Inserted 250 articles into Snowflake table 'DEMO_NEWS' for CH.
[2024-12-20T05:26:17.615+0000] {local_task_job_runner.py:346} WARNING - State of this instance has been externally set to restarting. Terminating instance.
[2024-12-20T05:26:17.617+0000] {local_task_job_runner.py:245} INFO - ::endgroup::
[2024-12-20T05:26:17.620+0000] {process_utils.py:132} INFO - Sending 15 to group 13637. PIDs of all processes in the group: [13637]
[2024-12-20T05:26:17.621+0000] {process_utils.py:87} INFO - Sending the signal 15 to group 13637
[2024-12-20T05:26:17.622+0000] {taskinstance.py:3093} ERROR - Received SIGTERM. Terminating subprocesses.
[2024-12-20T05:26:17.624+0000] {connection.py:789} INFO - closed
[2024-12-20T05:26:17.650+0000] {connection.py:795} INFO - No async queries seem to be running, deleting session
[2024-12-20T05:26:17.704+0000] {taskinstance.py:3311} ERROR - Task failed with exception
Traceback (most recent call last):
  File "/home/airflow/.local/lib/python3.12/site-packages/airflow/models/taskinstance.py", line 767, in _execute_task
    result = _execute_callable(context=context, **execute_callable_kwargs)
             ^^^^^^^^^^^^^^^^^^^^^^^^^^^^^^^^^^^^^^^^^^^^^^^^^^^^^^^^^^^^^
  File "/home/airflow/.local/lib/python3.12/site-packages/airflow/models/taskinstance.py", line 733, in _execute_callable
    return ExecutionCallableRunner(
           ^^^^^^^^^^^^^^^^^^^^^^^^
  File "/home/airflow/.local/lib/python3.12/site-packages/airflow/utils/operator_helpers.py", line 252, in run
    return self.func(*args, **kwargs)
           ^^^^^^^^^^^^^^^^^^^^^^^^^^
  File "/home/airflow/.local/lib/python3.12/site-packages/airflow/models/baseoperator.py", line 422, in wrapper
    return func(self, *args, **kwargs)
           ^^^^^^^^^^^^^^^^^^^^^^^^^^^
  File "/home/airflow/.local/lib/python3.12/site-packages/airflow/operators/python.py", line 238, in execute
    return_value = self.execute_callable()
                   ^^^^^^^^^^^^^^^^^^^^^^^
  File "/home/airflow/.local/lib/python3.12/site-packages/airflow/operators/python.py", line 256, in execute_callable
    return runner.run(*self.op_args, **self.op_kwargs)
           ^^^^^^^^^^^^^^^^^^^^^^^^^^^^^^^^^^^^^^^^^^^
  File "/home/airflow/.local/lib/python3.12/site-packages/airflow/utils/operator_helpers.py", line 252, in run
    return self.func(*args, **kwargs)
           ^^^^^^^^^^^^^^^^^^^^^^^^^^
  File "/opt/airflow/dags/snowflake_connector_dag.py", line 47, in fetch_and_insert_news_for_countries
    time.sleep(5)
  File "/home/airflow/.local/lib/python3.12/site-packages/airflow/models/taskinstance.py", line 3095, in signal_handler
    raise AirflowTaskTerminated("Task received SIGTERM signal")
airflow.exceptions.AirflowTaskTerminated: Task received SIGTERM signal
[2024-12-20T05:26:17.716+0000] {taskinstance.py:1225} INFO - Marking task as UP_FOR_RETRY. dag_id=fetch_and_insert_all_countries_news_1, task_id=fetch_and_insert_news_all_countries, run_id=manual__2024-12-20T04:58:48.223168+00:00, execution_date=20241220T045848, start_date=20241220T052603, end_date=20241220T052617
[2024-12-20T05:26:17.740+0000] {taskinstance.py:340} INFO - ::group::Post task execution logs
[2024-12-20T05:26:17.795+0000] {process_utils.py:80} INFO - Process psutil.Process(pid=13637, status='terminated', exitcode=2, started='04:58:49') (13637) terminated with exit code 2
