[2025-01-02T06:57:16.843+0000] {local_task_job_runner.py:123} INFO - ::group::Pre task execution logs
[2025-01-02T06:57:16.872+0000] {taskinstance.py:2613} INFO - Dependencies all met for dep_context=non-requeueable deps ti=<TaskInstance: fetch_and_transform_news_data.process_news_all_countries manual__2025-01-02T06:57:13.373048+00:00 [queued]>
[2025-01-02T06:57:16.889+0000] {taskinstance.py:2613} INFO - Dependencies all met for dep_context=requeueable deps ti=<TaskInstance: fetch_and_transform_news_data.process_news_all_countries manual__2025-01-02T06:57:13.373048+00:00 [queued]>
[2025-01-02T06:57:16.891+0000] {taskinstance.py:2866} INFO - Starting attempt 1 of 2
[2025-01-02T06:57:16.919+0000] {taskinstance.py:2889} INFO - Executing <Task(PythonOperator): process_news_all_countries> on 2025-01-02 06:57:13.373048+00:00
[2025-01-02T06:57:16.932+0000] {warnings.py:112} WARNING - /home/***/.local/lib/python3.12/site-packages/***/task/task_runner/standard_task_runner.py:70: DeprecationWarning: This process (pid=453) is multi-threaded, use of fork() may lead to deadlocks in the child.
  pid = os.fork()

[2025-01-02T06:57:16.936+0000] {standard_task_runner.py:72} INFO - Started process 455 to run task
[2025-01-02T06:57:16.935+0000] {standard_task_runner.py:104} INFO - Running: ['***', 'tasks', 'run', 'fetch_and_transform_news_data', 'process_news_all_countries', 'manual__2025-01-02T06:57:13.373048+00:00', '--job-id', '92', '--raw', '--subdir', 'DAGS_FOLDER/fetch_and_transform_news.py', '--cfg-path', '/tmp/tmpi0ocuwpl']
[2025-01-02T06:57:16.939+0000] {standard_task_runner.py:105} INFO - Job 92: Subtask process_news_all_countries
[2025-01-02T06:57:17.022+0000] {task_command.py:467} INFO - Running <TaskInstance: fetch_and_transform_news_data.process_news_all_countries manual__2025-01-02T06:57:13.373048+00:00 [running]> on host 4fe538676cbc
[2025-01-02T06:57:17.183+0000] {taskinstance.py:3132} INFO - Exporting env vars: AIRFLOW_CTX_DAG_OWNER='***' AIRFLOW_CTX_DAG_ID='fetch_and_transform_news_data' AIRFLOW_CTX_TASK_ID='process_news_all_countries' AIRFLOW_CTX_EXECUTION_DATE='2025-01-02T06:57:13.373048+00:00' AIRFLOW_CTX_TRY_NUMBER='1' AIRFLOW_CTX_DAG_RUN_ID='manual__2025-01-02T06:57:13.373048+00:00'
[2025-01-02T06:57:17.186+0000] {taskinstance.py:731} INFO - ::endgroup::
[2025-01-02T06:57:17.236+0000] {base.py:84} INFO - Retrieving connection 'snowflake_con'
[2025-01-02T06:57:17.238+0000] {connection.py:414} INFO - Snowflake Connector for Python Version: 3.12.4, Python Version: 3.12.8, Platform: Linux-5.15.167.4-microsoft-standard-WSL2-x86_64-with-glibc2.36
[2025-01-02T06:57:17.244+0000] {connection.py:1197} INFO - Connecting to GLOBAL Snowflake domain
[2025-01-02T06:57:17.245+0000] {connection.py:1278} INFO - This connection is in OCSP Fail Open Mode. TLS Certificates would be checked for validity and revocation status. Any other Certificate Revocation related exceptions or OCSP Responder failures would be disregarded in favor of connectivity.
[2025-01-02T06:57:19.268+0000] {cursor.py:1166} INFO - Number of results in first chunk: 1
[2025-01-02T06:57:19.271+0000] {logging_mixin.py:190} INFO - None
[2025-01-02T06:57:19.272+0000] {connection.py:789} INFO - closed
[2025-01-02T06:57:19.573+0000] {connection.py:795} INFO - No async queries seem to be running, deleting session
[2025-01-02T06:57:19.884+0000] {connection.py:414} INFO - Snowflake Connector for Python Version: 3.12.4, Python Version: 3.12.8, Platform: Linux-5.15.167.4-microsoft-standard-WSL2-x86_64-with-glibc2.36
[2025-01-02T06:57:19.886+0000] {connection.py:1197} INFO - Connecting to GLOBAL Snowflake domain
[2025-01-02T06:57:19.887+0000] {connection.py:1278} INFO - This connection is in OCSP Fail Open Mode. TLS Certificates would be checked for validity and revocation status. Any other Certificate Revocation related exceptions or OCSP Responder failures would be disregarded in favor of connectivity.
[2025-01-02T06:57:22.935+0000] {cursor.py:1166} INFO - Number of results in first chunk: 862
[2025-01-02T06:57:26.146+0000] {logging_mixin.py:190} INFO - Inserted 1000 rows.
[2025-01-02T06:57:27.263+0000] {logging_mixin.py:190} INFO - Inserted 1000 rows.
[2025-01-02T06:57:28.324+0000] {logging_mixin.py:190} INFO - Inserted 1000 rows.
[2025-01-02T06:57:29.395+0000] {logging_mixin.py:190} INFO - Inserted 1000 rows.
[2025-01-02T06:57:30.545+0000] {logging_mixin.py:190} INFO - Inserted 1000 rows.
[2025-01-02T06:57:31.697+0000] {logging_mixin.py:190} INFO - Inserted 1000 rows.
[2025-01-02T06:57:32.600+0000] {logging_mixin.py:190} INFO - Inserted 1000 rows.
[2025-01-02T06:57:33.364+0000] {logging_mixin.py:190} INFO - Inserted 1000 rows.
[2025-01-02T06:57:34.271+0000] {logging_mixin.py:190} INFO - Inserted 1000 rows.
[2025-01-02T06:57:35.408+0000] {logging_mixin.py:190} INFO - Inserted 1000 rows.
[2025-01-02T06:57:35.998+0000] {logging_mixin.py:190} INFO - Logged 10000 rows in tracking table.
[2025-01-02T06:57:37.332+0000] {cursor.py:1166} INFO - Number of results in first chunk: 876
[2025-01-02T06:57:40.177+0000] {logging_mixin.py:190} INFO - Inserted 1000 rows.
[2025-01-02T06:57:41.274+0000] {logging_mixin.py:190} INFO - Inserted 1000 rows.
[2025-01-02T06:57:42.523+0000] {logging_mixin.py:190} INFO - Inserted 1000 rows.
[2025-01-02T06:57:43.380+0000] {logging_mixin.py:190} INFO - Inserted 1000 rows.
[2025-01-02T06:57:44.563+0000] {logging_mixin.py:190} INFO - Inserted 1000 rows.
[2025-01-02T06:57:45.447+0000] {logging_mixin.py:190} INFO - Inserted 1000 rows.
[2025-01-02T06:57:46.591+0000] {logging_mixin.py:190} INFO - Inserted 1000 rows.
[2025-01-02T06:57:47.394+0000] {logging_mixin.py:190} INFO - Inserted 1000 rows.
[2025-01-02T06:57:48.607+0000] {logging_mixin.py:190} INFO - Inserted 1000 rows.
[2025-01-02T06:57:49.491+0000] {logging_mixin.py:190} INFO - Inserted 1000 rows.
[2025-01-02T06:57:50.105+0000] {logging_mixin.py:190} INFO - Logged 20000 rows in tracking table.
[2025-01-02T06:57:51.217+0000] {cursor.py:1166} INFO - Number of results in first chunk: 857
[2025-01-02T06:57:54.151+0000] {logging_mixin.py:190} INFO - Inserted 1000 rows.
[2025-01-02T06:57:55.388+0000] {logging_mixin.py:190} INFO - Inserted 1000 rows.
[2025-01-02T06:57:56.575+0000] {logging_mixin.py:190} INFO - Inserted 1000 rows.
[2025-01-02T06:57:57.682+0000] {logging_mixin.py:190} INFO - Inserted 1000 rows.
[2025-01-02T06:57:58.874+0000] {logging_mixin.py:190} INFO - Inserted 1000 rows.
[2025-01-02T06:58:00.055+0000] {logging_mixin.py:190} INFO - Inserted 1000 rows.
[2025-01-02T06:58:01.218+0000] {logging_mixin.py:190} INFO - Inserted 1000 rows.
[2025-01-02T06:58:02.167+0000] {logging_mixin.py:190} INFO - Inserted 1000 rows.
[2025-01-02T06:58:03.068+0000] {logging_mixin.py:190} INFO - Inserted 1000 rows.
[2025-01-02T06:58:03.957+0000] {logging_mixin.py:190} INFO - Inserted 1000 rows.
[2025-01-02T06:58:04.539+0000] {logging_mixin.py:190} INFO - Logged 30000 rows in tracking table.
[2025-01-02T06:58:05.758+0000] {cursor.py:1166} INFO - Number of results in first chunk: 853
[2025-01-02T06:58:08.723+0000] {logging_mixin.py:190} INFO - Inserted 1000 rows.
[2025-01-02T06:58:10.085+0000] {logging_mixin.py:190} INFO - Inserted 1000 rows.
[2025-01-02T06:58:11.320+0000] {logging_mixin.py:190} INFO - Inserted 1000 rows.
[2025-01-02T06:58:12.515+0000] {logging_mixin.py:190} INFO - Inserted 1000 rows.
[2025-01-02T06:58:13.762+0000] {logging_mixin.py:190} INFO - Inserted 1000 rows.
[2025-01-02T06:58:14.948+0000] {logging_mixin.py:190} INFO - Inserted 1000 rows.
[2025-01-02T06:58:16.134+0000] {logging_mixin.py:190} INFO - Inserted 1000 rows.
[2025-01-02T06:58:17.471+0000] {logging_mixin.py:190} INFO - Inserted 1000 rows.
[2025-01-02T06:58:18.749+0000] {logging_mixin.py:190} INFO - Inserted 1000 rows.
[2025-01-02T06:58:20.048+0000] {logging_mixin.py:190} INFO - Inserted 1000 rows.
[2025-01-02T06:58:20.627+0000] {logging_mixin.py:190} INFO - Logged 40000 rows in tracking table.
[2025-01-02T06:58:21.866+0000] {cursor.py:1166} INFO - Number of results in first chunk: 861
[2025-01-02T06:58:24.792+0000] {logging_mixin.py:190} INFO - Inserted 1000 rows.
[2025-01-02T06:58:26.085+0000] {logging_mixin.py:190} INFO - Inserted 1000 rows.
[2025-01-02T06:58:27.089+0000] {logging_mixin.py:190} INFO - Inserted 1000 rows.
[2025-01-02T06:58:28.180+0000] {logging_mixin.py:190} INFO - Inserted 1000 rows.
[2025-01-02T06:58:29.245+0000] {logging_mixin.py:190} INFO - Inserted 1000 rows.
[2025-01-02T06:58:30.337+0000] {logging_mixin.py:190} INFO - Inserted 1000 rows.
[2025-01-02T06:58:31.421+0000] {logging_mixin.py:190} INFO - Inserted 1000 rows.
[2025-01-02T06:58:32.670+0000] {logging_mixin.py:190} INFO - Inserted 1000 rows.
[2025-01-02T06:58:33.795+0000] {logging_mixin.py:190} INFO - Inserted 1000 rows.
[2025-01-02T06:58:34.892+0000] {logging_mixin.py:190} INFO - Inserted 1000 rows.
[2025-01-02T06:58:35.533+0000] {logging_mixin.py:190} INFO - Logged 50000 rows in tracking table.
[2025-01-02T06:58:36.752+0000] {cursor.py:1166} INFO - Number of results in first chunk: 849
[2025-01-02T06:58:41.661+0000] {logging_mixin.py:190} INFO - Inserted 1000 rows.
[2025-01-02T06:58:42.743+0000] {logging_mixin.py:190} INFO - Inserted 1000 rows.
[2025-01-02T06:58:43.882+0000] {logging_mixin.py:190} INFO - Inserted 1000 rows.
[2025-01-02T06:58:44.993+0000] {logging_mixin.py:190} INFO - Inserted 1000 rows.
[2025-01-02T06:58:46.159+0000] {logging_mixin.py:190} INFO - Inserted 1000 rows.
[2025-01-02T06:58:47.352+0000] {logging_mixin.py:190} INFO - Inserted 1000 rows.
[2025-01-02T06:58:48.520+0000] {logging_mixin.py:190} INFO - Inserted 1000 rows.
[2025-01-02T06:58:49.439+0000] {logging_mixin.py:190} INFO - Inserted 1000 rows.
[2025-01-02T06:58:50.281+0000] {logging_mixin.py:190} INFO - Inserted 1000 rows.
[2025-01-02T06:58:51.473+0000] {logging_mixin.py:190} INFO - Inserted 1000 rows.
[2025-01-02T06:58:52.102+0000] {logging_mixin.py:190} INFO - Logged 60000 rows in tracking table.
[2025-01-02T06:58:53.436+0000] {cursor.py:1166} INFO - Number of results in first chunk: 848
[2025-01-02T06:58:58.323+0000] {logging_mixin.py:190} INFO - Inserted 1000 rows.
[2025-01-02T06:58:59.520+0000] {logging_mixin.py:190} INFO - Inserted 1000 rows.
[2025-01-02T06:59:00.614+0000] {logging_mixin.py:190} INFO - Inserted 1000 rows.
[2025-01-02T06:59:01.821+0000] {logging_mixin.py:190} INFO - Inserted 1000 rows.
[2025-01-02T06:59:03.012+0000] {logging_mixin.py:190} INFO - Inserted 1000 rows.
[2025-01-02T06:59:03.879+0000] {logging_mixin.py:190} INFO - Inserted 1000 rows.
[2025-01-02T06:59:05.010+0000] {logging_mixin.py:190} INFO - Inserted 1000 rows.
[2025-01-02T06:59:06.183+0000] {logging_mixin.py:190} INFO - Inserted 1000 rows.
[2025-01-02T06:59:07.357+0000] {logging_mixin.py:190} INFO - Inserted 1000 rows.
[2025-01-02T06:59:08.187+0000] {logging_mixin.py:190} INFO - Inserted 1000 rows.
[2025-01-02T06:59:08.784+0000] {logging_mixin.py:190} INFO - Logged 70000 rows in tracking table.
[2025-01-02T06:59:10.533+0000] {cursor.py:1166} INFO - Number of results in first chunk: 839
[2025-01-02T06:59:13.604+0000] {logging_mixin.py:190} INFO - Inserted 1000 rows.
[2025-01-02T06:59:14.820+0000] {logging_mixin.py:190} INFO - Inserted 1000 rows.
[2025-01-02T06:59:15.942+0000] {logging_mixin.py:190} INFO - Inserted 1000 rows.
[2025-01-02T06:59:17.180+0000] {logging_mixin.py:190} INFO - Inserted 1000 rows.
[2025-01-02T06:59:18.462+0000] {logging_mixin.py:190} INFO - Inserted 1000 rows.
[2025-01-02T06:59:19.425+0000] {logging_mixin.py:190} INFO - Inserted 1000 rows.
[2025-01-02T06:59:20.351+0000] {logging_mixin.py:190} INFO - Inserted 1000 rows.
[2025-01-02T06:59:21.200+0000] {logging_mixin.py:190} INFO - Inserted 1000 rows.
[2025-01-02T06:59:22.415+0000] {logging_mixin.py:190} INFO - Inserted 1000 rows.
[2025-01-02T06:59:23.632+0000] {logging_mixin.py:190} INFO - Inserted 1000 rows.
[2025-01-02T06:59:24.279+0000] {logging_mixin.py:190} INFO - Logged 80000 rows in tracking table.
[2025-01-02T06:59:25.746+0000] {cursor.py:1166} INFO - Number of results in first chunk: 834
[2025-01-02T06:59:28.826+0000] {logging_mixin.py:190} INFO - Inserted 1000 rows.
[2025-01-02T06:59:30.110+0000] {logging_mixin.py:190} INFO - Inserted 1000 rows.
[2025-01-02T06:59:31.279+0000] {logging_mixin.py:190} INFO - Inserted 1000 rows.
[2025-01-02T06:59:32.430+0000] {logging_mixin.py:190} INFO - Inserted 1000 rows.
[2025-01-02T06:59:33.476+0000] {logging_mixin.py:190} INFO - Inserted 1000 rows.
[2025-01-02T06:59:34.594+0000] {logging_mixin.py:190} INFO - Inserted 1000 rows.
[2025-01-02T06:59:35.696+0000] {logging_mixin.py:190} INFO - Inserted 1000 rows.
[2025-01-02T06:59:36.474+0000] {logging_mixin.py:190} INFO - Inserted 1000 rows.
[2025-01-02T06:59:37.568+0000] {logging_mixin.py:190} INFO - Inserted 1000 rows.
[2025-01-02T06:59:38.622+0000] {logging_mixin.py:190} INFO - Inserted 1000 rows.
[2025-01-02T06:59:39.315+0000] {logging_mixin.py:190} INFO - Logged 90000 rows in tracking table.
[2025-01-02T06:59:40.803+0000] {cursor.py:1166} INFO - Number of results in first chunk: 829
[2025-01-02T06:59:43.707+0000] {logging_mixin.py:190} INFO - Inserted 1000 rows.
[2025-01-02T06:59:44.849+0000] {logging_mixin.py:190} INFO - Inserted 1000 rows.
[2025-01-02T06:59:46.083+0000] {logging_mixin.py:190} INFO - Inserted 1000 rows.
[2025-01-02T06:59:47.230+0000] {logging_mixin.py:190} INFO - Inserted 1000 rows.
[2025-01-02T06:59:48.412+0000] {logging_mixin.py:190} INFO - Inserted 1000 rows.
[2025-01-02T06:59:49.471+0000] {logging_mixin.py:190} INFO - Inserted 1000 rows.
[2025-01-02T06:59:50.674+0000] {logging_mixin.py:190} INFO - Inserted 1000 rows.
[2025-01-02T06:59:51.551+0000] {logging_mixin.py:190} INFO - Inserted 1000 rows.
[2025-01-02T06:59:52.744+0000] {logging_mixin.py:190} INFO - Inserted 1000 rows.
[2025-01-02T06:59:53.907+0000] {logging_mixin.py:190} INFO - Inserted 1000 rows.
[2025-01-02T06:59:54.493+0000] {logging_mixin.py:190} INFO - Logged 100000 rows in tracking table.
[2025-01-02T06:59:55.976+0000] {cursor.py:1166} INFO - Number of results in first chunk: 836
[2025-01-02T06:59:58.933+0000] {logging_mixin.py:190} INFO - Inserted 1000 rows.
[2025-01-02T07:00:00.078+0000] {logging_mixin.py:190} INFO - Inserted 1000 rows.
[2025-01-02T07:00:01.351+0000] {logging_mixin.py:190} INFO - Inserted 1000 rows.
[2025-01-02T07:00:02.484+0000] {logging_mixin.py:190} INFO - Inserted 1000 rows.
[2025-01-02T07:00:03.534+0000] {logging_mixin.py:190} INFO - Inserted 1000 rows.
[2025-01-02T07:00:04.436+0000] {logging_mixin.py:190} INFO - Inserted 1000 rows.
[2025-01-02T07:00:05.274+0000] {logging_mixin.py:190} INFO - Inserted 1000 rows.
[2025-01-02T07:00:06.203+0000] {logging_mixin.py:190} INFO - Inserted 1000 rows.
[2025-01-02T07:00:07.176+0000] {logging_mixin.py:190} INFO - Inserted 1000 rows.
[2025-01-02T07:00:08.021+0000] {logging_mixin.py:190} INFO - Inserted 1000 rows.
[2025-01-02T07:00:08.627+0000] {logging_mixin.py:190} INFO - Logged 110000 rows in tracking table.
[2025-01-02T07:00:10.165+0000] {cursor.py:1166} INFO - Number of results in first chunk: 815
[2025-01-02T07:00:13.367+0000] {logging_mixin.py:190} INFO - Inserted 1000 rows.
[2025-01-02T07:00:14.621+0000] {logging_mixin.py:190} INFO - Inserted 1000 rows.
[2025-01-02T07:00:15.797+0000] {logging_mixin.py:190} INFO - Inserted 1000 rows.
[2025-01-02T07:00:16.988+0000] {logging_mixin.py:190} INFO - Inserted 1000 rows.
[2025-01-02T07:00:18.350+0000] {logging_mixin.py:190} INFO - Inserted 1000 rows.
[2025-01-02T07:00:19.656+0000] {logging_mixin.py:190} INFO - Inserted 1000 rows.
[2025-01-02T07:00:20.839+0000] {logging_mixin.py:190} INFO - Inserted 1000 rows.
[2025-01-02T07:00:22.054+0000] {logging_mixin.py:190} INFO - Inserted 1000 rows.
[2025-01-02T07:00:23.347+0000] {logging_mixin.py:190} INFO - Inserted 1000 rows.
[2025-01-02T07:00:25.376+0000] {logging_mixin.py:190} INFO - Inserted 1000 rows.
[2025-01-02T07:00:26.032+0000] {logging_mixin.py:190} INFO - Logged 120000 rows in tracking table.
[2025-01-02T07:00:27.593+0000] {cursor.py:1166} INFO - Number of results in first chunk: 826
[2025-01-02T07:00:30.629+0000] {logging_mixin.py:190} INFO - Inserted 1000 rows.
[2025-01-02T07:00:31.924+0000] {logging_mixin.py:190} INFO - Inserted 1000 rows.
[2025-01-02T07:00:33.134+0000] {logging_mixin.py:190} INFO - Inserted 1000 rows.
[2025-01-02T07:00:34.163+0000] {logging_mixin.py:190} INFO - Inserted 1000 rows.
[2025-01-02T07:00:35.167+0000] {logging_mixin.py:190} INFO - Inserted 1000 rows.
[2025-01-02T07:00:36.320+0000] {logging_mixin.py:190} INFO - Inserted 1000 rows.
[2025-01-02T07:00:37.370+0000] {logging_mixin.py:190} INFO - Inserted 1000 rows.
[2025-01-02T07:00:38.166+0000] {logging_mixin.py:190} INFO - Inserted 1000 rows.
[2025-01-02T07:00:39.105+0000] {logging_mixin.py:190} INFO - Inserted 1000 rows.
[2025-01-02T07:00:40.341+0000] {logging_mixin.py:190} INFO - Inserted 1000 rows.
[2025-01-02T07:00:40.924+0000] {logging_mixin.py:190} INFO - Logged 130000 rows in tracking table.
[2025-01-02T07:00:42.512+0000] {cursor.py:1166} INFO - Number of results in first chunk: 817
[2025-01-02T07:00:47.164+0000] {logging_mixin.py:190} INFO - Inserted 1000 rows.
[2025-01-02T07:00:48.374+0000] {logging_mixin.py:190} INFO - Inserted 1000 rows.
[2025-01-02T07:00:49.536+0000] {logging_mixin.py:190} INFO - Inserted 1000 rows.
[2025-01-02T07:00:50.388+0000] {logging_mixin.py:190} INFO - Inserted 1000 rows.
[2025-01-02T07:00:51.536+0000] {logging_mixin.py:190} INFO - Inserted 1000 rows.
[2025-01-02T07:00:52.736+0000] {logging_mixin.py:190} INFO - Inserted 1000 rows.
[2025-01-02T07:00:53.870+0000] {logging_mixin.py:190} INFO - Inserted 1000 rows.
[2025-01-02T07:00:54.709+0000] {logging_mixin.py:190} INFO - Inserted 1000 rows.
[2025-01-02T07:00:55.544+0000] {logging_mixin.py:190} INFO - Inserted 1000 rows.
[2025-01-02T07:00:56.723+0000] {logging_mixin.py:190} INFO - Inserted 1000 rows.
[2025-01-02T07:00:57.278+0000] {logging_mixin.py:190} INFO - Logged 140000 rows in tracking table.
[2025-01-02T07:00:58.944+0000] {cursor.py:1166} INFO - Number of results in first chunk: 843
[2025-01-02T07:01:04.042+0000] {logging_mixin.py:190} INFO - Inserted 1000 rows.
[2025-01-02T07:01:05.310+0000] {logging_mixin.py:190} INFO - Inserted 1000 rows.
[2025-01-02T07:01:06.488+0000] {logging_mixin.py:190} INFO - Inserted 1000 rows.
[2025-01-02T07:01:07.785+0000] {logging_mixin.py:190} INFO - Inserted 1000 rows.
[2025-01-02T07:01:08.960+0000] {logging_mixin.py:190} INFO - Inserted 1000 rows.
[2025-01-02T07:01:10.052+0000] {logging_mixin.py:190} INFO - Inserted 1000 rows.
[2025-01-02T07:01:11.285+0000] {logging_mixin.py:190} INFO - Inserted 1000 rows.
[2025-01-02T07:01:12.428+0000] {logging_mixin.py:190} INFO - Inserted 1000 rows.
[2025-01-02T07:01:13.586+0000] {logging_mixin.py:190} INFO - Inserted 1000 rows.
[2025-01-02T07:01:14.783+0000] {logging_mixin.py:190} INFO - Inserted 1000 rows.
[2025-01-02T07:01:15.428+0000] {logging_mixin.py:190} INFO - Logged 150000 rows in tracking table.
[2025-01-02T07:01:17.233+0000] {cursor.py:1166} INFO - Number of results in first chunk: 842
[2025-01-02T07:01:20.626+0000] {logging_mixin.py:190} INFO - Inserted 1000 rows.
[2025-01-02T07:01:21.816+0000] {logging_mixin.py:190} INFO - Inserted 1000 rows.
[2025-01-02T07:01:23.160+0000] {logging_mixin.py:190} INFO - Inserted 1000 rows.
[2025-01-02T07:01:24.352+0000] {logging_mixin.py:190} INFO - Inserted 1000 rows.
[2025-01-02T07:01:25.519+0000] {logging_mixin.py:190} INFO - Inserted 1000 rows.
[2025-01-02T07:01:26.687+0000] {logging_mixin.py:190} INFO - Inserted 1000 rows.
[2025-01-02T07:01:27.525+0000] {logging_mixin.py:190} INFO - Inserted 1000 rows.
[2025-01-02T07:01:28.746+0000] {logging_mixin.py:190} INFO - Inserted 1000 rows.
[2025-01-02T07:01:29.974+0000] {logging_mixin.py:190} INFO - Inserted 1000 rows.
[2025-01-02T07:01:30.946+0000] {logging_mixin.py:190} INFO - Inserted 1000 rows.
[2025-01-02T07:01:31.525+0000] {logging_mixin.py:190} INFO - Logged 160000 rows in tracking table.
[2025-01-02T07:01:33.422+0000] {cursor.py:1166} INFO - Number of results in first chunk: 842
[2025-01-02T07:01:39.056+0000] {logging_mixin.py:190} INFO - Inserted 1000 rows.
[2025-01-02T07:01:40.278+0000] {logging_mixin.py:190} INFO - Inserted 1000 rows.
[2025-01-02T07:01:41.455+0000] {logging_mixin.py:190} INFO - Inserted 1000 rows.
[2025-01-02T07:01:42.631+0000] {logging_mixin.py:190} INFO - Inserted 1000 rows.
[2025-01-02T07:01:43.428+0000] {logging_mixin.py:190} INFO - Inserted 1000 rows.
[2025-01-02T07:01:44.461+0000] {logging_mixin.py:190} INFO - Inserted 1000 rows.
[2025-01-02T07:01:45.504+0000] {logging_mixin.py:190} INFO - Inserted 1000 rows.
[2025-01-02T07:01:46.673+0000] {logging_mixin.py:190} INFO - Inserted 1000 rows.
[2025-01-02T07:01:47.862+0000] {logging_mixin.py:190} INFO - Inserted 1000 rows.
[2025-01-02T07:01:48.999+0000] {logging_mixin.py:190} INFO - Inserted 1000 rows.
[2025-01-02T07:01:49.667+0000] {logging_mixin.py:190} INFO - Logged 170000 rows in tracking table.
[2025-01-02T07:01:51.652+0000] {cursor.py:1166} INFO - Number of results in first chunk: 841
[2025-01-02T07:01:57.306+0000] {logging_mixin.py:190} INFO - Inserted 1000 rows.
[2025-01-02T07:01:58.339+0000] {logging_mixin.py:190} INFO - Inserted 1000 rows.
[2025-01-02T07:01:59.418+0000] {logging_mixin.py:190} INFO - Inserted 1000 rows.
[2025-01-02T07:02:00.606+0000] {logging_mixin.py:190} INFO - Inserted 1000 rows.
[2025-01-02T07:02:01.456+0000] {logging_mixin.py:190} INFO - Inserted 1000 rows.
[2025-01-02T07:02:02.350+0000] {logging_mixin.py:190} INFO - Inserted 1000 rows.
[2025-01-02T07:02:03.249+0000] {logging_mixin.py:190} INFO - Inserted 1000 rows.
[2025-01-02T07:02:04.348+0000] {logging_mixin.py:190} INFO - Inserted 1000 rows.
[2025-01-02T07:02:05.459+0000] {logging_mixin.py:190} INFO - Inserted 1000 rows.
[2025-01-02T07:02:06.315+0000] {logging_mixin.py:190} INFO - Inserted 1000 rows.
[2025-01-02T07:02:06.961+0000] {logging_mixin.py:190} INFO - Logged 180000 rows in tracking table.
[2025-01-02T07:02:08.997+0000] {cursor.py:1166} INFO - Number of results in first chunk: 829
[2025-01-02T07:02:14.530+0000] {logging_mixin.py:190} INFO - Inserted 1000 rows.
[2025-01-02T07:02:15.625+0000] {logging_mixin.py:190} INFO - Inserted 1000 rows.
[2025-01-02T07:02:16.728+0000] {logging_mixin.py:190} INFO - Inserted 1000 rows.
[2025-01-02T07:02:17.969+0000] {logging_mixin.py:190} INFO - Inserted 1000 rows.
[2025-01-02T07:02:19.131+0000] {logging_mixin.py:190} INFO - Inserted 1000 rows.
[2025-01-02T07:02:20.088+0000] {logging_mixin.py:190} INFO - Inserted 1000 rows.
[2025-01-02T07:02:21.224+0000] {logging_mixin.py:190} INFO - Inserted 1000 rows.
[2025-01-02T07:02:22.425+0000] {logging_mixin.py:190} INFO - Inserted 1000 rows.
[2025-01-02T07:02:23.527+0000] {logging_mixin.py:190} INFO - Inserted 1000 rows.
[2025-01-02T07:02:24.735+0000] {logging_mixin.py:190} INFO - Inserted 1000 rows.
[2025-01-02T07:02:25.353+0000] {logging_mixin.py:190} INFO - Logged 190000 rows in tracking table.
[2025-01-02T07:02:27.257+0000] {cursor.py:1166} INFO - Number of results in first chunk: 841
[2025-01-02T07:02:30.184+0000] {logging_mixin.py:190} INFO - Inserted 1000 rows.
[2025-01-02T07:02:31.354+0000] {logging_mixin.py:190} INFO - Inserted 1000 rows.
[2025-01-02T07:02:32.492+0000] {logging_mixin.py:190} INFO - Inserted 1000 rows.
[2025-01-02T07:02:33.697+0000] {logging_mixin.py:190} INFO - Inserted 1000 rows.
[2025-01-02T07:02:34.903+0000] {logging_mixin.py:190} INFO - Inserted 1000 rows.
[2025-01-02T07:02:36.075+0000] {logging_mixin.py:190} INFO - Inserted 1000 rows.
[2025-01-02T07:02:37.298+0000] {logging_mixin.py:190} INFO - Inserted 1000 rows.
[2025-01-02T07:02:38.452+0000] {logging_mixin.py:190} INFO - Inserted 1000 rows.
[2025-01-02T07:02:39.753+0000] {logging_mixin.py:190} INFO - Inserted 1000 rows.
[2025-01-02T07:02:41.149+0000] {logging_mixin.py:190} INFO - Inserted 1000 rows.
[2025-01-02T07:02:41.865+0000] {logging_mixin.py:190} INFO - Logged 200000 rows in tracking table.
[2025-01-02T07:02:43.793+0000] {cursor.py:1166} INFO - Number of results in first chunk: 861
[2025-01-02T07:02:48.249+0000] {logging_mixin.py:190} INFO - Inserted 1000 rows.
[2025-01-02T07:02:49.559+0000] {logging_mixin.py:190} INFO - Inserted 1000 rows.
[2025-01-02T07:02:50.852+0000] {logging_mixin.py:190} INFO - Inserted 1000 rows.
[2025-01-02T07:02:52.085+0000] {logging_mixin.py:190} INFO - Inserted 1000 rows.
[2025-01-02T07:02:53.260+0000] {logging_mixin.py:190} INFO - Inserted 1000 rows.
[2025-01-02T07:02:54.549+0000] {logging_mixin.py:190} INFO - Inserted 1000 rows.
[2025-01-02T07:02:55.717+0000] {logging_mixin.py:190} INFO - Inserted 1000 rows.
[2025-01-02T07:02:56.913+0000] {logging_mixin.py:190} INFO - Inserted 1000 rows.
[2025-01-02T07:02:57.948+0000] {logging_mixin.py:190} INFO - Inserted 1000 rows.
[2025-01-02T07:02:58.980+0000] {logging_mixin.py:190} INFO - Inserted 1000 rows.
[2025-01-02T07:02:59.601+0000] {logging_mixin.py:190} INFO - Logged 210000 rows in tracking table.
[2025-01-02T07:03:01.618+0000] {cursor.py:1166} INFO - Number of results in first chunk: 856
[2025-01-02T07:03:04.491+0000] {logging_mixin.py:190} INFO - Inserted 1000 rows.
[2025-01-02T07:03:05.959+0000] {logging_mixin.py:190} INFO - Inserted 1000 rows.
[2025-01-02T07:03:07.056+0000] {logging_mixin.py:190} INFO - Inserted 1000 rows.
[2025-01-02T07:03:09.153+0000] {logging_mixin.py:190} INFO - Inserted 1000 rows.
[2025-01-02T07:03:10.216+0000] {logging_mixin.py:190} INFO - Inserted 1000 rows.
[2025-01-02T07:03:11.508+0000] {logging_mixin.py:190} INFO - Inserted 1000 rows.
[2025-01-02T07:03:12.696+0000] {logging_mixin.py:190} INFO - Inserted 1000 rows.
[2025-01-02T07:03:13.867+0000] {logging_mixin.py:190} INFO - Inserted 1000 rows.
[2025-01-02T07:03:15.045+0000] {logging_mixin.py:190} INFO - Inserted 1000 rows.
[2025-01-02T07:03:16.169+0000] {logging_mixin.py:190} INFO - Inserted 1000 rows.
[2025-01-02T07:03:16.797+0000] {logging_mixin.py:190} INFO - Logged 220000 rows in tracking table.
[2025-01-02T07:03:18.759+0000] {cursor.py:1166} INFO - Number of results in first chunk: 846
[2025-01-02T07:03:22.004+0000] {logging_mixin.py:190} INFO - Inserted 1000 rows.
[2025-01-02T07:03:23.186+0000] {logging_mixin.py:190} INFO - Inserted 1000 rows.
[2025-01-02T07:03:24.395+0000] {logging_mixin.py:190} INFO - Inserted 1000 rows.
[2025-01-02T07:03:25.716+0000] {logging_mixin.py:190} INFO - Inserted 1000 rows.
[2025-01-02T07:03:26.926+0000] {logging_mixin.py:190} INFO - Inserted 1000 rows.
[2025-01-02T07:03:28.073+0000] {logging_mixin.py:190} INFO - Inserted 1000 rows.
[2025-01-02T07:03:29.367+0000] {logging_mixin.py:190} INFO - Inserted 1000 rows.
[2025-01-02T07:03:30.624+0000] {logging_mixin.py:190} INFO - Inserted 1000 rows.
[2025-01-02T07:03:31.928+0000] {logging_mixin.py:190} INFO - Inserted 1000 rows.
[2025-01-02T07:03:33.256+0000] {logging_mixin.py:190} INFO - Inserted 1000 rows.
[2025-01-02T07:03:33.967+0000] {logging_mixin.py:190} INFO - Logged 230000 rows in tracking table.
[2025-01-02T07:03:36.105+0000] {cursor.py:1166} INFO - Number of results in first chunk: 849
[2025-01-02T07:03:41.553+0000] {logging_mixin.py:190} INFO - Inserted 1000 rows.
[2025-01-02T07:03:42.822+0000] {logging_mixin.py:190} INFO - Inserted 1000 rows.
[2025-01-02T07:03:43.971+0000] {logging_mixin.py:190} INFO - Inserted 1000 rows.
[2025-01-02T07:03:45.154+0000] {logging_mixin.py:190} INFO - Inserted 1000 rows.
[2025-01-02T07:03:46.510+0000] {logging_mixin.py:190} INFO - Inserted 1000 rows.
[2025-01-02T07:03:47.930+0000] {logging_mixin.py:190} INFO - Inserted 1000 rows.
[2025-01-02T07:03:49.085+0000] {logging_mixin.py:190} INFO - Inserted 1000 rows.
[2025-01-02T07:03:50.288+0000] {logging_mixin.py:190} INFO - Inserted 1000 rows.
[2025-01-02T07:03:51.455+0000] {logging_mixin.py:190} INFO - Inserted 1000 rows.
[2025-01-02T07:03:52.359+0000] {logging_mixin.py:190} INFO - Inserted 1000 rows.
[2025-01-02T07:03:53.058+0000] {logging_mixin.py:190} INFO - Logged 240000 rows in tracking table.
[2025-01-02T07:03:55.156+0000] {cursor.py:1166} INFO - Number of results in first chunk: 841
[2025-01-02T07:04:00.687+0000] {logging_mixin.py:190} INFO - Inserted 1000 rows.
[2025-01-02T07:04:01.879+0000] {logging_mixin.py:190} INFO - Inserted 1000 rows.
[2025-01-02T07:04:03.084+0000] {logging_mixin.py:190} INFO - Inserted 1000 rows.
[2025-01-02T07:04:04.265+0000] {logging_mixin.py:190} INFO - Inserted 1000 rows.
[2025-01-02T07:04:05.453+0000] {logging_mixin.py:190} INFO - Inserted 1000 rows.
[2025-01-02T07:04:06.663+0000] {logging_mixin.py:190} INFO - Inserted 1000 rows.
[2025-01-02T07:04:07.851+0000] {logging_mixin.py:190} INFO - Inserted 1000 rows.
[2025-01-02T07:04:09.017+0000] {logging_mixin.py:190} INFO - Inserted 1000 rows.
[2025-01-02T07:04:10.489+0000] {logging_mixin.py:190} INFO - Inserted 1000 rows.
[2025-01-02T07:04:11.714+0000] {logging_mixin.py:190} INFO - Inserted 1000 rows.
[2025-01-02T07:04:12.379+0000] {logging_mixin.py:190} INFO - Logged 250000 rows in tracking table.
[2025-01-02T07:04:14.496+0000] {cursor.py:1166} INFO - Number of results in first chunk: 834
[2025-01-02T07:04:17.534+0000] {logging_mixin.py:190} INFO - Inserted 1000 rows.
[2025-01-02T07:04:18.764+0000] {logging_mixin.py:190} INFO - Inserted 1000 rows.
[2025-01-02T07:04:20.039+0000] {logging_mixin.py:190} INFO - Inserted 1000 rows.
[2025-01-02T07:04:21.314+0000] {logging_mixin.py:190} INFO - Inserted 1000 rows.
[2025-01-02T07:04:22.757+0000] {logging_mixin.py:190} INFO - Inserted 1000 rows.
[2025-01-02T07:04:23.835+0000] {logging_mixin.py:190} INFO - Inserted 1000 rows.
[2025-01-02T07:04:24.928+0000] {logging_mixin.py:190} INFO - Inserted 1000 rows.
[2025-01-02T07:04:26.075+0000] {logging_mixin.py:190} INFO - Inserted 1000 rows.
[2025-01-02T07:04:26.877+0000] {logging_mixin.py:190} INFO - Inserted 1000 rows.
[2025-01-02T07:04:27.970+0000] {logging_mixin.py:190} INFO - Inserted 1000 rows.
[2025-01-02T07:04:28.665+0000] {logging_mixin.py:190} INFO - Logged 260000 rows in tracking table.
[2025-01-02T07:04:30.995+0000] {cursor.py:1166} INFO - Number of results in first chunk: 828
[2025-01-02T07:04:34.219+0000] {logging_mixin.py:190} INFO - Inserted 1000 rows.
[2025-01-02T07:04:35.531+0000] {logging_mixin.py:190} INFO - Inserted 1000 rows.
[2025-01-02T07:04:36.671+0000] {logging_mixin.py:190} INFO - Inserted 1000 rows.
[2025-01-02T07:04:37.862+0000] {logging_mixin.py:190} INFO - Inserted 1000 rows.
[2025-01-02T07:04:38.933+0000] {logging_mixin.py:190} INFO - Inserted 1000 rows.
[2025-01-02T07:04:40.025+0000] {logging_mixin.py:190} INFO - Inserted 1000 rows.
[2025-01-02T07:04:41.181+0000] {logging_mixin.py:190} INFO - Inserted 1000 rows.
[2025-01-02T07:04:42.264+0000] {logging_mixin.py:190} INFO - Inserted 1000 rows.
[2025-01-02T07:04:43.111+0000] {logging_mixin.py:190} INFO - Inserted 1000 rows.
[2025-01-02T07:04:43.997+0000] {logging_mixin.py:190} INFO - Inserted 1000 rows.
[2025-01-02T07:04:44.623+0000] {logging_mixin.py:190} INFO - Logged 270000 rows in tracking table.
[2025-01-02T07:04:46.876+0000] {cursor.py:1166} INFO - Number of results in first chunk: 836
[2025-01-02T07:04:49.894+0000] {logging_mixin.py:190} INFO - Inserted 1000 rows.
[2025-01-02T07:04:51.010+0000] {logging_mixin.py:190} INFO - Inserted 1000 rows.
[2025-01-02T07:04:52.114+0000] {logging_mixin.py:190} INFO - Inserted 1000 rows.
[2025-01-02T07:04:53.304+0000] {logging_mixin.py:190} INFO - Inserted 1000 rows.
[2025-01-02T07:04:54.190+0000] {logging_mixin.py:190} INFO - Inserted 1000 rows.
[2025-01-02T07:04:55.399+0000] {logging_mixin.py:190} INFO - Inserted 1000 rows.
[2025-01-02T07:04:56.341+0000] {logging_mixin.py:190} INFO - Inserted 1000 rows.
[2025-01-02T07:04:57.213+0000] {logging_mixin.py:190} INFO - Inserted 1000 rows.
[2025-01-02T07:04:58.035+0000] {logging_mixin.py:190} INFO - Inserted 1000 rows.
[2025-01-02T07:04:58.958+0000] {logging_mixin.py:190} INFO - Inserted 1000 rows.
[2025-01-02T07:04:59.600+0000] {logging_mixin.py:190} INFO - Logged 280000 rows in tracking table.
[2025-01-02T07:05:01.932+0000] {cursor.py:1166} INFO - Number of results in first chunk: 846
[2025-01-02T07:05:04.974+0000] {logging_mixin.py:190} INFO - Inserted 1000 rows.
[2025-01-02T07:05:06.136+0000] {logging_mixin.py:190} INFO - Inserted 1000 rows.
[2025-01-02T07:05:07.328+0000] {logging_mixin.py:190} INFO - Inserted 1000 rows.
[2025-01-02T07:05:08.760+0000] {logging_mixin.py:190} INFO - Inserted 1000 rows.
[2025-01-02T07:05:09.968+0000] {logging_mixin.py:190} INFO - Inserted 1000 rows.
[2025-01-02T07:05:11.213+0000] {logging_mixin.py:190} INFO - Inserted 1000 rows.
[2025-01-02T07:05:12.501+0000] {logging_mixin.py:190} INFO - Inserted 1000 rows.
[2025-01-02T07:05:13.681+0000] {logging_mixin.py:190} INFO - Inserted 1000 rows.
[2025-01-02T07:05:14.883+0000] {logging_mixin.py:190} INFO - Inserted 1000 rows.
[2025-01-02T07:05:16.023+0000] {logging_mixin.py:190} INFO - Inserted 1000 rows.
[2025-01-02T07:05:16.677+0000] {logging_mixin.py:190} INFO - Logged 290000 rows in tracking table.
[2025-01-02T07:05:19.077+0000] {cursor.py:1166} INFO - Number of results in first chunk: 835
[2025-01-02T07:05:22.079+0000] {logging_mixin.py:190} INFO - Inserted 1000 rows.
[2025-01-02T07:05:23.377+0000] {logging_mixin.py:190} INFO - Inserted 1000 rows.
[2025-01-02T07:05:24.590+0000] {logging_mixin.py:190} INFO - Inserted 1000 rows.
[2025-01-02T07:05:25.845+0000] {logging_mixin.py:190} INFO - Inserted 1000 rows.
[2025-01-02T07:05:27.094+0000] {logging_mixin.py:190} INFO - Inserted 1000 rows.
[2025-01-02T07:05:28.402+0000] {logging_mixin.py:190} INFO - Inserted 1000 rows.
[2025-01-02T07:05:29.588+0000] {logging_mixin.py:190} INFO - Inserted 1000 rows.
[2025-01-02T07:05:30.759+0000] {logging_mixin.py:190} INFO - Inserted 1000 rows.
[2025-01-02T07:05:31.990+0000] {logging_mixin.py:190} INFO - Inserted 1000 rows.
[2025-01-02T07:05:33.201+0000] {logging_mixin.py:190} INFO - Inserted 1000 rows.
[2025-01-02T07:05:33.826+0000] {logging_mixin.py:190} INFO - Logged 300000 rows in tracking table.
[2025-01-02T07:05:36.394+0000] {cursor.py:1166} INFO - Number of results in first chunk: 840
[2025-01-02T07:05:39.440+0000] {logging_mixin.py:190} INFO - Inserted 1000 rows.
[2025-01-02T07:05:40.614+0000] {logging_mixin.py:190} INFO - Inserted 1000 rows.
[2025-01-02T07:05:41.822+0000] {logging_mixin.py:190} INFO - Inserted 1000 rows.
[2025-01-02T07:05:42.838+0000] {logging_mixin.py:190} INFO - Inserted 1000 rows.
[2025-01-02T07:05:43.866+0000] {logging_mixin.py:190} INFO - Inserted 1000 rows.
[2025-01-02T07:05:44.631+0000] {logging_mixin.py:190} INFO - Inserted 1000 rows.
[2025-01-02T07:05:45.520+0000] {logging_mixin.py:190} INFO - Inserted 1000 rows.
[2025-01-02T07:05:46.709+0000] {logging_mixin.py:190} INFO - Inserted 1000 rows.
[2025-01-02T07:05:47.907+0000] {logging_mixin.py:190} INFO - Inserted 1000 rows.
[2025-01-02T07:05:48.713+0000] {logging_mixin.py:190} INFO - Inserted 1000 rows.
[2025-01-02T07:05:49.305+0000] {logging_mixin.py:190} INFO - Logged 310000 rows in tracking table.
[2025-01-02T07:05:51.648+0000] {cursor.py:1166} INFO - Number of results in first chunk: 839
[2025-01-02T07:05:54.553+0000] {logging_mixin.py:190} INFO - Inserted 1000 rows.
[2025-01-02T07:05:55.742+0000] {logging_mixin.py:190} INFO - Inserted 1000 rows.
[2025-01-02T07:05:56.915+0000] {logging_mixin.py:190} INFO - Inserted 1000 rows.
[2025-01-02T07:05:58.042+0000] {logging_mixin.py:190} INFO - Inserted 1000 rows.
[2025-01-02T07:05:59.535+0000] {logging_mixin.py:190} INFO - Inserted 1000 rows.
[2025-01-02T07:06:00.761+0000] {logging_mixin.py:190} INFO - Inserted 1000 rows.
[2025-01-02T07:06:01.965+0000] {logging_mixin.py:190} INFO - Inserted 1000 rows.
[2025-01-02T07:06:03.121+0000] {logging_mixin.py:190} INFO - Inserted 1000 rows.
[2025-01-02T07:06:04.289+0000] {logging_mixin.py:190} INFO - Inserted 1000 rows.
[2025-01-02T07:06:05.470+0000] {logging_mixin.py:190} INFO - Inserted 1000 rows.
[2025-01-02T07:06:06.084+0000] {logging_mixin.py:190} INFO - Logged 320000 rows in tracking table.
[2025-01-02T07:06:08.710+0000] {cursor.py:1166} INFO - Number of results in first chunk: 837
[2025-01-02T07:06:11.749+0000] {logging_mixin.py:190} INFO - Inserted 1000 rows.
[2025-01-02T07:06:12.962+0000] {logging_mixin.py:190} INFO - Inserted 1000 rows.
[2025-01-02T07:06:14.118+0000] {logging_mixin.py:190} INFO - Inserted 1000 rows.
[2025-01-02T07:06:15.323+0000] {logging_mixin.py:190} INFO - Inserted 1000 rows.
[2025-01-02T07:06:16.444+0000] {logging_mixin.py:190} INFO - Inserted 1000 rows.
[2025-01-02T07:06:17.752+0000] {logging_mixin.py:190} INFO - Inserted 1000 rows.
[2025-01-02T07:06:18.898+0000] {logging_mixin.py:190} INFO - Inserted 1000 rows.
[2025-01-02T07:06:20.106+0000] {logging_mixin.py:190} INFO - Inserted 1000 rows.
[2025-01-02T07:06:21.351+0000] {logging_mixin.py:190} INFO - Inserted 1000 rows.
[2025-01-02T07:06:22.709+0000] {logging_mixin.py:190} INFO - Inserted 1000 rows.
[2025-01-02T07:06:23.439+0000] {logging_mixin.py:190} INFO - Logged 330000 rows in tracking table.
[2025-01-02T07:06:26.008+0000] {cursor.py:1166} INFO - Number of results in first chunk: 836
[2025-01-02T07:06:29.435+0000] {logging_mixin.py:190} INFO - Inserted 1000 rows.
[2025-01-02T07:06:30.627+0000] {logging_mixin.py:190} INFO - Inserted 1000 rows.
[2025-01-02T07:06:31.519+0000] {logging_mixin.py:190} INFO - Inserted 1000 rows.
[2025-01-02T07:06:32.677+0000] {logging_mixin.py:190} INFO - Inserted 1000 rows.
[2025-01-02T07:06:33.814+0000] {logging_mixin.py:190} INFO - Inserted 1000 rows.
[2025-01-02T07:06:35.004+0000] {logging_mixin.py:190} INFO - Inserted 1000 rows.
[2025-01-02T07:06:35.958+0000] {logging_mixin.py:190} INFO - Inserted 1000 rows.
[2025-01-02T07:06:36.840+0000] {logging_mixin.py:190} INFO - Inserted 1000 rows.
[2025-01-02T07:06:37.679+0000] {logging_mixin.py:190} INFO - Inserted 1000 rows.
[2025-01-02T07:06:38.841+0000] {logging_mixin.py:190} INFO - Inserted 1000 rows.
[2025-01-02T07:06:39.494+0000] {logging_mixin.py:190} INFO - Logged 340000 rows in tracking table.
[2025-01-02T07:06:42.144+0000] {cursor.py:1166} INFO - Number of results in first chunk: 856
[2025-01-02T07:06:45.187+0000] {logging_mixin.py:190} INFO - Inserted 1000 rows.
[2025-01-02T07:06:46.347+0000] {logging_mixin.py:190} INFO - Inserted 1000 rows.
[2025-01-02T07:06:47.585+0000] {logging_mixin.py:190} INFO - Inserted 1000 rows.
[2025-01-02T07:06:48.519+0000] {logging_mixin.py:190} INFO - Inserted 1000 rows.
[2025-01-02T07:06:49.819+0000] {logging_mixin.py:190} INFO - Inserted 1000 rows.
[2025-01-02T07:06:51.161+0000] {logging_mixin.py:190} INFO - Inserted 1000 rows.
[2025-01-02T07:06:52.324+0000] {logging_mixin.py:190} INFO - Inserted 1000 rows.
[2025-01-02T07:06:53.756+0000] {logging_mixin.py:190} INFO - Inserted 1000 rows.
[2025-01-02T07:06:54.817+0000] {logging_mixin.py:190} INFO - Inserted 1000 rows.
[2025-01-02T07:06:56.059+0000] {logging_mixin.py:190} INFO - Inserted 1000 rows.
[2025-01-02T07:06:56.728+0000] {logging_mixin.py:190} INFO - Logged 350000 rows in tracking table.
[2025-01-02T07:06:59.494+0000] {cursor.py:1166} INFO - Number of results in first chunk: 838
[2025-01-02T07:07:02.759+0000] {logging_mixin.py:190} INFO - Inserted 1000 rows.
[2025-01-02T07:07:03.836+0000] {logging_mixin.py:190} INFO - Inserted 1000 rows.
[2025-01-02T07:07:04.986+0000] {logging_mixin.py:190} INFO - Inserted 1000 rows.
[2025-01-02T07:07:06.032+0000] {logging_mixin.py:190} INFO - Inserted 1000 rows.
[2025-01-02T07:07:06.910+0000] {logging_mixin.py:190} INFO - Inserted 1000 rows.
[2025-01-02T07:07:08.023+0000] {logging_mixin.py:190} INFO - Inserted 1000 rows.
[2025-01-02T07:07:09.194+0000] {logging_mixin.py:190} INFO - Inserted 1000 rows.
[2025-01-02T07:07:10.268+0000] {logging_mixin.py:190} INFO - Inserted 1000 rows.
[2025-01-02T07:07:11.346+0000] {logging_mixin.py:190} INFO - Inserted 1000 rows.
[2025-01-02T07:07:12.603+0000] {logging_mixin.py:190} INFO - Inserted 1000 rows.
[2025-01-02T07:07:13.469+0000] {logging_mixin.py:190} INFO - Logged 360000 rows in tracking table.
[2025-01-02T07:07:16.033+0000] {cursor.py:1166} INFO - Number of results in first chunk: 857
[2025-01-02T07:07:18.898+0000] {logging_mixin.py:190} INFO - Inserted 1000 rows.
[2025-01-02T07:07:20.047+0000] {logging_mixin.py:190} INFO - Inserted 1000 rows.
[2025-01-02T07:07:21.173+0000] {logging_mixin.py:190} INFO - Inserted 1000 rows.
[2025-01-02T07:07:22.407+0000] {logging_mixin.py:190} INFO - Inserted 1000 rows.
[2025-01-02T07:07:23.523+0000] {logging_mixin.py:190} INFO - Inserted 1000 rows.
[2025-01-02T07:07:24.629+0000] {logging_mixin.py:190} INFO - Inserted 1000 rows.
[2025-01-02T07:07:25.749+0000] {logging_mixin.py:190} INFO - Inserted 1000 rows.
[2025-01-02T07:07:26.962+0000] {logging_mixin.py:190} INFO - Inserted 1000 rows.
[2025-01-02T07:07:27.850+0000] {logging_mixin.py:190} INFO - Inserted 1000 rows.
[2025-01-02T07:07:28.974+0000] {logging_mixin.py:190} INFO - Inserted 1000 rows.
[2025-01-02T07:07:29.601+0000] {logging_mixin.py:190} INFO - Logged 370000 rows in tracking table.
[2025-01-02T07:07:32.141+0000] {cursor.py:1166} INFO - Number of results in first chunk: 845
[2025-01-02T07:07:36.717+0000] {logging_mixin.py:190} INFO - Inserted 1000 rows.
[2025-01-02T07:07:37.982+0000] {logging_mixin.py:190} INFO - Inserted 1000 rows.
[2025-01-02T07:07:39.241+0000] {logging_mixin.py:190} INFO - Inserted 1000 rows.
[2025-01-02T07:07:40.454+0000] {logging_mixin.py:190} INFO - Inserted 1000 rows.
[2025-01-02T07:07:41.683+0000] {logging_mixin.py:190} INFO - Inserted 1000 rows.
[2025-01-02T07:07:42.595+0000] {logging_mixin.py:190} INFO - Inserted 1000 rows.
[2025-01-02T07:07:43.784+0000] {logging_mixin.py:190} INFO - Inserted 1000 rows.
[2025-01-02T07:07:44.954+0000] {logging_mixin.py:190} INFO - Inserted 1000 rows.
[2025-01-02T07:07:46.171+0000] {logging_mixin.py:190} INFO - Inserted 1000 rows.
[2025-01-02T07:07:47.089+0000] {logging_mixin.py:190} INFO - Inserted 1000 rows.
[2025-01-02T07:07:47.782+0000] {logging_mixin.py:190} INFO - Logged 380000 rows in tracking table.
[2025-01-02T07:07:50.574+0000] {cursor.py:1166} INFO - Number of results in first chunk: 842
[2025-01-02T07:07:53.607+0000] {logging_mixin.py:190} INFO - Inserted 1000 rows.
[2025-01-02T07:07:54.818+0000] {logging_mixin.py:190} INFO - Inserted 1000 rows.
[2025-01-02T07:07:56.111+0000] {logging_mixin.py:190} INFO - Inserted 1000 rows.
[2025-01-02T07:07:57.374+0000] {logging_mixin.py:190} INFO - Inserted 1000 rows.
[2025-01-02T07:07:58.525+0000] {logging_mixin.py:190} INFO - Inserted 1000 rows.
[2025-01-02T07:07:59.729+0000] {logging_mixin.py:190} INFO - Inserted 1000 rows.
[2025-01-02T07:08:00.891+0000] {logging_mixin.py:190} INFO - Inserted 1000 rows.
[2025-01-02T07:08:02.079+0000] {logging_mixin.py:190} INFO - Inserted 1000 rows.
[2025-01-02T07:08:03.359+0000] {logging_mixin.py:190} INFO - Inserted 1000 rows.
[2025-01-02T07:08:04.611+0000] {logging_mixin.py:190} INFO - Inserted 1000 rows.
[2025-01-02T07:08:05.340+0000] {logging_mixin.py:190} INFO - Logged 390000 rows in tracking table.
[2025-01-02T07:08:08.070+0000] {cursor.py:1166} INFO - Number of results in first chunk: 830
[2025-01-02T07:08:11.384+0000] {logging_mixin.py:190} INFO - Inserted 1000 rows.
[2025-01-02T07:08:12.420+0000] {logging_mixin.py:190} INFO - Inserted 1000 rows.
[2025-01-02T07:08:13.467+0000] {logging_mixin.py:190} INFO - Inserted 1000 rows.
[2025-01-02T07:08:14.504+0000] {logging_mixin.py:190} INFO - Inserted 1000 rows.
[2025-01-02T07:08:15.609+0000] {logging_mixin.py:190} INFO - Inserted 1000 rows.
[2025-01-02T07:08:16.389+0000] {logging_mixin.py:190} INFO - Inserted 1000 rows.
[2025-01-02T07:08:17.190+0000] {logging_mixin.py:190} INFO - Inserted 1000 rows.
[2025-01-02T07:08:18.407+0000] {logging_mixin.py:190} INFO - Inserted 1000 rows.
[2025-01-02T07:08:19.614+0000] {logging_mixin.py:190} INFO - Inserted 1000 rows.
[2025-01-02T07:08:20.877+0000] {logging_mixin.py:190} INFO - Inserted 1000 rows.
[2025-01-02T07:08:21.475+0000] {logging_mixin.py:190} INFO - Logged 400000 rows in tracking table.
[2025-01-02T07:08:24.140+0000] {cursor.py:1166} INFO - Number of results in first chunk: 855
[2025-01-02T07:08:27.126+0000] {logging_mixin.py:190} INFO - Inserted 1000 rows.
[2025-01-02T07:08:28.198+0000] {logging_mixin.py:190} INFO - Inserted 1000 rows.
[2025-01-02T07:08:29.381+0000] {logging_mixin.py:190} INFO - Inserted 1000 rows.
[2025-01-02T07:08:30.526+0000] {logging_mixin.py:190} INFO - Inserted 1000 rows.
[2025-01-02T07:08:31.620+0000] {logging_mixin.py:190} INFO - Inserted 1000 rows.
[2025-01-02T07:08:32.803+0000] {logging_mixin.py:190} INFO - Inserted 1000 rows.
[2025-01-02T07:08:33.987+0000] {logging_mixin.py:190} INFO - Inserted 1000 rows.
[2025-01-02T07:08:35.089+0000] {logging_mixin.py:190} INFO - Inserted 1000 rows.
[2025-01-02T07:08:35.902+0000] {logging_mixin.py:190} INFO - Inserted 1000 rows.
[2025-01-02T07:08:37.051+0000] {logging_mixin.py:190} INFO - Inserted 1000 rows.
[2025-01-02T07:08:37.674+0000] {logging_mixin.py:190} INFO - Logged 410000 rows in tracking table.
[2025-01-02T07:08:40.168+0000] {cursor.py:1166} INFO - Number of results in first chunk: 856
[2025-01-02T07:08:43.141+0000] {logging_mixin.py:190} INFO - Inserted 1000 rows.
[2025-01-02T07:08:44.368+0000] {logging_mixin.py:190} INFO - Inserted 1000 rows.
[2025-01-02T07:08:45.535+0000] {logging_mixin.py:190} INFO - Inserted 1000 rows.
[2025-01-02T07:08:46.666+0000] {logging_mixin.py:190} INFO - Inserted 1000 rows.
[2025-01-02T07:08:47.929+0000] {logging_mixin.py:190} INFO - Inserted 1000 rows.
[2025-01-02T07:08:48.803+0000] {logging_mixin.py:190} INFO - Inserted 1000 rows.
[2025-01-02T07:08:49.609+0000] {logging_mixin.py:190} INFO - Inserted 1000 rows.
[2025-01-02T07:08:50.494+0000] {logging_mixin.py:190} INFO - Inserted 1000 rows.
[2025-01-02T07:08:51.682+0000] {logging_mixin.py:190} INFO - Inserted 1000 rows.
[2025-01-02T07:08:52.551+0000] {logging_mixin.py:190} INFO - Inserted 1000 rows.
[2025-01-02T07:08:53.303+0000] {logging_mixin.py:190} INFO - Logged 420000 rows in tracking table.
[2025-01-02T07:08:55.981+0000] {cursor.py:1166} INFO - Number of results in first chunk: 851
[2025-01-02T07:09:00.641+0000] {logging_mixin.py:190} INFO - Inserted 1000 rows.
[2025-01-02T07:09:01.924+0000] {logging_mixin.py:190} INFO - Inserted 1000 rows.
[2025-01-02T07:09:03.185+0000] {logging_mixin.py:190} INFO - Inserted 1000 rows.
[2025-01-02T07:09:04.374+0000] {logging_mixin.py:190} INFO - Inserted 1000 rows.
[2025-01-02T07:09:05.548+0000] {logging_mixin.py:190} INFO - Inserted 1000 rows.
[2025-01-02T07:09:06.748+0000] {logging_mixin.py:190} INFO - Inserted 1000 rows.
[2025-01-02T07:09:08.002+0000] {logging_mixin.py:190} INFO - Inserted 1000 rows.
[2025-01-02T07:09:09.526+0000] {logging_mixin.py:190} INFO - Inserted 1000 rows.
[2025-01-02T07:09:10.798+0000] {logging_mixin.py:190} INFO - Inserted 1000 rows.
[2025-01-02T07:09:11.981+0000] {logging_mixin.py:190} INFO - Inserted 1000 rows.
[2025-01-02T07:09:12.613+0000] {logging_mixin.py:190} INFO - Logged 430000 rows in tracking table.
[2025-01-02T07:09:15.307+0000] {cursor.py:1166} INFO - Number of results in first chunk: 837
[2025-01-02T07:09:18.202+0000] {logging_mixin.py:190} INFO - Inserted 1000 rows.
[2025-01-02T07:09:19.499+0000] {logging_mixin.py:190} INFO - Inserted 1000 rows.
[2025-01-02T07:09:20.704+0000] {logging_mixin.py:190} INFO - Inserted 1000 rows.
[2025-01-02T07:09:21.949+0000] {logging_mixin.py:190} INFO - Inserted 1000 rows.
[2025-01-02T07:09:23.264+0000] {logging_mixin.py:190} INFO - Inserted 1000 rows.
[2025-01-02T07:09:24.316+0000] {logging_mixin.py:190} INFO - Inserted 1000 rows.
[2025-01-02T07:09:25.393+0000] {logging_mixin.py:190} INFO - Inserted 1000 rows.
[2025-01-02T07:09:26.424+0000] {logging_mixin.py:190} INFO - Inserted 1000 rows.
[2025-01-02T07:09:27.583+0000] {logging_mixin.py:190} INFO - Inserted 1000 rows.
[2025-01-02T07:09:28.524+0000] {logging_mixin.py:190} INFO - Inserted 1000 rows.
[2025-01-02T07:09:29.194+0000] {logging_mixin.py:190} INFO - Logged 440000 rows in tracking table.
[2025-01-02T07:09:31.926+0000] {cursor.py:1166} INFO - Number of results in first chunk: 854
[2025-01-02T07:09:34.621+0000] {logging_mixin.py:190} INFO - Inserted 1000 rows.
[2025-01-02T07:09:35.742+0000] {logging_mixin.py:190} INFO - Inserted 1000 rows.
[2025-01-02T07:09:36.938+0000] {logging_mixin.py:190} INFO - Inserted 1000 rows.
[2025-01-02T07:09:38.135+0000] {logging_mixin.py:190} INFO - Inserted 1000 rows.
[2025-01-02T07:09:39.315+0000] {logging_mixin.py:190} INFO - Inserted 1000 rows.
[2025-01-02T07:09:40.497+0000] {logging_mixin.py:190} INFO - Inserted 1000 rows.
[2025-01-02T07:09:41.656+0000] {logging_mixin.py:190} INFO - Inserted 1000 rows.
[2025-01-02T07:09:42.532+0000] {logging_mixin.py:190} INFO - Inserted 1000 rows.
[2025-01-02T07:09:43.517+0000] {logging_mixin.py:190} INFO - Inserted 1000 rows.
[2025-01-02T07:09:44.801+0000] {logging_mixin.py:190} INFO - Inserted 1000 rows.
[2025-01-02T07:09:45.404+0000] {logging_mixin.py:190} INFO - Logged 450000 rows in tracking table.
[2025-01-02T07:09:48.116+0000] {cursor.py:1166} INFO - Number of results in first chunk: 843
[2025-01-02T07:09:50.966+0000] {logging_mixin.py:190} INFO - Inserted 1000 rows.
[2025-01-02T07:09:52.050+0000] {logging_mixin.py:190} INFO - Inserted 1000 rows.
[2025-01-02T07:09:53.362+0000] {logging_mixin.py:190} INFO - Inserted 1000 rows.
[2025-01-02T07:09:54.460+0000] {logging_mixin.py:190} INFO - Inserted 1000 rows.
[2025-01-02T07:09:55.726+0000] {logging_mixin.py:190} INFO - Inserted 1000 rows.
[2025-01-02T07:09:56.951+0000] {logging_mixin.py:190} INFO - Inserted 1000 rows.
[2025-01-02T07:09:58.297+0000] {logging_mixin.py:190} INFO - Inserted 1000 rows.
[2025-01-02T07:09:59.471+0000] {logging_mixin.py:190} INFO - Inserted 1000 rows.
[2025-01-02T07:10:00.802+0000] {logging_mixin.py:190} INFO - Inserted 1000 rows.
[2025-01-02T07:10:01.913+0000] {logging_mixin.py:190} INFO - Inserted 1000 rows.
[2025-01-02T07:10:02.584+0000] {logging_mixin.py:190} INFO - Logged 460000 rows in tracking table.
[2025-01-02T07:10:05.362+0000] {cursor.py:1166} INFO - Number of results in first chunk: 799
[2025-01-02T07:10:08.683+0000] {logging_mixin.py:190} INFO - Inserted 1000 rows.
[2025-01-02T07:10:09.819+0000] {logging_mixin.py:190} INFO - Inserted 1000 rows.
[2025-01-02T07:10:10.992+0000] {logging_mixin.py:190} INFO - Inserted 1000 rows.
[2025-01-02T07:10:12.198+0000] {logging_mixin.py:190} INFO - Inserted 1000 rows.
[2025-01-02T07:10:13.374+0000] {logging_mixin.py:190} INFO - Inserted 1000 rows.
[2025-01-02T07:10:14.565+0000] {logging_mixin.py:190} INFO - Inserted 1000 rows.
[2025-01-02T07:10:15.720+0000] {logging_mixin.py:190} INFO - Inserted 1000 rows.
[2025-01-02T07:10:16.854+0000] {logging_mixin.py:190} INFO - Inserted 1000 rows.
[2025-01-02T07:10:18.039+0000] {logging_mixin.py:190} INFO - Inserted 1000 rows.
[2025-01-02T07:10:19.340+0000] {logging_mixin.py:190} INFO - Inserted 1000 rows.
[2025-01-02T07:10:20.104+0000] {logging_mixin.py:190} INFO - Logged 470000 rows in tracking table.
[2025-01-02T07:10:23.500+0000] {cursor.py:1166} INFO - Number of results in first chunk: 873
[2025-01-02T07:10:26.478+0000] {logging_mixin.py:190} INFO - Inserted 1000 rows.
[2025-01-02T07:10:27.759+0000] {logging_mixin.py:190} INFO - Inserted 1000 rows.
[2025-01-02T07:10:29.024+0000] {logging_mixin.py:190} INFO - Inserted 1000 rows.
[2025-01-02T07:10:30.294+0000] {logging_mixin.py:190} INFO - Inserted 1000 rows.
[2025-01-02T07:10:31.533+0000] {logging_mixin.py:190} INFO - Inserted 1000 rows.
[2025-01-02T07:10:32.463+0000] {logging_mixin.py:190} INFO - Inserted 1000 rows.
[2025-01-02T07:10:33.362+0000] {logging_mixin.py:190} INFO - Inserted 1000 rows.
[2025-01-02T07:10:33.367+0000] {connection.py:789} INFO - closed
[2025-01-02T07:10:33.681+0000] {connection.py:795} INFO - No async queries seem to be running, deleting session
[2025-01-02T07:10:34.026+0000] {logging_mixin.py:190} INFO - Error transforming data into Snowflake: time data '20200101T013000Z' does not match format '%Y-%m-%d %H:%M:%S.%f'
[2025-01-02T07:10:34.031+0000] {python.py:240} INFO - Done. Returned value was: None
[2025-01-02T07:10:34.050+0000] {taskinstance.py:340} INFO - ::group::Post task execution logs
[2025-01-02T07:10:34.051+0000] {taskinstance.py:352} INFO - Marking task as SUCCESS. dag_id=fetch_and_transform_news_data, task_id=process_news_all_countries, run_id=manual__2025-01-02T06:57:13.373048+00:00, execution_date=20250102T065713, start_date=20250102T065716, end_date=20250102T071034
[2025-01-02T07:10:34.142+0000] {local_task_job_runner.py:266} INFO - Task exited with return code 0
[2025-01-02T07:10:34.169+0000] {taskinstance.py:3895} INFO - 0 downstream tasks scheduled from follow-on schedule check
[2025-01-02T07:10:34.175+0000] {local_task_job_runner.py:245} INFO - ::endgroup::
