[2024-12-17T09:31:31.582+0000] {local_task_job_runner.py:123} INFO - ::group::Pre task execution logs
[2024-12-17T09:31:31.618+0000] {taskinstance.py:2613} INFO - Dependencies all met for dep_context=non-requeueable deps ti=<TaskInstance: my_first_dag_v2.first_task manual__2024-12-17T09:31:28.735605+00:00 [queued]>
[2024-12-17T09:31:31.641+0000] {taskinstance.py:2613} INFO - Dependencies all met for dep_context=requeueable deps ti=<TaskInstance: my_first_dag_v2.first_task manual__2024-12-17T09:31:28.735605+00:00 [queued]>
[2024-12-17T09:31:31.643+0000] {taskinstance.py:2866} INFO - Starting attempt 1 of 6
[2024-12-17T09:31:31.677+0000] {taskinstance.py:2889} INFO - Executing <Task(BashOperator): first_task> on 2024-12-17 09:31:28.735605+00:00
[2024-12-17T09:31:31.690+0000] {warnings.py:112} WARNING - /home/***/.local/lib/python3.12/site-packages/***/task/task_runner/standard_task_runner.py:70: DeprecationWarning: This process (pid=578) is multi-threaded, use of fork() may lead to deadlocks in the child.
  pid = os.fork()

[2024-12-17T09:31:31.693+0000] {standard_task_runner.py:72} INFO - Started process 579 to run task
[2024-12-17T09:31:31.693+0000] {standard_task_runner.py:104} INFO - Running: ['***', 'tasks', 'run', 'my_first_dag_v2', 'first_task', 'manual__2024-12-17T09:31:28.735605+00:00', '--job-id', '3', '--raw', '--subdir', 'DAGS_FOLDER/my_first_dag.py', '--cfg-path', '/tmp/tmpgiz5in3w']
[2024-12-17T09:31:31.695+0000] {standard_task_runner.py:105} INFO - Job 3: Subtask first_task
[2024-12-17T09:31:31.791+0000] {task_command.py:467} INFO - Running <TaskInstance: my_first_dag_v2.first_task manual__2024-12-17T09:31:28.735605+00:00 [running]> on host 8348eb091483
[2024-12-17T09:31:31.924+0000] {taskinstance.py:3132} INFO - Exporting env vars: AIRFLOW_CTX_DAG_OWNER='srush' AIRFLOW_CTX_DAG_ID='my_first_dag_v2' AIRFLOW_CTX_TASK_ID='first_task' AIRFLOW_CTX_EXECUTION_DATE='2024-12-17T09:31:28.735605+00:00' AIRFLOW_CTX_TRY_NUMBER='1' AIRFLOW_CTX_DAG_RUN_ID='manual__2024-12-17T09:31:28.735605+00:00'
[2024-12-17T09:31:31.926+0000] {taskinstance.py:731} INFO - ::endgroup::
[2024-12-17T09:31:31.980+0000] {subprocess.py:78} INFO - Tmp dir root location: /tmp
[2024-12-17T09:31:31.984+0000] {subprocess.py:88} INFO - Running command: ['/usr/bin/bash', '-c', 'echo hello world']
[2024-12-17T09:31:32.015+0000] {subprocess.py:99} INFO - Output:
[2024-12-17T09:31:32.020+0000] {subprocess.py:106} INFO - hello world
[2024-12-17T09:31:32.021+0000] {subprocess.py:110} INFO - Command exited with return code 0
[2024-12-17T09:31:32.070+0000] {taskinstance.py:340} INFO - ::group::Post task execution logs
[2024-12-17T09:31:32.072+0000] {taskinstance.py:352} INFO - Marking task as SUCCESS. dag_id=my_first_dag_v2, task_id=first_task, run_id=manual__2024-12-17T09:31:28.735605+00:00, execution_date=20241217T093128, start_date=20241217T093131, end_date=20241217T093132
[2024-12-17T09:31:32.160+0000] {local_task_job_runner.py:266} INFO - Task exited with return code 0
[2024-12-17T09:31:32.213+0000] {taskinstance.py:3895} INFO - 1 downstream tasks scheduled from follow-on schedule check
[2024-12-17T09:31:32.219+0000] {local_task_job_runner.py:245} INFO - ::endgroup::
