[2024-12-18T06:48:29.197+0000] {local_task_job_runner.py:123} INFO - ::group::Pre task execution logs
[2024-12-18T06:48:29.223+0000] {taskinstance.py:2613} INFO - Dependencies all met for dep_context=non-requeueable deps ti=<TaskInstance: snowflake_connection_check.log_snowflake_result manual__2024-12-18T06:48:23.694189+00:00 [queued]>
[2024-12-18T06:48:29.239+0000] {taskinstance.py:2613} INFO - Dependencies all met for dep_context=requeueable deps ti=<TaskInstance: snowflake_connection_check.log_snowflake_result manual__2024-12-18T06:48:23.694189+00:00 [queued]>
[2024-12-18T06:48:29.240+0000] {taskinstance.py:2866} INFO - Starting attempt 1 of 2
[2024-12-18T06:48:29.264+0000] {taskinstance.py:2889} INFO - Executing <Task(PythonOperator): log_snowflake_result> on 2024-12-18 06:48:23.694189+00:00
[2024-12-18T06:48:29.277+0000] {warnings.py:112} WARNING - /home/***/.local/lib/python3.12/site-packages/***/task/task_runner/standard_task_runner.py:70: DeprecationWarning: This process (pid=1043) is multi-threaded, use of fork() may lead to deadlocks in the child.
  pid = os.fork()

[2024-12-18T06:48:29.280+0000] {standard_task_runner.py:72} INFO - Started process 1052 to run task
[2024-12-18T06:48:29.281+0000] {standard_task_runner.py:104} INFO - Running: ['***', 'tasks', 'run', 'snowflake_connection_check', 'log_snowflake_result', 'manual__2024-12-18T06:48:23.694189+00:00', '--job-id', '2544', '--raw', '--subdir', 'DAGS_FOLDER/snowflake_connector_dag.py', '--cfg-path', '/tmp/tmp0o4oj_ga']
[2024-12-18T06:48:29.285+0000] {standard_task_runner.py:105} INFO - Job 2544: Subtask log_snowflake_result
[2024-12-18T06:48:29.361+0000] {task_command.py:467} INFO - Running <TaskInstance: snowflake_connection_check.log_snowflake_result manual__2024-12-18T06:48:23.694189+00:00 [running]> on host 8348eb091483
[2024-12-18T06:48:29.492+0000] {taskinstance.py:3132} INFO - Exporting env vars: AIRFLOW_CTX_DAG_OWNER='***' AIRFLOW_CTX_DAG_ID='snowflake_connection_check' AIRFLOW_CTX_TASK_ID='log_snowflake_result' AIRFLOW_CTX_EXECUTION_DATE='2024-12-18T06:48:23.694189+00:00' AIRFLOW_CTX_TRY_NUMBER='1' AIRFLOW_CTX_DAG_RUN_ID='manual__2024-12-18T06:48:23.694189+00:00'
[2024-12-18T06:48:29.495+0000] {taskinstance.py:731} INFO - ::endgroup::
[2024-12-18T06:48:29.529+0000] {snowflake_connector_dag.py:55} INFO - Snowflake query result: [{'CURRENT_DATABASE()': 'PROJECT'}]
[2024-12-18T06:48:29.530+0000] {python.py:240} INFO - Done. Returned value was: None
[2024-12-18T06:48:29.545+0000] {taskinstance.py:340} INFO - ::group::Post task execution logs
[2024-12-18T06:48:29.546+0000] {taskinstance.py:352} INFO - Marking task as SUCCESS. dag_id=snowflake_connection_check, task_id=log_snowflake_result, run_id=manual__2024-12-18T06:48:23.694189+00:00, execution_date=20241218T064823, start_date=20241218T064829, end_date=20241218T064829
[2024-12-18T06:48:29.620+0000] {local_task_job_runner.py:266} INFO - Task exited with return code 0
[2024-12-18T06:48:29.648+0000] {taskinstance.py:3895} INFO - 0 downstream tasks scheduled from follow-on schedule check
[2024-12-18T06:48:29.653+0000] {local_task_job_runner.py:245} INFO - ::endgroup::
