[2024-12-17T10:19:16.555+0000] {local_task_job_runner.py:123} INFO - ::group::Pre task execution logs
[2024-12-17T10:19:16.612+0000] {taskinstance.py:2613} INFO - Dependencies all met for dep_context=non-requeueable deps ti=<TaskInstance: my_first_dag_v3.first_task scheduled__2024-12-16T01:04:00+00:00 [queued]>
[2024-12-17T10:19:16.632+0000] {taskinstance.py:2613} INFO - Dependencies all met for dep_context=requeueable deps ti=<TaskInstance: my_first_dag_v3.first_task scheduled__2024-12-16T01:04:00+00:00 [queued]>
[2024-12-17T10:19:16.633+0000] {taskinstance.py:2866} INFO - Starting attempt 1 of 6
[2024-12-17T10:19:16.707+0000] {taskinstance.py:2889} INFO - Executing <Task(BashOperator): first_task> on 2024-12-16 01:04:00+00:00
[2024-12-17T10:19:16.723+0000] {warnings.py:112} WARNING - /home/***/.local/lib/python3.12/site-packages/***/task/task_runner/standard_task_runner.py:70: DeprecationWarning: This process (pid=2010) is multi-threaded, use of fork() may lead to deadlocks in the child.
  pid = os.fork()

[2024-12-17T10:19:16.727+0000] {standard_task_runner.py:72} INFO - Started process 2025 to run task
[2024-12-17T10:19:16.728+0000] {standard_task_runner.py:104} INFO - Running: ['***', 'tasks', 'run', 'my_first_dag_v3', 'first_task', 'scheduled__2024-12-16T01:04:00+00:00', '--job-id', '216', '--raw', '--subdir', 'DAGS_FOLDER/my_first_dag.py', '--cfg-path', '/tmp/tmpeyc8dbxn']
[2024-12-17T10:19:16.731+0000] {standard_task_runner.py:105} INFO - Job 216: Subtask first_task
[2024-12-17T10:19:16.835+0000] {task_command.py:467} INFO - Running <TaskInstance: my_first_dag_v3.first_task scheduled__2024-12-16T01:04:00+00:00 [running]> on host 8348eb091483
[2024-12-17T10:19:17.110+0000] {taskinstance.py:3132} INFO - Exporting env vars: AIRFLOW_CTX_DAG_OWNER='srush' AIRFLOW_CTX_DAG_ID='my_first_dag_v3' AIRFLOW_CTX_TASK_ID='first_task' AIRFLOW_CTX_EXECUTION_DATE='2024-12-16T01:04:00+00:00' AIRFLOW_CTX_TRY_NUMBER='1' AIRFLOW_CTX_DAG_RUN_ID='scheduled__2024-12-16T01:04:00+00:00'
[2024-12-17T10:19:17.117+0000] {taskinstance.py:731} INFO - ::endgroup::
[2024-12-17T10:19:17.166+0000] {subprocess.py:78} INFO - Tmp dir root location: /tmp
[2024-12-17T10:19:17.173+0000] {subprocess.py:88} INFO - Running command: ['/usr/bin/bash', '-c', 'echo hello world']
[2024-12-17T10:19:17.253+0000] {subprocess.py:99} INFO - Output:
[2024-12-17T10:19:17.261+0000] {subprocess.py:106} INFO - hello world
[2024-12-17T10:19:17.262+0000] {subprocess.py:110} INFO - Command exited with return code 0
[2024-12-17T10:19:17.355+0000] {taskinstance.py:340} INFO - ::group::Post task execution logs
[2024-12-17T10:19:17.358+0000] {taskinstance.py:352} INFO - Marking task as SUCCESS. dag_id=my_first_dag_v3, task_id=first_task, run_id=scheduled__2024-12-16T01:04:00+00:00, execution_date=20241216T010400, start_date=20241217T101916, end_date=20241217T101917
[2024-12-17T10:19:17.526+0000] {local_task_job_runner.py:266} INFO - Task exited with return code 0
[2024-12-17T10:19:17.584+0000] {taskinstance.py:3895} INFO - 2 downstream tasks scheduled from follow-on schedule check
[2024-12-17T10:19:17.606+0000] {local_task_job_runner.py:245} INFO - ::endgroup::
