[2024-12-20T07:49:59.811+0000] {local_task_job_runner.py:123} INFO - ::group::Pre task execution logs
[2024-12-20T07:49:59.855+0000] {taskinstance.py:2613} INFO - Dependencies all met for dep_context=non-requeueable deps ti=<TaskInstance: fetch_and_insert_all_countries_news_1.fetch_and_insert_news_all_countries manual__2024-12-20T07:49:55.352980+00:00 [queued]>
[2024-12-20T07:49:59.878+0000] {taskinstance.py:2613} INFO - Dependencies all met for dep_context=requeueable deps ti=<TaskInstance: fetch_and_insert_all_countries_news_1.fetch_and_insert_news_all_countries manual__2024-12-20T07:49:55.352980+00:00 [queued]>
[2024-12-20T07:49:59.880+0000] {taskinstance.py:2866} INFO - Starting attempt 1 of 2
[2024-12-20T07:49:59.920+0000] {taskinstance.py:2889} INFO - Executing <Task(PythonOperator): fetch_and_insert_news_all_countries> on 2024-12-20 07:49:55.352980+00:00
[2024-12-20T07:49:59.937+0000] {warnings.py:112} WARNING - /home/***/.local/lib/python3.12/site-packages/***/task/task_runner/standard_task_runner.py:70: DeprecationWarning: This process (pid=15814) is multi-threaded, use of fork() may lead to deadlocks in the child.
  pid = os.fork()

[2024-12-20T07:49:59.944+0000] {standard_task_runner.py:72} INFO - Started process 15816 to run task
[2024-12-20T07:49:59.941+0000] {standard_task_runner.py:104} INFO - Running: ['***', 'tasks', 'run', 'fetch_and_insert_all_countries_news_1', 'fetch_and_insert_news_all_countries', 'manual__2024-12-20T07:49:55.352980+00:00', '--job-id', '2636', '--raw', '--subdir', 'DAGS_FOLDER/snowflake_connector_dag.py', '--cfg-path', '/tmp/tmpmhyyp7wu']
[2024-12-20T07:49:59.948+0000] {standard_task_runner.py:105} INFO - Job 2636: Subtask fetch_and_insert_news_all_countries
[2024-12-20T07:50:00.064+0000] {task_command.py:467} INFO - Running <TaskInstance: fetch_and_insert_all_countries_news_1.fetch_and_insert_news_all_countries manual__2024-12-20T07:49:55.352980+00:00 [running]> on host 7b4c45f22bd5
[2024-12-20T07:50:00.225+0000] {taskinstance.py:3132} INFO - Exporting env vars: AIRFLOW_CTX_DAG_OWNER='srush' AIRFLOW_CTX_DAG_ID='fetch_and_insert_all_countries_news_1' AIRFLOW_CTX_TASK_ID='fetch_and_insert_news_all_countries' AIRFLOW_CTX_EXECUTION_DATE='2024-12-20T07:49:55.352980+00:00' AIRFLOW_CTX_TRY_NUMBER='1' AIRFLOW_CTX_DAG_RUN_ID='manual__2024-12-20T07:49:55.352980+00:00'
[2024-12-20T07:50:00.228+0000] {taskinstance.py:731} INFO - ::endgroup::
[2024-12-20T07:50:00.285+0000] {base.py:84} INFO - Retrieving connection 'snowflake_con'
[2024-12-20T07:50:00.287+0000] {connection.py:414} INFO - Snowflake Connector for Python Version: 3.12.4, Python Version: 3.12.8, Platform: Linux-5.15.167.4-microsoft-standard-WSL2-x86_64-with-glibc2.36
[2024-12-20T07:50:00.290+0000] {connection.py:1197} INFO - Connecting to GLOBAL Snowflake domain
[2024-12-20T07:50:00.292+0000] {connection.py:1278} INFO - This connection is in OCSP Fail Open Mode. TLS Certificates would be checked for validity and revocation status. Any other Certificate Revocation related exceptions or OCSP Responder failures would be disregarded in favor of connectivity.
[2024-12-20T07:50:01.534+0000] {cursor.py:1166} INFO - Number of results in first chunk: 11
[2024-12-20T07:50:01.634+0000] {cursor.py:1166} INFO - Number of results in first chunk: 5
[2024-12-20T07:50:01.636+0000] {logging_mixin.py:190} INFO - Fetched Keywords: ['currency', 'forex', 'finance', 'disease', 'war', 'election', 'pandemic', 'inflation', 'bank', 'trade', 'treaty']
[2024-12-20T07:50:01.637+0000] {logging_mixin.py:190} INFO - Fetched Countries: ['CH', 'JA', 'NZ', 'SZ', 'RS']
[2024-12-20T07:50:01.637+0000] {logging_mixin.py:190} INFO - Processing news for country: CH
[2024-12-20T07:53:07.514+0000] {local_task_job_runner.py:346} WARNING - State of this instance has been externally set to restarting. Terminating instance.
[2024-12-20T07:53:07.517+0000] {local_task_job_runner.py:245} INFO - ::endgroup::
[2024-12-20T07:53:07.520+0000] {process_utils.py:132} INFO - Sending 15 to group 15816. PIDs of all processes in the group: [15816]
[2024-12-20T07:53:07.521+0000] {process_utils.py:87} INFO - Sending the signal 15 to group 15816
[2024-12-20T07:53:07.522+0000] {taskinstance.py:3093} ERROR - Received SIGTERM. Terminating subprocesses.
[2024-12-20T07:53:07.524+0000] {connection.py:789} INFO - closed
[2024-12-20T07:53:07.764+0000] {connection.py:795} INFO - No async queries seem to be running, deleting session
[2024-12-20T07:53:07.816+0000] {taskinstance.py:3311} ERROR - Task failed with exception
Traceback (most recent call last):
  File "/home/airflow/.local/lib/python3.12/site-packages/airflow/models/taskinstance.py", line 767, in _execute_task
    result = _execute_callable(context=context, **execute_callable_kwargs)
             ^^^^^^^^^^^^^^^^^^^^^^^^^^^^^^^^^^^^^^^^^^^^^^^^^^^^^^^^^^^^^
  File "/home/airflow/.local/lib/python3.12/site-packages/airflow/models/taskinstance.py", line 733, in _execute_callable
    return ExecutionCallableRunner(
           ^^^^^^^^^^^^^^^^^^^^^^^^
  File "/home/airflow/.local/lib/python3.12/site-packages/airflow/utils/operator_helpers.py", line 252, in run
    return self.func(*args, **kwargs)
           ^^^^^^^^^^^^^^^^^^^^^^^^^^
  File "/home/airflow/.local/lib/python3.12/site-packages/airflow/models/baseoperator.py", line 422, in wrapper
    return func(self, *args, **kwargs)
           ^^^^^^^^^^^^^^^^^^^^^^^^^^^
  File "/home/airflow/.local/lib/python3.12/site-packages/airflow/operators/python.py", line 238, in execute
    return_value = self.execute_callable()
                   ^^^^^^^^^^^^^^^^^^^^^^^
  File "/home/airflow/.local/lib/python3.12/site-packages/airflow/operators/python.py", line 256, in execute_callable
    return runner.run(*self.op_args, **self.op_kwargs)
           ^^^^^^^^^^^^^^^^^^^^^^^^^^^^^^^^^^^^^^^^^^^
  File "/home/airflow/.local/lib/python3.12/site-packages/airflow/utils/operator_helpers.py", line 252, in run
    return self.func(*args, **kwargs)
           ^^^^^^^^^^^^^^^^^^^^^^^^^^
  File "/opt/airflow/dags/snowflake_connector_dag.py", line 144, in fetch_and_insert_news_for_countries
    time.sleep(3)
  File "/home/airflow/.local/lib/python3.12/site-packages/airflow/models/taskinstance.py", line 3095, in signal_handler
    raise AirflowTaskTerminated("Task received SIGTERM signal")
airflow.exceptions.AirflowTaskTerminated: Task received SIGTERM signal
[2024-12-20T07:53:07.829+0000] {taskinstance.py:1225} INFO - Marking task as UP_FOR_RETRY. dag_id=fetch_and_insert_all_countries_news_1, task_id=fetch_and_insert_news_all_countries, run_id=manual__2024-12-20T07:49:55.352980+00:00, execution_date=20241220T074955, start_date=20241220T074959, end_date=20241220T075307
[2024-12-20T07:53:07.853+0000] {taskinstance.py:340} INFO - ::group::Post task execution logs
[2024-12-20T07:53:07.896+0000] {process_utils.py:80} INFO - Process psutil.Process(pid=15816, status='terminated', exitcode=2, started='07:49:59') (15816) terminated with exit code 2
