[2024-12-18T09:55:52.043+0000] {local_task_job_runner.py:123} INFO - ::group::Pre task execution logs
[2024-12-18T09:55:52.069+0000] {taskinstance.py:2613} INFO - Dependencies all met for dep_context=non-requeueable deps ti=<TaskInstance: news_fetch_to_snowflake.log_fetch_status manual__2024-12-18T09:14:58.986757+00:00 [queued]>
[2024-12-18T09:55:52.082+0000] {taskinstance.py:2613} INFO - Dependencies all met for dep_context=requeueable deps ti=<TaskInstance: news_fetch_to_snowflake.log_fetch_status manual__2024-12-18T09:14:58.986757+00:00 [queued]>
[2024-12-18T09:55:52.083+0000] {taskinstance.py:2866} INFO - Starting attempt 1 of 2
[2024-12-18T09:55:52.107+0000] {taskinstance.py:2889} INFO - Executing <Task(PythonOperator): log_fetch_status> on 2024-12-18 09:14:58.986757+00:00
[2024-12-18T09:55:52.116+0000] {warnings.py:112} WARNING - /home/***/.local/lib/python3.12/site-packages/***/task/task_runner/standard_task_runner.py:70: DeprecationWarning: This process (pid=198) is multi-threaded, use of fork() may lead to deadlocks in the child.
  pid = os.fork()

[2024-12-18T09:55:52.118+0000] {standard_task_runner.py:72} INFO - Started process 200 to run task
[2024-12-18T09:55:52.119+0000] {standard_task_runner.py:104} INFO - Running: ['***', 'tasks', 'run', 'news_fetch_to_snowflake', 'log_fetch_status', 'manual__2024-12-18T09:14:58.986757+00:00', '--job-id', '2554', '--raw', '--subdir', 'DAGS_FOLDER/snowflake_connector_dag.py', '--cfg-path', '/tmp/tmpcnwecomd']
[2024-12-18T09:55:52.122+0000] {standard_task_runner.py:105} INFO - Job 2554: Subtask log_fetch_status
[2024-12-18T09:55:52.193+0000] {task_command.py:467} INFO - Running <TaskInstance: news_fetch_to_snowflake.log_fetch_status manual__2024-12-18T09:14:58.986757+00:00 [running]> on host 8348eb091483
[2024-12-18T09:55:52.316+0000] {taskinstance.py:3132} INFO - Exporting env vars: AIRFLOW_CTX_DAG_OWNER='***' AIRFLOW_CTX_DAG_ID='news_fetch_to_snowflake' AIRFLOW_CTX_TASK_ID='log_fetch_status' AIRFLOW_CTX_EXECUTION_DATE='2024-12-18T09:14:58.986757+00:00' AIRFLOW_CTX_TRY_NUMBER='1' AIRFLOW_CTX_DAG_RUN_ID='manual__2024-12-18T09:14:58.986757+00:00'
[2024-12-18T09:55:52.318+0000] {taskinstance.py:731} INFO - ::endgroup::
[2024-12-18T09:55:52.336+0000] {logging_mixin.py:190} INFO - Data fetching completed for 2024-12-18.
[2024-12-18T09:55:52.337+0000] {python.py:240} INFO - Done. Returned value was: None
[2024-12-18T09:55:52.352+0000] {taskinstance.py:340} INFO - ::group::Post task execution logs
[2024-12-18T09:55:52.353+0000] {taskinstance.py:352} INFO - Marking task as SUCCESS. dag_id=news_fetch_to_snowflake, task_id=log_fetch_status, run_id=manual__2024-12-18T09:14:58.986757+00:00, execution_date=20241218T091458, start_date=20241218T095552, end_date=20241218T095552
[2024-12-18T09:55:52.415+0000] {local_task_job_runner.py:266} INFO - Task exited with return code 0
[2024-12-18T09:55:52.436+0000] {taskinstance.py:3895} INFO - 0 downstream tasks scheduled from follow-on schedule check
[2024-12-18T09:55:52.444+0000] {local_task_job_runner.py:245} INFO - ::endgroup::
