[2024-12-23T05:38:17.229+0000] {local_task_job_runner.py:123} INFO - ::group::Pre task execution logs
[2024-12-23T05:38:17.253+0000] {taskinstance.py:2613} INFO - Dependencies all met for dep_context=non-requeueable deps ti=<TaskInstance: fetch_and_insert_news.fetch_and_insert_news_all_countries manual__2024-12-23T05:38:15.253727+00:00 [queued]>
[2024-12-23T05:38:17.266+0000] {taskinstance.py:2613} INFO - Dependencies all met for dep_context=requeueable deps ti=<TaskInstance: fetch_and_insert_news.fetch_and_insert_news_all_countries manual__2024-12-23T05:38:15.253727+00:00 [queued]>
[2024-12-23T05:38:17.268+0000] {taskinstance.py:2866} INFO - Starting attempt 1 of 2
[2024-12-23T05:38:17.290+0000] {taskinstance.py:2889} INFO - Executing <Task(PythonOperator): fetch_and_insert_news_all_countries> on 2024-12-23 05:38:15.253727+00:00
[2024-12-23T05:38:17.299+0000] {warnings.py:112} WARNING - /home/***/.local/lib/python3.12/site-packages/***/task/task_runner/standard_task_runner.py:70: DeprecationWarning: This process (pid=50134) is multi-threaded, use of fork() may lead to deadlocks in the child.
  pid = os.fork()

[2024-12-23T05:38:17.302+0000] {standard_task_runner.py:72} INFO - Started process 50136 to run task
[2024-12-23T05:38:17.302+0000] {standard_task_runner.py:104} INFO - Running: ['***', 'tasks', 'run', 'fetch_and_insert_news', 'fetch_and_insert_news_all_countries', 'manual__2024-12-23T05:38:15.253727+00:00', '--job-id', '27', '--raw', '--subdir', 'DAGS_FOLDER/snowflake_connector_dag.py', '--cfg-path', '/tmp/tmpgmxwkjoo']
[2024-12-23T05:38:17.306+0000] {standard_task_runner.py:105} INFO - Job 27: Subtask fetch_and_insert_news_all_countries
[2024-12-23T05:38:17.369+0000] {task_command.py:467} INFO - Running <TaskInstance: fetch_and_insert_news.fetch_and_insert_news_all_countries manual__2024-12-23T05:38:15.253727+00:00 [running]> on host 4fe538676cbc
[2024-12-23T05:38:17.496+0000] {taskinstance.py:3132} INFO - Exporting env vars: AIRFLOW_CTX_DAG_OWNER='srush' AIRFLOW_CTX_DAG_ID='fetch_and_insert_news' AIRFLOW_CTX_TASK_ID='fetch_and_insert_news_all_countries' AIRFLOW_CTX_EXECUTION_DATE='2024-12-23T05:38:15.253727+00:00' AIRFLOW_CTX_TRY_NUMBER='1' AIRFLOW_CTX_DAG_RUN_ID='manual__2024-12-23T05:38:15.253727+00:00'
[2024-12-23T05:38:17.499+0000] {taskinstance.py:731} INFO - ::endgroup::
[2024-12-23T05:38:17.531+0000] {base.py:84} INFO - Retrieving connection 'snowflake_con'
[2024-12-23T05:38:17.533+0000] {connection.py:414} INFO - Snowflake Connector for Python Version: 3.12.4, Python Version: 3.12.8, Platform: Linux-5.15.167.4-microsoft-standard-WSL2-x86_64-with-glibc2.36
[2024-12-23T05:38:17.535+0000] {connection.py:1197} INFO - Connecting to GLOBAL Snowflake domain
[2024-12-23T05:38:17.536+0000] {connection.py:1278} INFO - This connection is in OCSP Fail Open Mode. TLS Certificates would be checked for validity and revocation status. Any other Certificate Revocation related exceptions or OCSP Responder failures would be disregarded in favor of connectivity.
[2024-12-23T05:38:18.341+0000] {cursor.py:1166} INFO - Number of results in first chunk: 11
[2024-12-23T05:38:18.440+0000] {cursor.py:1166} INFO - Number of results in first chunk: 5
[2024-12-23T05:38:18.442+0000] {logging_mixin.py:190} INFO - Fetched Keywords: ['currency', 'forex', 'finance', 'disease', 'war', 'election', 'pandemic', 'inflation', 'bank', 'trade', 'treaty']
[2024-12-23T05:38:18.443+0000] {logging_mixin.py:190} INFO - Fetched Countries: ['RS', 'AE']
[2024-12-23T05:38:18.444+0000] {logging_mixin.py:190} INFO - Processing news for country: RS
[2024-12-23T05:38:23.447+0000] {logging_mixin.py:190} INFO - Fetching news from 2023-01-30 to 2023-01-31 for RS...
[2024-12-23T05:38:26.407+0000] {logging_mixin.py:190} INFO - Inserted 250 articles into Snowflake table for RS.
[2024-12-23T05:38:31.408+0000] {logging_mixin.py:190} INFO - Fetching news from 2023-01-31 to 2023-02-01 for RS...
[2024-12-23T05:38:34.516+0000] {logging_mixin.py:190} INFO - Inserted 250 articles into Snowflake table for RS.
[2024-12-23T05:38:39.518+0000] {logging_mixin.py:190} INFO - Fetching news from 2023-02-01 to 2023-02-02 for RS...
[2024-12-23T05:38:42.293+0000] {logging_mixin.py:190} INFO - Inserted 250 articles into Snowflake table for RS.
[2024-12-23T05:38:47.294+0000] {logging_mixin.py:190} INFO - Fetching news from 2023-02-02 to 2023-02-03 for RS...
[2024-12-23T05:38:50.062+0000] {logging_mixin.py:190} INFO - Inserted 250 articles into Snowflake table for RS.
[2024-12-23T05:38:55.062+0000] {logging_mixin.py:190} INFO - Fetching news from 2023-02-03 to 2023-02-04 for RS...
[2024-12-23T05:38:58.183+0000] {logging_mixin.py:190} INFO - Inserted 250 articles into Snowflake table for RS.
[2024-12-23T05:39:03.184+0000] {logging_mixin.py:190} INFO - Fetching news from 2023-02-04 to 2023-02-05 for RS...
[2024-12-23T05:39:08.711+0000] {logging_mixin.py:190} INFO - Inserted 250 articles into Snowflake table for RS.
[2024-12-23T05:39:13.712+0000] {logging_mixin.py:190} INFO - Fetching news from 2023-02-05 to 2023-02-06 for RS...
[2024-12-23T05:39:17.108+0000] {logging_mixin.py:190} INFO - Inserted 250 articles into Snowflake table for RS.
[2024-12-23T05:39:22.109+0000] {logging_mixin.py:190} INFO - Fetching news from 2023-02-06 to 2023-02-07 for RS...
[2024-12-23T05:39:25.186+0000] {logging_mixin.py:190} INFO - Inserted 250 articles into Snowflake table for RS.
[2024-12-23T05:39:30.187+0000] {logging_mixin.py:190} INFO - Fetching news from 2023-02-07 to 2023-02-08 for RS...
[2024-12-23T05:39:34.090+0000] {logging_mixin.py:190} INFO - Inserted 250 articles into Snowflake table for RS.
[2024-12-23T05:39:39.091+0000] {logging_mixin.py:190} INFO - Fetching news from 2023-02-08 to 2023-02-09 for RS...
[2024-12-23T05:39:42.377+0000] {logging_mixin.py:190} INFO - Inserted 250 articles into Snowflake table for RS.
[2024-12-23T05:39:47.379+0000] {logging_mixin.py:190} INFO - Fetching news from 2023-02-09 to 2023-02-10 for RS...
[2024-12-23T05:39:50.296+0000] {logging_mixin.py:190} INFO - Inserted 250 articles into Snowflake table for RS.
[2024-12-23T05:39:55.295+0000] {logging_mixin.py:190} INFO - Fetching news from 2023-02-10 to 2023-02-11 for RS...
[2024-12-23T05:40:01.245+0000] {logging_mixin.py:190} INFO - Inserted 250 articles into Snowflake table for RS.
[2024-12-23T05:40:06.246+0000] {logging_mixin.py:190} INFO - Fetching news from 2023-02-11 to 2023-02-12 for RS...
[2024-12-23T05:40:09.177+0000] {logging_mixin.py:190} INFO - Inserted 250 articles into Snowflake table for RS.
[2024-12-23T05:40:14.178+0000] {logging_mixin.py:190} INFO - Fetching news from 2023-02-12 to 2023-02-13 for RS...
[2024-12-23T05:40:18.357+0000] {logging_mixin.py:190} INFO - Inserted 250 articles into Snowflake table for RS.
[2024-12-23T05:40:23.358+0000] {logging_mixin.py:190} INFO - Fetching news from 2023-02-13 to 2023-02-14 for RS...
[2024-12-23T05:40:27.217+0000] {logging_mixin.py:190} INFO - Inserted 250 articles into Snowflake table for RS.
[2024-12-23T05:40:32.218+0000] {logging_mixin.py:190} INFO - Fetching news from 2023-02-14 to 2023-02-15 for RS...
[2024-12-23T05:40:35.006+0000] {logging_mixin.py:190} INFO - Inserted 250 articles into Snowflake table for RS.
[2024-12-23T05:40:40.008+0000] {logging_mixin.py:190} INFO - Fetching news from 2023-02-15 to 2023-02-16 for RS...
[2024-12-23T05:40:43.264+0000] {logging_mixin.py:190} INFO - Inserted 250 articles into Snowflake table for RS.
[2024-12-23T05:40:48.265+0000] {logging_mixin.py:190} INFO - Fetching news from 2023-02-16 to 2023-02-17 for RS...
[2024-12-23T05:40:51.313+0000] {logging_mixin.py:190} INFO - Inserted 250 articles into Snowflake table for RS.
[2024-12-23T05:40:56.312+0000] {logging_mixin.py:190} INFO - Fetching news from 2023-02-17 to 2023-02-18 for RS...
[2024-12-23T05:41:00.478+0000] {logging_mixin.py:190} INFO - Inserted 250 articles into Snowflake table for RS.
[2024-12-23T05:41:05.479+0000] {logging_mixin.py:190} INFO - Fetching news from 2023-02-18 to 2023-02-19 for RS...
[2024-12-23T05:41:08.885+0000] {logging_mixin.py:190} INFO - Inserted 250 articles into Snowflake table for RS.
[2024-12-23T05:41:13.887+0000] {logging_mixin.py:190} INFO - Fetching news from 2023-02-19 to 2023-02-20 for RS...
[2024-12-23T05:41:16.604+0000] {logging_mixin.py:190} INFO - Inserted 250 articles into Snowflake table for RS.
[2024-12-23T05:41:21.606+0000] {logging_mixin.py:190} INFO - Fetching news from 2023-02-20 to 2023-02-21 for RS...
[2024-12-23T05:41:26.573+0000] {logging_mixin.py:190} INFO - Inserted 250 articles into Snowflake table for RS.
[2024-12-23T05:41:31.574+0000] {logging_mixin.py:190} INFO - Fetching news from 2023-02-21 to 2023-02-22 for RS...
[2024-12-23T05:41:34.698+0000] {logging_mixin.py:190} INFO - Inserted 250 articles into Snowflake table for RS.
[2024-12-23T05:41:39.699+0000] {logging_mixin.py:190} INFO - Fetching news from 2023-02-22 to 2023-02-23 for RS...
[2024-12-23T05:41:42.450+0000] {logging_mixin.py:190} INFO - Inserted 250 articles into Snowflake table for RS.
[2024-12-23T05:41:47.451+0000] {logging_mixin.py:190} INFO - Fetching news from 2023-02-23 to 2023-02-24 for RS...
[2024-12-23T05:41:50.192+0000] {logging_mixin.py:190} INFO - Inserted 250 articles into Snowflake table for RS.
[2024-12-23T05:41:55.192+0000] {logging_mixin.py:190} INFO - Fetching news from 2023-02-24 to 2023-02-25 for RS...
[2024-12-23T05:41:58.154+0000] {logging_mixin.py:190} INFO - Inserted 250 articles into Snowflake table for RS.
[2024-12-23T05:42:03.156+0000] {logging_mixin.py:190} INFO - Fetching news from 2023-02-25 to 2023-02-26 for RS...
[2024-12-23T05:42:06.815+0000] {logging_mixin.py:190} INFO - Inserted 250 articles into Snowflake table for RS.
[2024-12-23T05:42:11.817+0000] {logging_mixin.py:190} INFO - Fetching news from 2023-02-26 to 2023-02-27 for RS...
[2024-12-23T05:42:14.785+0000] {logging_mixin.py:190} INFO - Inserted 250 articles into Snowflake table for RS.
[2024-12-23T05:42:19.787+0000] {logging_mixin.py:190} INFO - Fetching news from 2023-02-27 to 2023-02-28 for RS...
[2024-12-23T05:42:23.163+0000] {logging_mixin.py:190} INFO - Inserted 250 articles into Snowflake table for RS.
[2024-12-23T05:42:28.163+0000] {logging_mixin.py:190} INFO - Fetching news from 2023-02-28 to 2023-03-01 for RS...
[2024-12-23T05:42:31.160+0000] {logging_mixin.py:190} INFO - Inserted 250 articles into Snowflake table for RS.
[2024-12-23T05:42:36.161+0000] {logging_mixin.py:190} INFO - Fetching news from 2023-03-01 to 2023-03-02 for RS...
[2024-12-23T05:42:39.428+0000] {logging_mixin.py:190} INFO - Inserted 250 articles into Snowflake table for RS.
[2024-12-23T05:42:44.429+0000] {logging_mixin.py:190} INFO - Fetching news from 2023-03-02 to 2023-03-03 for RS...
[2024-12-23T05:42:47.249+0000] {logging_mixin.py:190} INFO - Inserted 250 articles into Snowflake table for RS.
[2024-12-23T05:42:52.250+0000] {logging_mixin.py:190} INFO - Fetching news from 2023-03-03 to 2023-03-04 for RS...
[2024-12-23T05:42:56.565+0000] {logging_mixin.py:190} INFO - Inserted 250 articles into Snowflake table for RS.
[2024-12-23T05:43:01.566+0000] {logging_mixin.py:190} INFO - Fetching news from 2023-03-04 to 2023-03-05 for RS...
[2024-12-23T05:43:05.572+0000] {logging_mixin.py:190} INFO - Inserted 250 articles into Snowflake table for RS.
[2024-12-23T05:43:10.573+0000] {logging_mixin.py:190} INFO - Fetching news from 2023-03-05 to 2023-03-06 for RS...
[2024-12-23T05:43:13.372+0000] {logging_mixin.py:190} INFO - Inserted 250 articles into Snowflake table for RS.
[2024-12-23T05:43:18.374+0000] {logging_mixin.py:190} INFO - Fetching news from 2023-03-06 to 2023-03-07 for RS...
[2024-12-23T05:43:21.174+0000] {logging_mixin.py:190} INFO - Inserted 250 articles into Snowflake table for RS.
[2024-12-23T05:43:26.173+0000] {logging_mixin.py:190} INFO - Fetching news from 2023-03-07 to 2023-03-08 for RS...
[2024-12-23T05:43:29.806+0000] {logging_mixin.py:190} INFO - Inserted 250 articles into Snowflake table for RS.
[2024-12-23T05:43:34.807+0000] {logging_mixin.py:190} INFO - Fetching news from 2023-03-08 to 2023-03-09 for RS...
[2024-12-23T05:43:37.852+0000] {logging_mixin.py:190} INFO - Inserted 250 articles into Snowflake table for RS.
[2024-12-23T05:43:42.853+0000] {logging_mixin.py:190} INFO - Fetching news from 2023-03-09 to 2023-03-10 for RS...
[2024-12-23T05:43:46.237+0000] {logging_mixin.py:190} INFO - Inserted 250 articles into Snowflake table for RS.
[2024-12-23T05:43:51.239+0000] {logging_mixin.py:190} INFO - Fetching news from 2023-03-10 to 2023-03-11 for RS...
[2024-12-23T05:43:53.852+0000] {logging_mixin.py:190} INFO - Inserted 250 articles into Snowflake table for RS.
[2024-12-23T05:43:58.852+0000] {logging_mixin.py:190} INFO - Fetching news from 2023-03-11 to 2023-03-12 for RS...
[2024-12-23T05:44:01.884+0000] {logging_mixin.py:190} INFO - Inserted 250 articles into Snowflake table for RS.
[2024-12-23T05:44:06.886+0000] {logging_mixin.py:190} INFO - Fetching news from 2023-03-12 to 2023-03-13 for RS...
[2024-12-23T05:44:10.593+0000] {logging_mixin.py:190} INFO - Inserted 250 articles into Snowflake table for RS.
[2024-12-23T05:44:15.594+0000] {logging_mixin.py:190} INFO - Fetching news from 2023-03-13 to 2023-03-14 for RS...
[2024-12-23T05:44:22.422+0000] {logging_mixin.py:190} INFO - Inserted 250 articles into Snowflake table for RS.
[2024-12-23T05:44:27.421+0000] {logging_mixin.py:190} INFO - Fetching news from 2023-03-14 to 2023-03-15 for RS...
[2024-12-23T05:44:33.490+0000] {logging_mixin.py:190} INFO - Inserted 250 articles into Snowflake table for RS.
[2024-12-23T05:44:38.492+0000] {logging_mixin.py:190} INFO - Fetching news from 2023-03-15 to 2023-03-16 for RS...
[2024-12-23T05:44:42.903+0000] {logging_mixin.py:190} INFO - Inserted 250 articles into Snowflake table for RS.
[2024-12-23T05:44:47.904+0000] {logging_mixin.py:190} INFO - Fetching news from 2023-03-16 to 2023-03-17 for RS...
[2024-12-23T05:44:50.917+0000] {logging_mixin.py:190} INFO - Inserted 250 articles into Snowflake table for RS.
[2024-12-23T05:44:55.917+0000] {logging_mixin.py:190} INFO - Fetching news from 2023-03-17 to 2023-03-18 for RS...
[2024-12-23T05:44:59.649+0000] {logging_mixin.py:190} INFO - Inserted 250 articles into Snowflake table for RS.
[2024-12-23T05:45:04.651+0000] {logging_mixin.py:190} INFO - Fetching news from 2023-03-18 to 2023-03-19 for RS...
[2024-12-23T05:45:09.211+0000] {logging_mixin.py:190} INFO - Inserted 250 articles into Snowflake table for RS.
[2024-12-23T05:45:14.212+0000] {logging_mixin.py:190} INFO - Fetching news from 2023-03-19 to 2023-03-20 for RS...
[2024-12-23T05:45:17.277+0000] {logging_mixin.py:190} INFO - Inserted 250 articles into Snowflake table for RS.
[2024-12-23T05:45:22.279+0000] {logging_mixin.py:190} INFO - Fetching news from 2023-03-20 to 2023-03-21 for RS...
[2024-12-23T05:45:25.273+0000] {logging_mixin.py:190} INFO - Inserted 250 articles into Snowflake table for RS.
[2024-12-23T05:45:30.274+0000] {logging_mixin.py:190} INFO - Fetching news from 2023-03-21 to 2023-03-22 for RS...
[2024-12-23T05:45:33.249+0000] {logging_mixin.py:190} INFO - Inserted 250 articles into Snowflake table for RS.
[2024-12-23T05:45:38.250+0000] {logging_mixin.py:190} INFO - Fetching news from 2023-03-22 to 2023-03-23 for RS...
[2024-12-23T05:45:41.243+0000] {logging_mixin.py:190} INFO - Inserted 250 articles into Snowflake table for RS.
[2024-12-23T05:45:46.245+0000] {logging_mixin.py:190} INFO - Fetching news from 2023-03-23 to 2023-03-24 for RS...
[2024-12-23T05:45:48.452+0000] {logging_mixin.py:190} INFO - No valid articles found for date: 2023-03-23 and country: RS.
[2024-12-23T05:45:53.453+0000] {logging_mixin.py:190} INFO - Fetching news from 2023-03-24 to 2023-03-25 for RS...
[2024-12-23T05:45:57.224+0000] {logging_mixin.py:190} INFO - Inserted 250 articles into Snowflake table for RS.
[2024-12-23T05:46:02.225+0000] {logging_mixin.py:190} INFO - Fetching news from 2023-03-25 to 2023-03-26 for RS...
[2024-12-23T05:46:07.532+0000] {logging_mixin.py:190} INFO - Inserted 250 articles into Snowflake table for RS.
[2024-12-23T05:46:12.534+0000] {logging_mixin.py:190} INFO - Fetching news from 2023-03-26 to 2023-03-27 for RS...
[2024-12-23T05:46:15.319+0000] {logging_mixin.py:190} INFO - Inserted 250 articles into Snowflake table for RS.
[2024-12-23T05:46:20.320+0000] {logging_mixin.py:190} INFO - Fetching news from 2023-03-27 to 2023-03-28 for RS...
[2024-12-23T05:46:24.090+0000] {logging_mixin.py:190} INFO - Inserted 250 articles into Snowflake table for RS.
[2024-12-23T05:46:29.090+0000] {logging_mixin.py:190} INFO - Fetching news from 2023-03-28 to 2023-03-29 for RS...
[2024-12-23T05:46:32.320+0000] {logging_mixin.py:190} INFO - Inserted 250 articles into Snowflake table for RS.
[2024-12-23T05:46:37.321+0000] {logging_mixin.py:190} INFO - Fetching news from 2023-03-29 to 2023-03-30 for RS...
[2024-12-23T05:46:41.217+0000] {logging_mixin.py:190} INFO - Inserted 250 articles into Snowflake table for RS.
[2024-12-23T05:51:46.198+0000] {logging_mixin.py:190} INFO - Fetching news from 2023-03-30 to 2023-03-31 for RS...
[2024-12-23T05:51:49.715+0000] {logging_mixin.py:190} INFO - Inserted 250 articles into Snowflake table for RS.
[2024-12-23T05:51:54.717+0000] {logging_mixin.py:190} INFO - Fetching news from 2023-03-31 to 2023-04-01 for RS...
[2024-12-23T05:51:57.599+0000] {logging_mixin.py:190} INFO - Inserted 250 articles into Snowflake table for RS.
[2024-12-23T05:52:02.601+0000] {logging_mixin.py:190} INFO - Fetching news from 2023-04-01 to 2023-04-02 for RS...
[2024-12-23T05:52:05.791+0000] {logging_mixin.py:190} INFO - Inserted 250 articles into Snowflake table for RS.
[2024-12-23T05:52:10.792+0000] {logging_mixin.py:190} INFO - Fetching news from 2023-04-02 to 2023-04-03 for RS...
[2024-12-23T05:52:13.741+0000] {logging_mixin.py:190} INFO - Inserted 250 articles into Snowflake table for RS.
[2024-12-23T05:52:18.742+0000] {logging_mixin.py:190} INFO - Fetching news from 2023-04-03 to 2023-04-04 for RS...
[2024-12-23T05:52:21.503+0000] {logging_mixin.py:190} INFO - Inserted 250 articles into Snowflake table for RS.
[2024-12-23T05:52:26.503+0000] {logging_mixin.py:190} INFO - Fetching news from 2023-04-04 to 2023-04-05 for RS...
[2024-12-23T05:52:29.639+0000] {logging_mixin.py:190} INFO - Inserted 250 articles into Snowflake table for RS.
[2024-12-23T05:52:34.641+0000] {logging_mixin.py:190} INFO - Fetching news from 2023-04-05 to 2023-04-06 for RS...
[2024-12-23T05:52:38.024+0000] {logging_mixin.py:190} INFO - Inserted 250 articles into Snowflake table for RS.
[2024-12-23T05:52:43.025+0000] {logging_mixin.py:190} INFO - Fetching news from 2023-04-06 to 2023-04-07 for RS...
[2024-12-23T05:52:45.838+0000] {logging_mixin.py:190} INFO - Inserted 250 articles into Snowflake table for RS.
[2024-12-23T05:52:50.840+0000] {logging_mixin.py:190} INFO - Fetching news from 2023-04-07 to 2023-04-08 for RS...
[2024-12-23T05:52:53.815+0000] {logging_mixin.py:190} INFO - Inserted 250 articles into Snowflake table for RS.
[2024-12-23T05:52:58.815+0000] {logging_mixin.py:190} INFO - Fetching news from 2023-04-08 to 2023-04-09 for RS...
[2024-12-23T05:53:01.658+0000] {logging_mixin.py:190} INFO - Inserted 250 articles into Snowflake table for RS.
[2024-12-23T05:53:06.659+0000] {logging_mixin.py:190} INFO - Fetching news from 2023-04-09 to 2023-04-10 for RS...
[2024-12-23T05:53:09.670+0000] {logging_mixin.py:190} INFO - Inserted 250 articles into Snowflake table for RS.
[2024-12-23T05:53:14.672+0000] {logging_mixin.py:190} INFO - Fetching news from 2023-04-10 to 2023-04-11 for RS...
[2024-12-23T05:53:17.572+0000] {logging_mixin.py:190} INFO - Inserted 250 articles into Snowflake table for RS.
[2024-12-23T05:53:22.573+0000] {logging_mixin.py:190} INFO - Fetching news from 2023-04-11 to 2023-04-12 for RS...
[2024-12-23T05:53:25.539+0000] {logging_mixin.py:190} INFO - Inserted 250 articles into Snowflake table for RS.
[2024-12-23T05:53:30.541+0000] {logging_mixin.py:190} INFO - Fetching news from 2023-04-12 to 2023-04-13 for RS...
[2024-12-23T05:53:33.231+0000] {logging_mixin.py:190} INFO - Inserted 250 articles into Snowflake table for RS.
[2024-12-23T05:53:38.232+0000] {logging_mixin.py:190} INFO - Fetching news from 2023-04-13 to 2023-04-14 for RS...
[2024-12-23T05:53:41.338+0000] {logging_mixin.py:190} INFO - Inserted 250 articles into Snowflake table for RS.
[2024-12-23T05:53:46.339+0000] {logging_mixin.py:190} INFO - Fetching news from 2023-04-14 to 2023-04-15 for RS...
[2024-12-23T05:53:49.465+0000] {logging_mixin.py:190} INFO - Inserted 250 articles into Snowflake table for RS.
[2024-12-23T05:53:54.466+0000] {logging_mixin.py:190} INFO - Fetching news from 2023-04-15 to 2023-04-16 for RS...
[2024-12-23T05:53:57.936+0000] {logging_mixin.py:190} INFO - Inserted 250 articles into Snowflake table for RS.
[2024-12-23T05:54:02.937+0000] {logging_mixin.py:190} INFO - Fetching news from 2023-04-16 to 2023-04-17 for RS...
[2024-12-23T05:54:05.768+0000] {logging_mixin.py:190} INFO - Inserted 250 articles into Snowflake table for RS.
[2024-12-23T05:54:10.770+0000] {logging_mixin.py:190} INFO - Fetching news from 2023-04-17 to 2023-04-18 for RS...
[2024-12-23T05:54:13.521+0000] {logging_mixin.py:190} INFO - Inserted 250 articles into Snowflake table for RS.
[2024-12-23T05:54:18.522+0000] {logging_mixin.py:190} INFO - Fetching news from 2023-04-18 to 2023-04-19 for RS...
[2024-12-23T05:54:21.452+0000] {logging_mixin.py:190} INFO - Inserted 250 articles into Snowflake table for RS.
[2024-12-23T05:54:26.451+0000] {logging_mixin.py:190} INFO - Fetching news from 2023-04-19 to 2023-04-20 for RS...
[2024-12-23T05:54:29.111+0000] {logging_mixin.py:190} INFO - Inserted 250 articles into Snowflake table for RS.
[2024-12-23T05:54:34.112+0000] {logging_mixin.py:190} INFO - Fetching news from 2023-04-20 to 2023-04-21 for RS...
[2024-12-23T05:54:36.886+0000] {logging_mixin.py:190} INFO - Inserted 250 articles into Snowflake table for RS.
[2024-12-23T05:54:41.888+0000] {logging_mixin.py:190} INFO - Fetching news from 2023-04-21 to 2023-04-22 for RS...
[2024-12-23T05:54:44.596+0000] {logging_mixin.py:190} INFO - Inserted 250 articles into Snowflake table for RS.
[2024-12-23T05:54:49.597+0000] {logging_mixin.py:190} INFO - Fetching news from 2023-04-22 to 2023-04-23 for RS...
[2024-12-23T05:54:52.608+0000] {logging_mixin.py:190} INFO - Inserted 250 articles into Snowflake table for RS.
[2024-12-23T05:54:57.608+0000] {logging_mixin.py:190} INFO - Fetching news from 2023-04-23 to 2023-04-24 for RS...
[2024-12-23T05:55:00.373+0000] {logging_mixin.py:190} INFO - Inserted 250 articles into Snowflake table for RS.
[2024-12-23T05:55:05.374+0000] {logging_mixin.py:190} INFO - Fetching news from 2023-04-24 to 2023-04-25 for RS...
[2024-12-23T05:55:08.690+0000] {logging_mixin.py:190} INFO - Inserted 250 articles into Snowflake table for RS.
[2024-12-23T05:55:13.691+0000] {logging_mixin.py:190} INFO - Fetching news from 2023-04-25 to 2023-04-26 for RS...
[2024-12-23T05:55:16.642+0000] {logging_mixin.py:190} INFO - Inserted 250 articles into Snowflake table for RS.
[2024-12-23T05:55:21.644+0000] {logging_mixin.py:190} INFO - Fetching news from 2023-04-26 to 2023-04-27 for RS...
[2024-12-23T05:55:24.937+0000] {logging_mixin.py:190} INFO - Inserted 250 articles into Snowflake table for RS.
[2024-12-23T05:55:29.936+0000] {logging_mixin.py:190} INFO - Fetching news from 2023-04-27 to 2023-04-28 for RS...
[2024-12-23T05:55:37.551+0000] {logging_mixin.py:190} INFO - Inserted 250 articles into Snowflake table for RS.
[2024-12-23T05:55:42.553+0000] {logging_mixin.py:190} INFO - Fetching news from 2023-04-28 to 2023-04-29 for RS...
[2024-12-23T05:55:45.536+0000] {logging_mixin.py:190} INFO - Inserted 250 articles into Snowflake table for RS.
[2024-12-23T05:55:50.539+0000] {logging_mixin.py:190} INFO - Fetching news from 2023-04-29 to 2023-04-30 for RS...
[2024-12-23T05:55:53.719+0000] {logging_mixin.py:190} INFO - Inserted 250 articles into Snowflake table for RS.
[2024-12-23T05:57:47.321+0000] {local_task_job_runner.py:346} WARNING - State of this instance has been externally set to restarting. Terminating instance.
[2024-12-23T05:57:47.324+0000] {local_task_job_runner.py:245} INFO - ::endgroup::
[2024-12-23T05:57:47.327+0000] {process_utils.py:132} INFO - Sending 15 to group 50136. PIDs of all processes in the group: [50136]
[2024-12-23T05:57:47.327+0000] {process_utils.py:87} INFO - Sending the signal 15 to group 50136
[2024-12-23T05:57:47.328+0000] {taskinstance.py:3093} ERROR - Received SIGTERM. Terminating subprocesses.
[2024-12-23T05:57:47.329+0000] {connection.py:789} INFO - closed
[2024-12-23T05:57:47.371+0000] {connection.py:795} INFO - No async queries seem to be running, deleting session
[2024-12-23T05:57:47.420+0000] {taskinstance.py:3311} ERROR - Task failed with exception
Traceback (most recent call last):
  File "/home/airflow/.local/lib/python3.12/site-packages/airflow/models/taskinstance.py", line 767, in _execute_task
    result = _execute_callable(context=context, **execute_callable_kwargs)
             ^^^^^^^^^^^^^^^^^^^^^^^^^^^^^^^^^^^^^^^^^^^^^^^^^^^^^^^^^^^^^
  File "/home/airflow/.local/lib/python3.12/site-packages/airflow/models/taskinstance.py", line 733, in _execute_callable
    return ExecutionCallableRunner(
           ^^^^^^^^^^^^^^^^^^^^^^^^
  File "/home/airflow/.local/lib/python3.12/site-packages/airflow/utils/operator_helpers.py", line 252, in run
    return self.func(*args, **kwargs)
           ^^^^^^^^^^^^^^^^^^^^^^^^^^
  File "/home/airflow/.local/lib/python3.12/site-packages/airflow/models/baseoperator.py", line 422, in wrapper
    return func(self, *args, **kwargs)
           ^^^^^^^^^^^^^^^^^^^^^^^^^^^
  File "/home/airflow/.local/lib/python3.12/site-packages/airflow/operators/python.py", line 238, in execute
    return_value = self.execute_callable()
                   ^^^^^^^^^^^^^^^^^^^^^^^
  File "/home/airflow/.local/lib/python3.12/site-packages/airflow/operators/python.py", line 256, in execute_callable
    return runner.run(*self.op_args, **self.op_kwargs)
           ^^^^^^^^^^^^^^^^^^^^^^^^^^^^^^^^^^^^^^^^^^^
  File "/home/airflow/.local/lib/python3.12/site-packages/airflow/utils/operator_helpers.py", line 252, in run
    return self.func(*args, **kwargs)
           ^^^^^^^^^^^^^^^^^^^^^^^^^^
  File "/opt/airflow/dags/snowflake_connector_dag.py", line 95, in fetch_and_insert_news_for_countries
    time.sleep(300)
  File "/home/airflow/.local/lib/python3.12/site-packages/airflow/models/taskinstance.py", line 3095, in signal_handler
    raise AirflowTaskTerminated("Task received SIGTERM signal")
airflow.exceptions.AirflowTaskTerminated: Task received SIGTERM signal
[2024-12-23T05:57:47.433+0000] {taskinstance.py:1225} INFO - Marking task as UP_FOR_RETRY. dag_id=fetch_and_insert_news, task_id=fetch_and_insert_news_all_countries, run_id=manual__2024-12-23T05:38:15.253727+00:00, execution_date=20241223T053815, start_date=20241223T053817, end_date=20241223T055747
[2024-12-23T05:57:47.457+0000] {taskinstance.py:340} INFO - ::group::Post task execution logs
[2024-12-23T05:57:47.501+0000] {process_utils.py:80} INFO - Process psutil.Process(pid=50136, status='terminated', exitcode=2, started='05:38:16') (50136) terminated with exit code 2
