[2024-12-18T11:47:18.928+0000] {local_task_job_runner.py:123} INFO - ::group::Pre task execution logs
[2024-12-18T11:47:18.954+0000] {taskinstance.py:2613} INFO - Dependencies all met for dep_context=non-requeueable deps ti=<TaskInstance: snowflake_connection_check.check_snowflake_connection manual__2024-12-18T06:48:23.694189+00:00 [queued]>
[2024-12-18T11:47:18.968+0000] {taskinstance.py:2613} INFO - Dependencies all met for dep_context=requeueable deps ti=<TaskInstance: snowflake_connection_check.check_snowflake_connection manual__2024-12-18T06:48:23.694189+00:00 [queued]>
[2024-12-18T11:47:18.970+0000] {taskinstance.py:2866} INFO - Starting attempt 2 of 3
[2024-12-18T11:47:18.990+0000] {taskinstance.py:2889} INFO - Executing <Task(SnowflakeOperator): check_snowflake_connection> on 2024-12-18 06:48:23.694189+00:00
[2024-12-18T11:47:19.000+0000] {warnings.py:112} WARNING - /home/***/.local/lib/python3.12/site-packages/***/task/task_runner/standard_task_runner.py:70: DeprecationWarning: This process (pid=1646) is multi-threaded, use of fork() may lead to deadlocks in the child.
  pid = os.fork()

[2024-12-18T11:47:19.002+0000] {standard_task_runner.py:72} INFO - Started process 1648 to run task
[2024-12-18T11:47:19.002+0000] {standard_task_runner.py:104} INFO - Running: ['***', 'tasks', 'run', 'snowflake_connection_check', 'check_snowflake_connection', 'manual__2024-12-18T06:48:23.694189+00:00', '--job-id', '2566', '--raw', '--subdir', 'DAGS_FOLDER/snowflake_connector_dag.py', '--cfg-path', '/tmp/tmp6yd4wca9']
[2024-12-18T11:47:19.005+0000] {standard_task_runner.py:105} INFO - Job 2566: Subtask check_snowflake_connection
[2024-12-18T11:47:19.081+0000] {task_command.py:467} INFO - Running <TaskInstance: snowflake_connection_check.check_snowflake_connection manual__2024-12-18T06:48:23.694189+00:00 [running]> on host 8348eb091483
[2024-12-18T11:47:19.216+0000] {taskinstance.py:3132} INFO - Exporting env vars: AIRFLOW_CTX_DAG_OWNER='***' AIRFLOW_CTX_DAG_ID='snowflake_connection_check' AIRFLOW_CTX_TASK_ID='check_snowflake_connection' AIRFLOW_CTX_EXECUTION_DATE='2024-12-18T06:48:23.694189+00:00' AIRFLOW_CTX_TRY_NUMBER='2' AIRFLOW_CTX_DAG_RUN_ID='manual__2024-12-18T06:48:23.694189+00:00'
[2024-12-18T11:47:19.218+0000] {taskinstance.py:731} INFO - ::endgroup::
[2024-12-18T11:47:19.235+0000] {sql.py:278} INFO - Executing: 
USE WAREHOUSE COMPUTE_WH;  -- Specify the warehouse you want to use
INSERT INTO NEWS_DATA1 
(URL, URL_MOBILE, TITLE, SEENDATE, SOCIALIMAGE, DOMAIN, LANGUAGE, SOURCECOUNTRY)
VALUES ('http://dummy.url', 'http://dummy.url/mobile', 'Dummy Title', '2024-12-17', 'http://dummyimage.url', 'dummy.com', 'EN', 'IN')
[2024-12-18T11:47:19.256+0000] {base.py:84} INFO - Retrieving connection 'snowflake_con'
[2024-12-18T11:47:19.270+0000] {base.py:84} INFO - Retrieving connection 'snowflake_con'
[2024-12-18T11:47:19.273+0000] {connection.py:414} INFO - Snowflake Connector for Python Version: 3.12.4, Python Version: 3.12.8, Platform: Linux-5.15.167.4-microsoft-standard-WSL2-x86_64-with-glibc2.36
[2024-12-18T11:47:19.277+0000] {connection.py:1197} INFO - Connecting to GLOBAL Snowflake domain
[2024-12-18T11:47:19.278+0000] {connection.py:1278} INFO - This connection is in OCSP Fail Open Mode. TLS Certificates would be checked for validity and revocation status. Any other Certificate Revocation related exceptions or OCSP Responder failures would be disregarded in favor of connectivity.
[2024-12-18T11:47:19.843+0000] {cursor.py:1166} INFO - Number of results in first chunk: 1
[2024-12-18T11:47:19.845+0000] {sql.py:553} INFO - Running statement: USE WAREHOUSE COMPUTE_WH;  -- Specify the warehouse you want to use, parameters: None
[2024-12-18T11:47:19.918+0000] {connection.py:789} INFO - closed
[2024-12-18T11:47:19.952+0000] {connection.py:795} INFO - No async queries seem to be running, deleting session
[2024-12-18T11:47:19.992+0000] {taskinstance.py:3311} ERROR - Task failed with exception
Traceback (most recent call last):
  File "/home/airflow/.local/lib/python3.12/site-packages/airflow/models/taskinstance.py", line 767, in _execute_task
    result = _execute_callable(context=context, **execute_callable_kwargs)
             ^^^^^^^^^^^^^^^^^^^^^^^^^^^^^^^^^^^^^^^^^^^^^^^^^^^^^^^^^^^^^
  File "/home/airflow/.local/lib/python3.12/site-packages/airflow/models/taskinstance.py", line 733, in _execute_callable
    return ExecutionCallableRunner(
           ^^^^^^^^^^^^^^^^^^^^^^^^
  File "/home/airflow/.local/lib/python3.12/site-packages/airflow/utils/operator_helpers.py", line 252, in run
    return self.func(*args, **kwargs)
           ^^^^^^^^^^^^^^^^^^^^^^^^^^
  File "/home/airflow/.local/lib/python3.12/site-packages/airflow/models/baseoperator.py", line 422, in wrapper
    return func(self, *args, **kwargs)
           ^^^^^^^^^^^^^^^^^^^^^^^^^^^
  File "/home/airflow/.local/lib/python3.12/site-packages/airflow/providers/common/sql/operators/sql.py", line 284, in execute
    output = hook.run(
             ^^^^^^^^^
  File "/home/airflow/.local/lib/python3.12/site-packages/airflow/providers/snowflake/hooks/snowflake.py", line 435, in run
    self._run_command(cur, sql_statement, parameters)  # type: ignore[attr-defined]
    ^^^^^^^^^^^^^^^^^^^^^^^^^^^^^^^^^^^^^^^^^^^^^^^^^
  File "/home/airflow/.local/lib/python3.12/site-packages/airflow/providers/common/sql/hooks/sql.py", line 558, in _run_command
    cur.execute(sql_statement)
  File "/home/airflow/.local/lib/python3.12/site-packages/snowflake/connector/cursor.py", line 1097, in execute
    Error.errorhandler_wrapper(self.connection, self, error_class, errvalue)
  File "/home/airflow/.local/lib/python3.12/site-packages/snowflake/connector/errors.py", line 284, in errorhandler_wrapper
    handed_over = Error.hand_to_other_handler(
                  ^^^^^^^^^^^^^^^^^^^^^^^^^^^^
  File "/home/airflow/.local/lib/python3.12/site-packages/snowflake/connector/errors.py", line 339, in hand_to_other_handler
    cursor.errorhandler(connection, cursor, error_class, error_value)
  File "/home/airflow/.local/lib/python3.12/site-packages/snowflake/connector/errors.py", line 215, in default_errorhandler
    raise error_class(
snowflake.connector.errors.ProgrammingError: 002043 (02000): 01b91ca2-0000-d1e7-0008-6fb60004dd8a: SQL compilation error:
Object does not exist, or operation cannot be performed.
[2024-12-18T11:47:20.011+0000] {taskinstance.py:1225} INFO - Marking task as UP_FOR_RETRY. dag_id=snowflake_connection_check, task_id=check_snowflake_connection, run_id=manual__2024-12-18T06:48:23.694189+00:00, execution_date=20241218T064823, start_date=20241218T114718, end_date=20241218T114720
[2024-12-18T11:47:20.044+0000] {taskinstance.py:340} INFO - ::group::Post task execution logs
[2024-12-18T11:47:20.045+0000] {standard_task_runner.py:124} ERROR - Failed to execute job 2566 for task check_snowflake_connection (002043 (02000): 01b91ca2-0000-d1e7-0008-6fb60004dd8a: SQL compilation error:
Object does not exist, or operation cannot be performed.; 1648)
Traceback (most recent call last):
  File "/home/airflow/.local/lib/python3.12/site-packages/airflow/task/task_runner/standard_task_runner.py", line 117, in _start_by_fork
    ret = args.func(args, dag=self.dag)
          ^^^^^^^^^^^^^^^^^^^^^^^^^^^^^
  File "/home/airflow/.local/lib/python3.12/site-packages/airflow/cli/cli_config.py", line 49, in command
    return func(*args, **kwargs)
           ^^^^^^^^^^^^^^^^^^^^^
  File "/home/airflow/.local/lib/python3.12/site-packages/airflow/utils/cli.py", line 116, in wrapper
    return f(*args, **kwargs)
           ^^^^^^^^^^^^^^^^^^
  File "/home/airflow/.local/lib/python3.12/site-packages/airflow/cli/commands/task_command.py", line 483, in task_run
    task_return_code = _run_task_by_selected_method(args, _dag, ti)
                       ^^^^^^^^^^^^^^^^^^^^^^^^^^^^^^^^^^^^^^^^^^^^
  File "/home/airflow/.local/lib/python3.12/site-packages/airflow/cli/commands/task_command.py", line 256, in _run_task_by_selected_method
    return _run_raw_task(args, ti)
           ^^^^^^^^^^^^^^^^^^^^^^^
  File "/home/airflow/.local/lib/python3.12/site-packages/airflow/cli/commands/task_command.py", line 341, in _run_raw_task
    return ti._run_raw_task(
           ^^^^^^^^^^^^^^^^^
  File "/home/airflow/.local/lib/python3.12/site-packages/airflow/utils/session.py", line 97, in wrapper
    return func(*args, session=session, **kwargs)
           ^^^^^^^^^^^^^^^^^^^^^^^^^^^^^^^^^^^^^^
  File "/home/airflow/.local/lib/python3.12/site-packages/airflow/models/taskinstance.py", line 3005, in _run_raw_task
    return _run_raw_task(
           ^^^^^^^^^^^^^^
  File "/home/airflow/.local/lib/python3.12/site-packages/airflow/models/taskinstance.py", line 273, in _run_raw_task
    TaskInstance._execute_task_with_callbacks(
  File "/home/airflow/.local/lib/python3.12/site-packages/airflow/models/taskinstance.py", line 3159, in _execute_task_with_callbacks
    result = self._execute_task(context, task_orig)
             ^^^^^^^^^^^^^^^^^^^^^^^^^^^^^^^^^^^^^^
  File "/home/airflow/.local/lib/python3.12/site-packages/airflow/models/taskinstance.py", line 3183, in _execute_task
    return _execute_task(self, context, task_orig)
           ^^^^^^^^^^^^^^^^^^^^^^^^^^^^^^^^^^^^^^^
  File "/home/airflow/.local/lib/python3.12/site-packages/airflow/models/taskinstance.py", line 767, in _execute_task
    result = _execute_callable(context=context, **execute_callable_kwargs)
             ^^^^^^^^^^^^^^^^^^^^^^^^^^^^^^^^^^^^^^^^^^^^^^^^^^^^^^^^^^^^^
  File "/home/airflow/.local/lib/python3.12/site-packages/airflow/models/taskinstance.py", line 733, in _execute_callable
    return ExecutionCallableRunner(
           ^^^^^^^^^^^^^^^^^^^^^^^^
  File "/home/airflow/.local/lib/python3.12/site-packages/airflow/utils/operator_helpers.py", line 252, in run
    return self.func(*args, **kwargs)
           ^^^^^^^^^^^^^^^^^^^^^^^^^^
  File "/home/airflow/.local/lib/python3.12/site-packages/airflow/models/baseoperator.py", line 422, in wrapper
    return func(self, *args, **kwargs)
           ^^^^^^^^^^^^^^^^^^^^^^^^^^^
  File "/home/airflow/.local/lib/python3.12/site-packages/airflow/providers/common/sql/operators/sql.py", line 284, in execute
    output = hook.run(
             ^^^^^^^^^
  File "/home/airflow/.local/lib/python3.12/site-packages/airflow/providers/snowflake/hooks/snowflake.py", line 435, in run
    self._run_command(cur, sql_statement, parameters)  # type: ignore[attr-defined]
    ^^^^^^^^^^^^^^^^^^^^^^^^^^^^^^^^^^^^^^^^^^^^^^^^^
  File "/home/airflow/.local/lib/python3.12/site-packages/airflow/providers/common/sql/hooks/sql.py", line 558, in _run_command
    cur.execute(sql_statement)
  File "/home/airflow/.local/lib/python3.12/site-packages/snowflake/connector/cursor.py", line 1097, in execute
    Error.errorhandler_wrapper(self.connection, self, error_class, errvalue)
  File "/home/airflow/.local/lib/python3.12/site-packages/snowflake/connector/errors.py", line 284, in errorhandler_wrapper
    handed_over = Error.hand_to_other_handler(
                  ^^^^^^^^^^^^^^^^^^^^^^^^^^^^
  File "/home/airflow/.local/lib/python3.12/site-packages/snowflake/connector/errors.py", line 339, in hand_to_other_handler
    cursor.errorhandler(connection, cursor, error_class, error_value)
  File "/home/airflow/.local/lib/python3.12/site-packages/snowflake/connector/errors.py", line 215, in default_errorhandler
    raise error_class(
snowflake.connector.errors.ProgrammingError: 002043 (02000): 01b91ca2-0000-d1e7-0008-6fb60004dd8a: SQL compilation error:
Object does not exist, or operation cannot be performed.
[2024-12-18T11:47:20.106+0000] {local_task_job_runner.py:266} INFO - Task exited with return code 1
[2024-12-18T11:47:20.138+0000] {taskinstance.py:3895} INFO - 0 downstream tasks scheduled from follow-on schedule check
[2024-12-18T11:47:20.143+0000] {local_task_job_runner.py:245} INFO - ::endgroup::
