[2024-12-17T10:18:31.766+0000] {local_task_job_runner.py:123} INFO - ::group::Pre task execution logs
[2024-12-17T10:18:31.867+0000] {taskinstance.py:2613} INFO - Dependencies all met for dep_context=non-requeueable deps ti=<TaskInstance: my_first_dag_v3.first_task scheduled__2024-12-16T00:28:00+00:00 [queued]>
[2024-12-17T10:18:31.916+0000] {taskinstance.py:2613} INFO - Dependencies all met for dep_context=requeueable deps ti=<TaskInstance: my_first_dag_v3.first_task scheduled__2024-12-16T00:28:00+00:00 [queued]>
[2024-12-17T10:18:31.918+0000] {taskinstance.py:2866} INFO - Starting attempt 1 of 6
[2024-12-17T10:18:32.204+0000] {taskinstance.py:2889} INFO - Executing <Task(BashOperator): first_task> on 2024-12-16 00:28:00+00:00
[2024-12-17T10:18:32.217+0000] {warnings.py:112} WARNING - /home/***/.local/lib/python3.12/site-packages/***/task/task_runner/standard_task_runner.py:70: DeprecationWarning: This process (pid=1535) is multi-threaded, use of fork() may lead to deadlocks in the child.
  pid = os.fork()

[2024-12-17T10:18:32.232+0000] {standard_task_runner.py:72} INFO - Started process 1570 to run task
[2024-12-17T10:18:32.228+0000] {standard_task_runner.py:104} INFO - Running: ['***', 'tasks', 'run', 'my_first_dag_v3', 'first_task', 'scheduled__2024-12-16T00:28:00+00:00', '--job-id', '102', '--raw', '--subdir', 'DAGS_FOLDER/my_first_dag.py', '--cfg-path', '/tmp/tmpc8s24xoz']
[2024-12-17T10:18:32.247+0000] {standard_task_runner.py:105} INFO - Job 102: Subtask first_task
[2024-12-17T10:18:32.430+0000] {task_command.py:467} INFO - Running <TaskInstance: my_first_dag_v3.first_task scheduled__2024-12-16T00:28:00+00:00 [running]> on host 8348eb091483
[2024-12-17T10:18:33.082+0000] {taskinstance.py:3132} INFO - Exporting env vars: AIRFLOW_CTX_DAG_OWNER='srush' AIRFLOW_CTX_DAG_ID='my_first_dag_v3' AIRFLOW_CTX_TASK_ID='first_task' AIRFLOW_CTX_EXECUTION_DATE='2024-12-16T00:28:00+00:00' AIRFLOW_CTX_TRY_NUMBER='1' AIRFLOW_CTX_DAG_RUN_ID='scheduled__2024-12-16T00:28:00+00:00'
[2024-12-17T10:18:33.084+0000] {taskinstance.py:731} INFO - ::endgroup::
[2024-12-17T10:18:33.186+0000] {subprocess.py:78} INFO - Tmp dir root location: /tmp
[2024-12-17T10:18:33.197+0000] {subprocess.py:88} INFO - Running command: ['/usr/bin/bash', '-c', 'echo hello world']
[2024-12-17T10:18:33.284+0000] {subprocess.py:99} INFO - Output:
[2024-12-17T10:18:33.303+0000] {subprocess.py:106} INFO - hello world
[2024-12-17T10:18:33.307+0000] {subprocess.py:110} INFO - Command exited with return code 0
[2024-12-17T10:18:33.478+0000] {taskinstance.py:340} INFO - ::group::Post task execution logs
[2024-12-17T10:18:33.499+0000] {taskinstance.py:352} INFO - Marking task as SUCCESS. dag_id=my_first_dag_v3, task_id=first_task, run_id=scheduled__2024-12-16T00:28:00+00:00, execution_date=20241216T002800, start_date=20241217T101831, end_date=20241217T101833
[2024-12-17T10:18:33.813+0000] {local_task_job_runner.py:266} INFO - Task exited with return code 0
[2024-12-17T10:18:33.944+0000] {taskinstance.py:3895} INFO - 2 downstream tasks scheduled from follow-on schedule check
[2024-12-17T10:18:33.977+0000] {local_task_job_runner.py:245} INFO - ::endgroup::
