[2024-12-20T04:29:11.474+0000] {local_task_job_runner.py:123} INFO - ::group::Pre task execution logs
[2024-12-20T04:29:11.497+0000] {taskinstance.py:2613} INFO - Dependencies all met for dep_context=non-requeueable deps ti=<TaskInstance: fetch_and_insert_all_countries_news_1.fetch_and_insert_news_all_countries manual__2024-12-20T04:29:08.635432+00:00 [queued]>
[2024-12-20T04:29:11.509+0000] {taskinstance.py:2613} INFO - Dependencies all met for dep_context=requeueable deps ti=<TaskInstance: fetch_and_insert_all_countries_news_1.fetch_and_insert_news_all_countries manual__2024-12-20T04:29:08.635432+00:00 [queued]>
[2024-12-20T04:29:11.510+0000] {taskinstance.py:2866} INFO - Starting attempt 1 of 2
[2024-12-20T04:29:11.531+0000] {taskinstance.py:2889} INFO - Executing <Task(PythonOperator): fetch_and_insert_news_all_countries> on 2024-12-20 04:29:08.635432+00:00
[2024-12-20T04:29:11.548+0000] {warnings.py:112} WARNING - /home/***/.local/lib/python3.12/site-packages/***/task/task_runner/standard_task_runner.py:70: DeprecationWarning: This process (pid=13262) is multi-threaded, use of fork() may lead to deadlocks in the child.
  pid = os.fork()

[2024-12-20T04:29:11.551+0000] {standard_task_runner.py:72} INFO - Started process 13264 to run task
[2024-12-20T04:29:11.551+0000] {standard_task_runner.py:104} INFO - Running: ['***', 'tasks', 'run', 'fetch_and_insert_all_countries_news_1', 'fetch_and_insert_news_all_countries', 'manual__2024-12-20T04:29:08.635432+00:00', '--job-id', '2617', '--raw', '--subdir', 'DAGS_FOLDER/snowflake_connector_dag.py', '--cfg-path', '/tmp/tmpnmp05nul']
[2024-12-20T04:29:11.557+0000] {standard_task_runner.py:105} INFO - Job 2617: Subtask fetch_and_insert_news_all_countries
[2024-12-20T04:29:11.634+0000] {task_command.py:467} INFO - Running <TaskInstance: fetch_and_insert_all_countries_news_1.fetch_and_insert_news_all_countries manual__2024-12-20T04:29:08.635432+00:00 [running]> on host 7b4c45f22bd5
[2024-12-20T04:29:11.780+0000] {taskinstance.py:3132} INFO - Exporting env vars: AIRFLOW_CTX_DAG_OWNER='srush' AIRFLOW_CTX_DAG_ID='fetch_and_insert_all_countries_news_1' AIRFLOW_CTX_TASK_ID='fetch_and_insert_news_all_countries' AIRFLOW_CTX_EXECUTION_DATE='2024-12-20T04:29:08.635432+00:00' AIRFLOW_CTX_TRY_NUMBER='1' AIRFLOW_CTX_DAG_RUN_ID='manual__2024-12-20T04:29:08.635432+00:00'
[2024-12-20T04:29:11.783+0000] {taskinstance.py:731} INFO - ::endgroup::
[2024-12-20T04:29:11.825+0000] {base.py:84} INFO - Retrieving connection 'snowflake_con'
[2024-12-20T04:29:11.827+0000] {connection.py:414} INFO - Snowflake Connector for Python Version: 3.12.4, Python Version: 3.12.8, Platform: Linux-5.15.167.4-microsoft-standard-WSL2-x86_64-with-glibc2.36
[2024-12-20T04:29:11.829+0000] {connection.py:1197} INFO - Connecting to GLOBAL Snowflake domain
[2024-12-20T04:29:11.831+0000] {connection.py:1278} INFO - This connection is in OCSP Fail Open Mode. TLS Certificates would be checked for validity and revocation status. Any other Certificate Revocation related exceptions or OCSP Responder failures would be disregarded in favor of connectivity.
[2024-12-20T04:29:12.312+0000] {logging_mixin.py:190} INFO - Processing news for country: CH
[2024-12-20T04:29:12.314+0000] {logging_mixin.py:190} INFO - Processing news for country: JA
[2024-12-20T04:29:12.315+0000] {logging_mixin.py:190} INFO - Processing news for country: NZ
[2024-12-20T04:29:12.316+0000] {logging_mixin.py:190} INFO - Processing news for country: SZ
[2024-12-20T04:29:12.316+0000] {logging_mixin.py:190} INFO - Processing news for country: RS
[2024-12-20T04:29:12.317+0000] {connection.py:789} INFO - closed
[2024-12-20T04:29:12.435+0000] {connection.py:795} INFO - No async queries seem to be running, deleting session
[2024-12-20T04:29:12.467+0000] {python.py:240} INFO - Done. Returned value was: None
[2024-12-20T04:29:12.484+0000] {taskinstance.py:340} INFO - ::group::Post task execution logs
[2024-12-20T04:29:12.485+0000] {taskinstance.py:352} INFO - Marking task as SUCCESS. dag_id=fetch_and_insert_all_countries_news_1, task_id=fetch_and_insert_news_all_countries, run_id=manual__2024-12-20T04:29:08.635432+00:00, execution_date=20241220T042908, start_date=20241220T042911, end_date=20241220T042912
[2024-12-20T04:29:12.533+0000] {local_task_job_runner.py:266} INFO - Task exited with return code 0
[2024-12-20T04:29:12.556+0000] {taskinstance.py:3895} INFO - 0 downstream tasks scheduled from follow-on schedule check
[2024-12-20T04:29:12.561+0000] {local_task_job_runner.py:245} INFO - ::endgroup::
