[2024-12-20T10:08:53.426+0000] {local_task_job_runner.py:123} INFO - ::group::Pre task execution logs
[2024-12-20T10:08:53.461+0000] {taskinstance.py:2613} INFO - Dependencies all met for dep_context=non-requeueable deps ti=<TaskInstance: demo_fetch_news.fetch_and_insert_news_all_countries manual__2024-12-20T10:08:50.199064+00:00 [queued]>
[2024-12-20T10:08:53.478+0000] {taskinstance.py:2613} INFO - Dependencies all met for dep_context=requeueable deps ti=<TaskInstance: demo_fetch_news.fetch_and_insert_news_all_countries manual__2024-12-20T10:08:50.199064+00:00 [queued]>
[2024-12-20T10:08:53.480+0000] {taskinstance.py:2866} INFO - Starting attempt 1 of 2
[2024-12-20T10:08:53.509+0000] {taskinstance.py:2889} INFO - Executing <Task(PythonOperator): fetch_and_insert_news_all_countries> on 2024-12-20 10:08:50.199064+00:00
[2024-12-20T10:08:53.521+0000] {warnings.py:112} WARNING - /home/***/.local/lib/python3.12/site-packages/***/task/task_runner/standard_task_runner.py:70: DeprecationWarning: This process (pid=759) is multi-threaded, use of fork() may lead to deadlocks in the child.
  pid = os.fork()

[2024-12-20T10:08:53.523+0000] {standard_task_runner.py:72} INFO - Started process 763 to run task
[2024-12-20T10:08:53.524+0000] {standard_task_runner.py:104} INFO - Running: ['***', 'tasks', 'run', 'demo_fetch_news', 'fetch_and_insert_news_all_countries', 'manual__2024-12-20T10:08:50.199064+00:00', '--job-id', '6', '--raw', '--subdir', 'DAGS_FOLDER/batch_dag.py', '--cfg-path', '/tmp/tmpmnj9k6jk']
[2024-12-20T10:08:53.530+0000] {standard_task_runner.py:105} INFO - Job 6: Subtask fetch_and_insert_news_all_countries
[2024-12-20T10:08:53.616+0000] {task_command.py:467} INFO - Running <TaskInstance: demo_fetch_news.fetch_and_insert_news_all_countries manual__2024-12-20T10:08:50.199064+00:00 [running]> on host 4fe538676cbc
[2024-12-20T10:08:53.802+0000] {taskinstance.py:3132} INFO - Exporting env vars: AIRFLOW_CTX_DAG_OWNER='srush' AIRFLOW_CTX_DAG_ID='demo_fetch_news' AIRFLOW_CTX_TASK_ID='fetch_and_insert_news_all_countries' AIRFLOW_CTX_EXECUTION_DATE='2024-12-20T10:08:50.199064+00:00' AIRFLOW_CTX_TRY_NUMBER='1' AIRFLOW_CTX_DAG_RUN_ID='manual__2024-12-20T10:08:50.199064+00:00'
[2024-12-20T10:08:53.804+0000] {taskinstance.py:731} INFO - ::endgroup::
[2024-12-20T10:08:53.873+0000] {base.py:84} INFO - Retrieving connection 'snowflake_con'
[2024-12-20T10:08:53.877+0000] {connection.py:414} INFO - Snowflake Connector for Python Version: 3.12.4, Python Version: 3.12.8, Platform: Linux-5.15.167.4-microsoft-standard-WSL2-x86_64-with-glibc2.36
[2024-12-20T10:08:53.881+0000] {connection.py:1197} INFO - Connecting to GLOBAL Snowflake domain
[2024-12-20T10:08:53.883+0000] {connection.py:1278} INFO - This connection is in OCSP Fail Open Mode. TLS Certificates would be checked for validity and revocation status. Any other Certificate Revocation related exceptions or OCSP Responder failures would be disregarded in favor of connectivity.
[2024-12-20T10:08:54.537+0000] {cursor.py:1166} INFO - Number of results in first chunk: 11
[2024-12-20T10:08:54.588+0000] {cursor.py:1166} INFO - Number of results in first chunk: 5
[2024-12-20T10:08:54.589+0000] {logging_mixin.py:190} INFO - Fetched Keywords: ['currency', 'forex', 'finance', 'disease', 'war', 'election', 'pandemic', 'inflation', 'bank', 'trade', 'treaty']
[2024-12-20T10:08:54.590+0000] {logging_mixin.py:190} INFO - Fetched Countries: ['CH', 'JA', 'NZ', 'SZ', 'RS']
[2024-12-20T10:08:54.591+0000] {logging_mixin.py:190} INFO - Processing news for country: CH
[2024-12-20T10:08:59.592+0000] {logging_mixin.py:190} INFO - Fetching news from 2024-12-18 to 2024-12-19 for CH...
[2024-12-20T10:09:00.441+0000] {logging_mixin.py:190} INFO - Error fetching data for date: 2024-12-18 and country: CH. Error: The gdelt api returned a non-successful statuscode. This is the response message: Please limit requests to one every 5 seconds or contact kalev.leetaru5@gmail.com for larger queries.
[2024-12-20T10:09:05.444+0000] {logging_mixin.py:190} INFO - Fetching news from 2024-12-19 to 2024-12-20 for CH...
[2024-12-20T10:09:06.322+0000] {logging_mixin.py:190} INFO - Error fetching data for date: 2024-12-19 and country: CH. Error: The gdelt api returned a non-successful statuscode. This is the response message: Please limit requests to one every 5 seconds or contact kalev.leetaru5@gmail.com for larger queries.
[2024-12-20T10:09:06.325+0000] {logging_mixin.py:190} INFO - Processing news for country: JA
[2024-12-20T10:09:11.327+0000] {logging_mixin.py:190} INFO - Fetching news from 2024-12-18 to 2024-12-19 for JA...
[2024-12-20T10:09:12.146+0000] {logging_mixin.py:190} INFO - Error fetching data for date: 2024-12-18 and country: JA. Error: The gdelt api returned a non-successful statuscode. This is the response message: Please limit requests to one every 5 seconds or contact kalev.leetaru5@gmail.com for larger queries.
[2024-12-20T10:09:17.148+0000] {logging_mixin.py:190} INFO - Fetching news from 2024-12-19 to 2024-12-20 for JA...
[2024-12-20T10:09:17.980+0000] {logging_mixin.py:190} INFO - Error fetching data for date: 2024-12-19 and country: JA. Error: The gdelt api returned a non-successful statuscode. This is the response message: Please limit requests to one every 5 seconds or contact kalev.leetaru5@gmail.com for larger queries.
[2024-12-20T10:09:17.982+0000] {logging_mixin.py:190} INFO - Processing news for country: NZ
[2024-12-20T10:09:22.984+0000] {logging_mixin.py:190} INFO - Fetching news from 2024-12-18 to 2024-12-19 for NZ...
[2024-12-20T10:09:23.857+0000] {logging_mixin.py:190} INFO - Error fetching data for date: 2024-12-18 and country: NZ. Error: The gdelt api returned a non-successful statuscode. This is the response message: Please limit requests to one every 5 seconds or contact kalev.leetaru5@gmail.com for larger queries.
[2024-12-20T10:09:28.856+0000] {logging_mixin.py:190} INFO - Fetching news from 2024-12-19 to 2024-12-20 for NZ...
[2024-12-20T10:09:29.707+0000] {logging_mixin.py:190} INFO - Error fetching data for date: 2024-12-19 and country: NZ. Error: The gdelt api returned a non-successful statuscode. This is the response message: Please limit requests to one every 5 seconds or contact kalev.leetaru5@gmail.com for larger queries.
[2024-12-20T10:09:29.709+0000] {logging_mixin.py:190} INFO - Processing news for country: SZ
[2024-12-20T10:09:34.712+0000] {logging_mixin.py:190} INFO - Fetching news from 2024-12-18 to 2024-12-19 for SZ...
[2024-12-20T10:09:35.551+0000] {logging_mixin.py:190} INFO - Error fetching data for date: 2024-12-18 and country: SZ. Error: The gdelt api returned a non-successful statuscode. This is the response message: Please limit requests to one every 5 seconds or contact kalev.leetaru5@gmail.com for larger queries.
[2024-12-20T10:09:40.556+0000] {logging_mixin.py:190} INFO - Fetching news from 2024-12-19 to 2024-12-20 for SZ...
[2024-12-20T10:09:41.419+0000] {logging_mixin.py:190} INFO - Error fetching data for date: 2024-12-19 and country: SZ. Error: The gdelt api returned a non-successful statuscode. This is the response message: Please limit requests to one every 5 seconds or contact kalev.leetaru5@gmail.com for larger queries.
[2024-12-20T10:09:41.421+0000] {logging_mixin.py:190} INFO - Processing news for country: RS
[2024-12-20T10:09:46.423+0000] {logging_mixin.py:190} INFO - Fetching news from 2024-12-18 to 2024-12-19 for RS...
[2024-12-20T10:09:47.264+0000] {logging_mixin.py:190} INFO - Error fetching data for date: 2024-12-18 and country: RS. Error: The gdelt api returned a non-successful statuscode. This is the response message: Please limit requests to one every 5 seconds or contact kalev.leetaru5@gmail.com for larger queries.
[2024-12-20T10:09:52.266+0000] {logging_mixin.py:190} INFO - Fetching news from 2024-12-19 to 2024-12-20 for RS...
[2024-12-20T10:09:53.128+0000] {logging_mixin.py:190} INFO - Error fetching data for date: 2024-12-19 and country: RS. Error: The gdelt api returned a non-successful statuscode. This is the response message: Please limit requests to one every 5 seconds or contact kalev.leetaru5@gmail.com for larger queries.
[2024-12-20T10:09:53.130+0000] {connection.py:789} INFO - closed
[2024-12-20T10:09:53.158+0000] {connection.py:795} INFO - No async queries seem to be running, deleting session
[2024-12-20T10:09:53.195+0000] {python.py:240} INFO - Done. Returned value was: None
[2024-12-20T10:09:53.216+0000] {taskinstance.py:340} INFO - ::group::Post task execution logs
[2024-12-20T10:09:53.217+0000] {taskinstance.py:352} INFO - Marking task as SUCCESS. dag_id=demo_fetch_news, task_id=fetch_and_insert_news_all_countries, run_id=manual__2024-12-20T10:08:50.199064+00:00, execution_date=20241220T100850, start_date=20241220T100853, end_date=20241220T100953
[2024-12-20T10:09:53.302+0000] {local_task_job_runner.py:266} INFO - Task exited with return code 0
[2024-12-20T10:09:53.326+0000] {taskinstance.py:3895} INFO - 0 downstream tasks scheduled from follow-on schedule check
[2024-12-20T10:09:53.331+0000] {local_task_job_runner.py:245} INFO - ::endgroup::
