[2024-12-19T12:03:03.875+0000] {local_task_job_runner.py:123} INFO - ::group::Pre task execution logs
[2024-12-19T12:03:03.899+0000] {taskinstance.py:2613} INFO - Dependencies all met for dep_context=non-requeueable deps ti=<TaskInstance: fetch_and_insert_all_countries_news_1.fetch_and_insert_news_all_countries manual__2024-12-19T12:03:01.040872+00:00 [queued]>
[2024-12-19T12:03:03.923+0000] {taskinstance.py:2613} INFO - Dependencies all met for dep_context=requeueable deps ti=<TaskInstance: fetch_and_insert_all_countries_news_1.fetch_and_insert_news_all_countries manual__2024-12-19T12:03:01.040872+00:00 [queued]>
[2024-12-19T12:03:03.926+0000] {taskinstance.py:2866} INFO - Starting attempt 1 of 2
[2024-12-19T12:03:03.946+0000] {taskinstance.py:2889} INFO - Executing <Task(PythonOperator): fetch_and_insert_news_all_countries> on 2024-12-19 12:03:01.040872+00:00
[2024-12-19T12:03:03.956+0000] {warnings.py:112} WARNING - /home/***/.local/lib/python3.12/site-packages/***/task/task_runner/standard_task_runner.py:70: DeprecationWarning: This process (pid=875) is multi-threaded, use of fork() may lead to deadlocks in the child.
  pid = os.fork()

[2024-12-19T12:03:03.958+0000] {standard_task_runner.py:72} INFO - Started process 877 to run task
[2024-12-19T12:03:03.960+0000] {standard_task_runner.py:104} INFO - Running: ['***', 'tasks', 'run', 'fetch_and_insert_all_countries_news_1', 'fetch_and_insert_news_all_countries', 'manual__2024-12-19T12:03:01.040872+00:00', '--job-id', '2611', '--raw', '--subdir', 'DAGS_FOLDER/snowflake_connector_dag.py', '--cfg-path', '/tmp/tmpv6pyc_ll']
[2024-12-19T12:03:03.964+0000] {standard_task_runner.py:105} INFO - Job 2611: Subtask fetch_and_insert_news_all_countries
[2024-12-19T12:03:04.037+0000] {task_command.py:467} INFO - Running <TaskInstance: fetch_and_insert_all_countries_news_1.fetch_and_insert_news_all_countries manual__2024-12-19T12:03:01.040872+00:00 [running]> on host 7b4c45f22bd5
[2024-12-19T12:03:04.159+0000] {taskinstance.py:3132} INFO - Exporting env vars: AIRFLOW_CTX_DAG_OWNER='srush' AIRFLOW_CTX_DAG_ID='fetch_and_insert_all_countries_news_1' AIRFLOW_CTX_TASK_ID='fetch_and_insert_news_all_countries' AIRFLOW_CTX_EXECUTION_DATE='2024-12-19T12:03:01.040872+00:00' AIRFLOW_CTX_TRY_NUMBER='1' AIRFLOW_CTX_DAG_RUN_ID='manual__2024-12-19T12:03:01.040872+00:00'
[2024-12-19T12:03:04.160+0000] {taskinstance.py:731} INFO - ::endgroup::
[2024-12-19T12:03:04.195+0000] {base.py:84} INFO - Retrieving connection 'snowflake_con'
[2024-12-19T12:03:04.197+0000] {connection.py:414} INFO - Snowflake Connector for Python Version: 3.12.4, Python Version: 3.12.8, Platform: Linux-5.15.167.4-microsoft-standard-WSL2-x86_64-with-glibc2.36
[2024-12-19T12:03:04.198+0000] {connection.py:1197} INFO - Connecting to GLOBAL Snowflake domain
[2024-12-19T12:03:04.200+0000] {connection.py:1278} INFO - This connection is in OCSP Fail Open Mode. TLS Certificates would be checked for validity and revocation status. Any other Certificate Revocation related exceptions or OCSP Responder failures would be disregarded in favor of connectivity.
[2024-12-19T12:03:04.639+0000] {logging_mixin.py:190} INFO - Processing news for country: CH
[2024-12-19T12:03:05.642+0000] {logging_mixin.py:190} INFO - Fetching news from 2020-03-11 to 2020-03-12 for CH...
[2024-12-19T12:03:06.523+0000] {logging_mixin.py:190} INFO - Error fetching data from 2020-03-11 to 2024-12-18: The gdelt api returned a non-successful statuscode. This is the response message: Please limit requests to one every 5 seconds or contact kalev.leetaru5@gmail.com for larger queries.
[2024-12-19T12:03:07.526+0000] {logging_mixin.py:190} INFO - Fetching news from 2020-03-12 to 2020-03-13 for CH...
[2024-12-19T12:03:08.391+0000] {logging_mixin.py:190} INFO - Error fetching data from 2020-03-11 to 2024-12-18: The gdelt api returned a non-successful statuscode. This is the response message: Please limit requests to one every 5 seconds or contact kalev.leetaru5@gmail.com for larger queries.
[2024-12-19T12:03:09.393+0000] {logging_mixin.py:190} INFO - Fetching news from 2020-03-13 to 2020-03-14 for CH...
[2024-12-19T12:03:10.238+0000] {logging_mixin.py:190} INFO - Error fetching data from 2020-03-11 to 2024-12-18: The gdelt api returned a non-successful statuscode. This is the response message: Please limit requests to one every 5 seconds or contact kalev.leetaru5@gmail.com for larger queries.
[2024-12-19T12:03:11.239+0000] {logging_mixin.py:190} INFO - Fetching news from 2020-03-14 to 2020-03-15 for CH...
[2024-12-19T12:03:12.117+0000] {logging_mixin.py:190} INFO - Error fetching data from 2020-03-11 to 2024-12-18: The gdelt api returned a non-successful statuscode. This is the response message: Please limit requests to one every 5 seconds or contact kalev.leetaru5@gmail.com for larger queries.
[2024-12-19T12:03:13.119+0000] {logging_mixin.py:190} INFO - Fetching news from 2020-03-15 to 2020-03-16 for CH...
[2024-12-19T12:03:13.960+0000] {logging_mixin.py:190} INFO - Error fetching data from 2020-03-11 to 2024-12-18: The gdelt api returned a non-successful statuscode. This is the response message: Please limit requests to one every 5 seconds or contact kalev.leetaru5@gmail.com for larger queries.
[2024-12-19T12:03:14.961+0000] {logging_mixin.py:190} INFO - Fetching news from 2020-03-16 to 2020-03-17 for CH...
[2024-12-19T12:03:15.803+0000] {logging_mixin.py:190} INFO - Error fetching data from 2020-03-11 to 2024-12-18: The gdelt api returned a non-successful statuscode. This is the response message: Please limit requests to one every 5 seconds or contact kalev.leetaru5@gmail.com for larger queries.
[2024-12-19T12:03:16.805+0000] {logging_mixin.py:190} INFO - Fetching news from 2020-03-17 to 2020-03-18 for CH...
[2024-12-19T12:03:17.673+0000] {logging_mixin.py:190} INFO - Error fetching data from 2020-03-11 to 2024-12-18: The gdelt api returned a non-successful statuscode. This is the response message: Please limit requests to one every 5 seconds or contact kalev.leetaru5@gmail.com for larger queries.
[2024-12-19T12:03:18.674+0000] {logging_mixin.py:190} INFO - Fetching news from 2020-03-18 to 2020-03-19 for CH...
[2024-12-19T12:03:19.473+0000] {logging_mixin.py:190} INFO - Error fetching data from 2020-03-11 to 2024-12-18: The gdelt api returned a non-successful statuscode. This is the response message: Please limit requests to one every 5 seconds or contact kalev.leetaru5@gmail.com for larger queries.
[2024-12-19T12:03:20.474+0000] {logging_mixin.py:190} INFO - Fetching news from 2020-03-19 to 2020-03-20 for CH...
[2024-12-19T12:03:21.325+0000] {logging_mixin.py:190} INFO - Error fetching data from 2020-03-11 to 2024-12-18: The gdelt api returned a non-successful statuscode. This is the response message: Please limit requests to one every 5 seconds or contact kalev.leetaru5@gmail.com for larger queries.
[2024-12-19T12:03:22.327+0000] {logging_mixin.py:190} INFO - Fetching news from 2020-03-20 to 2020-03-21 for CH...
[2024-12-19T12:03:23.202+0000] {logging_mixin.py:190} INFO - Error fetching data from 2020-03-11 to 2024-12-18: The gdelt api returned a non-successful statuscode. This is the response message: Please limit requests to one every 5 seconds or contact kalev.leetaru5@gmail.com for larger queries.
[2024-12-19T12:03:24.204+0000] {logging_mixin.py:190} INFO - Fetching news from 2020-03-21 to 2020-03-22 for CH...
[2024-12-19T12:03:25.065+0000] {logging_mixin.py:190} INFO - Error fetching data from 2020-03-11 to 2024-12-18: The gdelt api returned a non-successful statuscode. This is the response message: Please limit requests to one every 5 seconds or contact kalev.leetaru5@gmail.com for larger queries.
[2024-12-19T12:03:26.067+0000] {logging_mixin.py:190} INFO - Fetching news from 2020-03-22 to 2020-03-23 for CH...
[2024-12-19T12:03:26.912+0000] {logging_mixin.py:190} INFO - Error fetching data from 2020-03-11 to 2024-12-18: The gdelt api returned a non-successful statuscode. This is the response message: Please limit requests to one every 5 seconds or contact kalev.leetaru5@gmail.com for larger queries.
[2024-12-19T12:03:27.914+0000] {logging_mixin.py:190} INFO - Fetching news from 2020-03-23 to 2020-03-24 for CH...
[2024-12-19T12:03:28.806+0000] {logging_mixin.py:190} INFO - Error fetching data from 2020-03-11 to 2024-12-18: The gdelt api returned a non-successful statuscode. This is the response message: Please limit requests to one every 5 seconds or contact kalev.leetaru5@gmail.com for larger queries.
[2024-12-19T12:03:29.808+0000] {logging_mixin.py:190} INFO - Fetching news from 2020-03-24 to 2020-03-25 for CH...
[2024-12-19T12:03:30.662+0000] {logging_mixin.py:190} INFO - Error fetching data from 2020-03-11 to 2024-12-18: The gdelt api returned a non-successful statuscode. This is the response message: Please limit requests to one every 5 seconds or contact kalev.leetaru5@gmail.com for larger queries.
[2024-12-19T12:03:31.664+0000] {logging_mixin.py:190} INFO - Fetching news from 2020-03-25 to 2020-03-26 for CH...
[2024-12-19T12:03:32.514+0000] {logging_mixin.py:190} INFO - Error fetching data from 2020-03-11 to 2024-12-18: The gdelt api returned a non-successful statuscode. This is the response message: Please limit requests to one every 5 seconds or contact kalev.leetaru5@gmail.com for larger queries.
[2024-12-19T12:03:33.517+0000] {logging_mixin.py:190} INFO - Fetching news from 2020-03-26 to 2020-03-27 for CH...
[2024-12-19T12:03:34.390+0000] {logging_mixin.py:190} INFO - Error fetching data from 2020-03-11 to 2024-12-18: The gdelt api returned a non-successful statuscode. This is the response message: Please limit requests to one every 5 seconds or contact kalev.leetaru5@gmail.com for larger queries.
[2024-12-19T12:03:34.394+0000] {local_task_job_runner.py:346} WARNING - State of this instance has been externally set to restarting. Terminating instance.
[2024-12-19T12:03:34.397+0000] {local_task_job_runner.py:245} INFO - ::endgroup::
[2024-12-19T12:03:34.400+0000] {process_utils.py:132} INFO - Sending 15 to group 877. PIDs of all processes in the group: [877]
[2024-12-19T12:03:34.401+0000] {process_utils.py:87} INFO - Sending the signal 15 to group 877
[2024-12-19T12:03:34.402+0000] {taskinstance.py:3093} ERROR - Received SIGTERM. Terminating subprocesses.
[2024-12-19T12:03:34.403+0000] {connection.py:789} INFO - closed
[2024-12-19T12:03:34.521+0000] {connection.py:795} INFO - No async queries seem to be running, deleting session
[2024-12-19T12:03:34.577+0000] {taskinstance.py:3311} ERROR - Task failed with exception
Traceback (most recent call last):
  File "/home/airflow/.local/lib/python3.12/site-packages/airflow/models/taskinstance.py", line 767, in _execute_task
    result = _execute_callable(context=context, **execute_callable_kwargs)
             ^^^^^^^^^^^^^^^^^^^^^^^^^^^^^^^^^^^^^^^^^^^^^^^^^^^^^^^^^^^^^
  File "/home/airflow/.local/lib/python3.12/site-packages/airflow/models/taskinstance.py", line 733, in _execute_callable
    return ExecutionCallableRunner(
           ^^^^^^^^^^^^^^^^^^^^^^^^
  File "/home/airflow/.local/lib/python3.12/site-packages/airflow/utils/operator_helpers.py", line 252, in run
    return self.func(*args, **kwargs)
           ^^^^^^^^^^^^^^^^^^^^^^^^^^
  File "/home/airflow/.local/lib/python3.12/site-packages/airflow/models/baseoperator.py", line 422, in wrapper
    return func(self, *args, **kwargs)
           ^^^^^^^^^^^^^^^^^^^^^^^^^^^
  File "/home/airflow/.local/lib/python3.12/site-packages/airflow/operators/python.py", line 238, in execute
    return_value = self.execute_callable()
                   ^^^^^^^^^^^^^^^^^^^^^^^
  File "/home/airflow/.local/lib/python3.12/site-packages/airflow/operators/python.py", line 256, in execute_callable
    return runner.run(*self.op_args, **self.op_kwargs)
           ^^^^^^^^^^^^^^^^^^^^^^^^^^^^^^^^^^^^^^^^^^^
  File "/home/airflow/.local/lib/python3.12/site-packages/airflow/utils/operator_helpers.py", line 252, in run
    return self.func(*args, **kwargs)
           ^^^^^^^^^^^^^^^^^^^^^^^^^^
  File "/opt/airflow/dags/snowflake_connector_dag.py", line 47, in fetch_and_insert_news_for_countries
    time.sleep(1)
  File "/home/airflow/.local/lib/python3.12/site-packages/airflow/models/taskinstance.py", line 3095, in signal_handler
    raise AirflowTaskTerminated("Task received SIGTERM signal")
airflow.exceptions.AirflowTaskTerminated: Task received SIGTERM signal
[2024-12-19T12:03:34.594+0000] {taskinstance.py:1225} INFO - Marking task as UP_FOR_RETRY. dag_id=fetch_and_insert_all_countries_news_1, task_id=fetch_and_insert_news_all_countries, run_id=manual__2024-12-19T12:03:01.040872+00:00, execution_date=20241219T120301, start_date=20241219T120303, end_date=20241219T120334
[2024-12-19T12:03:34.617+0000] {taskinstance.py:340} INFO - ::group::Post task execution logs
[2024-12-19T12:03:34.655+0000] {process_utils.py:80} INFO - Process psutil.Process(pid=877, status='terminated', exitcode=2, started='12:03:03') (877) terminated with exit code 2
