[2024-12-17T11:52:05.915+0000] {local_task_job_runner.py:123} INFO - ::group::Pre task execution logs
[2024-12-17T11:52:05.988+0000] {taskinstance.py:2613} INFO - Dependencies all met for dep_context=non-requeueable deps ti=<TaskInstance: Our_first_dag_using_python_operator_v2.greet scheduled__2024-12-17T01:16:00+00:00 [queued]>
[2024-12-17T11:52:06.025+0000] {taskinstance.py:2613} INFO - Dependencies all met for dep_context=requeueable deps ti=<TaskInstance: Our_first_dag_using_python_operator_v2.greet scheduled__2024-12-17T01:16:00+00:00 [queued]>
[2024-12-17T11:52:06.034+0000] {taskinstance.py:2866} INFO - Starting attempt 1 of 6
[2024-12-17T11:52:06.185+0000] {taskinstance.py:2889} INFO - Executing <Task(PythonOperator): greet> on 2024-12-17 01:16:00+00:00
[2024-12-17T11:52:06.202+0000] {warnings.py:112} WARNING - /home/***/.local/lib/python3.12/site-packages/***/task/task_runner/standard_task_runner.py:70: DeprecationWarning: This process (pid=6094) is multi-threaded, use of fork() may lead to deadlocks in the child.
  pid = os.fork()

[2024-12-17T11:52:06.207+0000] {standard_task_runner.py:72} INFO - Started process 6110 to run task
[2024-12-17T11:52:06.216+0000] {standard_task_runner.py:104} INFO - Running: ['***', 'tasks', 'run', 'Our_first_dag_using_python_operator_v2', 'greet', 'scheduled__2024-12-17T01:16:00+00:00', '--job-id', '1168', '--raw', '--subdir', 'DAGS_FOLDER/create_dag_with_python.py', '--cfg-path', '/tmp/tmpdsana71r']
[2024-12-17T11:52:06.218+0000] {standard_task_runner.py:105} INFO - Job 1168: Subtask greet
[2024-12-17T11:52:06.403+0000] {task_command.py:467} INFO - Running <TaskInstance: Our_first_dag_using_python_operator_v2.greet scheduled__2024-12-17T01:16:00+00:00 [running]> on host 8348eb091483
[2024-12-17T11:52:06.706+0000] {taskinstance.py:3132} INFO - Exporting env vars: AIRFLOW_CTX_DAG_OWNER='srush' AIRFLOW_CTX_DAG_ID='Our_first_dag_using_python_operator_v2' AIRFLOW_CTX_TASK_ID='greet' AIRFLOW_CTX_EXECUTION_DATE='2024-12-17T01:16:00+00:00' AIRFLOW_CTX_TRY_NUMBER='1' AIRFLOW_CTX_DAG_RUN_ID='scheduled__2024-12-17T01:16:00+00:00'
[2024-12-17T11:52:06.710+0000] {taskinstance.py:731} INFO - ::endgroup::
[2024-12-17T11:52:06.791+0000] {logging_mixin.py:190} INFO - Hello World! My name is Jerry, I am 20 years old
[2024-12-17T11:52:06.796+0000] {python.py:240} INFO - Done. Returned value was: None
[2024-12-17T11:52:06.823+0000] {taskinstance.py:340} INFO - ::group::Post task execution logs
[2024-12-17T11:52:06.825+0000] {taskinstance.py:352} INFO - Marking task as SUCCESS. dag_id=Our_first_dag_using_python_operator_v2, task_id=greet, run_id=scheduled__2024-12-17T01:16:00+00:00, execution_date=20241217T011600, start_date=20241217T115206, end_date=20241217T115206
[2024-12-17T11:52:06.900+0000] {local_task_job_runner.py:266} INFO - Task exited with return code 0
[2024-12-17T11:52:06.943+0000] {taskinstance.py:3895} INFO - 0 downstream tasks scheduled from follow-on schedule check
[2024-12-17T11:52:06.952+0000] {local_task_job_runner.py:245} INFO - ::endgroup::
