[2024-12-20T08:46:07.256+0000] {local_task_job_runner.py:123} INFO - ::group::Pre task execution logs
[2024-12-20T08:46:07.293+0000] {taskinstance.py:2613} INFO - Dependencies all met for dep_context=non-requeueable deps ti=<TaskInstance: fetch_and_insert_news.fetch_and_insert_news_all_countries scheduled__2024-12-19T00:00:00+00:00 [queued]>
[2024-12-20T08:46:07.314+0000] {taskinstance.py:2613} INFO - Dependencies all met for dep_context=requeueable deps ti=<TaskInstance: fetch_and_insert_news.fetch_and_insert_news_all_countries scheduled__2024-12-19T00:00:00+00:00 [queued]>
[2024-12-20T08:46:07.316+0000] {taskinstance.py:2866} INFO - Starting attempt 2 of 3
[2024-12-20T08:46:07.347+0000] {taskinstance.py:2889} INFO - Executing <Task(PythonOperator): fetch_and_insert_news_all_countries> on 2024-12-19 00:00:00+00:00
[2024-12-20T08:46:07.358+0000] {warnings.py:112} WARNING - /home/***/.local/lib/python3.12/site-packages/***/task/task_runner/standard_task_runner.py:70: DeprecationWarning: This process (pid=209) is multi-threaded, use of fork() may lead to deadlocks in the child.
  pid = os.fork()

[2024-12-20T08:46:07.361+0000] {standard_task_runner.py:72} INFO - Started process 211 to run task
[2024-12-20T08:46:07.361+0000] {standard_task_runner.py:104} INFO - Running: ['***', 'tasks', 'run', 'fetch_and_insert_news', 'fetch_and_insert_news_all_countries', 'scheduled__2024-12-19T00:00:00+00:00', '--job-id', '6', '--raw', '--subdir', 'DAGS_FOLDER/snowflake_connector_dag.py', '--cfg-path', '/tmp/tmpa4lqnt67']
[2024-12-20T08:46:07.369+0000] {standard_task_runner.py:105} INFO - Job 6: Subtask fetch_and_insert_news_all_countries
[2024-12-20T08:46:07.484+0000] {task_command.py:467} INFO - Running <TaskInstance: fetch_and_insert_news.fetch_and_insert_news_all_countries scheduled__2024-12-19T00:00:00+00:00 [running]> on host 7d5d2ab8c58f
[2024-12-20T08:46:07.642+0000] {taskinstance.py:3132} INFO - Exporting env vars: AIRFLOW_CTX_DAG_OWNER='srush' AIRFLOW_CTX_DAG_ID='fetch_and_insert_news' AIRFLOW_CTX_TASK_ID='fetch_and_insert_news_all_countries' AIRFLOW_CTX_EXECUTION_DATE='2024-12-19T00:00:00+00:00' AIRFLOW_CTX_TRY_NUMBER='2' AIRFLOW_CTX_DAG_RUN_ID='scheduled__2024-12-19T00:00:00+00:00'
[2024-12-20T08:46:07.645+0000] {taskinstance.py:731} INFO - ::endgroup::
[2024-12-20T08:46:07.692+0000] {base.py:84} INFO - Retrieving connection 'snowflake_con'
[2024-12-20T08:46:07.695+0000] {connection.py:414} INFO - Snowflake Connector for Python Version: 3.12.4, Python Version: 3.12.8, Platform: Linux-5.15.167.4-microsoft-standard-WSL2-x86_64-with-glibc2.36
[2024-12-20T08:46:07.699+0000] {connection.py:1197} INFO - Connecting to GLOBAL Snowflake domain
[2024-12-20T08:46:07.701+0000] {connection.py:1278} INFO - This connection is in OCSP Fail Open Mode. TLS Certificates would be checked for validity and revocation status. Any other Certificate Revocation related exceptions or OCSP Responder failures would be disregarded in favor of connectivity.
[2024-12-20T08:46:08.404+0000] {cursor.py:1166} INFO - Number of results in first chunk: 11
[2024-12-20T08:46:08.486+0000] {cursor.py:1166} INFO - Number of results in first chunk: 5
[2024-12-20T08:46:08.488+0000] {logging_mixin.py:190} INFO - Fetched Keywords: ['currency', 'forex', 'finance', 'disease', 'war', 'election', 'pandemic', 'inflation', 'bank', 'trade', 'treaty']
[2024-12-20T08:46:08.489+0000] {logging_mixin.py:190} INFO - Fetched Countries: ['CH', 'JA', 'NZ', 'SZ', 'RS']
[2024-12-20T08:46:08.490+0000] {logging_mixin.py:190} INFO - Processing news for country: CH
[2024-12-20T08:46:11.493+0000] {logging_mixin.py:190} INFO - Fetching news from 2024-03-13 to 2024-03-14 for CH...
[2024-12-20T08:46:12.344+0000] {logging_mixin.py:190} INFO - Error fetching data for date: 2024-03-13 and country: CH. Error: The gdelt api returned a non-successful statuscode. This is the response message: Please limit requests to one every 5 seconds or contact kalev.leetaru5@gmail.com for larger queries.
[2024-12-20T08:46:15.346+0000] {logging_mixin.py:190} INFO - Fetching news from 2024-03-14 to 2024-03-15 for CH...
[2024-12-20T08:46:16.191+0000] {logging_mixin.py:190} INFO - Error fetching data for date: 2024-03-14 and country: CH. Error: The gdelt api returned a non-successful statuscode. This is the response message: Please limit requests to one every 5 seconds or contact kalev.leetaru5@gmail.com for larger queries.
[2024-12-20T08:46:17.480+0000] {local_task_job_runner.py:346} WARNING - State of this instance has been externally set to failed. Terminating instance.
[2024-12-20T08:46:17.482+0000] {local_task_job_runner.py:245} INFO - ::endgroup::
[2024-12-20T08:46:17.485+0000] {process_utils.py:132} INFO - Sending 15 to group 211. PIDs of all processes in the group: [211]
[2024-12-20T08:46:17.486+0000] {process_utils.py:87} INFO - Sending the signal 15 to group 211
[2024-12-20T08:46:17.487+0000] {taskinstance.py:3093} ERROR - Received SIGTERM. Terminating subprocesses.
[2024-12-20T08:46:17.488+0000] {connection.py:789} INFO - closed
[2024-12-20T08:46:17.520+0000] {connection.py:795} INFO - No async queries seem to be running, deleting session
[2024-12-20T08:46:17.594+0000] {taskinstance.py:340} INFO - ::group::Post task execution logs
[2024-12-20T08:46:17.660+0000] {process_utils.py:80} INFO - Process psutil.Process(pid=211, status='terminated', exitcode=0, started='08:46:06') (211) terminated with exit code 0
[2024-12-20T11:29:12.871+0000] {local_task_job_runner.py:123} INFO - ::group::Pre task execution logs
[2024-12-20T11:29:12.895+0000] {taskinstance.py:2613} INFO - Dependencies all met for dep_context=non-requeueable deps ti=<TaskInstance: fetch_and_insert_news.fetch_and_insert_news_all_countries scheduled__2024-12-19T00:00:00+00:00 [queued]>
[2024-12-20T11:29:12.908+0000] {taskinstance.py:2613} INFO - Dependencies all met for dep_context=requeueable deps ti=<TaskInstance: fetch_and_insert_news.fetch_and_insert_news_all_countries scheduled__2024-12-19T00:00:00+00:00 [queued]>
[2024-12-20T11:29:12.909+0000] {taskinstance.py:2866} INFO - Starting attempt 2 of 2
[2024-12-20T11:29:12.928+0000] {taskinstance.py:2889} INFO - Executing <Task(PythonOperator): fetch_and_insert_news_all_countries> on 2024-12-19 00:00:00+00:00
[2024-12-20T11:29:12.937+0000] {warnings.py:112} WARNING - /home/***/.local/lib/python3.12/site-packages/***/task/task_runner/standard_task_runner.py:70: DeprecationWarning: This process (pid=138) is multi-threaded, use of fork() may lead to deadlocks in the child.
  pid = os.fork()

[2024-12-20T11:29:12.939+0000] {standard_task_runner.py:72} INFO - Started process 140 to run task
[2024-12-20T11:29:12.939+0000] {standard_task_runner.py:104} INFO - Running: ['***', 'tasks', 'run', 'fetch_and_insert_news', 'fetch_and_insert_news_all_countries', 'scheduled__2024-12-19T00:00:00+00:00', '--job-id', '14', '--raw', '--subdir', 'DAGS_FOLDER/snowflake_connector_dag.py', '--cfg-path', '/tmp/tmp4sopypdh']
[2024-12-20T11:29:12.943+0000] {standard_task_runner.py:105} INFO - Job 14: Subtask fetch_and_insert_news_all_countries
[2024-12-20T11:29:13.008+0000] {task_command.py:467} INFO - Running <TaskInstance: fetch_and_insert_news.fetch_and_insert_news_all_countries scheduled__2024-12-19T00:00:00+00:00 [running]> on host 4fe538676cbc
[2024-12-20T11:29:13.119+0000] {taskinstance.py:3132} INFO - Exporting env vars: AIRFLOW_CTX_DAG_OWNER='srush' AIRFLOW_CTX_DAG_ID='fetch_and_insert_news' AIRFLOW_CTX_TASK_ID='fetch_and_insert_news_all_countries' AIRFLOW_CTX_EXECUTION_DATE='2024-12-19T00:00:00+00:00' AIRFLOW_CTX_TRY_NUMBER='2' AIRFLOW_CTX_DAG_RUN_ID='scheduled__2024-12-19T00:00:00+00:00'
[2024-12-20T11:29:13.121+0000] {taskinstance.py:731} INFO - ::endgroup::
[2024-12-20T11:29:13.161+0000] {base.py:84} INFO - Retrieving connection 'snowflake_con'
[2024-12-20T11:29:13.162+0000] {connection.py:414} INFO - Snowflake Connector for Python Version: 3.12.4, Python Version: 3.12.8, Platform: Linux-5.15.167.4-microsoft-standard-WSL2-x86_64-with-glibc2.36
[2024-12-20T11:29:13.164+0000] {connection.py:1197} INFO - Connecting to GLOBAL Snowflake domain
[2024-12-20T11:29:13.164+0000] {connection.py:1278} INFO - This connection is in OCSP Fail Open Mode. TLS Certificates would be checked for validity and revocation status. Any other Certificate Revocation related exceptions or OCSP Responder failures would be disregarded in favor of connectivity.
[2024-12-20T11:29:13.931+0000] {cursor.py:1166} INFO - Number of results in first chunk: 11
[2024-12-20T11:29:13.999+0000] {cursor.py:1166} INFO - Number of results in first chunk: 4
[2024-12-20T11:29:14.002+0000] {logging_mixin.py:190} INFO - Fetched Keywords: ['currency', 'forex', 'finance', 'disease', 'war', 'election', 'pandemic', 'inflation', 'bank', 'trade', 'treaty']
[2024-12-20T11:29:14.004+0000] {logging_mixin.py:190} INFO - Fetched Countries: ['JA', 'NZ', 'SZ', 'RS']
[2024-12-20T11:29:14.005+0000] {logging_mixin.py:190} INFO - Processing news for country: JA
[2024-12-20T11:29:17.008+0000] {logging_mixin.py:190} INFO - Fetching news from 2024-03-13 to 2024-03-14 for JA...
[2024-12-20T11:29:17.897+0000] {logging_mixin.py:190} INFO - Error fetching data for date: 2024-03-13 and country: JA. Error: The gdelt api returned a non-successful statuscode. This is the response message: Please limit requests to one every 5 seconds or contact kalev.leetaru5@gmail.com for larger queries.
[2024-12-20T11:29:20.896+0000] {logging_mixin.py:190} INFO - Fetching news from 2024-03-14 to 2024-03-15 for JA...
[2024-12-20T11:29:21.765+0000] {logging_mixin.py:190} INFO - Error fetching data for date: 2024-03-14 and country: JA. Error: The gdelt api returned a non-successful statuscode. This is the response message: Please limit requests to one every 5 seconds or contact kalev.leetaru5@gmail.com for larger queries.
[2024-12-20T11:29:24.767+0000] {logging_mixin.py:190} INFO - Fetching news from 2024-03-15 to 2024-03-16 for JA...
[2024-12-20T11:29:25.617+0000] {logging_mixin.py:190} INFO - Error fetching data for date: 2024-03-15 and country: JA. Error: The gdelt api returned a non-successful statuscode. This is the response message: Please limit requests to one every 5 seconds or contact kalev.leetaru5@gmail.com for larger queries.
[2024-12-20T11:29:28.619+0000] {logging_mixin.py:190} INFO - Fetching news from 2024-03-16 to 2024-03-17 for JA...
[2024-12-20T11:29:29.493+0000] {logging_mixin.py:190} INFO - Error fetching data for date: 2024-03-16 and country: JA. Error: The gdelt api returned a non-successful statuscode. This is the response message: Please limit requests to one every 5 seconds or contact kalev.leetaru5@gmail.com for larger queries.
[2024-12-20T11:29:32.495+0000] {logging_mixin.py:190} INFO - Fetching news from 2024-03-17 to 2024-03-18 for JA...
[2024-12-20T11:29:33.361+0000] {logging_mixin.py:190} INFO - Error fetching data for date: 2024-03-17 and country: JA. Error: The gdelt api returned a non-successful statuscode. This is the response message: Please limit requests to one every 5 seconds or contact kalev.leetaru5@gmail.com for larger queries.
[2024-12-20T11:29:36.362+0000] {logging_mixin.py:190} INFO - Fetching news from 2024-03-18 to 2024-03-19 for JA...
[2024-12-20T11:29:37.179+0000] {logging_mixin.py:190} INFO - Error fetching data for date: 2024-03-18 and country: JA. Error: The gdelt api returned a non-successful statuscode. This is the response message: Please limit requests to one every 5 seconds or contact kalev.leetaru5@gmail.com for larger queries.
[2024-12-20T11:29:40.181+0000] {logging_mixin.py:190} INFO - Fetching news from 2024-03-19 to 2024-03-20 for JA...
[2024-12-20T11:29:41.052+0000] {logging_mixin.py:190} INFO - Error fetching data for date: 2024-03-19 and country: JA. Error: The gdelt api returned a non-successful statuscode. This is the response message: Please limit requests to one every 5 seconds or contact kalev.leetaru5@gmail.com for larger queries.
[2024-12-20T11:29:44.053+0000] {logging_mixin.py:190} INFO - Fetching news from 2024-03-20 to 2024-03-21 for JA...
[2024-12-20T11:29:44.893+0000] {logging_mixin.py:190} INFO - Error fetching data for date: 2024-03-20 and country: JA. Error: The gdelt api returned a non-successful statuscode. This is the response message: Please limit requests to one every 5 seconds or contact kalev.leetaru5@gmail.com for larger queries.
[2024-12-20T11:29:47.897+0000] {logging_mixin.py:190} INFO - Fetching news from 2024-03-21 to 2024-03-22 for JA...
[2024-12-20T11:29:48.789+0000] {logging_mixin.py:190} INFO - Error fetching data for date: 2024-03-21 and country: JA. Error: The gdelt api returned a non-successful statuscode. This is the response message: Please limit requests to one every 5 seconds or contact kalev.leetaru5@gmail.com for larger queries.
[2024-12-20T11:29:51.790+0000] {logging_mixin.py:190} INFO - Fetching news from 2024-03-22 to 2024-03-23 for JA...
[2024-12-20T11:29:52.630+0000] {logging_mixin.py:190} INFO - Error fetching data for date: 2024-03-22 and country: JA. Error: The gdelt api returned a non-successful statuscode. This is the response message: Please limit requests to one every 5 seconds or contact kalev.leetaru5@gmail.com for larger queries.
[2024-12-20T11:29:55.632+0000] {logging_mixin.py:190} INFO - Fetching news from 2024-03-23 to 2024-03-24 for JA...
[2024-12-20T11:29:56.510+0000] {logging_mixin.py:190} INFO - Error fetching data for date: 2024-03-23 and country: JA. Error: The gdelt api returned a non-successful statuscode. This is the response message: Please limit requests to one every 5 seconds or contact kalev.leetaru5@gmail.com for larger queries.
[2024-12-20T11:29:59.512+0000] {logging_mixin.py:190} INFO - Fetching news from 2024-03-24 to 2024-03-25 for JA...
[2024-12-20T11:30:00.357+0000] {logging_mixin.py:190} INFO - Error fetching data for date: 2024-03-24 and country: JA. Error: The gdelt api returned a non-successful statuscode. This is the response message: Please limit requests to one every 5 seconds or contact kalev.leetaru5@gmail.com for larger queries.
[2024-12-20T11:30:03.359+0000] {logging_mixin.py:190} INFO - Fetching news from 2024-03-25 to 2024-03-26 for JA...
[2024-12-20T11:30:04.234+0000] {logging_mixin.py:190} INFO - Error fetching data for date: 2024-03-25 and country: JA. Error: The gdelt api returned a non-successful statuscode. This is the response message: Please limit requests to one every 5 seconds or contact kalev.leetaru5@gmail.com for larger queries.
[2024-12-20T11:30:07.236+0000] {logging_mixin.py:190} INFO - Fetching news from 2024-03-26 to 2024-03-27 for JA...
[2024-12-20T11:30:08.050+0000] {logging_mixin.py:190} INFO - Error fetching data for date: 2024-03-26 and country: JA. Error: The gdelt api returned a non-successful statuscode. This is the response message: Please limit requests to one every 5 seconds or contact kalev.leetaru5@gmail.com for larger queries.
[2024-12-20T11:30:11.052+0000] {logging_mixin.py:190} INFO - Fetching news from 2024-03-27 to 2024-03-28 for JA...
[2024-12-20T11:30:11.888+0000] {logging_mixin.py:190} INFO - Error fetching data for date: 2024-03-27 and country: JA. Error: The gdelt api returned a non-successful statuscode. This is the response message: Please limit requests to one every 5 seconds or contact kalev.leetaru5@gmail.com for larger queries.
[2024-12-20T11:30:14.890+0000] {logging_mixin.py:190} INFO - Fetching news from 2024-03-28 to 2024-03-29 for JA...
[2024-12-20T11:30:15.744+0000] {logging_mixin.py:190} INFO - Error fetching data for date: 2024-03-28 and country: JA. Error: The gdelt api returned a non-successful statuscode. This is the response message: Please limit requests to one every 5 seconds or contact kalev.leetaru5@gmail.com for larger queries.
[2024-12-20T11:30:18.746+0000] {logging_mixin.py:190} INFO - Fetching news from 2024-03-29 to 2024-03-30 for JA...
[2024-12-20T11:30:19.590+0000] {logging_mixin.py:190} INFO - Error fetching data for date: 2024-03-29 and country: JA. Error: The gdelt api returned a non-successful statuscode. This is the response message: Please limit requests to one every 5 seconds or contact kalev.leetaru5@gmail.com for larger queries.
[2024-12-20T11:30:27.592+0000] {logging_mixin.py:190} INFO - Fetching news from 2024-03-30 to 2024-03-31 for JA...
[2024-12-20T11:30:28.431+0000] {logging_mixin.py:190} INFO - Error fetching data for date: 2024-03-30 and country: JA. Error: The gdelt api returned a non-successful statuscode. This is the response message: Please limit requests to one every 5 seconds or contact kalev.leetaru5@gmail.com for larger queries.
[2024-12-20T11:30:31.432+0000] {logging_mixin.py:190} INFO - Fetching news from 2024-03-31 to 2024-04-01 for JA...
[2024-12-20T11:30:32.275+0000] {logging_mixin.py:190} INFO - Error fetching data for date: 2024-03-31 and country: JA. Error: The gdelt api returned a non-successful statuscode. This is the response message: Please limit requests to one every 5 seconds or contact kalev.leetaru5@gmail.com for larger queries.
[2024-12-20T11:30:35.278+0000] {logging_mixin.py:190} INFO - Fetching news from 2024-04-01 to 2024-04-02 for JA...
[2024-12-20T11:30:36.145+0000] {logging_mixin.py:190} INFO - Error fetching data for date: 2024-04-01 and country: JA. Error: The gdelt api returned a non-successful statuscode. This is the response message: Please limit requests to one every 5 seconds or contact kalev.leetaru5@gmail.com for larger queries.
[2024-12-20T11:30:39.146+0000] {logging_mixin.py:190} INFO - Fetching news from 2024-04-02 to 2024-04-03 for JA...
[2024-12-20T11:30:40.012+0000] {logging_mixin.py:190} INFO - Error fetching data for date: 2024-04-02 and country: JA. Error: The gdelt api returned a non-successful statuscode. This is the response message: Please limit requests to one every 5 seconds or contact kalev.leetaru5@gmail.com for larger queries.
[2024-12-20T11:30:43.014+0000] {logging_mixin.py:190} INFO - Fetching news from 2024-04-03 to 2024-04-04 for JA...
[2024-12-20T11:30:43.883+0000] {logging_mixin.py:190} INFO - Error fetching data for date: 2024-04-03 and country: JA. Error: The gdelt api returned a non-successful statuscode. This is the response message: Please limit requests to one every 5 seconds or contact kalev.leetaru5@gmail.com for larger queries.
[2024-12-20T11:30:46.885+0000] {logging_mixin.py:190} INFO - Fetching news from 2024-04-04 to 2024-04-05 for JA...
[2024-12-20T11:30:47.721+0000] {logging_mixin.py:190} INFO - Error fetching data for date: 2024-04-04 and country: JA. Error: The gdelt api returned a non-successful statuscode. This is the response message: Please limit requests to one every 5 seconds or contact kalev.leetaru5@gmail.com for larger queries.
[2024-12-20T11:30:50.720+0000] {logging_mixin.py:190} INFO - Fetching news from 2024-04-05 to 2024-04-06 for JA...
[2024-12-20T11:30:51.607+0000] {logging_mixin.py:190} INFO - Error fetching data for date: 2024-04-05 and country: JA. Error: The gdelt api returned a non-successful statuscode. This is the response message: Please limit requests to one every 5 seconds or contact kalev.leetaru5@gmail.com for larger queries.
[2024-12-20T11:30:54.608+0000] {logging_mixin.py:190} INFO - Fetching news from 2024-04-06 to 2024-04-07 for JA...
[2024-12-20T11:30:55.454+0000] {logging_mixin.py:190} INFO - Error fetching data for date: 2024-04-06 and country: JA. Error: The gdelt api returned a non-successful statuscode. This is the response message: Please limit requests to one every 5 seconds or contact kalev.leetaru5@gmail.com for larger queries.
[2024-12-20T11:30:58.455+0000] {logging_mixin.py:190} INFO - Fetching news from 2024-04-07 to 2024-04-08 for JA...
[2024-12-20T11:30:59.349+0000] {logging_mixin.py:190} INFO - Error fetching data for date: 2024-04-07 and country: JA. Error: The gdelt api returned a non-successful statuscode. This is the response message: Please limit requests to one every 5 seconds or contact kalev.leetaru5@gmail.com for larger queries.
[2024-12-20T11:31:02.351+0000] {logging_mixin.py:190} INFO - Fetching news from 2024-04-08 to 2024-04-09 for JA...
[2024-12-20T11:31:03.219+0000] {logging_mixin.py:190} INFO - Error fetching data for date: 2024-04-08 and country: JA. Error: The gdelt api returned a non-successful statuscode. This is the response message: Please limit requests to one every 5 seconds or contact kalev.leetaru5@gmail.com for larger queries.
[2024-12-20T11:31:06.220+0000] {logging_mixin.py:190} INFO - Fetching news from 2024-04-09 to 2024-04-10 for JA...
[2024-12-20T11:31:07.089+0000] {logging_mixin.py:190} INFO - Error fetching data for date: 2024-04-09 and country: JA. Error: The gdelt api returned a non-successful statuscode. This is the response message: Please limit requests to one every 5 seconds or contact kalev.leetaru5@gmail.com for larger queries.
[2024-12-20T11:31:10.091+0000] {logging_mixin.py:190} INFO - Fetching news from 2024-04-10 to 2024-04-11 for JA...
[2024-12-20T11:31:11.037+0000] {logging_mixin.py:190} INFO - Error fetching data for date: 2024-04-10 and country: JA. Error: The gdelt api returned a non-successful statuscode. This is the response message: Please limit requests to one every 5 seconds or contact kalev.leetaru5@gmail.com for larger queries.
[2024-12-20T11:31:14.038+0000] {logging_mixin.py:190} INFO - Fetching news from 2024-04-11 to 2024-04-12 for JA...
[2024-12-20T11:31:14.921+0000] {logging_mixin.py:190} INFO - Error fetching data for date: 2024-04-11 and country: JA. Error: The gdelt api returned a non-successful statuscode. This is the response message: Please limit requests to one every 5 seconds or contact kalev.leetaru5@gmail.com for larger queries.
[2024-12-20T11:31:17.923+0000] {logging_mixin.py:190} INFO - Fetching news from 2024-04-12 to 2024-04-13 for JA...
[2024-12-20T11:31:18.742+0000] {logging_mixin.py:190} INFO - Error fetching data for date: 2024-04-12 and country: JA. Error: The gdelt api returned a non-successful statuscode. This is the response message: Please limit requests to one every 5 seconds or contact kalev.leetaru5@gmail.com for larger queries.
[2024-12-20T11:31:21.742+0000] {logging_mixin.py:190} INFO - Fetching news from 2024-04-13 to 2024-04-14 for JA...
[2024-12-20T11:31:22.603+0000] {logging_mixin.py:190} INFO - Error fetching data for date: 2024-04-13 and country: JA. Error: The gdelt api returned a non-successful statuscode. This is the response message: Please limit requests to one every 5 seconds or contact kalev.leetaru5@gmail.com for larger queries.
[2024-12-20T11:31:25.605+0000] {logging_mixin.py:190} INFO - Fetching news from 2024-04-14 to 2024-04-15 for JA...
[2024-12-20T11:31:26.439+0000] {logging_mixin.py:190} INFO - Error fetching data for date: 2024-04-14 and country: JA. Error: The gdelt api returned a non-successful statuscode. This is the response message: Please limit requests to one every 5 seconds or contact kalev.leetaru5@gmail.com for larger queries.
[2024-12-20T11:31:29.440+0000] {logging_mixin.py:190} INFO - Fetching news from 2024-04-15 to 2024-04-16 for JA...
[2024-12-20T11:31:30.306+0000] {logging_mixin.py:190} INFO - Error fetching data for date: 2024-04-15 and country: JA. Error: The gdelt api returned a non-successful statuscode. This is the response message: Please limit requests to one every 5 seconds or contact kalev.leetaru5@gmail.com for larger queries.
[2024-12-20T11:31:33.308+0000] {logging_mixin.py:190} INFO - Fetching news from 2024-04-16 to 2024-04-17 for JA...
[2024-12-20T11:31:34.197+0000] {logging_mixin.py:190} INFO - Error fetching data for date: 2024-04-16 and country: JA. Error: The gdelt api returned a non-successful statuscode. This is the response message: Please limit requests to one every 5 seconds or contact kalev.leetaru5@gmail.com for larger queries.
[2024-12-20T11:31:37.200+0000] {logging_mixin.py:190} INFO - Fetching news from 2024-04-17 to 2024-04-18 for JA...
[2024-12-20T11:31:38.101+0000] {logging_mixin.py:190} INFO - Error fetching data for date: 2024-04-17 and country: JA. Error: The gdelt api returned a non-successful statuscode. This is the response message: Please limit requests to one every 5 seconds or contact kalev.leetaru5@gmail.com for larger queries.
[2024-12-20T11:31:41.103+0000] {logging_mixin.py:190} INFO - Fetching news from 2024-04-18 to 2024-04-19 for JA...
[2024-12-20T11:31:41.948+0000] {logging_mixin.py:190} INFO - Error fetching data for date: 2024-04-18 and country: JA. Error: The gdelt api returned a non-successful statuscode. This is the response message: Please limit requests to one every 5 seconds or contact kalev.leetaru5@gmail.com for larger queries.
[2024-12-20T11:31:44.950+0000] {logging_mixin.py:190} INFO - Fetching news from 2024-04-19 to 2024-04-20 for JA...
[2024-12-20T11:31:45.803+0000] {logging_mixin.py:190} INFO - Error fetching data for date: 2024-04-19 and country: JA. Error: The gdelt api returned a non-successful statuscode. This is the response message: Please limit requests to one every 5 seconds or contact kalev.leetaru5@gmail.com for larger queries.
[2024-12-20T11:31:48.805+0000] {logging_mixin.py:190} INFO - Fetching news from 2024-04-20 to 2024-04-21 for JA...
[2024-12-20T11:31:49.624+0000] {logging_mixin.py:190} INFO - Error fetching data for date: 2024-04-20 and country: JA. Error: The gdelt api returned a non-successful statuscode. This is the response message: Please limit requests to one every 5 seconds or contact kalev.leetaru5@gmail.com for larger queries.
[2024-12-20T11:31:52.626+0000] {logging_mixin.py:190} INFO - Fetching news from 2024-04-21 to 2024-04-22 for JA...
[2024-12-20T11:31:53.514+0000] {logging_mixin.py:190} INFO - Error fetching data for date: 2024-04-21 and country: JA. Error: The gdelt api returned a non-successful statuscode. This is the response message: Please limit requests to one every 5 seconds or contact kalev.leetaru5@gmail.com for larger queries.
[2024-12-20T11:31:56.516+0000] {logging_mixin.py:190} INFO - Fetching news from 2024-04-22 to 2024-04-23 for JA...
[2024-12-20T11:31:57.392+0000] {logging_mixin.py:190} INFO - Error fetching data for date: 2024-04-22 and country: JA. Error: The gdelt api returned a non-successful statuscode. This is the response message: Please limit requests to one every 5 seconds or contact kalev.leetaru5@gmail.com for larger queries.
[2024-12-20T11:32:00.393+0000] {logging_mixin.py:190} INFO - Fetching news from 2024-04-23 to 2024-04-24 for JA...
[2024-12-20T11:32:01.271+0000] {logging_mixin.py:190} INFO - Error fetching data for date: 2024-04-23 and country: JA. Error: The gdelt api returned a non-successful statuscode. This is the response message: Please limit requests to one every 5 seconds or contact kalev.leetaru5@gmail.com for larger queries.
[2024-12-20T11:32:04.274+0000] {logging_mixin.py:190} INFO - Fetching news from 2024-04-24 to 2024-04-25 for JA...
[2024-12-20T11:32:05.138+0000] {logging_mixin.py:190} INFO - Error fetching data for date: 2024-04-24 and country: JA. Error: The gdelt api returned a non-successful statuscode. This is the response message: Please limit requests to one every 5 seconds or contact kalev.leetaru5@gmail.com for larger queries.
[2024-12-20T11:32:08.140+0000] {logging_mixin.py:190} INFO - Fetching news from 2024-04-25 to 2024-04-26 for JA...
[2024-12-20T11:32:08.994+0000] {logging_mixin.py:190} INFO - Error fetching data for date: 2024-04-25 and country: JA. Error: The gdelt api returned a non-successful statuscode. This is the response message: Please limit requests to one every 5 seconds or contact kalev.leetaru5@gmail.com for larger queries.
[2024-12-20T11:32:11.996+0000] {logging_mixin.py:190} INFO - Fetching news from 2024-04-26 to 2024-04-27 for JA...
[2024-12-20T11:32:12.909+0000] {logging_mixin.py:190} INFO - Error fetching data for date: 2024-04-26 and country: JA. Error: The gdelt api returned a non-successful statuscode. This is the response message: Please limit requests to one every 5 seconds or contact kalev.leetaru5@gmail.com for larger queries.
[2024-12-20T11:32:15.911+0000] {logging_mixin.py:190} INFO - Fetching news from 2024-04-27 to 2024-04-28 for JA...
[2024-12-20T11:32:16.786+0000] {logging_mixin.py:190} INFO - Error fetching data for date: 2024-04-27 and country: JA. Error: The gdelt api returned a non-successful statuscode. This is the response message: Please limit requests to one every 5 seconds or contact kalev.leetaru5@gmail.com for larger queries.
[2024-12-20T11:32:19.786+0000] {logging_mixin.py:190} INFO - Fetching news from 2024-04-28 to 2024-04-29 for JA...
[2024-12-20T11:32:20.634+0000] {logging_mixin.py:190} INFO - Error fetching data for date: 2024-04-28 and country: JA. Error: The gdelt api returned a non-successful statuscode. This is the response message: Please limit requests to one every 5 seconds or contact kalev.leetaru5@gmail.com for larger queries.
[2024-12-20T11:32:23.637+0000] {logging_mixin.py:190} INFO - Fetching news from 2024-04-29 to 2024-04-30 for JA...
[2024-12-20T11:32:24.538+0000] {logging_mixin.py:190} INFO - Error fetching data for date: 2024-04-29 and country: JA. Error: The gdelt api returned a non-successful statuscode. This is the response message: Please limit requests to one every 5 seconds or contact kalev.leetaru5@gmail.com for larger queries.
[2024-12-20T11:32:32.541+0000] {logging_mixin.py:190} INFO - Fetching news from 2024-04-30 to 2024-05-01 for JA...
[2024-12-20T11:32:33.402+0000] {logging_mixin.py:190} INFO - Error fetching data for date: 2024-04-30 and country: JA. Error: The gdelt api returned a non-successful statuscode. This is the response message: Please limit requests to one every 5 seconds or contact kalev.leetaru5@gmail.com for larger queries.
[2024-12-20T11:32:36.404+0000] {logging_mixin.py:190} INFO - Fetching news from 2024-05-01 to 2024-05-02 for JA...
[2024-12-20T11:32:37.243+0000] {logging_mixin.py:190} INFO - Error fetching data for date: 2024-05-01 and country: JA. Error: The gdelt api returned a non-successful statuscode. This is the response message: Please limit requests to one every 5 seconds or contact kalev.leetaru5@gmail.com for larger queries.
[2024-12-20T11:32:40.245+0000] {logging_mixin.py:190} INFO - Fetching news from 2024-05-02 to 2024-05-03 for JA...
[2024-12-20T11:32:41.080+0000] {logging_mixin.py:190} INFO - Error fetching data for date: 2024-05-02 and country: JA. Error: The gdelt api returned a non-successful statuscode. This is the response message: Please limit requests to one every 5 seconds or contact kalev.leetaru5@gmail.com for larger queries.
[2024-12-20T11:32:44.082+0000] {logging_mixin.py:190} INFO - Fetching news from 2024-05-03 to 2024-05-04 for JA...
[2024-12-20T11:32:44.896+0000] {logging_mixin.py:190} INFO - Error fetching data for date: 2024-05-03 and country: JA. Error: The gdelt api returned a non-successful statuscode. This is the response message: Please limit requests to one every 5 seconds or contact kalev.leetaru5@gmail.com for larger queries.
[2024-12-20T11:32:47.899+0000] {logging_mixin.py:190} INFO - Fetching news from 2024-05-04 to 2024-05-05 for JA...
[2024-12-20T11:32:48.778+0000] {logging_mixin.py:190} INFO - Error fetching data for date: 2024-05-04 and country: JA. Error: The gdelt api returned a non-successful statuscode. This is the response message: Please limit requests to one every 5 seconds or contact kalev.leetaru5@gmail.com for larger queries.
[2024-12-20T11:32:51.779+0000] {logging_mixin.py:190} INFO - Fetching news from 2024-05-05 to 2024-05-06 for JA...
[2024-12-20T11:32:52.624+0000] {logging_mixin.py:190} INFO - Error fetching data for date: 2024-05-05 and country: JA. Error: The gdelt api returned a non-successful statuscode. This is the response message: Please limit requests to one every 5 seconds or contact kalev.leetaru5@gmail.com for larger queries.
[2024-12-20T11:32:55.626+0000] {logging_mixin.py:190} INFO - Fetching news from 2024-05-06 to 2024-05-07 for JA...
[2024-12-20T11:32:55.800+0000] {local_task_job_runner.py:346} WARNING - State of this instance has been externally set to restarting. Terminating instance.
[2024-12-20T11:32:55.803+0000] {local_task_job_runner.py:245} INFO - ::endgroup::
[2024-12-20T11:32:55.806+0000] {process_utils.py:132} INFO - Sending 15 to group 140. PIDs of all processes in the group: [140]
[2024-12-20T11:32:55.807+0000] {process_utils.py:87} INFO - Sending the signal 15 to group 140
[2024-12-20T11:32:55.809+0000] {taskinstance.py:3093} ERROR - Received SIGTERM. Terminating subprocesses.
[2024-12-20T11:32:55.810+0000] {connection.py:789} INFO - closed
[2024-12-20T11:32:56.107+0000] {connection.py:795} INFO - No async queries seem to be running, deleting session
[2024-12-20T11:32:56.161+0000] {taskinstance.py:3311} ERROR - Task failed with exception
Traceback (most recent call last):
  File "/home/airflow/.local/lib/python3.12/site-packages/airflow/models/taskinstance.py", line 767, in _execute_task
    result = _execute_callable(context=context, **execute_callable_kwargs)
             ^^^^^^^^^^^^^^^^^^^^^^^^^^^^^^^^^^^^^^^^^^^^^^^^^^^^^^^^^^^^^
  File "/home/airflow/.local/lib/python3.12/site-packages/airflow/models/taskinstance.py", line 733, in _execute_callable
    return ExecutionCallableRunner(
           ^^^^^^^^^^^^^^^^^^^^^^^^
  File "/home/airflow/.local/lib/python3.12/site-packages/airflow/utils/operator_helpers.py", line 252, in run
    return self.func(*args, **kwargs)
           ^^^^^^^^^^^^^^^^^^^^^^^^^^
  File "/home/airflow/.local/lib/python3.12/site-packages/airflow/models/baseoperator.py", line 422, in wrapper
    return func(self, *args, **kwargs)
           ^^^^^^^^^^^^^^^^^^^^^^^^^^^
  File "/home/airflow/.local/lib/python3.12/site-packages/airflow/operators/python.py", line 238, in execute
    return_value = self.execute_callable()
                   ^^^^^^^^^^^^^^^^^^^^^^^
  File "/home/airflow/.local/lib/python3.12/site-packages/airflow/operators/python.py", line 256, in execute_callable
    return runner.run(*self.op_args, **self.op_kwargs)
           ^^^^^^^^^^^^^^^^^^^^^^^^^^^^^^^^^^^^^^^^^^^
  File "/home/airflow/.local/lib/python3.12/site-packages/airflow/utils/operator_helpers.py", line 252, in run
    return self.func(*args, **kwargs)
           ^^^^^^^^^^^^^^^^^^^^^^^^^^
  File "/opt/airflow/dags/snowflake_connector_dag.py", line 64, in fetch_and_insert_news_for_countries
    articles = gd.article_search(filters)
               ^^^^^^^^^^^^^^^^^^^^^^^^^^
  File "/home/airflow/.local/lib/python3.12/site-packages/gdeltdoc/api_client.py", line 79, in article_search
    articles = self._query("artlist", filters.query_string)
               ^^^^^^^^^^^^^^^^^^^^^^^^^^^^^^^^^^^^^^^^^^^^
  File "/home/airflow/.local/lib/python3.12/site-packages/gdeltdoc/api_client.py", line 155, in _query
    response = requests.get(
               ^^^^^^^^^^^^^
  File "/home/airflow/.local/lib/python3.12/site-packages/requests/api.py", line 73, in get
    return request("get", url, params=params, **kwargs)
           ^^^^^^^^^^^^^^^^^^^^^^^^^^^^^^^^^^^^^^^^^^^^
  File "/home/airflow/.local/lib/python3.12/site-packages/requests/api.py", line 59, in request
    return session.request(method=method, url=url, **kwargs)
           ^^^^^^^^^^^^^^^^^^^^^^^^^^^^^^^^^^^^^^^^^^^^^^^^^
  File "/home/airflow/.local/lib/python3.12/site-packages/requests/sessions.py", line 589, in request
    resp = self.send(prep, **send_kwargs)
           ^^^^^^^^^^^^^^^^^^^^^^^^^^^^^^
  File "/home/airflow/.local/lib/python3.12/site-packages/requests/sessions.py", line 703, in send
    r = adapter.send(request, **kwargs)
        ^^^^^^^^^^^^^^^^^^^^^^^^^^^^^^^
  File "/home/airflow/.local/lib/python3.12/site-packages/requests/adapters.py", line 667, in send
    resp = conn.urlopen(
           ^^^^^^^^^^^^^
  File "/home/airflow/.local/lib/python3.12/site-packages/urllib3/connectionpool.py", line 789, in urlopen
    response = self._make_request(
               ^^^^^^^^^^^^^^^^^^^
  File "/home/airflow/.local/lib/python3.12/site-packages/urllib3/connectionpool.py", line 466, in _make_request
    self._validate_conn(conn)
  File "/home/airflow/.local/lib/python3.12/site-packages/urllib3/connectionpool.py", line 1095, in _validate_conn
    conn.connect()
  File "/home/airflow/.local/lib/python3.12/site-packages/urllib3/connection.py", line 693, in connect
    self.sock = sock = self._new_conn()
                       ^^^^^^^^^^^^^^^^
  File "/home/airflow/.local/lib/python3.12/site-packages/urllib3/connection.py", line 199, in _new_conn
    sock = connection.create_connection(
           ^^^^^^^^^^^^^^^^^^^^^^^^^^^^^
  File "/home/airflow/.local/lib/python3.12/site-packages/urllib3/util/connection.py", line 73, in create_connection
    sock.connect(sa)
  File "/home/airflow/.local/lib/python3.12/site-packages/airflow/models/taskinstance.py", line 3095, in signal_handler
    raise AirflowTaskTerminated("Task received SIGTERM signal")
airflow.exceptions.AirflowTaskTerminated: Task received SIGTERM signal
[2024-12-20T11:32:56.189+0000] {taskinstance.py:1225} INFO - Marking task as UP_FOR_RETRY. dag_id=fetch_and_insert_news, task_id=fetch_and_insert_news_all_countries, run_id=scheduled__2024-12-19T00:00:00+00:00, execution_date=20241219T000000, start_date=20241220T112912, end_date=20241220T113256
[2024-12-20T11:32:56.212+0000] {taskinstance.py:340} INFO - ::group::Post task execution logs
[2024-12-20T11:32:56.263+0000] {process_utils.py:80} INFO - Process psutil.Process(pid=140, status='terminated', exitcode=2, started='11:29:12') (140) terminated with exit code 2
