[2024-12-20T12:38:54.818+0000] {local_task_job_runner.py:123} INFO - ::group::Pre task execution logs
[2024-12-20T12:38:54.846+0000] {taskinstance.py:2613} INFO - Dependencies all met for dep_context=non-requeueable deps ti=<TaskInstance: fetch_and_insert_news.fetch_and_insert_news_all_countries manual__2024-12-20T12:38:49.723224+00:00 [queued]>
[2024-12-20T12:38:54.861+0000] {taskinstance.py:2613} INFO - Dependencies all met for dep_context=requeueable deps ti=<TaskInstance: fetch_and_insert_news.fetch_and_insert_news_all_countries manual__2024-12-20T12:38:49.723224+00:00 [queued]>
[2024-12-20T12:38:54.862+0000] {taskinstance.py:2866} INFO - Starting attempt 1 of 2
[2024-12-20T12:38:54.883+0000] {taskinstance.py:2889} INFO - Executing <Task(PythonOperator): fetch_and_insert_news_all_countries> on 2024-12-20 12:38:49.723224+00:00
[2024-12-20T12:38:54.893+0000] {warnings.py:112} WARNING - /home/***/.local/lib/python3.12/site-packages/***/task/task_runner/standard_task_runner.py:70: DeprecationWarning: This process (pid=1014) is multi-threaded, use of fork() may lead to deadlocks in the child.
  pid = os.fork()

[2024-12-20T12:38:54.895+0000] {standard_task_runner.py:72} INFO - Started process 1016 to run task
[2024-12-20T12:38:54.895+0000] {standard_task_runner.py:104} INFO - Running: ['***', 'tasks', 'run', 'fetch_and_insert_news', 'fetch_and_insert_news_all_countries', 'manual__2024-12-20T12:38:49.723224+00:00', '--job-id', '16', '--raw', '--subdir', 'DAGS_FOLDER/snowflake_connector_dag.py', '--cfg-path', '/tmp/tmpz5ndql__']
[2024-12-20T12:38:54.898+0000] {standard_task_runner.py:105} INFO - Job 16: Subtask fetch_and_insert_news_all_countries
[2024-12-20T12:38:54.977+0000] {task_command.py:467} INFO - Running <TaskInstance: fetch_and_insert_news.fetch_and_insert_news_all_countries manual__2024-12-20T12:38:49.723224+00:00 [running]> on host 4fe538676cbc
[2024-12-20T12:38:55.106+0000] {taskinstance.py:3132} INFO - Exporting env vars: AIRFLOW_CTX_DAG_OWNER='srush' AIRFLOW_CTX_DAG_ID='fetch_and_insert_news' AIRFLOW_CTX_TASK_ID='fetch_and_insert_news_all_countries' AIRFLOW_CTX_EXECUTION_DATE='2024-12-20T12:38:49.723224+00:00' AIRFLOW_CTX_TRY_NUMBER='1' AIRFLOW_CTX_DAG_RUN_ID='manual__2024-12-20T12:38:49.723224+00:00'
[2024-12-20T12:38:55.109+0000] {taskinstance.py:731} INFO - ::endgroup::
[2024-12-20T12:38:55.148+0000] {base.py:84} INFO - Retrieving connection 'snowflake_con'
[2024-12-20T12:38:55.150+0000] {connection.py:414} INFO - Snowflake Connector for Python Version: 3.12.4, Python Version: 3.12.8, Platform: Linux-5.15.167.4-microsoft-standard-WSL2-x86_64-with-glibc2.36
[2024-12-20T12:38:55.152+0000] {connection.py:1197} INFO - Connecting to GLOBAL Snowflake domain
[2024-12-20T12:38:55.153+0000] {connection.py:1278} INFO - This connection is in OCSP Fail Open Mode. TLS Certificates would be checked for validity and revocation status. Any other Certificate Revocation related exceptions or OCSP Responder failures would be disregarded in favor of connectivity.
[2024-12-20T12:38:55.907+0000] {cursor.py:1166} INFO - Number of results in first chunk: 11
[2024-12-20T12:38:56.016+0000] {cursor.py:1166} INFO - Number of results in first chunk: 4
[2024-12-20T12:38:56.018+0000] {logging_mixin.py:190} INFO - Fetched Keywords: ['currency', 'forex', 'finance', 'disease', 'war', 'election', 'pandemic', 'inflation', 'bank', 'trade', 'treaty']
[2024-12-20T12:38:56.019+0000] {logging_mixin.py:190} INFO - Fetched Countries: ['JA', 'NZ', 'SZ', 'RS']
[2024-12-20T12:38:56.020+0000] {logging_mixin.py:190} INFO - Processing news for country: JA
[2024-12-20T12:39:01.022+0000] {logging_mixin.py:190} INFO - Fetching news from 2020-01-01 to 2020-01-02 for JA...
[2024-12-20T12:39:01.909+0000] {logging_mixin.py:190} INFO - Error fetching data for date: 2020-01-01 and country: JA. Error: The gdelt api returned a non-successful statuscode. This is the response message: Please limit requests to one every 5 seconds or contact kalev.leetaru5@gmail.com for larger queries.
[2024-12-20T12:39:06.911+0000] {logging_mixin.py:190} INFO - Fetching news from 2020-01-02 to 2020-01-03 for JA...
[2024-12-20T12:39:07.780+0000] {logging_mixin.py:190} INFO - Error fetching data for date: 2020-01-02 and country: JA. Error: The gdelt api returned a non-successful statuscode. This is the response message: Please limit requests to one every 5 seconds or contact kalev.leetaru5@gmail.com for larger queries.
[2024-12-20T12:39:12.782+0000] {logging_mixin.py:190} INFO - Fetching news from 2020-01-03 to 2020-01-04 for JA...
[2024-12-20T12:39:13.616+0000] {logging_mixin.py:190} INFO - Error fetching data for date: 2020-01-03 and country: JA. Error: The gdelt api returned a non-successful statuscode. This is the response message: Please limit requests to one every 5 seconds or contact kalev.leetaru5@gmail.com for larger queries.
[2024-12-20T12:39:15.154+0000] {local_task_job_runner.py:346} WARNING - State of this instance has been externally set to failed. Terminating instance.
[2024-12-20T12:39:15.156+0000] {local_task_job_runner.py:245} INFO - ::endgroup::
[2024-12-20T12:39:15.158+0000] {process_utils.py:132} INFO - Sending 15 to group 1016. PIDs of all processes in the group: [1016]
[2024-12-20T12:39:15.159+0000] {process_utils.py:87} INFO - Sending the signal 15 to group 1016
[2024-12-20T12:39:15.160+0000] {taskinstance.py:3093} ERROR - Received SIGTERM. Terminating subprocesses.
[2024-12-20T12:39:15.161+0000] {connection.py:789} INFO - closed
[2024-12-20T12:39:15.190+0000] {connection.py:795} INFO - No async queries seem to be running, deleting session
[2024-12-20T12:39:15.250+0000] {taskinstance.py:340} INFO - ::group::Post task execution logs
[2024-12-20T12:39:15.293+0000] {process_utils.py:80} INFO - Process psutil.Process(pid=1016, status='terminated', exitcode=0, started='12:38:54') (1016) terminated with exit code 0
