[2024-12-17T10:18:57.950+0000] {local_task_job_runner.py:123} INFO - ::group::Pre task execution logs
[2024-12-17T10:18:57.994+0000] {taskinstance.py:2613} INFO - Dependencies all met for dep_context=non-requeueable deps ti=<TaskInstance: my_first_dag_v3.first_task scheduled__2024-12-16T00:48:00+00:00 [queued]>
[2024-12-17T10:18:58.017+0000] {taskinstance.py:2613} INFO - Dependencies all met for dep_context=requeueable deps ti=<TaskInstance: my_first_dag_v3.first_task scheduled__2024-12-16T00:48:00+00:00 [queued]>
[2024-12-17T10:18:58.018+0000] {taskinstance.py:2866} INFO - Starting attempt 1 of 6
[2024-12-17T10:18:58.177+0000] {taskinstance.py:2889} INFO - Executing <Task(BashOperator): first_task> on 2024-12-16 00:48:00+00:00
[2024-12-17T10:18:58.188+0000] {warnings.py:112} WARNING - /home/***/.local/lib/python3.12/site-packages/***/task/task_runner/standard_task_runner.py:70: DeprecationWarning: This process (pid=1851) is multi-threaded, use of fork() may lead to deadlocks in the child.
  pid = os.fork()

[2024-12-17T10:18:58.191+0000] {standard_task_runner.py:72} INFO - Started process 1859 to run task
[2024-12-17T10:18:58.195+0000] {standard_task_runner.py:104} INFO - Running: ['***', 'tasks', 'run', 'my_first_dag_v3', 'first_task', 'scheduled__2024-12-16T00:48:00+00:00', '--job-id', '174', '--raw', '--subdir', 'DAGS_FOLDER/my_first_dag.py', '--cfg-path', '/tmp/tmpdb81c1zt']
[2024-12-17T10:18:58.198+0000] {standard_task_runner.py:105} INFO - Job 174: Subtask first_task
[2024-12-17T10:18:58.320+0000] {task_command.py:467} INFO - Running <TaskInstance: my_first_dag_v3.first_task scheduled__2024-12-16T00:48:00+00:00 [running]> on host 8348eb091483
[2024-12-17T10:18:58.517+0000] {taskinstance.py:3132} INFO - Exporting env vars: AIRFLOW_CTX_DAG_OWNER='srush' AIRFLOW_CTX_DAG_ID='my_first_dag_v3' AIRFLOW_CTX_TASK_ID='first_task' AIRFLOW_CTX_EXECUTION_DATE='2024-12-16T00:48:00+00:00' AIRFLOW_CTX_TRY_NUMBER='1' AIRFLOW_CTX_DAG_RUN_ID='scheduled__2024-12-16T00:48:00+00:00'
[2024-12-17T10:18:58.522+0000] {taskinstance.py:731} INFO - ::endgroup::
[2024-12-17T10:18:58.559+0000] {subprocess.py:78} INFO - Tmp dir root location: /tmp
[2024-12-17T10:18:58.563+0000] {subprocess.py:88} INFO - Running command: ['/usr/bin/bash', '-c', 'echo hello world']
[2024-12-17T10:18:58.612+0000] {subprocess.py:99} INFO - Output:
[2024-12-17T10:18:58.618+0000] {subprocess.py:106} INFO - hello world
[2024-12-17T10:18:58.620+0000] {subprocess.py:110} INFO - Command exited with return code 0
[2024-12-17T10:18:58.690+0000] {taskinstance.py:340} INFO - ::group::Post task execution logs
[2024-12-17T10:18:58.693+0000] {taskinstance.py:352} INFO - Marking task as SUCCESS. dag_id=my_first_dag_v3, task_id=first_task, run_id=scheduled__2024-12-16T00:48:00+00:00, execution_date=20241216T004800, start_date=20241217T101857, end_date=20241217T101858
[2024-12-17T10:18:58.781+0000] {local_task_job_runner.py:266} INFO - Task exited with return code 0
[2024-12-17T10:18:58.831+0000] {local_task_job_runner.py:245} INFO - ::endgroup::
