[2024-12-17T11:56:30.598+0000] {local_task_job_runner.py:123} INFO - ::group::Pre task execution logs
[2024-12-17T11:56:30.650+0000] {taskinstance.py:2613} INFO - Dependencies all met for dep_context=non-requeueable deps ti=<TaskInstance: Our_first_dag_using_python_operator_v2.greet scheduled__2024-12-17T05:46:00+00:00 [queued]>
[2024-12-17T11:56:30.682+0000] {taskinstance.py:2613} INFO - Dependencies all met for dep_context=requeueable deps ti=<TaskInstance: Our_first_dag_using_python_operator_v2.greet scheduled__2024-12-17T05:46:00+00:00 [queued]>
[2024-12-17T11:56:30.696+0000] {taskinstance.py:2866} INFO - Starting attempt 1 of 6
[2024-12-17T11:56:30.748+0000] {taskinstance.py:2889} INFO - Executing <Task(PythonOperator): greet> on 2024-12-17 05:46:00+00:00
[2024-12-17T11:56:30.777+0000] {warnings.py:112} WARNING - /home/***/.local/lib/python3.12/site-packages/***/task/task_runner/standard_task_runner.py:70: DeprecationWarning: This process (pid=7769) is multi-threaded, use of fork() may lead to deadlocks in the child.
  pid = os.fork()

[2024-12-17T11:56:30.785+0000] {standard_task_runner.py:72} INFO - Started process 7781 to run task
[2024-12-17T11:56:30.800+0000] {standard_task_runner.py:104} INFO - Running: ['***', 'tasks', 'run', 'Our_first_dag_using_python_operator_v2', 'greet', 'scheduled__2024-12-17T05:46:00+00:00', '--job-id', '1710', '--raw', '--subdir', 'DAGS_FOLDER/create_dag_with_python.py', '--cfg-path', '/tmp/tmpheg1byop']
[2024-12-17T11:56:30.805+0000] {standard_task_runner.py:105} INFO - Job 1710: Subtask greet
[2024-12-17T11:56:30.995+0000] {task_command.py:467} INFO - Running <TaskInstance: Our_first_dag_using_python_operator_v2.greet scheduled__2024-12-17T05:46:00+00:00 [running]> on host 8348eb091483
[2024-12-17T11:56:31.384+0000] {taskinstance.py:3132} INFO - Exporting env vars: AIRFLOW_CTX_DAG_OWNER='srush' AIRFLOW_CTX_DAG_ID='Our_first_dag_using_python_operator_v2' AIRFLOW_CTX_TASK_ID='greet' AIRFLOW_CTX_EXECUTION_DATE='2024-12-17T05:46:00+00:00' AIRFLOW_CTX_TRY_NUMBER='1' AIRFLOW_CTX_DAG_RUN_ID='scheduled__2024-12-17T05:46:00+00:00'
[2024-12-17T11:56:31.386+0000] {taskinstance.py:731} INFO - ::endgroup::
[2024-12-17T11:56:31.470+0000] {logging_mixin.py:190} INFO - Hello World! My name is Jerry, I am 20 years old
[2024-12-17T11:56:31.475+0000] {python.py:240} INFO - Done. Returned value was: None
[2024-12-17T11:56:31.541+0000] {taskinstance.py:340} INFO - ::group::Post task execution logs
[2024-12-17T11:56:31.547+0000] {taskinstance.py:352} INFO - Marking task as SUCCESS. dag_id=Our_first_dag_using_python_operator_v2, task_id=greet, run_id=scheduled__2024-12-17T05:46:00+00:00, execution_date=20241217T054600, start_date=20241217T115630, end_date=20241217T115631
[2024-12-17T11:56:31.690+0000] {local_task_job_runner.py:266} INFO - Task exited with return code 0
[2024-12-17T11:56:31.738+0000] {taskinstance.py:3895} INFO - 0 downstream tasks scheduled from follow-on schedule check
[2024-12-17T11:56:31.745+0000] {local_task_job_runner.py:245} INFO - ::endgroup::
