[2024-12-23T05:34:42.616+0000] {local_task_job_runner.py:123} INFO - ::group::Pre task execution logs
[2024-12-23T05:34:42.641+0000] {taskinstance.py:2613} INFO - Dependencies all met for dep_context=non-requeueable deps ti=<TaskInstance: fetch_and_insert_news.fetch_and_insert_news_all_countries manual__2024-12-23T05:34:40.343710+00:00 [queued]>
[2024-12-23T05:34:42.652+0000] {taskinstance.py:2613} INFO - Dependencies all met for dep_context=requeueable deps ti=<TaskInstance: fetch_and_insert_news.fetch_and_insert_news_all_countries manual__2024-12-23T05:34:40.343710+00:00 [queued]>
[2024-12-23T05:34:42.654+0000] {taskinstance.py:2866} INFO - Starting attempt 1 of 2
[2024-12-23T05:34:42.675+0000] {taskinstance.py:2889} INFO - Executing <Task(PythonOperator): fetch_and_insert_news_all_countries> on 2024-12-23 05:34:40.343710+00:00
[2024-12-23T05:34:42.684+0000] {warnings.py:112} WARNING - /home/***/.local/lib/python3.12/site-packages/***/task/task_runner/standard_task_runner.py:70: DeprecationWarning: This process (pid=50088) is multi-threaded, use of fork() may lead to deadlocks in the child.
  pid = os.fork()

[2024-12-23T05:34:42.686+0000] {standard_task_runner.py:72} INFO - Started process 50090 to run task
[2024-12-23T05:34:42.687+0000] {standard_task_runner.py:104} INFO - Running: ['***', 'tasks', 'run', 'fetch_and_insert_news', 'fetch_and_insert_news_all_countries', 'manual__2024-12-23T05:34:40.343710+00:00', '--job-id', '26', '--raw', '--subdir', 'DAGS_FOLDER/snowflake_connector_dag.py', '--cfg-path', '/tmp/tmpjglgtwzd']
[2024-12-23T05:34:42.691+0000] {standard_task_runner.py:105} INFO - Job 26: Subtask fetch_and_insert_news_all_countries
[2024-12-23T05:34:42.754+0000] {task_command.py:467} INFO - Running <TaskInstance: fetch_and_insert_news.fetch_and_insert_news_all_countries manual__2024-12-23T05:34:40.343710+00:00 [running]> on host 4fe538676cbc
[2024-12-23T05:34:42.879+0000] {taskinstance.py:3132} INFO - Exporting env vars: AIRFLOW_CTX_DAG_OWNER='srush' AIRFLOW_CTX_DAG_ID='fetch_and_insert_news' AIRFLOW_CTX_TASK_ID='fetch_and_insert_news_all_countries' AIRFLOW_CTX_EXECUTION_DATE='2024-12-23T05:34:40.343710+00:00' AIRFLOW_CTX_TRY_NUMBER='1' AIRFLOW_CTX_DAG_RUN_ID='manual__2024-12-23T05:34:40.343710+00:00'
[2024-12-23T05:34:42.880+0000] {taskinstance.py:731} INFO - ::endgroup::
[2024-12-23T05:34:42.914+0000] {base.py:84} INFO - Retrieving connection 'snowflake_con'
[2024-12-23T05:34:42.916+0000] {connection.py:414} INFO - Snowflake Connector for Python Version: 3.12.4, Python Version: 3.12.8, Platform: Linux-5.15.167.4-microsoft-standard-WSL2-x86_64-with-glibc2.36
[2024-12-23T05:34:42.918+0000] {connection.py:1197} INFO - Connecting to GLOBAL Snowflake domain
[2024-12-23T05:34:42.918+0000] {connection.py:1278} INFO - This connection is in OCSP Fail Open Mode. TLS Certificates would be checked for validity and revocation status. Any other Certificate Revocation related exceptions or OCSP Responder failures would be disregarded in favor of connectivity.
[2024-12-23T05:34:43.517+0000] {cursor.py:1166} INFO - Number of results in first chunk: 11
[2024-12-23T05:34:43.596+0000] {cursor.py:1166} INFO - Number of results in first chunk: 5
[2024-12-23T05:34:43.598+0000] {logging_mixin.py:190} INFO - Fetched Keywords: ['currency', 'forex', 'finance', 'disease', 'war', 'election', 'pandemic', 'inflation', 'bank', 'trade', 'treaty']
[2024-12-23T05:34:43.598+0000] {logging_mixin.py:190} INFO - Fetched Countries: ['RS', 'AE']
[2024-12-23T05:34:43.599+0000] {logging_mixin.py:190} INFO - Processing news for country: RS
[2024-12-23T05:34:48.601+0000] {logging_mixin.py:190} INFO - Fetching news from 2020-01-30 to 2020-01-31 for RS...
[2024-12-23T05:34:57.266+0000] {logging_mixin.py:190} INFO - Inserted 250 articles into Snowflake table for RS.
[2024-12-23T05:35:02.268+0000] {logging_mixin.py:190} INFO - Fetching news from 2020-01-31 to 2020-02-01 for RS...
[2024-12-23T05:35:05.731+0000] {logging_mixin.py:190} INFO - Inserted 250 articles into Snowflake table for RS.
[2024-12-23T05:35:10.732+0000] {logging_mixin.py:190} INFO - Fetching news from 2020-02-01 to 2020-02-02 for RS...
[2024-12-23T05:35:13.641+0000] {logging_mixin.py:190} INFO - Inserted 250 articles into Snowflake table for RS.
[2024-12-23T05:35:18.642+0000] {logging_mixin.py:190} INFO - Fetching news from 2020-02-02 to 2020-02-03 for RS...
[2024-12-23T05:35:21.886+0000] {logging_mixin.py:190} INFO - Inserted 250 articles into Snowflake table for RS.
[2024-12-23T05:35:26.885+0000] {logging_mixin.py:190} INFO - Fetching news from 2020-02-03 to 2020-02-04 for RS...
[2024-12-23T05:35:29.891+0000] {logging_mixin.py:190} INFO - Inserted 250 articles into Snowflake table for RS.
[2024-12-23T05:35:34.892+0000] {logging_mixin.py:190} INFO - Fetching news from 2020-02-04 to 2020-02-05 for RS...
[2024-12-23T05:35:41.102+0000] {logging_mixin.py:190} INFO - Inserted 250 articles into Snowflake table for RS.
[2024-12-23T05:35:46.104+0000] {logging_mixin.py:190} INFO - Fetching news from 2020-02-05 to 2020-02-06 for RS...
[2024-12-23T05:35:49.086+0000] {logging_mixin.py:190} INFO - Inserted 250 articles into Snowflake table for RS.
[2024-12-23T05:35:54.088+0000] {logging_mixin.py:190} INFO - Fetching news from 2020-02-06 to 2020-02-07 for RS...
[2024-12-23T05:35:56.906+0000] {logging_mixin.py:190} INFO - Inserted 250 articles into Snowflake table for RS.
[2024-12-23T05:36:01.907+0000] {logging_mixin.py:190} INFO - Fetching news from 2020-02-07 to 2020-02-08 for RS...
[2024-12-23T05:36:05.062+0000] {logging_mixin.py:190} INFO - Inserted 250 articles into Snowflake table for RS.
[2024-12-23T05:36:10.064+0000] {logging_mixin.py:190} INFO - Fetching news from 2020-02-08 to 2020-02-09 for RS...
[2024-12-23T05:36:13.043+0000] {logging_mixin.py:190} INFO - Inserted 250 articles into Snowflake table for RS.
[2024-12-23T05:36:18.044+0000] {logging_mixin.py:190} INFO - Fetching news from 2020-02-09 to 2020-02-10 for RS...
[2024-12-23T05:36:20.891+0000] {logging_mixin.py:190} INFO - Inserted 250 articles into Snowflake table for RS.
[2024-12-23T05:36:25.891+0000] {logging_mixin.py:190} INFO - Fetching news from 2020-02-10 to 2020-02-11 for RS...
[2024-12-23T05:36:29.948+0000] {logging_mixin.py:190} INFO - Inserted 250 articles into Snowflake table for RS.
[2024-12-23T05:36:34.949+0000] {logging_mixin.py:190} INFO - Fetching news from 2020-02-11 to 2020-02-12 for RS...
[2024-12-23T05:36:37.911+0000] {logging_mixin.py:190} INFO - Inserted 250 articles into Snowflake table for RS.
[2024-12-23T05:36:42.913+0000] {logging_mixin.py:190} INFO - Fetching news from 2020-02-12 to 2020-02-13 for RS...
[2024-12-23T05:36:47.296+0000] {logging_mixin.py:190} INFO - Inserted 250 articles into Snowflake table for RS.
[2024-12-23T05:36:52.298+0000] {logging_mixin.py:190} INFO - Fetching news from 2020-02-13 to 2020-02-14 for RS...
[2024-12-23T05:36:55.245+0000] {logging_mixin.py:190} INFO - Inserted 250 articles into Snowflake table for RS.
[2024-12-23T05:37:00.247+0000] {logging_mixin.py:190} INFO - Fetching news from 2020-02-14 to 2020-02-15 for RS...
[2024-12-23T05:37:06.764+0000] {logging_mixin.py:190} INFO - Inserted 250 articles into Snowflake table for RS.
[2024-12-23T05:37:11.766+0000] {logging_mixin.py:190} INFO - Fetching news from 2020-02-15 to 2020-02-16 for RS...
[2024-12-23T05:37:18.024+0000] {logging_mixin.py:190} INFO - Inserted 250 articles into Snowflake table for RS.
[2024-12-23T05:37:23.026+0000] {logging_mixin.py:190} INFO - Fetching news from 2020-02-16 to 2020-02-17 for RS...
[2024-12-23T05:37:25.811+0000] {logging_mixin.py:190} INFO - Inserted 250 articles into Snowflake table for RS.
[2024-12-23T05:37:30.813+0000] {logging_mixin.py:190} INFO - Fetching news from 2020-02-17 to 2020-02-18 for RS...
[2024-12-23T05:37:33.887+0000] {logging_mixin.py:190} INFO - Inserted 250 articles into Snowflake table for RS.
[2024-12-23T05:37:38.888+0000] {logging_mixin.py:190} INFO - Fetching news from 2020-02-18 to 2020-02-19 for RS...
[2024-12-23T05:37:41.877+0000] {logging_mixin.py:190} INFO - Inserted 250 articles into Snowflake table for RS.
[2024-12-23T05:37:46.879+0000] {logging_mixin.py:190} INFO - Fetching news from 2020-02-19 to 2020-02-20 for RS...
[2024-12-23T05:37:50.177+0000] {logging_mixin.py:190} INFO - Inserted 250 articles into Snowflake table for RS.
[2024-12-23T05:37:55.177+0000] {logging_mixin.py:190} INFO - Fetching news from 2020-02-20 to 2020-02-21 for RS...
[2024-12-23T05:37:57.950+0000] {logging_mixin.py:190} INFO - Inserted 250 articles into Snowflake table for RS.
[2024-12-23T05:38:00.192+0000] {local_task_job_runner.py:346} WARNING - State of this instance has been externally set to failed. Terminating instance.
[2024-12-23T05:38:00.194+0000] {local_task_job_runner.py:245} INFO - ::endgroup::
[2024-12-23T05:38:00.196+0000] {process_utils.py:132} INFO - Sending 15 to group 50090. PIDs of all processes in the group: [50090]
[2024-12-23T05:38:00.196+0000] {process_utils.py:87} INFO - Sending the signal 15 to group 50090
[2024-12-23T05:38:00.197+0000] {taskinstance.py:3093} ERROR - Received SIGTERM. Terminating subprocesses.
[2024-12-23T05:38:00.198+0000] {connection.py:789} INFO - closed
[2024-12-23T05:38:00.237+0000] {connection.py:795} INFO - No async queries seem to be running, deleting session
[2024-12-23T05:38:00.328+0000] {taskinstance.py:340} INFO - ::group::Post task execution logs
[2024-12-23T05:38:00.370+0000] {process_utils.py:80} INFO - Process psutil.Process(pid=50090, status='terminated', exitcode=0, started='05:34:42') (50090) terminated with exit code 0
