[2024-12-17T11:35:54.798+0000] {local_task_job_runner.py:123} INFO - ::group::Pre task execution logs
[2024-12-17T11:35:54.834+0000] {taskinstance.py:2613} INFO - Dependencies all met for dep_context=non-requeueable deps ti=<TaskInstance: Our_first_dag_using_python_operator.greet scheduled__2024-12-17T10:07:00+00:00 [queued]>
[2024-12-17T11:35:54.858+0000] {taskinstance.py:2613} INFO - Dependencies all met for dep_context=requeueable deps ti=<TaskInstance: Our_first_dag_using_python_operator.greet scheduled__2024-12-17T10:07:00+00:00 [queued]>
[2024-12-17T11:35:54.859+0000] {taskinstance.py:2866} INFO - Starting attempt 1 of 6
[2024-12-17T11:35:54.897+0000] {taskinstance.py:2889} INFO - Executing <Task(PythonOperator): greet> on 2024-12-17 10:07:00+00:00
[2024-12-17T11:35:54.909+0000] {warnings.py:112} WARNING - /home/***/.local/lib/python3.12/site-packages/***/task/task_runner/standard_task_runner.py:70: DeprecationWarning: This process (pid=5082) is multi-threaded, use of fork() may lead to deadlocks in the child.
  pid = os.fork()

[2024-12-17T11:35:54.913+0000] {standard_task_runner.py:104} INFO - Running: ['***', 'tasks', 'run', 'Our_first_dag_using_python_operator', 'greet', 'scheduled__2024-12-17T10:07:00+00:00', '--job-id', '897', '--raw', '--subdir', 'DAGS_FOLDER/create_dag_with_python.py', '--cfg-path', '/tmp/tmpn_jurpy8']
[2024-12-17T11:35:54.915+0000] {standard_task_runner.py:72} INFO - Started process 5094 to run task
[2024-12-17T11:35:54.916+0000] {standard_task_runner.py:105} INFO - Job 897: Subtask greet
[2024-12-17T11:35:55.011+0000] {task_command.py:467} INFO - Running <TaskInstance: Our_first_dag_using_python_operator.greet scheduled__2024-12-17T10:07:00+00:00 [running]> on host 8348eb091483
[2024-12-17T11:35:55.218+0000] {taskinstance.py:3132} INFO - Exporting env vars: AIRFLOW_CTX_DAG_OWNER='srush' AIRFLOW_CTX_DAG_ID='Our_first_dag_using_python_operator' AIRFLOW_CTX_TASK_ID='greet' AIRFLOW_CTX_EXECUTION_DATE='2024-12-17T10:07:00+00:00' AIRFLOW_CTX_TRY_NUMBER='1' AIRFLOW_CTX_DAG_RUN_ID='scheduled__2024-12-17T10:07:00+00:00'
[2024-12-17T11:35:55.221+0000] {taskinstance.py:731} INFO - ::endgroup::
[2024-12-17T11:35:55.246+0000] {logging_mixin.py:190} INFO - Hello World! My name is Tom, I am 20 years old
[2024-12-17T11:35:55.247+0000] {python.py:240} INFO - Done. Returned value was: None
[2024-12-17T11:35:55.269+0000] {taskinstance.py:340} INFO - ::group::Post task execution logs
[2024-12-17T11:35:55.272+0000] {taskinstance.py:352} INFO - Marking task as SUCCESS. dag_id=Our_first_dag_using_python_operator, task_id=greet, run_id=scheduled__2024-12-17T10:07:00+00:00, execution_date=20241217T100700, start_date=20241217T113554, end_date=20241217T113555
[2024-12-17T11:35:55.334+0000] {local_task_job_runner.py:266} INFO - Task exited with return code 0
[2024-12-17T11:35:55.364+0000] {taskinstance.py:3895} INFO - 0 downstream tasks scheduled from follow-on schedule check
[2024-12-17T11:35:55.371+0000] {local_task_job_runner.py:245} INFO - ::endgroup::
