[2024-12-17T10:49:46.884+0000] {local_task_job_runner.py:123} INFO - ::group::Pre task execution logs
[2024-12-17T10:49:46.945+0000] {taskinstance.py:2613} INFO - Dependencies all met for dep_context=non-requeueable deps ti=<TaskInstance: Our_first_dag_using_python_operator.greet scheduled__2024-12-17T06:57:00+00:00 [queued]>
[2024-12-17T10:49:47.010+0000] {taskinstance.py:2613} INFO - Dependencies all met for dep_context=requeueable deps ti=<TaskInstance: Our_first_dag_using_python_operator.greet scheduled__2024-12-17T06:57:00+00:00 [queued]>
[2024-12-17T10:49:47.012+0000] {taskinstance.py:2866} INFO - Starting attempt 1 of 6
[2024-12-17T10:49:47.080+0000] {taskinstance.py:2889} INFO - Executing <Task(PythonOperator): greet> on 2024-12-17 06:57:00+00:00
[2024-12-17T10:49:47.099+0000] {warnings.py:112} WARNING - /home/***/.local/lib/python3.12/site-packages/***/task/task_runner/standard_task_runner.py:70: DeprecationWarning: This process (pid=3938) is multi-threaded, use of fork() may lead to deadlocks in the child.
  pid = os.fork()

[2024-12-17T10:49:47.102+0000] {standard_task_runner.py:72} INFO - Started process 3947 to run task
[2024-12-17T10:49:47.112+0000] {standard_task_runner.py:104} INFO - Running: ['***', 'tasks', 'run', 'Our_first_dag_using_python_operator', 'greet', 'scheduled__2024-12-17T06:57:00+00:00', '--job-id', '707', '--raw', '--subdir', 'DAGS_FOLDER/create_dag_with_python.py', '--cfg-path', '/tmp/tmpo03qtcsd']
[2024-12-17T10:49:47.116+0000] {standard_task_runner.py:105} INFO - Job 707: Subtask greet
[2024-12-17T10:49:47.291+0000] {task_command.py:467} INFO - Running <TaskInstance: Our_first_dag_using_python_operator.greet scheduled__2024-12-17T06:57:00+00:00 [running]> on host 8348eb091483
[2024-12-17T10:49:47.590+0000] {taskinstance.py:3132} INFO - Exporting env vars: AIRFLOW_CTX_DAG_OWNER='srush' AIRFLOW_CTX_DAG_ID='Our_first_dag_using_python_operator' AIRFLOW_CTX_TASK_ID='greet' AIRFLOW_CTX_EXECUTION_DATE='2024-12-17T06:57:00+00:00' AIRFLOW_CTX_TRY_NUMBER='1' AIRFLOW_CTX_DAG_RUN_ID='scheduled__2024-12-17T06:57:00+00:00'
[2024-12-17T10:49:47.594+0000] {taskinstance.py:731} INFO - ::endgroup::
[2024-12-17T10:49:47.644+0000] {logging_mixin.py:190} INFO - Hello World! My name is {name}, I am {age} years old
[2024-12-17T10:49:47.646+0000] {python.py:240} INFO - Done. Returned value was: None
[2024-12-17T10:49:47.675+0000] {taskinstance.py:340} INFO - ::group::Post task execution logs
[2024-12-17T10:49:47.677+0000] {taskinstance.py:352} INFO - Marking task as SUCCESS. dag_id=Our_first_dag_using_python_operator, task_id=greet, run_id=scheduled__2024-12-17T06:57:00+00:00, execution_date=20241217T065700, start_date=20241217T104946, end_date=20241217T104947
[2024-12-17T10:49:47.791+0000] {local_task_job_runner.py:266} INFO - Task exited with return code 0
[2024-12-17T10:49:47.829+0000] {taskinstance.py:3895} INFO - 0 downstream tasks scheduled from follow-on schedule check
[2024-12-17T10:49:47.835+0000] {local_task_job_runner.py:245} INFO - ::endgroup::
