[2025-01-02T06:38:23.591+0000] {local_task_job_runner.py:123} INFO - ::group::Pre task execution logs
[2025-01-02T06:38:23.620+0000] {taskinstance.py:2613} INFO - Dependencies all met for dep_context=non-requeueable deps ti=<TaskInstance: fetch_and_transform_news_data.fetch_and_insert_news_all_countries manual__2025-01-02T06:38:20.659487+00:00 [queued]>
[2025-01-02T06:38:23.638+0000] {taskinstance.py:2613} INFO - Dependencies all met for dep_context=requeueable deps ti=<TaskInstance: fetch_and_transform_news_data.fetch_and_insert_news_all_countries manual__2025-01-02T06:38:20.659487+00:00 [queued]>
[2025-01-02T06:38:23.639+0000] {taskinstance.py:2866} INFO - Starting attempt 1 of 2
[2025-01-02T06:38:23.666+0000] {taskinstance.py:2889} INFO - Executing <Task(PythonOperator): fetch_and_insert_news_all_countries> on 2025-01-02 06:38:20.659487+00:00
[2025-01-02T06:38:23.677+0000] {warnings.py:112} WARNING - /home/***/.local/lib/python3.12/site-packages/***/task/task_runner/standard_task_runner.py:70: DeprecationWarning: This process (pid=178) is multi-threaded, use of fork() may lead to deadlocks in the child.
  pid = os.fork()

[2025-01-02T06:38:23.681+0000] {standard_task_runner.py:72} INFO - Started process 180 to run task
[2025-01-02T06:38:23.681+0000] {standard_task_runner.py:104} INFO - Running: ['***', 'tasks', 'run', 'fetch_and_transform_news_data', 'fetch_and_insert_news_all_countries', 'manual__2025-01-02T06:38:20.659487+00:00', '--job-id', '82', '--raw', '--subdir', 'DAGS_FOLDER/fetch_and_transform_news.py', '--cfg-path', '/tmp/tmp6xnp1bet']
[2025-01-02T06:38:23.685+0000] {standard_task_runner.py:105} INFO - Job 82: Subtask fetch_and_insert_news_all_countries
[2025-01-02T06:38:23.762+0000] {task_command.py:467} INFO - Running <TaskInstance: fetch_and_transform_news_data.fetch_and_insert_news_all_countries manual__2025-01-02T06:38:20.659487+00:00 [running]> on host 4fe538676cbc
[2025-01-02T06:38:23.912+0000] {taskinstance.py:3132} INFO - Exporting env vars: AIRFLOW_CTX_DAG_OWNER='***' AIRFLOW_CTX_DAG_ID='fetch_and_transform_news_data' AIRFLOW_CTX_TASK_ID='fetch_and_insert_news_all_countries' AIRFLOW_CTX_EXECUTION_DATE='2025-01-02T06:38:20.659487+00:00' AIRFLOW_CTX_TRY_NUMBER='1' AIRFLOW_CTX_DAG_RUN_ID='manual__2025-01-02T06:38:20.659487+00:00'
[2025-01-02T06:38:23.916+0000] {taskinstance.py:731} INFO - ::endgroup::
[2025-01-02T06:38:23.953+0000] {base.py:84} INFO - Retrieving connection 'snowflake_con'
[2025-01-02T06:38:23.955+0000] {connection.py:414} INFO - Snowflake Connector for Python Version: 3.12.4, Python Version: 3.12.8, Platform: Linux-5.15.167.4-microsoft-standard-WSL2-x86_64-with-glibc2.36
[2025-01-02T06:38:23.957+0000] {connection.py:1197} INFO - Connecting to GLOBAL Snowflake domain
[2025-01-02T06:38:23.958+0000] {connection.py:1278} INFO - This connection is in OCSP Fail Open Mode. TLS Certificates would be checked for validity and revocation status. Any other Certificate Revocation related exceptions or OCSP Responder failures would be disregarded in favor of connectivity.
[2025-01-02T06:38:25.936+0000] {cursor.py:1166} INFO - Number of results in first chunk: 11
[2025-01-02T06:38:26.301+0000] {cursor.py:1166} INFO - Number of results in first chunk: 3
[2025-01-02T06:38:26.303+0000] {logging_mixin.py:190} INFO - Fetched Keywords: ['currency', 'forex', 'finance', 'disease', 'war', 'election', 'pandemic', 'inflation', 'bank', 'trade', 'treaty']
[2025-01-02T06:38:26.305+0000] {logging_mixin.py:190} INFO - Fetched Countries: ['AE', 'AS', 'CH']
[2025-01-02T06:38:26.306+0000] {logging_mixin.py:190} INFO - Processing news for country: AE
[2025-01-02T06:38:26.704+0000] {cursor.py:1166} INFO - Number of results in first chunk: 1
[2025-01-02T06:38:26.705+0000] {logging_mixin.py:190} INFO - 2023-01-22
[2025-01-02T06:38:26.707+0000] {logging_mixin.py:190} INFO - 2023-01-22
[2025-01-02T06:38:31.710+0000] {logging_mixin.py:190} INFO - Fetching news from 2023-01-22 to 2023-01-23 for AE...
[2025-01-02T06:38:34.749+0000] {logging_mixin.py:190} INFO - Inserted 186 articles into Snowflake table 'NEWS_DATA' for AE.
[2025-01-02T06:38:35.675+0000] {cursor.py:1166} INFO - Number of results in first chunk: 1
[2025-01-02T06:38:35.676+0000] {logging_mixin.py:190} INFO - Proceeding to next date: 2023-01-23 00:00:00
[2025-01-02T06:38:40.678+0000] {logging_mixin.py:190} INFO - Fetching news from 2023-01-23 to 2023-01-24 for AE...
[2025-01-02T06:38:43.745+0000] {logging_mixin.py:190} INFO - Inserted 244 articles into Snowflake table 'NEWS_DATA' for AE.
[2025-01-02T06:38:44.729+0000] {cursor.py:1166} INFO - Number of results in first chunk: 1
[2025-01-02T06:38:44.730+0000] {logging_mixin.py:190} INFO - Proceeding to next date: 2023-01-24 00:00:00
[2025-01-02T06:38:49.073+0000] {local_task_job_runner.py:346} WARNING - State of this instance has been externally set to restarting. Terminating instance.
[2025-01-02T06:38:49.078+0000] {local_task_job_runner.py:245} INFO - ::endgroup::
[2025-01-02T06:38:49.082+0000] {process_utils.py:132} INFO - Sending 15 to group 180. PIDs of all processes in the group: [180]
[2025-01-02T06:38:49.083+0000] {process_utils.py:87} INFO - Sending the signal 15 to group 180
[2025-01-02T06:38:49.084+0000] {taskinstance.py:3093} ERROR - Received SIGTERM. Terminating subprocesses.
[2025-01-02T06:38:49.086+0000] {connection.py:789} INFO - closed
[2025-01-02T06:38:49.395+0000] {connection.py:795} INFO - No async queries seem to be running, deleting session
[2025-01-02T06:38:49.762+0000] {taskinstance.py:340} INFO - ::group::Post task execution logs
[2025-01-02T06:38:49.836+0000] {process_utils.py:80} INFO - Process psutil.Process(pid=180, status='terminated', exitcode=0, started='06:38:22') (180) terminated with exit code 0
