[2024-12-24T12:32:55.936+0000] {processor.py:186} INFO - Started process (PID=39651) to work on /opt/airflow/dags/flatten.py
[2024-12-24T12:32:55.938+0000] {processor.py:914} INFO - Processing file /opt/airflow/dags/flatten.py for tasks to queue
[2024-12-24T12:32:55.941+0000] {logging_mixin.py:190} INFO - [2024-12-24T12:32:55.940+0000] {dagbag.py:588} INFO - Filling up the DagBag from /opt/airflow/dags/flatten.py
[2024-12-24T12:32:56.003+0000] {processor.py:925} INFO - DAG(s) 'forex_data_flatten' retrieved from /opt/airflow/dags/flatten.py
[2024-12-24T12:32:56.261+0000] {logging_mixin.py:190} INFO - [2024-12-24T12:32:56.258+0000] {override.py:1911} INFO - Created Permission View: can edit on DAG:forex_data_flatten
[2024-12-24T12:32:56.281+0000] {logging_mixin.py:190} INFO - [2024-12-24T12:32:56.281+0000] {override.py:1911} INFO - Created Permission View: can delete on DAG:forex_data_flatten
[2024-12-24T12:32:56.294+0000] {logging_mixin.py:190} INFO - [2024-12-24T12:32:56.294+0000] {override.py:1911} INFO - Created Permission View: can read on DAG:forex_data_flatten
[2024-12-24T12:32:56.312+0000] {logging_mixin.py:190} INFO - [2024-12-24T12:32:56.312+0000] {override.py:1911} INFO - Created Permission View: can create on DAG Run:forex_data_flatten
[2024-12-24T12:32:56.325+0000] {logging_mixin.py:190} INFO - [2024-12-24T12:32:56.324+0000] {override.py:1911} INFO - Created Permission View: can delete on DAG Run:forex_data_flatten
[2024-12-24T12:32:56.338+0000] {logging_mixin.py:190} INFO - [2024-12-24T12:32:56.338+0000] {override.py:1911} INFO - Created Permission View: can read on DAG Run:forex_data_flatten
[2024-12-24T12:32:56.352+0000] {logging_mixin.py:190} INFO - [2024-12-24T12:32:56.352+0000] {override.py:1911} INFO - Created Permission View: menu access on DAG Run:forex_data_flatten
[2024-12-24T12:32:56.354+0000] {logging_mixin.py:190} INFO - [2024-12-24T12:32:56.353+0000] {dag.py:3239} INFO - Sync 1 DAGs
[2024-12-24T12:32:56.371+0000] {logging_mixin.py:190} INFO - [2024-12-24T12:32:56.371+0000] {dag.py:3262} INFO - Creating ORM DAG for forex_data_flatten
[2024-12-24T12:32:56.373+0000] {logging_mixin.py:190} INFO - [2024-12-24T12:32:56.372+0000] {dag.py:4180} INFO - Setting next_dagrun for forex_data_flatten to None, run_after=None
[2024-12-24T12:32:56.416+0000] {processor.py:208} INFO - Processing /opt/airflow/dags/flatten.py took 0.491 seconds
[2024-12-24T12:33:27.212+0000] {processor.py:186} INFO - Started process (PID=39665) to work on /opt/airflow/dags/flatten.py
[2024-12-24T12:33:27.215+0000] {processor.py:914} INFO - Processing file /opt/airflow/dags/flatten.py for tasks to queue
[2024-12-24T12:33:27.219+0000] {logging_mixin.py:190} INFO - [2024-12-24T12:33:27.218+0000] {dagbag.py:588} INFO - Filling up the DagBag from /opt/airflow/dags/flatten.py
[2024-12-24T12:33:27.268+0000] {processor.py:925} INFO - DAG(s) 'forex_data_flatten' retrieved from /opt/airflow/dags/flatten.py
[2024-12-24T12:33:27.335+0000] {logging_mixin.py:190} INFO - [2024-12-24T12:33:27.335+0000] {dag.py:3239} INFO - Sync 1 DAGs
[2024-12-24T12:33:27.368+0000] {logging_mixin.py:190} INFO - [2024-12-24T12:33:27.366+0000] {dag.py:4180} INFO - Setting next_dagrun for forex_data_flatten to None, run_after=None
[2024-12-24T12:33:27.412+0000] {processor.py:208} INFO - Processing /opt/airflow/dags/flatten.py took 0.223 seconds
[2024-12-24T12:33:57.602+0000] {processor.py:186} INFO - Started process (PID=39680) to work on /opt/airflow/dags/flatten.py
[2024-12-24T12:33:57.604+0000] {processor.py:914} INFO - Processing file /opt/airflow/dags/flatten.py for tasks to queue
[2024-12-24T12:33:57.606+0000] {logging_mixin.py:190} INFO - [2024-12-24T12:33:57.606+0000] {dagbag.py:588} INFO - Filling up the DagBag from /opt/airflow/dags/flatten.py
[2024-12-24T12:33:57.637+0000] {processor.py:925} INFO - DAG(s) 'forex_data_flatten' retrieved from /opt/airflow/dags/flatten.py
[2024-12-24T12:33:57.680+0000] {logging_mixin.py:190} INFO - [2024-12-24T12:33:57.679+0000] {dag.py:3239} INFO - Sync 1 DAGs
[2024-12-24T12:33:57.704+0000] {logging_mixin.py:190} INFO - [2024-12-24T12:33:57.704+0000] {dag.py:4180} INFO - Setting next_dagrun for forex_data_flatten to None, run_after=None
[2024-12-24T12:33:57.748+0000] {processor.py:208} INFO - Processing /opt/airflow/dags/flatten.py took 0.158 seconds
[2024-12-24T12:34:27.851+0000] {processor.py:186} INFO - Started process (PID=39693) to work on /opt/airflow/dags/flatten.py
[2024-12-24T12:34:27.855+0000] {processor.py:914} INFO - Processing file /opt/airflow/dags/flatten.py for tasks to queue
[2024-12-24T12:34:27.858+0000] {logging_mixin.py:190} INFO - [2024-12-24T12:34:27.857+0000] {dagbag.py:588} INFO - Filling up the DagBag from /opt/airflow/dags/flatten.py
[2024-12-24T12:34:27.894+0000] {processor.py:925} INFO - DAG(s) 'forex_data_flatten' retrieved from /opt/airflow/dags/flatten.py
[2024-12-24T12:34:27.945+0000] {logging_mixin.py:190} INFO - [2024-12-24T12:34:27.944+0000] {dag.py:3239} INFO - Sync 1 DAGs
[2024-12-24T12:34:27.975+0000] {logging_mixin.py:190} INFO - [2024-12-24T12:34:27.975+0000] {dag.py:4180} INFO - Setting next_dagrun for forex_data_flatten to None, run_after=None
[2024-12-24T12:34:28.011+0000] {processor.py:208} INFO - Processing /opt/airflow/dags/flatten.py took 0.177 seconds
[2024-12-24T12:34:58.249+0000] {processor.py:186} INFO - Started process (PID=39707) to work on /opt/airflow/dags/flatten.py
[2024-12-24T12:34:58.251+0000] {processor.py:914} INFO - Processing file /opt/airflow/dags/flatten.py for tasks to queue
[2024-12-24T12:34:58.254+0000] {logging_mixin.py:190} INFO - [2024-12-24T12:34:58.254+0000] {dagbag.py:588} INFO - Filling up the DagBag from /opt/airflow/dags/flatten.py
[2024-12-24T12:34:58.287+0000] {processor.py:925} INFO - DAG(s) 'forex_data_flatten' retrieved from /opt/airflow/dags/flatten.py
[2024-12-24T12:34:58.341+0000] {logging_mixin.py:190} INFO - [2024-12-24T12:34:58.340+0000] {dag.py:3239} INFO - Sync 1 DAGs
[2024-12-24T12:34:58.382+0000] {logging_mixin.py:190} INFO - [2024-12-24T12:34:58.382+0000] {dag.py:4180} INFO - Setting next_dagrun for forex_data_flatten to None, run_after=None
[2024-12-24T12:34:58.438+0000] {processor.py:208} INFO - Processing /opt/airflow/dags/flatten.py took 0.201 seconds
[2024-12-24T12:35:28.564+0000] {processor.py:186} INFO - Started process (PID=39720) to work on /opt/airflow/dags/flatten.py
[2024-12-24T12:35:28.565+0000] {processor.py:914} INFO - Processing file /opt/airflow/dags/flatten.py for tasks to queue
[2024-12-24T12:35:28.567+0000] {logging_mixin.py:190} INFO - [2024-12-24T12:35:28.567+0000] {dagbag.py:588} INFO - Filling up the DagBag from /opt/airflow/dags/flatten.py
[2024-12-24T12:35:28.595+0000] {processor.py:925} INFO - DAG(s) 'forex_data_flatten' retrieved from /opt/airflow/dags/flatten.py
[2024-12-24T12:35:28.635+0000] {logging_mixin.py:190} INFO - [2024-12-24T12:35:28.634+0000] {dag.py:3239} INFO - Sync 1 DAGs
[2024-12-24T12:35:28.664+0000] {logging_mixin.py:190} INFO - [2024-12-24T12:35:28.663+0000] {dag.py:4180} INFO - Setting next_dagrun for forex_data_flatten to None, run_after=None
[2024-12-24T12:35:28.705+0000] {processor.py:208} INFO - Processing /opt/airflow/dags/flatten.py took 0.153 seconds
[2024-12-24T12:35:58.880+0000] {processor.py:186} INFO - Started process (PID=39735) to work on /opt/airflow/dags/flatten.py
[2024-12-24T12:35:58.881+0000] {processor.py:914} INFO - Processing file /opt/airflow/dags/flatten.py for tasks to queue
[2024-12-24T12:35:58.883+0000] {logging_mixin.py:190} INFO - [2024-12-24T12:35:58.883+0000] {dagbag.py:588} INFO - Filling up the DagBag from /opt/airflow/dags/flatten.py
[2024-12-24T12:35:58.909+0000] {processor.py:925} INFO - DAG(s) 'forex_data_flatten' retrieved from /opt/airflow/dags/flatten.py
[2024-12-24T12:35:58.945+0000] {logging_mixin.py:190} INFO - [2024-12-24T12:35:58.944+0000] {dag.py:3239} INFO - Sync 1 DAGs
[2024-12-24T12:35:58.967+0000] {logging_mixin.py:190} INFO - [2024-12-24T12:35:58.967+0000] {dag.py:4180} INFO - Setting next_dagrun for forex_data_flatten to None, run_after=None
[2024-12-24T12:35:59.000+0000] {processor.py:208} INFO - Processing /opt/airflow/dags/flatten.py took 0.131 seconds
[2024-12-24T12:36:29.090+0000] {processor.py:186} INFO - Started process (PID=39748) to work on /opt/airflow/dags/flatten.py
[2024-12-24T12:36:29.092+0000] {processor.py:914} INFO - Processing file /opt/airflow/dags/flatten.py for tasks to queue
[2024-12-24T12:36:29.094+0000] {logging_mixin.py:190} INFO - [2024-12-24T12:36:29.094+0000] {dagbag.py:588} INFO - Filling up the DagBag from /opt/airflow/dags/flatten.py
[2024-12-24T12:36:29.118+0000] {processor.py:925} INFO - DAG(s) 'forex_data_flatten' retrieved from /opt/airflow/dags/flatten.py
[2024-12-24T12:36:29.153+0000] {logging_mixin.py:190} INFO - [2024-12-24T12:36:29.153+0000] {dag.py:3239} INFO - Sync 1 DAGs
[2024-12-24T12:36:29.177+0000] {logging_mixin.py:190} INFO - [2024-12-24T12:36:29.176+0000] {dag.py:4180} INFO - Setting next_dagrun for forex_data_flatten to None, run_after=None
[2024-12-24T12:36:29.220+0000] {processor.py:208} INFO - Processing /opt/airflow/dags/flatten.py took 0.141 seconds
[2024-12-24T12:36:59.982+0000] {processor.py:186} INFO - Started process (PID=39762) to work on /opt/airflow/dags/flatten.py
[2024-12-24T12:36:59.983+0000] {processor.py:914} INFO - Processing file /opt/airflow/dags/flatten.py for tasks to queue
[2024-12-24T12:36:59.985+0000] {logging_mixin.py:190} INFO - [2024-12-24T12:36:59.985+0000] {dagbag.py:588} INFO - Filling up the DagBag from /opt/airflow/dags/flatten.py
[2024-12-24T12:37:00.010+0000] {processor.py:925} INFO - DAG(s) 'forex_data_flatten' retrieved from /opt/airflow/dags/flatten.py
[2024-12-24T12:37:00.048+0000] {logging_mixin.py:190} INFO - [2024-12-24T12:37:00.047+0000] {dag.py:3239} INFO - Sync 1 DAGs
[2024-12-24T12:37:00.067+0000] {logging_mixin.py:190} INFO - [2024-12-24T12:37:00.066+0000] {dag.py:4180} INFO - Setting next_dagrun for forex_data_flatten to None, run_after=None
[2024-12-24T12:37:00.104+0000] {processor.py:208} INFO - Processing /opt/airflow/dags/flatten.py took 0.132 seconds
[2024-12-24T12:37:30.195+0000] {processor.py:186} INFO - Started process (PID=39777) to work on /opt/airflow/dags/flatten.py
[2024-12-24T12:37:30.197+0000] {processor.py:914} INFO - Processing file /opt/airflow/dags/flatten.py for tasks to queue
[2024-12-24T12:37:30.198+0000] {logging_mixin.py:190} INFO - [2024-12-24T12:37:30.198+0000] {dagbag.py:588} INFO - Filling up the DagBag from /opt/airflow/dags/flatten.py
[2024-12-24T12:37:30.226+0000] {processor.py:925} INFO - DAG(s) 'forex_data_flatten' retrieved from /opt/airflow/dags/flatten.py
[2024-12-24T12:37:30.260+0000] {logging_mixin.py:190} INFO - [2024-12-24T12:37:30.260+0000] {dag.py:3239} INFO - Sync 1 DAGs
[2024-12-24T12:37:30.282+0000] {logging_mixin.py:190} INFO - [2024-12-24T12:37:30.282+0000] {dag.py:4180} INFO - Setting next_dagrun for forex_data_flatten to None, run_after=None
[2024-12-24T12:37:30.314+0000] {processor.py:208} INFO - Processing /opt/airflow/dags/flatten.py took 0.129 seconds
[2024-12-24T12:38:00.520+0000] {processor.py:186} INFO - Started process (PID=39790) to work on /opt/airflow/dags/flatten.py
[2024-12-24T12:38:00.521+0000] {processor.py:914} INFO - Processing file /opt/airflow/dags/flatten.py for tasks to queue
[2024-12-24T12:38:00.523+0000] {logging_mixin.py:190} INFO - [2024-12-24T12:38:00.522+0000] {dagbag.py:588} INFO - Filling up the DagBag from /opt/airflow/dags/flatten.py
[2024-12-24T12:38:00.549+0000] {processor.py:925} INFO - DAG(s) 'forex_data_flatten' retrieved from /opt/airflow/dags/flatten.py
[2024-12-24T12:38:00.582+0000] {logging_mixin.py:190} INFO - [2024-12-24T12:38:00.581+0000] {dag.py:3239} INFO - Sync 1 DAGs
[2024-12-24T12:38:00.602+0000] {logging_mixin.py:190} INFO - [2024-12-24T12:38:00.601+0000] {dag.py:4180} INFO - Setting next_dagrun for forex_data_flatten to None, run_after=None
[2024-12-24T12:38:00.640+0000] {processor.py:208} INFO - Processing /opt/airflow/dags/flatten.py took 0.131 seconds
[2024-12-24T12:38:30.769+0000] {processor.py:186} INFO - Started process (PID=39805) to work on /opt/airflow/dags/flatten.py
[2024-12-24T12:38:30.770+0000] {processor.py:914} INFO - Processing file /opt/airflow/dags/flatten.py for tasks to queue
[2024-12-24T12:38:30.772+0000] {logging_mixin.py:190} INFO - [2024-12-24T12:38:30.771+0000] {dagbag.py:588} INFO - Filling up the DagBag from /opt/airflow/dags/flatten.py
[2024-12-24T12:38:30.801+0000] {processor.py:925} INFO - DAG(s) 'forex_data_flatten' retrieved from /opt/airflow/dags/flatten.py
[2024-12-24T12:38:30.838+0000] {logging_mixin.py:190} INFO - [2024-12-24T12:38:30.837+0000] {dag.py:3239} INFO - Sync 1 DAGs
[2024-12-24T12:38:30.858+0000] {logging_mixin.py:190} INFO - [2024-12-24T12:38:30.857+0000] {dag.py:4180} INFO - Setting next_dagrun for forex_data_flatten to None, run_after=None
[2024-12-24T12:38:30.894+0000] {processor.py:208} INFO - Processing /opt/airflow/dags/flatten.py took 0.136 seconds
[2024-12-24T12:39:00.981+0000] {processor.py:186} INFO - Started process (PID=39819) to work on /opt/airflow/dags/flatten.py
[2024-12-24T12:39:00.982+0000] {processor.py:914} INFO - Processing file /opt/airflow/dags/flatten.py for tasks to queue
[2024-12-24T12:39:00.985+0000] {logging_mixin.py:190} INFO - [2024-12-24T12:39:00.984+0000] {dagbag.py:588} INFO - Filling up the DagBag from /opt/airflow/dags/flatten.py
[2024-12-24T12:39:01.023+0000] {processor.py:925} INFO - DAG(s) 'forex_data_flatten' retrieved from /opt/airflow/dags/flatten.py
[2024-12-24T12:39:01.075+0000] {logging_mixin.py:190} INFO - [2024-12-24T12:39:01.075+0000] {dag.py:3239} INFO - Sync 1 DAGs
[2024-12-24T12:39:01.103+0000] {logging_mixin.py:190} INFO - [2024-12-24T12:39:01.103+0000] {dag.py:4180} INFO - Setting next_dagrun for forex_data_flatten to None, run_after=None
[2024-12-24T12:39:01.136+0000] {processor.py:208} INFO - Processing /opt/airflow/dags/flatten.py took 0.166 seconds
[2024-12-24T12:39:31.295+0000] {processor.py:186} INFO - Started process (PID=39834) to work on /opt/airflow/dags/flatten.py
[2024-12-24T12:39:31.296+0000] {processor.py:914} INFO - Processing file /opt/airflow/dags/flatten.py for tasks to queue
[2024-12-24T12:39:31.299+0000] {logging_mixin.py:190} INFO - [2024-12-24T12:39:31.298+0000] {dagbag.py:588} INFO - Filling up the DagBag from /opt/airflow/dags/flatten.py
[2024-12-24T12:39:31.323+0000] {processor.py:925} INFO - DAG(s) 'forex_data_flatten' retrieved from /opt/airflow/dags/flatten.py
[2024-12-24T12:39:31.358+0000] {logging_mixin.py:190} INFO - [2024-12-24T12:39:31.357+0000] {dag.py:3239} INFO - Sync 1 DAGs
[2024-12-24T12:39:31.380+0000] {logging_mixin.py:190} INFO - [2024-12-24T12:39:31.379+0000] {dag.py:4180} INFO - Setting next_dagrun for forex_data_flatten to None, run_after=None
[2024-12-24T12:39:31.417+0000] {processor.py:208} INFO - Processing /opt/airflow/dags/flatten.py took 0.132 seconds
[2024-12-24T12:40:01.530+0000] {processor.py:186} INFO - Started process (PID=39848) to work on /opt/airflow/dags/flatten.py
[2024-12-24T12:40:01.531+0000] {processor.py:914} INFO - Processing file /opt/airflow/dags/flatten.py for tasks to queue
[2024-12-24T12:40:01.532+0000] {logging_mixin.py:190} INFO - [2024-12-24T12:40:01.532+0000] {dagbag.py:588} INFO - Filling up the DagBag from /opt/airflow/dags/flatten.py
[2024-12-24T12:40:01.556+0000] {processor.py:925} INFO - DAG(s) 'forex_data_flatten' retrieved from /opt/airflow/dags/flatten.py
[2024-12-24T12:40:01.597+0000] {logging_mixin.py:190} INFO - [2024-12-24T12:40:01.597+0000] {dag.py:3239} INFO - Sync 1 DAGs
[2024-12-24T12:40:01.618+0000] {logging_mixin.py:190} INFO - [2024-12-24T12:40:01.618+0000] {dag.py:4180} INFO - Setting next_dagrun for forex_data_flatten to None, run_after=None
[2024-12-24T12:40:01.657+0000] {processor.py:208} INFO - Processing /opt/airflow/dags/flatten.py took 0.138 seconds
[2024-12-24T12:40:31.798+0000] {processor.py:186} INFO - Started process (PID=39862) to work on /opt/airflow/dags/flatten.py
[2024-12-24T12:40:31.799+0000] {processor.py:914} INFO - Processing file /opt/airflow/dags/flatten.py for tasks to queue
[2024-12-24T12:40:31.801+0000] {logging_mixin.py:190} INFO - [2024-12-24T12:40:31.800+0000] {dagbag.py:588} INFO - Filling up the DagBag from /opt/airflow/dags/flatten.py
[2024-12-24T12:40:31.828+0000] {processor.py:925} INFO - DAG(s) 'forex_data_flatten' retrieved from /opt/airflow/dags/flatten.py
[2024-12-24T12:40:31.859+0000] {logging_mixin.py:190} INFO - [2024-12-24T12:40:31.858+0000] {dag.py:3239} INFO - Sync 1 DAGs
[2024-12-24T12:40:31.877+0000] {logging_mixin.py:190} INFO - [2024-12-24T12:40:31.876+0000] {dag.py:4180} INFO - Setting next_dagrun for forex_data_flatten to None, run_after=None
[2024-12-24T12:40:31.910+0000] {processor.py:208} INFO - Processing /opt/airflow/dags/flatten.py took 0.121 seconds
[2024-12-24T12:41:01.992+0000] {processor.py:186} INFO - Started process (PID=39876) to work on /opt/airflow/dags/flatten.py
[2024-12-24T12:41:01.993+0000] {processor.py:914} INFO - Processing file /opt/airflow/dags/flatten.py for tasks to queue
[2024-12-24T12:41:01.995+0000] {logging_mixin.py:190} INFO - [2024-12-24T12:41:01.995+0000] {dagbag.py:588} INFO - Filling up the DagBag from /opt/airflow/dags/flatten.py
[2024-12-24T12:41:02.022+0000] {processor.py:925} INFO - DAG(s) 'forex_data_flatten' retrieved from /opt/airflow/dags/flatten.py
[2024-12-24T12:41:02.056+0000] {logging_mixin.py:190} INFO - [2024-12-24T12:41:02.056+0000] {dag.py:3239} INFO - Sync 1 DAGs
[2024-12-24T12:41:02.079+0000] {logging_mixin.py:190} INFO - [2024-12-24T12:41:02.079+0000] {dag.py:4180} INFO - Setting next_dagrun for forex_data_flatten to None, run_after=None
[2024-12-24T12:41:02.117+0000] {processor.py:208} INFO - Processing /opt/airflow/dags/flatten.py took 0.138 seconds
[2024-12-24T12:41:33.054+0000] {processor.py:186} INFO - Started process (PID=39890) to work on /opt/airflow/dags/flatten.py
[2024-12-24T12:41:33.056+0000] {processor.py:914} INFO - Processing file /opt/airflow/dags/flatten.py for tasks to queue
[2024-12-24T12:41:33.057+0000] {logging_mixin.py:190} INFO - [2024-12-24T12:41:33.057+0000] {dagbag.py:588} INFO - Filling up the DagBag from /opt/airflow/dags/flatten.py
[2024-12-24T12:41:33.077+0000] {processor.py:925} INFO - DAG(s) 'forex_data_flatten' retrieved from /opt/airflow/dags/flatten.py
[2024-12-24T12:41:33.108+0000] {logging_mixin.py:190} INFO - [2024-12-24T12:41:33.107+0000] {dag.py:3239} INFO - Sync 1 DAGs
[2024-12-24T12:41:33.126+0000] {logging_mixin.py:190} INFO - [2024-12-24T12:41:33.126+0000] {dag.py:4180} INFO - Setting next_dagrun for forex_data_flatten to None, run_after=None
[2024-12-24T12:41:33.160+0000] {processor.py:208} INFO - Processing /opt/airflow/dags/flatten.py took 0.115 seconds
[2024-12-24T12:42:03.332+0000] {processor.py:186} INFO - Started process (PID=39905) to work on /opt/airflow/dags/flatten.py
[2024-12-24T12:42:03.333+0000] {processor.py:914} INFO - Processing file /opt/airflow/dags/flatten.py for tasks to queue
[2024-12-24T12:42:03.335+0000] {logging_mixin.py:190} INFO - [2024-12-24T12:42:03.335+0000] {dagbag.py:588} INFO - Filling up the DagBag from /opt/airflow/dags/flatten.py
[2024-12-24T12:42:03.367+0000] {processor.py:925} INFO - DAG(s) 'forex_data_flatten' retrieved from /opt/airflow/dags/flatten.py
[2024-12-24T12:42:03.406+0000] {logging_mixin.py:190} INFO - [2024-12-24T12:42:03.406+0000] {dag.py:3239} INFO - Sync 1 DAGs
[2024-12-24T12:42:03.432+0000] {logging_mixin.py:190} INFO - [2024-12-24T12:42:03.432+0000] {dag.py:4180} INFO - Setting next_dagrun for forex_data_flatten to None, run_after=None
[2024-12-24T12:42:03.467+0000] {processor.py:208} INFO - Processing /opt/airflow/dags/flatten.py took 0.150 seconds
[2024-12-24T12:42:33.542+0000] {processor.py:186} INFO - Started process (PID=39919) to work on /opt/airflow/dags/flatten.py
[2024-12-24T12:42:33.544+0000] {processor.py:914} INFO - Processing file /opt/airflow/dags/flatten.py for tasks to queue
[2024-12-24T12:42:33.546+0000] {logging_mixin.py:190} INFO - [2024-12-24T12:42:33.545+0000] {dagbag.py:588} INFO - Filling up the DagBag from /opt/airflow/dags/flatten.py
[2024-12-24T12:42:33.577+0000] {processor.py:925} INFO - DAG(s) 'forex_data_flatten' retrieved from /opt/airflow/dags/flatten.py
[2024-12-24T12:42:33.616+0000] {logging_mixin.py:190} INFO - [2024-12-24T12:42:33.616+0000] {dag.py:3239} INFO - Sync 1 DAGs
[2024-12-24T12:42:33.638+0000] {logging_mixin.py:190} INFO - [2024-12-24T12:42:33.637+0000] {dag.py:4180} INFO - Setting next_dagrun for forex_data_flatten to None, run_after=None
[2024-12-24T12:42:33.668+0000] {processor.py:208} INFO - Processing /opt/airflow/dags/flatten.py took 0.139 seconds
[2024-12-24T12:43:04.038+0000] {processor.py:186} INFO - Started process (PID=39933) to work on /opt/airflow/dags/flatten.py
[2024-12-24T12:43:04.040+0000] {processor.py:914} INFO - Processing file /opt/airflow/dags/flatten.py for tasks to queue
[2024-12-24T12:43:04.042+0000] {logging_mixin.py:190} INFO - [2024-12-24T12:43:04.042+0000] {dagbag.py:588} INFO - Filling up the DagBag from /opt/airflow/dags/flatten.py
[2024-12-24T12:43:04.070+0000] {processor.py:925} INFO - DAG(s) 'forex_data_flatten' retrieved from /opt/airflow/dags/flatten.py
[2024-12-24T12:43:04.108+0000] {logging_mixin.py:190} INFO - [2024-12-24T12:43:04.107+0000] {dag.py:3239} INFO - Sync 1 DAGs
[2024-12-24T12:43:04.132+0000] {logging_mixin.py:190} INFO - [2024-12-24T12:43:04.132+0000] {dag.py:4180} INFO - Setting next_dagrun for forex_data_flatten to None, run_after=None
[2024-12-24T12:43:04.163+0000] {processor.py:208} INFO - Processing /opt/airflow/dags/flatten.py took 0.137 seconds
[2024-12-24T12:43:34.296+0000] {processor.py:186} INFO - Started process (PID=39949) to work on /opt/airflow/dags/flatten.py
[2024-12-24T12:43:34.297+0000] {processor.py:914} INFO - Processing file /opt/airflow/dags/flatten.py for tasks to queue
[2024-12-24T12:43:34.298+0000] {logging_mixin.py:190} INFO - [2024-12-24T12:43:34.298+0000] {dagbag.py:588} INFO - Filling up the DagBag from /opt/airflow/dags/flatten.py
[2024-12-24T12:43:34.322+0000] {processor.py:925} INFO - DAG(s) 'forex_data_flatten' retrieved from /opt/airflow/dags/flatten.py
[2024-12-24T12:43:34.357+0000] {logging_mixin.py:190} INFO - [2024-12-24T12:43:34.357+0000] {dag.py:3239} INFO - Sync 1 DAGs
[2024-12-24T12:43:34.376+0000] {logging_mixin.py:190} INFO - [2024-12-24T12:43:34.376+0000] {dag.py:4180} INFO - Setting next_dagrun for forex_data_flatten to None, run_after=None
[2024-12-24T12:43:34.406+0000] {processor.py:208} INFO - Processing /opt/airflow/dags/flatten.py took 0.119 seconds
[2024-12-24T12:44:04.508+0000] {processor.py:186} INFO - Started process (PID=39963) to work on /opt/airflow/dags/flatten.py
[2024-12-24T12:44:04.509+0000] {processor.py:914} INFO - Processing file /opt/airflow/dags/flatten.py for tasks to queue
[2024-12-24T12:44:04.512+0000] {logging_mixin.py:190} INFO - [2024-12-24T12:44:04.511+0000] {dagbag.py:588} INFO - Filling up the DagBag from /opt/airflow/dags/flatten.py
[2024-12-24T12:44:04.543+0000] {processor.py:925} INFO - DAG(s) 'forex_data_flatten' retrieved from /opt/airflow/dags/flatten.py
[2024-12-24T12:44:04.587+0000] {logging_mixin.py:190} INFO - [2024-12-24T12:44:04.586+0000] {dag.py:3239} INFO - Sync 1 DAGs
[2024-12-24T12:44:04.610+0000] {logging_mixin.py:190} INFO - [2024-12-24T12:44:04.609+0000] {dag.py:4180} INFO - Setting next_dagrun for forex_data_flatten to None, run_after=None
[2024-12-24T12:44:04.648+0000] {processor.py:208} INFO - Processing /opt/airflow/dags/flatten.py took 0.154 seconds
[2024-12-24T12:44:34.723+0000] {processor.py:186} INFO - Started process (PID=39977) to work on /opt/airflow/dags/flatten.py
[2024-12-24T12:44:34.725+0000] {processor.py:914} INFO - Processing file /opt/airflow/dags/flatten.py for tasks to queue
[2024-12-24T12:44:34.728+0000] {logging_mixin.py:190} INFO - [2024-12-24T12:44:34.727+0000] {dagbag.py:588} INFO - Filling up the DagBag from /opt/airflow/dags/flatten.py
[2024-12-24T12:44:34.752+0000] {processor.py:925} INFO - DAG(s) 'forex_data_flatten' retrieved from /opt/airflow/dags/flatten.py
[2024-12-24T12:44:34.789+0000] {logging_mixin.py:190} INFO - [2024-12-24T12:44:34.789+0000] {dag.py:3239} INFO - Sync 1 DAGs
[2024-12-24T12:44:34.809+0000] {logging_mixin.py:190} INFO - [2024-12-24T12:44:34.809+0000] {dag.py:4180} INFO - Setting next_dagrun for forex_data_flatten to None, run_after=None
[2024-12-24T12:44:34.849+0000] {processor.py:208} INFO - Processing /opt/airflow/dags/flatten.py took 0.136 seconds
[2024-12-24T12:45:05.820+0000] {processor.py:186} INFO - Started process (PID=39991) to work on /opt/airflow/dags/flatten.py
[2024-12-24T12:45:05.822+0000] {processor.py:914} INFO - Processing file /opt/airflow/dags/flatten.py for tasks to queue
[2024-12-24T12:45:05.823+0000] {logging_mixin.py:190} INFO - [2024-12-24T12:45:05.823+0000] {dagbag.py:588} INFO - Filling up the DagBag from /opt/airflow/dags/flatten.py
[2024-12-24T12:45:05.846+0000] {processor.py:925} INFO - DAG(s) 'forex_data_flatten' retrieved from /opt/airflow/dags/flatten.py
[2024-12-24T12:45:05.879+0000] {logging_mixin.py:190} INFO - [2024-12-24T12:45:05.878+0000] {dag.py:3239} INFO - Sync 1 DAGs
[2024-12-24T12:45:05.899+0000] {logging_mixin.py:190} INFO - [2024-12-24T12:45:05.899+0000] {dag.py:4180} INFO - Setting next_dagrun for forex_data_flatten to None, run_after=None
[2024-12-24T12:45:05.933+0000] {processor.py:208} INFO - Processing /opt/airflow/dags/flatten.py took 0.123 seconds
[2024-12-24T12:45:36.055+0000] {processor.py:186} INFO - Started process (PID=40005) to work on /opt/airflow/dags/flatten.py
[2024-12-24T12:45:36.056+0000] {processor.py:914} INFO - Processing file /opt/airflow/dags/flatten.py for tasks to queue
[2024-12-24T12:45:36.058+0000] {logging_mixin.py:190} INFO - [2024-12-24T12:45:36.058+0000] {dagbag.py:588} INFO - Filling up the DagBag from /opt/airflow/dags/flatten.py
[2024-12-24T12:45:36.079+0000] {processor.py:925} INFO - DAG(s) 'forex_data_flatten' retrieved from /opt/airflow/dags/flatten.py
[2024-12-24T12:45:36.107+0000] {logging_mixin.py:190} INFO - [2024-12-24T12:45:36.107+0000] {dag.py:3239} INFO - Sync 1 DAGs
[2024-12-24T12:45:36.126+0000] {logging_mixin.py:190} INFO - [2024-12-24T12:45:36.125+0000] {dag.py:4180} INFO - Setting next_dagrun for forex_data_flatten to None, run_after=None
[2024-12-24T12:45:36.168+0000] {processor.py:208} INFO - Processing /opt/airflow/dags/flatten.py took 0.121 seconds
[2024-12-24T12:46:07.158+0000] {processor.py:186} INFO - Started process (PID=40025) to work on /opt/airflow/dags/flatten.py
[2024-12-24T12:46:07.159+0000] {processor.py:914} INFO - Processing file /opt/airflow/dags/flatten.py for tasks to queue
[2024-12-24T12:46:07.161+0000] {logging_mixin.py:190} INFO - [2024-12-24T12:46:07.161+0000] {dagbag.py:588} INFO - Filling up the DagBag from /opt/airflow/dags/flatten.py
[2024-12-24T12:46:07.187+0000] {processor.py:925} INFO - DAG(s) 'forex_data_flatten' retrieved from /opt/airflow/dags/flatten.py
[2024-12-24T12:46:07.223+0000] {logging_mixin.py:190} INFO - [2024-12-24T12:46:07.223+0000] {dag.py:3239} INFO - Sync 1 DAGs
[2024-12-24T12:46:07.243+0000] {logging_mixin.py:190} INFO - [2024-12-24T12:46:07.243+0000] {dag.py:4180} INFO - Setting next_dagrun for forex_data_flatten to None, run_after=None
[2024-12-24T12:46:07.279+0000] {processor.py:208} INFO - Processing /opt/airflow/dags/flatten.py took 0.132 seconds
[2024-12-24T12:46:37.491+0000] {processor.py:186} INFO - Started process (PID=40039) to work on /opt/airflow/dags/flatten.py
[2024-12-24T12:46:37.492+0000] {processor.py:914} INFO - Processing file /opt/airflow/dags/flatten.py for tasks to queue
[2024-12-24T12:46:37.494+0000] {logging_mixin.py:190} INFO - [2024-12-24T12:46:37.494+0000] {dagbag.py:588} INFO - Filling up the DagBag from /opt/airflow/dags/flatten.py
[2024-12-24T12:46:37.519+0000] {processor.py:925} INFO - DAG(s) 'forex_data_flatten' retrieved from /opt/airflow/dags/flatten.py
[2024-12-24T12:46:37.549+0000] {logging_mixin.py:190} INFO - [2024-12-24T12:46:37.549+0000] {dag.py:3239} INFO - Sync 1 DAGs
[2024-12-24T12:46:37.567+0000] {logging_mixin.py:190} INFO - [2024-12-24T12:46:37.567+0000] {dag.py:4180} INFO - Setting next_dagrun for forex_data_flatten to None, run_after=None
[2024-12-24T12:46:37.594+0000] {processor.py:208} INFO - Processing /opt/airflow/dags/flatten.py took 0.113 seconds
[2024-12-24T12:47:08.551+0000] {processor.py:186} INFO - Started process (PID=40053) to work on /opt/airflow/dags/flatten.py
[2024-12-24T12:47:08.552+0000] {processor.py:914} INFO - Processing file /opt/airflow/dags/flatten.py for tasks to queue
[2024-12-24T12:47:08.554+0000] {logging_mixin.py:190} INFO - [2024-12-24T12:47:08.554+0000] {dagbag.py:588} INFO - Filling up the DagBag from /opt/airflow/dags/flatten.py
[2024-12-24T12:47:08.575+0000] {processor.py:925} INFO - DAG(s) 'forex_data_flatten' retrieved from /opt/airflow/dags/flatten.py
[2024-12-24T12:47:08.606+0000] {logging_mixin.py:190} INFO - [2024-12-24T12:47:08.606+0000] {dag.py:3239} INFO - Sync 1 DAGs
[2024-12-24T12:47:08.622+0000] {logging_mixin.py:190} INFO - [2024-12-24T12:47:08.622+0000] {dag.py:4180} INFO - Setting next_dagrun for forex_data_flatten to None, run_after=None
[2024-12-24T12:47:08.653+0000] {processor.py:208} INFO - Processing /opt/airflow/dags/flatten.py took 0.111 seconds
[2024-12-24T12:47:38.766+0000] {processor.py:186} INFO - Started process (PID=40067) to work on /opt/airflow/dags/flatten.py
[2024-12-24T12:47:38.767+0000] {processor.py:914} INFO - Processing file /opt/airflow/dags/flatten.py for tasks to queue
[2024-12-24T12:47:38.770+0000] {logging_mixin.py:190} INFO - [2024-12-24T12:47:38.769+0000] {dagbag.py:588} INFO - Filling up the DagBag from /opt/airflow/dags/flatten.py
[2024-12-24T12:47:38.794+0000] {processor.py:925} INFO - DAG(s) 'forex_data_flatten' retrieved from /opt/airflow/dags/flatten.py
[2024-12-24T12:47:38.829+0000] {logging_mixin.py:190} INFO - [2024-12-24T12:47:38.828+0000] {dag.py:3239} INFO - Sync 1 DAGs
[2024-12-24T12:47:38.848+0000] {logging_mixin.py:190} INFO - [2024-12-24T12:47:38.847+0000] {dag.py:4180} INFO - Setting next_dagrun for forex_data_flatten to None, run_after=None
[2024-12-24T12:47:38.888+0000] {processor.py:208} INFO - Processing /opt/airflow/dags/flatten.py took 0.133 seconds
[2024-12-24T12:48:09.036+0000] {processor.py:186} INFO - Started process (PID=40081) to work on /opt/airflow/dags/flatten.py
[2024-12-24T12:48:09.037+0000] {processor.py:914} INFO - Processing file /opt/airflow/dags/flatten.py for tasks to queue
[2024-12-24T12:48:09.039+0000] {logging_mixin.py:190} INFO - [2024-12-24T12:48:09.039+0000] {dagbag.py:588} INFO - Filling up the DagBag from /opt/airflow/dags/flatten.py
[2024-12-24T12:48:09.061+0000] {processor.py:925} INFO - DAG(s) 'forex_data_flatten' retrieved from /opt/airflow/dags/flatten.py
[2024-12-24T12:48:09.096+0000] {logging_mixin.py:190} INFO - [2024-12-24T12:48:09.096+0000] {dag.py:3239} INFO - Sync 1 DAGs
[2024-12-24T12:48:09.120+0000] {logging_mixin.py:190} INFO - [2024-12-24T12:48:09.120+0000] {dag.py:4180} INFO - Setting next_dagrun for forex_data_flatten to None, run_after=None
[2024-12-24T12:48:09.162+0000] {processor.py:208} INFO - Processing /opt/airflow/dags/flatten.py took 0.138 seconds
[2024-12-24T12:48:39.364+0000] {processor.py:186} INFO - Started process (PID=40095) to work on /opt/airflow/dags/flatten.py
[2024-12-24T12:48:39.366+0000] {processor.py:914} INFO - Processing file /opt/airflow/dags/flatten.py for tasks to queue
[2024-12-24T12:48:39.368+0000] {logging_mixin.py:190} INFO - [2024-12-24T12:48:39.368+0000] {dagbag.py:588} INFO - Filling up the DagBag from /opt/airflow/dags/flatten.py
[2024-12-24T12:48:39.397+0000] {processor.py:925} INFO - DAG(s) 'forex_data_flatten' retrieved from /opt/airflow/dags/flatten.py
[2024-12-24T12:48:39.432+0000] {logging_mixin.py:190} INFO - [2024-12-24T12:48:39.432+0000] {dag.py:3239} INFO - Sync 1 DAGs
[2024-12-24T12:48:39.455+0000] {logging_mixin.py:190} INFO - [2024-12-24T12:48:39.455+0000] {dag.py:4180} INFO - Setting next_dagrun for forex_data_flatten to None, run_after=None
[2024-12-24T12:48:39.490+0000] {processor.py:208} INFO - Processing /opt/airflow/dags/flatten.py took 0.140 seconds
[2024-12-24T12:49:09.661+0000] {processor.py:186} INFO - Started process (PID=40109) to work on /opt/airflow/dags/flatten.py
[2024-12-24T12:49:09.663+0000] {processor.py:914} INFO - Processing file /opt/airflow/dags/flatten.py for tasks to queue
[2024-12-24T12:49:09.665+0000] {logging_mixin.py:190} INFO - [2024-12-24T12:49:09.664+0000] {dagbag.py:588} INFO - Filling up the DagBag from /opt/airflow/dags/flatten.py
[2024-12-24T12:49:09.689+0000] {processor.py:925} INFO - DAG(s) 'forex_data_flatten' retrieved from /opt/airflow/dags/flatten.py
[2024-12-24T12:49:09.719+0000] {logging_mixin.py:190} INFO - [2024-12-24T12:49:09.718+0000] {dag.py:3239} INFO - Sync 1 DAGs
[2024-12-24T12:49:09.736+0000] {logging_mixin.py:190} INFO - [2024-12-24T12:49:09.736+0000] {dag.py:4180} INFO - Setting next_dagrun for forex_data_flatten to None, run_after=None
[2024-12-24T12:49:09.771+0000] {processor.py:208} INFO - Processing /opt/airflow/dags/flatten.py took 0.122 seconds
[2024-12-24T12:49:39.978+0000] {processor.py:186} INFO - Started process (PID=40123) to work on /opt/airflow/dags/flatten.py
[2024-12-24T12:49:39.979+0000] {processor.py:914} INFO - Processing file /opt/airflow/dags/flatten.py for tasks to queue
[2024-12-24T12:49:39.981+0000] {logging_mixin.py:190} INFO - [2024-12-24T12:49:39.981+0000] {dagbag.py:588} INFO - Filling up the DagBag from /opt/airflow/dags/flatten.py
[2024-12-24T12:49:40.001+0000] {processor.py:925} INFO - DAG(s) 'forex_data_flatten' retrieved from /opt/airflow/dags/flatten.py
[2024-12-24T12:49:40.034+0000] {logging_mixin.py:190} INFO - [2024-12-24T12:49:40.034+0000] {dag.py:3239} INFO - Sync 1 DAGs
[2024-12-24T12:49:40.055+0000] {logging_mixin.py:190} INFO - [2024-12-24T12:49:40.055+0000] {dag.py:4180} INFO - Setting next_dagrun for forex_data_flatten to None, run_after=None
[2024-12-24T12:49:40.083+0000] {processor.py:208} INFO - Processing /opt/airflow/dags/flatten.py took 0.117 seconds
[2024-12-24T12:50:10.411+0000] {processor.py:186} INFO - Started process (PID=40137) to work on /opt/airflow/dags/flatten.py
[2024-12-24T12:50:10.412+0000] {processor.py:914} INFO - Processing file /opt/airflow/dags/flatten.py for tasks to queue
[2024-12-24T12:50:10.414+0000] {logging_mixin.py:190} INFO - [2024-12-24T12:50:10.413+0000] {dagbag.py:588} INFO - Filling up the DagBag from /opt/airflow/dags/flatten.py
[2024-12-24T12:50:10.435+0000] {processor.py:925} INFO - DAG(s) 'forex_data_flatten' retrieved from /opt/airflow/dags/flatten.py
[2024-12-24T12:50:10.466+0000] {logging_mixin.py:190} INFO - [2024-12-24T12:50:10.465+0000] {dag.py:3239} INFO - Sync 1 DAGs
[2024-12-24T12:50:10.487+0000] {logging_mixin.py:190} INFO - [2024-12-24T12:50:10.486+0000] {dag.py:4180} INFO - Setting next_dagrun for forex_data_flatten to None, run_after=None
[2024-12-24T12:50:10.514+0000] {processor.py:208} INFO - Processing /opt/airflow/dags/flatten.py took 0.112 seconds
[2024-12-24T12:50:40.749+0000] {processor.py:186} INFO - Started process (PID=40151) to work on /opt/airflow/dags/flatten.py
[2024-12-24T12:50:40.750+0000] {processor.py:914} INFO - Processing file /opt/airflow/dags/flatten.py for tasks to queue
[2024-12-24T12:50:40.752+0000] {logging_mixin.py:190} INFO - [2024-12-24T12:50:40.751+0000] {dagbag.py:588} INFO - Filling up the DagBag from /opt/airflow/dags/flatten.py
[2024-12-24T12:50:40.773+0000] {processor.py:925} INFO - DAG(s) 'forex_data_flatten' retrieved from /opt/airflow/dags/flatten.py
[2024-12-24T12:50:40.801+0000] {logging_mixin.py:190} INFO - [2024-12-24T12:50:40.801+0000] {dag.py:3239} INFO - Sync 1 DAGs
[2024-12-24T12:50:40.819+0000] {logging_mixin.py:190} INFO - [2024-12-24T12:50:40.818+0000] {dag.py:4180} INFO - Setting next_dagrun for forex_data_flatten to None, run_after=None
[2024-12-24T12:50:40.849+0000] {processor.py:208} INFO - Processing /opt/airflow/dags/flatten.py took 0.110 seconds
[2024-12-24T12:51:11.124+0000] {processor.py:186} INFO - Started process (PID=40165) to work on /opt/airflow/dags/flatten.py
[2024-12-24T12:51:11.125+0000] {processor.py:914} INFO - Processing file /opt/airflow/dags/flatten.py for tasks to queue
[2024-12-24T12:51:11.126+0000] {logging_mixin.py:190} INFO - [2024-12-24T12:51:11.126+0000] {dagbag.py:588} INFO - Filling up the DagBag from /opt/airflow/dags/flatten.py
[2024-12-24T12:51:11.146+0000] {processor.py:925} INFO - DAG(s) 'forex_data_flatten' retrieved from /opt/airflow/dags/flatten.py
[2024-12-24T12:51:11.173+0000] {logging_mixin.py:190} INFO - [2024-12-24T12:51:11.172+0000] {dag.py:3239} INFO - Sync 1 DAGs
[2024-12-24T12:51:11.191+0000] {logging_mixin.py:190} INFO - [2024-12-24T12:51:11.191+0000] {dag.py:4180} INFO - Setting next_dagrun for forex_data_flatten to None, run_after=None
[2024-12-24T12:51:11.218+0000] {processor.py:208} INFO - Processing /opt/airflow/dags/flatten.py took 0.104 seconds
[2024-12-24T12:51:41.637+0000] {processor.py:186} INFO - Started process (PID=40179) to work on /opt/airflow/dags/flatten.py
[2024-12-24T12:51:41.639+0000] {processor.py:914} INFO - Processing file /opt/airflow/dags/flatten.py for tasks to queue
[2024-12-24T12:51:41.641+0000] {logging_mixin.py:190} INFO - [2024-12-24T12:51:41.641+0000] {dagbag.py:588} INFO - Filling up the DagBag from /opt/airflow/dags/flatten.py
[2024-12-24T12:51:41.675+0000] {processor.py:925} INFO - DAG(s) 'forex_data_flatten' retrieved from /opt/airflow/dags/flatten.py
[2024-12-24T12:51:41.711+0000] {logging_mixin.py:190} INFO - [2024-12-24T12:51:41.711+0000] {dag.py:3239} INFO - Sync 1 DAGs
[2024-12-24T12:51:41.731+0000] {logging_mixin.py:190} INFO - [2024-12-24T12:51:41.731+0000] {dag.py:4180} INFO - Setting next_dagrun for forex_data_flatten to None, run_after=None
[2024-12-24T12:51:41.768+0000] {processor.py:208} INFO - Processing /opt/airflow/dags/flatten.py took 0.142 seconds
[2024-12-24T12:52:11.918+0000] {processor.py:186} INFO - Started process (PID=40193) to work on /opt/airflow/dags/flatten.py
[2024-12-24T12:52:11.920+0000] {processor.py:914} INFO - Processing file /opt/airflow/dags/flatten.py for tasks to queue
[2024-12-24T12:52:11.921+0000] {logging_mixin.py:190} INFO - [2024-12-24T12:52:11.921+0000] {dagbag.py:588} INFO - Filling up the DagBag from /opt/airflow/dags/flatten.py
[2024-12-24T12:52:11.948+0000] {processor.py:925} INFO - DAG(s) 'forex_data_flatten' retrieved from /opt/airflow/dags/flatten.py
[2024-12-24T12:52:11.979+0000] {logging_mixin.py:190} INFO - [2024-12-24T12:52:11.979+0000] {dag.py:3239} INFO - Sync 1 DAGs
[2024-12-24T12:52:11.997+0000] {logging_mixin.py:190} INFO - [2024-12-24T12:52:11.997+0000] {dag.py:4180} INFO - Setting next_dagrun for forex_data_flatten to None, run_after=None
[2024-12-24T12:52:12.035+0000] {processor.py:208} INFO - Processing /opt/airflow/dags/flatten.py took 0.126 seconds
[2024-12-24T12:52:42.129+0000] {processor.py:186} INFO - Started process (PID=40207) to work on /opt/airflow/dags/flatten.py
[2024-12-24T12:52:42.130+0000] {processor.py:914} INFO - Processing file /opt/airflow/dags/flatten.py for tasks to queue
[2024-12-24T12:52:42.132+0000] {logging_mixin.py:190} INFO - [2024-12-24T12:52:42.131+0000] {dagbag.py:588} INFO - Filling up the DagBag from /opt/airflow/dags/flatten.py
[2024-12-24T12:52:42.159+0000] {processor.py:925} INFO - DAG(s) 'forex_data_flatten' retrieved from /opt/airflow/dags/flatten.py
[2024-12-24T12:52:42.196+0000] {logging_mixin.py:190} INFO - [2024-12-24T12:52:42.196+0000] {dag.py:3239} INFO - Sync 1 DAGs
[2024-12-24T12:52:42.219+0000] {logging_mixin.py:190} INFO - [2024-12-24T12:52:42.219+0000] {dag.py:4180} INFO - Setting next_dagrun for forex_data_flatten to None, run_after=None
[2024-12-24T12:52:42.259+0000] {processor.py:208} INFO - Processing /opt/airflow/dags/flatten.py took 0.142 seconds
[2024-12-24T12:53:12.375+0000] {processor.py:186} INFO - Started process (PID=40221) to work on /opt/airflow/dags/flatten.py
[2024-12-24T12:53:12.377+0000] {processor.py:914} INFO - Processing file /opt/airflow/dags/flatten.py for tasks to queue
[2024-12-24T12:53:12.378+0000] {logging_mixin.py:190} INFO - [2024-12-24T12:53:12.378+0000] {dagbag.py:588} INFO - Filling up the DagBag from /opt/airflow/dags/flatten.py
[2024-12-24T12:53:12.399+0000] {processor.py:925} INFO - DAG(s) 'forex_data_flatten' retrieved from /opt/airflow/dags/flatten.py
[2024-12-24T12:53:12.427+0000] {logging_mixin.py:190} INFO - [2024-12-24T12:53:12.427+0000] {dag.py:3239} INFO - Sync 1 DAGs
[2024-12-24T12:53:12.443+0000] {logging_mixin.py:190} INFO - [2024-12-24T12:53:12.442+0000] {dag.py:4180} INFO - Setting next_dagrun for forex_data_flatten to None, run_after=None
[2024-12-24T12:53:12.475+0000] {processor.py:208} INFO - Processing /opt/airflow/dags/flatten.py took 0.110 seconds
[2024-12-24T12:53:42.647+0000] {processor.py:186} INFO - Started process (PID=40235) to work on /opt/airflow/dags/flatten.py
[2024-12-24T12:53:42.648+0000] {processor.py:914} INFO - Processing file /opt/airflow/dags/flatten.py for tasks to queue
[2024-12-24T12:53:42.649+0000] {logging_mixin.py:190} INFO - [2024-12-24T12:53:42.649+0000] {dagbag.py:588} INFO - Filling up the DagBag from /opt/airflow/dags/flatten.py
[2024-12-24T12:53:42.672+0000] {processor.py:925} INFO - DAG(s) 'forex_data_flatten' retrieved from /opt/airflow/dags/flatten.py
[2024-12-24T12:53:42.704+0000] {logging_mixin.py:190} INFO - [2024-12-24T12:53:42.703+0000] {dag.py:3239} INFO - Sync 1 DAGs
[2024-12-24T12:53:42.720+0000] {logging_mixin.py:190} INFO - [2024-12-24T12:53:42.719+0000] {dag.py:4180} INFO - Setting next_dagrun for forex_data_flatten to None, run_after=None
[2024-12-24T12:53:42.750+0000] {processor.py:208} INFO - Processing /opt/airflow/dags/flatten.py took 0.113 seconds
[2024-12-24T12:54:12.853+0000] {processor.py:186} INFO - Started process (PID=40249) to work on /opt/airflow/dags/flatten.py
[2024-12-24T12:54:12.855+0000] {processor.py:914} INFO - Processing file /opt/airflow/dags/flatten.py for tasks to queue
[2024-12-24T12:54:12.856+0000] {logging_mixin.py:190} INFO - [2024-12-24T12:54:12.856+0000] {dagbag.py:588} INFO - Filling up the DagBag from /opt/airflow/dags/flatten.py
[2024-12-24T12:54:12.878+0000] {processor.py:925} INFO - DAG(s) 'forex_data_flatten' retrieved from /opt/airflow/dags/flatten.py
[2024-12-24T12:54:12.908+0000] {logging_mixin.py:190} INFO - [2024-12-24T12:54:12.908+0000] {dag.py:3239} INFO - Sync 1 DAGs
[2024-12-24T12:54:12.930+0000] {logging_mixin.py:190} INFO - [2024-12-24T12:54:12.929+0000] {dag.py:4180} INFO - Setting next_dagrun for forex_data_flatten to None, run_after=None
[2024-12-24T12:54:12.960+0000] {processor.py:208} INFO - Processing /opt/airflow/dags/flatten.py took 0.115 seconds
[2024-12-24T12:54:43.421+0000] {processor.py:186} INFO - Started process (PID=40263) to work on /opt/airflow/dags/flatten.py
[2024-12-24T12:54:43.422+0000] {processor.py:914} INFO - Processing file /opt/airflow/dags/flatten.py for tasks to queue
[2024-12-24T12:54:43.424+0000] {logging_mixin.py:190} INFO - [2024-12-24T12:54:43.423+0000] {dagbag.py:588} INFO - Filling up the DagBag from /opt/airflow/dags/flatten.py
[2024-12-24T12:54:43.446+0000] {processor.py:925} INFO - DAG(s) 'forex_data_flatten' retrieved from /opt/airflow/dags/flatten.py
[2024-12-24T12:54:43.476+0000] {logging_mixin.py:190} INFO - [2024-12-24T12:54:43.475+0000] {dag.py:3239} INFO - Sync 1 DAGs
[2024-12-24T12:54:43.497+0000] {logging_mixin.py:190} INFO - [2024-12-24T12:54:43.497+0000] {dag.py:4180} INFO - Setting next_dagrun for forex_data_flatten to None, run_after=None
[2024-12-24T12:54:43.531+0000] {processor.py:208} INFO - Processing /opt/airflow/dags/flatten.py took 0.119 seconds
[2024-12-24T12:55:13.607+0000] {processor.py:186} INFO - Started process (PID=40277) to work on /opt/airflow/dags/flatten.py
[2024-12-24T12:55:13.608+0000] {processor.py:914} INFO - Processing file /opt/airflow/dags/flatten.py for tasks to queue
[2024-12-24T12:55:13.611+0000] {logging_mixin.py:190} INFO - [2024-12-24T12:55:13.610+0000] {dagbag.py:588} INFO - Filling up the DagBag from /opt/airflow/dags/flatten.py
[2024-12-24T12:55:13.637+0000] {processor.py:925} INFO - DAG(s) 'forex_data_flatten' retrieved from /opt/airflow/dags/flatten.py
[2024-12-24T12:55:13.671+0000] {logging_mixin.py:190} INFO - [2024-12-24T12:55:13.670+0000] {dag.py:3239} INFO - Sync 1 DAGs
[2024-12-24T12:55:13.693+0000] {logging_mixin.py:190} INFO - [2024-12-24T12:55:13.693+0000] {dag.py:4180} INFO - Setting next_dagrun for forex_data_flatten to None, run_after=None
[2024-12-24T12:55:13.730+0000] {processor.py:208} INFO - Processing /opt/airflow/dags/flatten.py took 0.134 seconds
[2024-12-24T12:55:43.954+0000] {processor.py:186} INFO - Started process (PID=40291) to work on /opt/airflow/dags/flatten.py
[2024-12-24T12:55:43.955+0000] {processor.py:914} INFO - Processing file /opt/airflow/dags/flatten.py for tasks to queue
[2024-12-24T12:55:43.957+0000] {logging_mixin.py:190} INFO - [2024-12-24T12:55:43.957+0000] {dagbag.py:588} INFO - Filling up the DagBag from /opt/airflow/dags/flatten.py
[2024-12-24T12:55:43.978+0000] {processor.py:925} INFO - DAG(s) 'forex_data_flatten' retrieved from /opt/airflow/dags/flatten.py
[2024-12-24T12:55:44.009+0000] {logging_mixin.py:190} INFO - [2024-12-24T12:55:44.009+0000] {dag.py:3239} INFO - Sync 1 DAGs
[2024-12-24T12:55:44.026+0000] {logging_mixin.py:190} INFO - [2024-12-24T12:55:44.026+0000] {dag.py:4180} INFO - Setting next_dagrun for forex_data_flatten to None, run_after=None
[2024-12-24T12:55:44.053+0000] {processor.py:208} INFO - Processing /opt/airflow/dags/flatten.py took 0.108 seconds
[2024-12-24T12:56:14.471+0000] {processor.py:186} INFO - Started process (PID=40305) to work on /opt/airflow/dags/flatten.py
[2024-12-24T12:56:14.473+0000] {processor.py:914} INFO - Processing file /opt/airflow/dags/flatten.py for tasks to queue
[2024-12-24T12:56:14.474+0000] {logging_mixin.py:190} INFO - [2024-12-24T12:56:14.474+0000] {dagbag.py:588} INFO - Filling up the DagBag from /opt/airflow/dags/flatten.py
[2024-12-24T12:56:14.508+0000] {processor.py:925} INFO - DAG(s) 'forex_data_flatten' retrieved from /opt/airflow/dags/flatten.py
[2024-12-24T12:56:14.548+0000] {logging_mixin.py:190} INFO - [2024-12-24T12:56:14.547+0000] {dag.py:3239} INFO - Sync 1 DAGs
[2024-12-24T12:56:14.574+0000] {logging_mixin.py:190} INFO - [2024-12-24T12:56:14.574+0000] {dag.py:4180} INFO - Setting next_dagrun for forex_data_flatten to None, run_after=None
[2024-12-24T12:56:14.621+0000] {processor.py:208} INFO - Processing /opt/airflow/dags/flatten.py took 0.159 seconds
[2024-12-24T12:56:45.373+0000] {processor.py:186} INFO - Started process (PID=40318) to work on /opt/airflow/dags/flatten.py
[2024-12-24T12:56:45.375+0000] {processor.py:914} INFO - Processing file /opt/airflow/dags/flatten.py for tasks to queue
[2024-12-24T12:56:45.377+0000] {logging_mixin.py:190} INFO - [2024-12-24T12:56:45.376+0000] {dagbag.py:588} INFO - Filling up the DagBag from /opt/airflow/dags/flatten.py
[2024-12-24T12:56:45.410+0000] {processor.py:925} INFO - DAG(s) 'forex_data_flatten' retrieved from /opt/airflow/dags/flatten.py
[2024-12-24T12:56:45.448+0000] {logging_mixin.py:190} INFO - [2024-12-24T12:56:45.448+0000] {dag.py:3239} INFO - Sync 1 DAGs
[2024-12-24T12:56:45.471+0000] {logging_mixin.py:190} INFO - [2024-12-24T12:56:45.471+0000] {dag.py:4180} INFO - Setting next_dagrun for forex_data_flatten to None, run_after=None
[2024-12-24T12:56:45.511+0000] {processor.py:208} INFO - Processing /opt/airflow/dags/flatten.py took 0.150 seconds
[2024-12-24T12:57:09.502+0000] {processor.py:186} INFO - Started process (PID=40329) to work on /opt/airflow/dags/flatten.py
[2024-12-24T12:57:09.503+0000] {processor.py:914} INFO - Processing file /opt/airflow/dags/flatten.py for tasks to queue
[2024-12-24T12:57:09.505+0000] {logging_mixin.py:190} INFO - [2024-12-24T12:57:09.505+0000] {dagbag.py:588} INFO - Filling up the DagBag from /opt/airflow/dags/flatten.py
[2024-12-24T12:57:09.557+0000] {processor.py:925} INFO - DAG(s) 'process_forex_data' retrieved from /opt/airflow/dags/flatten.py
[2024-12-24T12:57:09.706+0000] {logging_mixin.py:190} INFO - [2024-12-24T12:57:09.704+0000] {override.py:1911} INFO - Created Permission View: can edit on DAG:process_forex_data
[2024-12-24T12:57:09.728+0000] {logging_mixin.py:190} INFO - [2024-12-24T12:57:09.728+0000] {override.py:1911} INFO - Created Permission View: can delete on DAG:process_forex_data
[2024-12-24T12:57:09.744+0000] {logging_mixin.py:190} INFO - [2024-12-24T12:57:09.744+0000] {override.py:1911} INFO - Created Permission View: can read on DAG:process_forex_data
[2024-12-24T12:57:09.764+0000] {logging_mixin.py:190} INFO - [2024-12-24T12:57:09.763+0000] {override.py:1911} INFO - Created Permission View: can create on DAG Run:process_forex_data
[2024-12-24T12:57:09.778+0000] {logging_mixin.py:190} INFO - [2024-12-24T12:57:09.778+0000] {override.py:1911} INFO - Created Permission View: can delete on DAG Run:process_forex_data
[2024-12-24T12:57:09.791+0000] {logging_mixin.py:190} INFO - [2024-12-24T12:57:09.790+0000] {override.py:1911} INFO - Created Permission View: can read on DAG Run:process_forex_data
[2024-12-24T12:57:09.803+0000] {logging_mixin.py:190} INFO - [2024-12-24T12:57:09.803+0000] {override.py:1911} INFO - Created Permission View: menu access on DAG Run:process_forex_data
[2024-12-24T12:57:09.804+0000] {logging_mixin.py:190} INFO - [2024-12-24T12:57:09.804+0000] {dag.py:3239} INFO - Sync 1 DAGs
[2024-12-24T12:57:09.989+0000] {logging_mixin.py:190} INFO - [2024-12-24T12:57:09.988+0000] {dag.py:3262} INFO - Creating ORM DAG for process_forex_data
[2024-12-24T12:57:09.991+0000] {logging_mixin.py:190} INFO - [2024-12-24T12:57:09.991+0000] {dag.py:4180} INFO - Setting next_dagrun for process_forex_data to None, run_after=None
[2024-12-24T12:57:10.030+0000] {processor.py:208} INFO - Processing /opt/airflow/dags/flatten.py took 0.537 seconds
[2024-12-24T12:57:40.100+0000] {processor.py:186} INFO - Started process (PID=40343) to work on /opt/airflow/dags/flatten.py
[2024-12-24T12:57:40.101+0000] {processor.py:914} INFO - Processing file /opt/airflow/dags/flatten.py for tasks to queue
[2024-12-24T12:57:40.103+0000] {logging_mixin.py:190} INFO - [2024-12-24T12:57:40.103+0000] {dagbag.py:588} INFO - Filling up the DagBag from /opt/airflow/dags/flatten.py
[2024-12-24T12:57:40.126+0000] {processor.py:925} INFO - DAG(s) 'process_forex_data' retrieved from /opt/airflow/dags/flatten.py
[2024-12-24T12:57:40.157+0000] {logging_mixin.py:190} INFO - [2024-12-24T12:57:40.156+0000] {dag.py:3239} INFO - Sync 1 DAGs
[2024-12-24T12:57:40.181+0000] {logging_mixin.py:190} INFO - [2024-12-24T12:57:40.181+0000] {dag.py:4180} INFO - Setting next_dagrun for process_forex_data to None, run_after=None
[2024-12-24T12:57:40.213+0000] {processor.py:208} INFO - Processing /opt/airflow/dags/flatten.py took 0.122 seconds
[2024-12-24T12:58:10.673+0000] {processor.py:186} INFO - Started process (PID=40357) to work on /opt/airflow/dags/flatten.py
[2024-12-24T12:58:10.674+0000] {processor.py:914} INFO - Processing file /opt/airflow/dags/flatten.py for tasks to queue
[2024-12-24T12:58:10.676+0000] {logging_mixin.py:190} INFO - [2024-12-24T12:58:10.675+0000] {dagbag.py:588} INFO - Filling up the DagBag from /opt/airflow/dags/flatten.py
[2024-12-24T12:58:10.696+0000] {processor.py:925} INFO - DAG(s) 'process_forex_data' retrieved from /opt/airflow/dags/flatten.py
[2024-12-24T12:58:10.723+0000] {logging_mixin.py:190} INFO - [2024-12-24T12:58:10.722+0000] {dag.py:3239} INFO - Sync 1 DAGs
[2024-12-24T12:58:10.744+0000] {logging_mixin.py:190} INFO - [2024-12-24T12:58:10.744+0000] {dag.py:4180} INFO - Setting next_dagrun for process_forex_data to None, run_after=None
[2024-12-24T12:58:10.777+0000] {processor.py:208} INFO - Processing /opt/airflow/dags/flatten.py took 0.113 seconds
[2024-12-24T12:58:40.886+0000] {processor.py:186} INFO - Started process (PID=40371) to work on /opt/airflow/dags/flatten.py
[2024-12-24T12:58:40.887+0000] {processor.py:914} INFO - Processing file /opt/airflow/dags/flatten.py for tasks to queue
[2024-12-24T12:58:40.889+0000] {logging_mixin.py:190} INFO - [2024-12-24T12:58:40.888+0000] {dagbag.py:588} INFO - Filling up the DagBag from /opt/airflow/dags/flatten.py
[2024-12-24T12:58:40.911+0000] {processor.py:925} INFO - DAG(s) 'process_forex_data' retrieved from /opt/airflow/dags/flatten.py
[2024-12-24T12:58:40.941+0000] {logging_mixin.py:190} INFO - [2024-12-24T12:58:40.941+0000] {dag.py:3239} INFO - Sync 1 DAGs
[2024-12-24T12:58:40.959+0000] {logging_mixin.py:190} INFO - [2024-12-24T12:58:40.958+0000] {dag.py:4180} INFO - Setting next_dagrun for process_forex_data to None, run_after=None
[2024-12-24T12:58:40.992+0000] {processor.py:208} INFO - Processing /opt/airflow/dags/flatten.py took 0.116 seconds
[2024-12-24T12:59:11.974+0000] {processor.py:186} INFO - Started process (PID=40385) to work on /opt/airflow/dags/flatten.py
[2024-12-24T12:59:11.975+0000] {processor.py:914} INFO - Processing file /opt/airflow/dags/flatten.py for tasks to queue
[2024-12-24T12:59:11.977+0000] {logging_mixin.py:190} INFO - [2024-12-24T12:59:11.977+0000] {dagbag.py:588} INFO - Filling up the DagBag from /opt/airflow/dags/flatten.py
[2024-12-24T12:59:12.007+0000] {processor.py:925} INFO - DAG(s) 'process_forex_data' retrieved from /opt/airflow/dags/flatten.py
[2024-12-24T12:59:12.050+0000] {logging_mixin.py:190} INFO - [2024-12-24T12:59:12.050+0000] {dag.py:3239} INFO - Sync 1 DAGs
[2024-12-24T12:59:12.081+0000] {logging_mixin.py:190} INFO - [2024-12-24T12:59:12.080+0000] {dag.py:4180} INFO - Setting next_dagrun for process_forex_data to None, run_after=None
[2024-12-24T12:59:12.125+0000] {processor.py:208} INFO - Processing /opt/airflow/dags/flatten.py took 0.164 seconds
[2024-12-24T12:59:42.336+0000] {processor.py:186} INFO - Started process (PID=40399) to work on /opt/airflow/dags/flatten.py
[2024-12-24T12:59:42.337+0000] {processor.py:914} INFO - Processing file /opt/airflow/dags/flatten.py for tasks to queue
[2024-12-24T12:59:42.339+0000] {logging_mixin.py:190} INFO - [2024-12-24T12:59:42.339+0000] {dagbag.py:588} INFO - Filling up the DagBag from /opt/airflow/dags/flatten.py
[2024-12-24T12:59:42.365+0000] {processor.py:925} INFO - DAG(s) 'process_forex_data' retrieved from /opt/airflow/dags/flatten.py
[2024-12-24T12:59:42.398+0000] {logging_mixin.py:190} INFO - [2024-12-24T12:59:42.398+0000] {dag.py:3239} INFO - Sync 1 DAGs
[2024-12-24T12:59:42.422+0000] {logging_mixin.py:190} INFO - [2024-12-24T12:59:42.422+0000] {dag.py:4180} INFO - Setting next_dagrun for process_forex_data to None, run_after=None
[2024-12-24T12:59:42.461+0000] {processor.py:208} INFO - Processing /opt/airflow/dags/flatten.py took 0.136 seconds
[2024-12-24T13:00:12.610+0000] {processor.py:186} INFO - Started process (PID=40413) to work on /opt/airflow/dags/flatten.py
[2024-12-24T13:00:12.612+0000] {processor.py:914} INFO - Processing file /opt/airflow/dags/flatten.py for tasks to queue
[2024-12-24T13:00:12.614+0000] {logging_mixin.py:190} INFO - [2024-12-24T13:00:12.614+0000] {dagbag.py:588} INFO - Filling up the DagBag from /opt/airflow/dags/flatten.py
[2024-12-24T13:00:12.649+0000] {processor.py:925} INFO - DAG(s) 'process_forex_data' retrieved from /opt/airflow/dags/flatten.py
[2024-12-24T13:00:12.691+0000] {logging_mixin.py:190} INFO - [2024-12-24T13:00:12.690+0000] {dag.py:3239} INFO - Sync 1 DAGs
[2024-12-24T13:00:12.714+0000] {logging_mixin.py:190} INFO - [2024-12-24T13:00:12.713+0000] {dag.py:4180} INFO - Setting next_dagrun for process_forex_data to None, run_after=None
[2024-12-24T13:00:12.745+0000] {processor.py:208} INFO - Processing /opt/airflow/dags/flatten.py took 0.148 seconds
[2024-12-24T13:00:43.083+0000] {processor.py:186} INFO - Started process (PID=40427) to work on /opt/airflow/dags/flatten.py
[2024-12-24T13:00:43.085+0000] {processor.py:914} INFO - Processing file /opt/airflow/dags/flatten.py for tasks to queue
[2024-12-24T13:00:43.086+0000] {logging_mixin.py:190} INFO - [2024-12-24T13:00:43.086+0000] {dagbag.py:588} INFO - Filling up the DagBag from /opt/airflow/dags/flatten.py
[2024-12-24T13:00:43.111+0000] {processor.py:925} INFO - DAG(s) 'process_forex_data' retrieved from /opt/airflow/dags/flatten.py
[2024-12-24T13:00:43.145+0000] {logging_mixin.py:190} INFO - [2024-12-24T13:00:43.144+0000] {dag.py:3239} INFO - Sync 1 DAGs
[2024-12-24T13:00:43.170+0000] {logging_mixin.py:190} INFO - [2024-12-24T13:00:43.169+0000] {dag.py:4180} INFO - Setting next_dagrun for process_forex_data to None, run_after=None
[2024-12-24T13:00:43.210+0000] {processor.py:208} INFO - Processing /opt/airflow/dags/flatten.py took 0.138 seconds
[2024-12-24T13:01:14.182+0000] {processor.py:186} INFO - Started process (PID=40441) to work on /opt/airflow/dags/flatten.py
[2024-12-24T13:01:14.185+0000] {processor.py:914} INFO - Processing file /opt/airflow/dags/flatten.py for tasks to queue
[2024-12-24T13:01:14.187+0000] {logging_mixin.py:190} INFO - [2024-12-24T13:01:14.187+0000] {dagbag.py:588} INFO - Filling up the DagBag from /opt/airflow/dags/flatten.py
[2024-12-24T13:01:14.224+0000] {processor.py:925} INFO - DAG(s) 'process_forex_data' retrieved from /opt/airflow/dags/flatten.py
[2024-12-24T13:01:14.278+0000] {logging_mixin.py:190} INFO - [2024-12-24T13:01:14.278+0000] {dag.py:3239} INFO - Sync 1 DAGs
[2024-12-24T13:01:14.305+0000] {logging_mixin.py:190} INFO - [2024-12-24T13:01:14.304+0000] {dag.py:4180} INFO - Setting next_dagrun for process_forex_data to None, run_after=None
[2024-12-24T13:01:14.347+0000] {processor.py:208} INFO - Processing /opt/airflow/dags/flatten.py took 0.182 seconds
[2024-12-24T13:01:44.428+0000] {processor.py:186} INFO - Started process (PID=40455) to work on /opt/airflow/dags/flatten.py
[2024-12-24T13:01:44.429+0000] {processor.py:914} INFO - Processing file /opt/airflow/dags/flatten.py for tasks to queue
[2024-12-24T13:01:44.431+0000] {logging_mixin.py:190} INFO - [2024-12-24T13:01:44.431+0000] {dagbag.py:588} INFO - Filling up the DagBag from /opt/airflow/dags/flatten.py
[2024-12-24T13:01:44.458+0000] {processor.py:925} INFO - DAG(s) 'process_forex_data' retrieved from /opt/airflow/dags/flatten.py
[2024-12-24T13:01:44.495+0000] {logging_mixin.py:190} INFO - [2024-12-24T13:01:44.495+0000] {dag.py:3239} INFO - Sync 1 DAGs
[2024-12-24T13:01:44.519+0000] {logging_mixin.py:190} INFO - [2024-12-24T13:01:44.518+0000] {dag.py:4180} INFO - Setting next_dagrun for process_forex_data to None, run_after=None
[2024-12-24T13:01:44.558+0000] {processor.py:208} INFO - Processing /opt/airflow/dags/flatten.py took 0.143 seconds
[2024-12-24T13:02:14.854+0000] {processor.py:186} INFO - Started process (PID=40469) to work on /opt/airflow/dags/flatten.py
[2024-12-24T13:02:14.856+0000] {processor.py:914} INFO - Processing file /opt/airflow/dags/flatten.py for tasks to queue
[2024-12-24T13:02:14.859+0000] {logging_mixin.py:190} INFO - [2024-12-24T13:02:14.858+0000] {dagbag.py:588} INFO - Filling up the DagBag from /opt/airflow/dags/flatten.py
[2024-12-24T13:02:14.891+0000] {processor.py:925} INFO - DAG(s) 'process_forex_data' retrieved from /opt/airflow/dags/flatten.py
[2024-12-24T13:02:14.944+0000] {logging_mixin.py:190} INFO - [2024-12-24T13:02:14.943+0000] {dag.py:3239} INFO - Sync 1 DAGs
[2024-12-24T13:02:14.983+0000] {logging_mixin.py:190} INFO - [2024-12-24T13:02:14.983+0000] {dag.py:4180} INFO - Setting next_dagrun for process_forex_data to None, run_after=None
[2024-12-24T13:02:15.025+0000] {processor.py:208} INFO - Processing /opt/airflow/dags/flatten.py took 0.191 seconds
[2024-12-24T13:02:45.184+0000] {processor.py:186} INFO - Started process (PID=40484) to work on /opt/airflow/dags/flatten.py
[2024-12-24T13:02:45.186+0000] {processor.py:914} INFO - Processing file /opt/airflow/dags/flatten.py for tasks to queue
[2024-12-24T13:02:45.188+0000] {logging_mixin.py:190} INFO - [2024-12-24T13:02:45.188+0000] {dagbag.py:588} INFO - Filling up the DagBag from /opt/airflow/dags/flatten.py
[2024-12-24T13:02:45.210+0000] {processor.py:925} INFO - DAG(s) 'process_forex_data' retrieved from /opt/airflow/dags/flatten.py
[2024-12-24T13:02:45.244+0000] {logging_mixin.py:190} INFO - [2024-12-24T13:02:45.244+0000] {dag.py:3239} INFO - Sync 1 DAGs
[2024-12-24T13:02:45.267+0000] {logging_mixin.py:190} INFO - [2024-12-24T13:02:45.266+0000] {dag.py:4180} INFO - Setting next_dagrun for process_forex_data to None, run_after=None
[2024-12-24T13:02:45.304+0000] {processor.py:208} INFO - Processing /opt/airflow/dags/flatten.py took 0.130 seconds
[2024-12-24T13:03:15.402+0000] {processor.py:186} INFO - Started process (PID=40499) to work on /opt/airflow/dags/flatten.py
[2024-12-24T13:03:15.403+0000] {processor.py:914} INFO - Processing file /opt/airflow/dags/flatten.py for tasks to queue
[2024-12-24T13:03:15.405+0000] {logging_mixin.py:190} INFO - [2024-12-24T13:03:15.404+0000] {dagbag.py:588} INFO - Filling up the DagBag from /opt/airflow/dags/flatten.py
[2024-12-24T13:03:15.425+0000] {processor.py:925} INFO - DAG(s) 'process_forex_data' retrieved from /opt/airflow/dags/flatten.py
[2024-12-24T13:03:15.455+0000] {logging_mixin.py:190} INFO - [2024-12-24T13:03:15.455+0000] {dag.py:3239} INFO - Sync 1 DAGs
[2024-12-24T13:03:15.472+0000] {logging_mixin.py:190} INFO - [2024-12-24T13:03:15.471+0000] {dag.py:4180} INFO - Setting next_dagrun for process_forex_data to None, run_after=None
[2024-12-24T13:03:15.496+0000] {processor.py:208} INFO - Processing /opt/airflow/dags/flatten.py took 0.103 seconds
[2024-12-24T13:03:45.663+0000] {processor.py:186} INFO - Started process (PID=40514) to work on /opt/airflow/dags/flatten.py
[2024-12-24T13:03:45.665+0000] {processor.py:914} INFO - Processing file /opt/airflow/dags/flatten.py for tasks to queue
[2024-12-24T13:03:45.666+0000] {logging_mixin.py:190} INFO - [2024-12-24T13:03:45.666+0000] {dagbag.py:588} INFO - Filling up the DagBag from /opt/airflow/dags/flatten.py
[2024-12-24T13:03:45.689+0000] {processor.py:925} INFO - DAG(s) 'process_forex_data' retrieved from /opt/airflow/dags/flatten.py
[2024-12-24T13:03:45.719+0000] {logging_mixin.py:190} INFO - [2024-12-24T13:03:45.719+0000] {dag.py:3239} INFO - Sync 1 DAGs
[2024-12-24T13:03:45.736+0000] {logging_mixin.py:190} INFO - [2024-12-24T13:03:45.735+0000] {dag.py:4180} INFO - Setting next_dagrun for process_forex_data to None, run_after=None
[2024-12-24T13:03:45.767+0000] {processor.py:208} INFO - Processing /opt/airflow/dags/flatten.py took 0.113 seconds
[2024-12-24T13:04:16.812+0000] {processor.py:186} INFO - Started process (PID=40528) to work on /opt/airflow/dags/flatten.py
[2024-12-24T13:04:16.813+0000] {processor.py:914} INFO - Processing file /opt/airflow/dags/flatten.py for tasks to queue
[2024-12-24T13:04:16.815+0000] {logging_mixin.py:190} INFO - [2024-12-24T13:04:16.815+0000] {dagbag.py:588} INFO - Filling up the DagBag from /opt/airflow/dags/flatten.py
[2024-12-24T13:04:16.837+0000] {processor.py:925} INFO - DAG(s) 'process_forex_data' retrieved from /opt/airflow/dags/flatten.py
[2024-12-24T13:04:16.876+0000] {logging_mixin.py:190} INFO - [2024-12-24T13:04:16.875+0000] {dag.py:3239} INFO - Sync 1 DAGs
[2024-12-24T13:04:16.903+0000] {logging_mixin.py:190} INFO - [2024-12-24T13:04:16.903+0000] {dag.py:4180} INFO - Setting next_dagrun for process_forex_data to None, run_after=None
[2024-12-24T13:04:16.940+0000] {processor.py:208} INFO - Processing /opt/airflow/dags/flatten.py took 0.138 seconds
[2024-12-24T13:04:47.126+0000] {processor.py:186} INFO - Started process (PID=40542) to work on /opt/airflow/dags/flatten.py
[2024-12-24T13:04:47.127+0000] {processor.py:914} INFO - Processing file /opt/airflow/dags/flatten.py for tasks to queue
[2024-12-24T13:04:47.129+0000] {logging_mixin.py:190} INFO - [2024-12-24T13:04:47.129+0000] {dagbag.py:588} INFO - Filling up the DagBag from /opt/airflow/dags/flatten.py
[2024-12-24T13:04:47.155+0000] {processor.py:925} INFO - DAG(s) 'process_forex_data' retrieved from /opt/airflow/dags/flatten.py
[2024-12-24T13:04:47.193+0000] {logging_mixin.py:190} INFO - [2024-12-24T13:04:47.193+0000] {dag.py:3239} INFO - Sync 1 DAGs
[2024-12-24T13:04:47.217+0000] {logging_mixin.py:190} INFO - [2024-12-24T13:04:47.217+0000] {dag.py:4180} INFO - Setting next_dagrun for process_forex_data to None, run_after=None
[2024-12-24T13:04:47.260+0000] {processor.py:208} INFO - Processing /opt/airflow/dags/flatten.py took 0.146 seconds
[2024-12-24T13:05:17.756+0000] {processor.py:186} INFO - Started process (PID=40556) to work on /opt/airflow/dags/flatten.py
[2024-12-24T13:05:17.757+0000] {processor.py:914} INFO - Processing file /opt/airflow/dags/flatten.py for tasks to queue
[2024-12-24T13:05:17.759+0000] {logging_mixin.py:190} INFO - [2024-12-24T13:05:17.759+0000] {dagbag.py:588} INFO - Filling up the DagBag from /opt/airflow/dags/flatten.py
[2024-12-24T13:05:17.788+0000] {processor.py:925} INFO - DAG(s) 'process_forex_data' retrieved from /opt/airflow/dags/flatten.py
[2024-12-24T13:05:17.820+0000] {logging_mixin.py:190} INFO - [2024-12-24T13:05:17.819+0000] {dag.py:3239} INFO - Sync 1 DAGs
[2024-12-24T13:05:17.843+0000] {logging_mixin.py:190} INFO - [2024-12-24T13:05:17.843+0000] {dag.py:4180} INFO - Setting next_dagrun for process_forex_data to None, run_after=None
[2024-12-24T13:05:17.882+0000] {processor.py:208} INFO - Processing /opt/airflow/dags/flatten.py took 0.138 seconds
[2024-12-24T13:05:48.027+0000] {processor.py:186} INFO - Started process (PID=40570) to work on /opt/airflow/dags/flatten.py
[2024-12-24T13:05:48.028+0000] {processor.py:914} INFO - Processing file /opt/airflow/dags/flatten.py for tasks to queue
[2024-12-24T13:05:48.030+0000] {logging_mixin.py:190} INFO - [2024-12-24T13:05:48.029+0000] {dagbag.py:588} INFO - Filling up the DagBag from /opt/airflow/dags/flatten.py
[2024-12-24T13:05:48.051+0000] {processor.py:925} INFO - DAG(s) 'process_forex_data' retrieved from /opt/airflow/dags/flatten.py
[2024-12-24T13:05:48.086+0000] {logging_mixin.py:190} INFO - [2024-12-24T13:05:48.086+0000] {dag.py:3239} INFO - Sync 1 DAGs
[2024-12-24T13:05:48.111+0000] {logging_mixin.py:190} INFO - [2024-12-24T13:05:48.110+0000] {dag.py:4180} INFO - Setting next_dagrun for process_forex_data to None, run_after=None
[2024-12-24T13:05:48.139+0000] {processor.py:208} INFO - Processing /opt/airflow/dags/flatten.py took 0.123 seconds
[2024-12-24T13:06:18.243+0000] {processor.py:186} INFO - Started process (PID=40584) to work on /opt/airflow/dags/flatten.py
[2024-12-24T13:06:18.244+0000] {processor.py:914} INFO - Processing file /opt/airflow/dags/flatten.py for tasks to queue
[2024-12-24T13:06:18.246+0000] {logging_mixin.py:190} INFO - [2024-12-24T13:06:18.246+0000] {dagbag.py:588} INFO - Filling up the DagBag from /opt/airflow/dags/flatten.py
[2024-12-24T13:06:18.272+0000] {processor.py:925} INFO - DAG(s) 'process_forex_data' retrieved from /opt/airflow/dags/flatten.py
[2024-12-24T13:06:18.310+0000] {logging_mixin.py:190} INFO - [2024-12-24T13:06:18.309+0000] {dag.py:3239} INFO - Sync 1 DAGs
[2024-12-24T13:06:18.334+0000] {logging_mixin.py:190} INFO - [2024-12-24T13:06:18.334+0000] {dag.py:4180} INFO - Setting next_dagrun for process_forex_data to None, run_after=None
[2024-12-24T13:06:18.375+0000] {processor.py:208} INFO - Processing /opt/airflow/dags/flatten.py took 0.143 seconds
[2024-12-24T13:06:48.450+0000] {processor.py:186} INFO - Started process (PID=40599) to work on /opt/airflow/dags/flatten.py
[2024-12-24T13:06:48.452+0000] {processor.py:914} INFO - Processing file /opt/airflow/dags/flatten.py for tasks to queue
[2024-12-24T13:06:48.453+0000] {logging_mixin.py:190} INFO - [2024-12-24T13:06:48.453+0000] {dagbag.py:588} INFO - Filling up the DagBag from /opt/airflow/dags/flatten.py
[2024-12-24T13:06:48.481+0000] {processor.py:925} INFO - DAG(s) 'process_forex_data' retrieved from /opt/airflow/dags/flatten.py
[2024-12-24T13:06:48.526+0000] {logging_mixin.py:190} INFO - [2024-12-24T13:06:48.526+0000] {dag.py:3239} INFO - Sync 1 DAGs
[2024-12-24T13:06:48.557+0000] {logging_mixin.py:190} INFO - [2024-12-24T13:06:48.556+0000] {dag.py:4180} INFO - Setting next_dagrun for process_forex_data to None, run_after=None
[2024-12-24T13:06:48.595+0000] {processor.py:208} INFO - Processing /opt/airflow/dags/flatten.py took 0.154 seconds
[2024-12-24T13:07:18.713+0000] {processor.py:186} INFO - Started process (PID=40613) to work on /opt/airflow/dags/flatten.py
[2024-12-24T13:07:18.715+0000] {processor.py:914} INFO - Processing file /opt/airflow/dags/flatten.py for tasks to queue
[2024-12-24T13:07:18.717+0000] {logging_mixin.py:190} INFO - [2024-12-24T13:07:18.716+0000] {dagbag.py:588} INFO - Filling up the DagBag from /opt/airflow/dags/flatten.py
[2024-12-24T13:07:18.745+0000] {processor.py:925} INFO - DAG(s) 'process_forex_data' retrieved from /opt/airflow/dags/flatten.py
[2024-12-24T13:07:18.790+0000] {logging_mixin.py:190} INFO - [2024-12-24T13:07:18.789+0000] {dag.py:3239} INFO - Sync 1 DAGs
[2024-12-24T13:07:18.822+0000] {logging_mixin.py:190} INFO - [2024-12-24T13:07:18.821+0000] {dag.py:4180} INFO - Setting next_dagrun for process_forex_data to None, run_after=None
[2024-12-24T13:07:18.860+0000] {processor.py:208} INFO - Processing /opt/airflow/dags/flatten.py took 0.157 seconds
[2024-12-24T13:07:49.908+0000] {processor.py:186} INFO - Started process (PID=40627) to work on /opt/airflow/dags/flatten.py
[2024-12-24T13:07:49.909+0000] {processor.py:914} INFO - Processing file /opt/airflow/dags/flatten.py for tasks to queue
[2024-12-24T13:07:49.911+0000] {logging_mixin.py:190} INFO - [2024-12-24T13:07:49.911+0000] {dagbag.py:588} INFO - Filling up the DagBag from /opt/airflow/dags/flatten.py
[2024-12-24T13:07:49.932+0000] {processor.py:925} INFO - DAG(s) 'process_forex_data' retrieved from /opt/airflow/dags/flatten.py
[2024-12-24T13:07:49.962+0000] {logging_mixin.py:190} INFO - [2024-12-24T13:07:49.961+0000] {dag.py:3239} INFO - Sync 1 DAGs
[2024-12-24T13:07:49.979+0000] {logging_mixin.py:190} INFO - [2024-12-24T13:07:49.979+0000] {dag.py:4180} INFO - Setting next_dagrun for process_forex_data to None, run_after=None
[2024-12-24T13:07:50.006+0000] {processor.py:208} INFO - Processing /opt/airflow/dags/flatten.py took 0.108 seconds
[2024-12-24T13:08:20.179+0000] {processor.py:186} INFO - Started process (PID=40641) to work on /opt/airflow/dags/flatten.py
[2024-12-24T13:08:20.181+0000] {processor.py:914} INFO - Processing file /opt/airflow/dags/flatten.py for tasks to queue
[2024-12-24T13:08:20.182+0000] {logging_mixin.py:190} INFO - [2024-12-24T13:08:20.182+0000] {dagbag.py:588} INFO - Filling up the DagBag from /opt/airflow/dags/flatten.py
[2024-12-24T13:08:20.204+0000] {processor.py:925} INFO - DAG(s) 'process_forex_data' retrieved from /opt/airflow/dags/flatten.py
[2024-12-24T13:08:20.232+0000] {logging_mixin.py:190} INFO - [2024-12-24T13:08:20.231+0000] {dag.py:3239} INFO - Sync 1 DAGs
[2024-12-24T13:08:20.251+0000] {logging_mixin.py:190} INFO - [2024-12-24T13:08:20.251+0000] {dag.py:4180} INFO - Setting next_dagrun for process_forex_data to None, run_after=None
[2024-12-24T13:08:20.285+0000] {processor.py:208} INFO - Processing /opt/airflow/dags/flatten.py took 0.119 seconds
[2024-12-24T13:08:50.654+0000] {processor.py:186} INFO - Started process (PID=40655) to work on /opt/airflow/dags/flatten.py
[2024-12-24T13:08:50.655+0000] {processor.py:914} INFO - Processing file /opt/airflow/dags/flatten.py for tasks to queue
[2024-12-24T13:08:50.657+0000] {logging_mixin.py:190} INFO - [2024-12-24T13:08:50.657+0000] {dagbag.py:588} INFO - Filling up the DagBag from /opt/airflow/dags/flatten.py
[2024-12-24T13:08:50.679+0000] {processor.py:925} INFO - DAG(s) 'process_forex_data' retrieved from /opt/airflow/dags/flatten.py
[2024-12-24T13:08:50.710+0000] {logging_mixin.py:190} INFO - [2024-12-24T13:08:50.710+0000] {dag.py:3239} INFO - Sync 1 DAGs
[2024-12-24T13:08:50.730+0000] {logging_mixin.py:190} INFO - [2024-12-24T13:08:50.730+0000] {dag.py:4180} INFO - Setting next_dagrun for process_forex_data to None, run_after=None
[2024-12-24T13:08:50.761+0000] {processor.py:208} INFO - Processing /opt/airflow/dags/flatten.py took 0.118 seconds
[2024-12-24T13:09:20.964+0000] {processor.py:186} INFO - Started process (PID=40670) to work on /opt/airflow/dags/flatten.py
[2024-12-24T13:09:20.965+0000] {processor.py:914} INFO - Processing file /opt/airflow/dags/flatten.py for tasks to queue
[2024-12-24T13:09:20.968+0000] {logging_mixin.py:190} INFO - [2024-12-24T13:09:20.967+0000] {dagbag.py:588} INFO - Filling up the DagBag from /opt/airflow/dags/flatten.py
[2024-12-24T13:09:20.993+0000] {processor.py:925} INFO - DAG(s) 'process_forex_data' retrieved from /opt/airflow/dags/flatten.py
[2024-12-24T13:09:21.025+0000] {logging_mixin.py:190} INFO - [2024-12-24T13:09:21.025+0000] {dag.py:3239} INFO - Sync 1 DAGs
[2024-12-24T13:09:21.041+0000] {logging_mixin.py:190} INFO - [2024-12-24T13:09:21.041+0000] {dag.py:4180} INFO - Setting next_dagrun for process_forex_data to None, run_after=None
[2024-12-24T13:09:21.065+0000] {processor.py:208} INFO - Processing /opt/airflow/dags/flatten.py took 0.109 seconds
[2024-12-24T13:09:51.301+0000] {processor.py:186} INFO - Started process (PID=40684) to work on /opt/airflow/dags/flatten.py
[2024-12-24T13:09:51.303+0000] {processor.py:914} INFO - Processing file /opt/airflow/dags/flatten.py for tasks to queue
[2024-12-24T13:09:51.305+0000] {logging_mixin.py:190} INFO - [2024-12-24T13:09:51.304+0000] {dagbag.py:588} INFO - Filling up the DagBag from /opt/airflow/dags/flatten.py
[2024-12-24T13:09:51.332+0000] {processor.py:925} INFO - DAG(s) 'process_forex_data' retrieved from /opt/airflow/dags/flatten.py
[2024-12-24T13:09:51.379+0000] {logging_mixin.py:190} INFO - [2024-12-24T13:09:51.379+0000] {dag.py:3239} INFO - Sync 1 DAGs
[2024-12-24T13:09:51.398+0000] {logging_mixin.py:190} INFO - [2024-12-24T13:09:51.398+0000] {dag.py:4180} INFO - Setting next_dagrun for process_forex_data to None, run_after=None
[2024-12-24T13:09:51.435+0000] {processor.py:208} INFO - Processing /opt/airflow/dags/flatten.py took 0.144 seconds
[2024-12-24T13:10:21.546+0000] {processor.py:186} INFO - Started process (PID=40698) to work on /opt/airflow/dags/flatten.py
[2024-12-24T13:10:21.547+0000] {processor.py:914} INFO - Processing file /opt/airflow/dags/flatten.py for tasks to queue
[2024-12-24T13:10:21.549+0000] {logging_mixin.py:190} INFO - [2024-12-24T13:10:21.549+0000] {dagbag.py:588} INFO - Filling up the DagBag from /opt/airflow/dags/flatten.py
[2024-12-24T13:10:21.574+0000] {processor.py:925} INFO - DAG(s) 'process_forex_data' retrieved from /opt/airflow/dags/flatten.py
[2024-12-24T13:10:21.612+0000] {logging_mixin.py:190} INFO - [2024-12-24T13:10:21.612+0000] {dag.py:3239} INFO - Sync 1 DAGs
[2024-12-24T13:10:21.832+0000] {logging_mixin.py:190} INFO - [2024-12-24T13:10:21.832+0000] {dag.py:4180} INFO - Setting next_dagrun for process_forex_data to None, run_after=None
[2024-12-24T13:10:21.870+0000] {processor.py:208} INFO - Processing /opt/airflow/dags/flatten.py took 0.334 seconds
[2024-12-24T13:10:52.203+0000] {processor.py:186} INFO - Started process (PID=40712) to work on /opt/airflow/dags/flatten.py
[2024-12-24T13:10:52.204+0000] {processor.py:914} INFO - Processing file /opt/airflow/dags/flatten.py for tasks to queue
[2024-12-24T13:10:52.207+0000] {logging_mixin.py:190} INFO - [2024-12-24T13:10:52.206+0000] {dagbag.py:588} INFO - Filling up the DagBag from /opt/airflow/dags/flatten.py
[2024-12-24T13:10:52.246+0000] {processor.py:925} INFO - DAG(s) 'process_forex_data' retrieved from /opt/airflow/dags/flatten.py
[2024-12-24T13:10:52.302+0000] {logging_mixin.py:190} INFO - [2024-12-24T13:10:52.301+0000] {dag.py:3239} INFO - Sync 1 DAGs
[2024-12-24T13:10:52.342+0000] {logging_mixin.py:190} INFO - [2024-12-24T13:10:52.341+0000] {dag.py:4180} INFO - Setting next_dagrun for process_forex_data to None, run_after=None
[2024-12-24T13:10:52.388+0000] {processor.py:208} INFO - Processing /opt/airflow/dags/flatten.py took 0.201 seconds
[2024-12-24T13:11:22.905+0000] {processor.py:186} INFO - Started process (PID=40726) to work on /opt/airflow/dags/flatten.py
[2024-12-24T13:11:22.907+0000] {processor.py:914} INFO - Processing file /opt/airflow/dags/flatten.py for tasks to queue
[2024-12-24T13:11:22.909+0000] {logging_mixin.py:190} INFO - [2024-12-24T13:11:22.908+0000] {dagbag.py:588} INFO - Filling up the DagBag from /opt/airflow/dags/flatten.py
[2024-12-24T13:11:22.928+0000] {processor.py:925} INFO - DAG(s) 'process_forex_data' retrieved from /opt/airflow/dags/flatten.py
[2024-12-24T13:11:22.962+0000] {logging_mixin.py:190} INFO - [2024-12-24T13:11:22.961+0000] {dag.py:3239} INFO - Sync 1 DAGs
[2024-12-24T13:11:22.982+0000] {logging_mixin.py:190} INFO - [2024-12-24T13:11:22.982+0000] {dag.py:4180} INFO - Setting next_dagrun for process_forex_data to None, run_after=None
[2024-12-24T13:11:23.015+0000] {processor.py:208} INFO - Processing /opt/airflow/dags/flatten.py took 0.121 seconds
[2024-12-24T13:11:53.153+0000] {processor.py:186} INFO - Started process (PID=40740) to work on /opt/airflow/dags/flatten.py
[2024-12-24T13:11:53.154+0000] {processor.py:914} INFO - Processing file /opt/airflow/dags/flatten.py for tasks to queue
[2024-12-24T13:11:53.156+0000] {logging_mixin.py:190} INFO - [2024-12-24T13:11:53.155+0000] {dagbag.py:588} INFO - Filling up the DagBag from /opt/airflow/dags/flatten.py
[2024-12-24T13:11:53.180+0000] {processor.py:925} INFO - DAG(s) 'process_forex_data' retrieved from /opt/airflow/dags/flatten.py
[2024-12-24T13:11:53.221+0000] {logging_mixin.py:190} INFO - [2024-12-24T13:11:53.221+0000] {dag.py:3239} INFO - Sync 1 DAGs
[2024-12-24T13:11:53.433+0000] {logging_mixin.py:190} INFO - [2024-12-24T13:11:53.433+0000] {dag.py:4180} INFO - Setting next_dagrun for process_forex_data to None, run_after=None
[2024-12-24T13:11:53.458+0000] {processor.py:208} INFO - Processing /opt/airflow/dags/flatten.py took 0.316 seconds
[2024-12-24T13:12:24.404+0000] {processor.py:186} INFO - Started process (PID=40754) to work on /opt/airflow/dags/flatten.py
[2024-12-24T13:12:24.406+0000] {processor.py:914} INFO - Processing file /opt/airflow/dags/flatten.py for tasks to queue
[2024-12-24T13:12:24.407+0000] {logging_mixin.py:190} INFO - [2024-12-24T13:12:24.407+0000] {dagbag.py:588} INFO - Filling up the DagBag from /opt/airflow/dags/flatten.py
[2024-12-24T13:12:24.430+0000] {processor.py:925} INFO - DAG(s) 'process_forex_data' retrieved from /opt/airflow/dags/flatten.py
[2024-12-24T13:12:24.463+0000] {logging_mixin.py:190} INFO - [2024-12-24T13:12:24.462+0000] {dag.py:3239} INFO - Sync 1 DAGs
[2024-12-24T13:12:24.480+0000] {logging_mixin.py:190} INFO - [2024-12-24T13:12:24.480+0000] {dag.py:4180} INFO - Setting next_dagrun for process_forex_data to None, run_after=None
[2024-12-24T13:12:24.509+0000] {processor.py:208} INFO - Processing /opt/airflow/dags/flatten.py took 0.115 seconds
[2024-12-24T13:12:54.780+0000] {processor.py:186} INFO - Started process (PID=40768) to work on /opt/airflow/dags/flatten.py
[2024-12-24T13:12:54.781+0000] {processor.py:914} INFO - Processing file /opt/airflow/dags/flatten.py for tasks to queue
[2024-12-24T13:12:54.783+0000] {logging_mixin.py:190} INFO - [2024-12-24T13:12:54.783+0000] {dagbag.py:588} INFO - Filling up the DagBag from /opt/airflow/dags/flatten.py
[2024-12-24T13:12:54.803+0000] {processor.py:925} INFO - DAG(s) 'process_forex_data' retrieved from /opt/airflow/dags/flatten.py
[2024-12-24T13:12:54.832+0000] {logging_mixin.py:190} INFO - [2024-12-24T13:12:54.832+0000] {dag.py:3239} INFO - Sync 1 DAGs
[2024-12-24T13:12:54.853+0000] {logging_mixin.py:190} INFO - [2024-12-24T13:12:54.852+0000] {dag.py:4180} INFO - Setting next_dagrun for process_forex_data to None, run_after=None
[2024-12-24T13:12:54.879+0000] {processor.py:208} INFO - Processing /opt/airflow/dags/flatten.py took 0.110 seconds
[2024-12-24T13:13:25.149+0000] {processor.py:186} INFO - Started process (PID=40782) to work on /opt/airflow/dags/flatten.py
[2024-12-24T13:13:25.151+0000] {processor.py:914} INFO - Processing file /opt/airflow/dags/flatten.py for tasks to queue
[2024-12-24T13:13:25.153+0000] {logging_mixin.py:190} INFO - [2024-12-24T13:13:25.153+0000] {dagbag.py:588} INFO - Filling up the DagBag from /opt/airflow/dags/flatten.py
[2024-12-24T13:13:25.180+0000] {processor.py:925} INFO - DAG(s) 'process_forex_data' retrieved from /opt/airflow/dags/flatten.py
[2024-12-24T13:13:25.210+0000] {logging_mixin.py:190} INFO - [2024-12-24T13:13:25.209+0000] {dag.py:3239} INFO - Sync 1 DAGs
[2024-12-24T13:13:25.397+0000] {logging_mixin.py:190} INFO - [2024-12-24T13:13:25.397+0000] {dag.py:4180} INFO - Setting next_dagrun for process_forex_data to None, run_after=None
[2024-12-24T13:13:25.431+0000] {processor.py:208} INFO - Processing /opt/airflow/dags/flatten.py took 0.292 seconds
[2024-12-24T13:13:56.356+0000] {processor.py:186} INFO - Started process (PID=40796) to work on /opt/airflow/dags/flatten.py
[2024-12-24T13:13:56.357+0000] {processor.py:914} INFO - Processing file /opt/airflow/dags/flatten.py for tasks to queue
[2024-12-24T13:13:56.359+0000] {logging_mixin.py:190} INFO - [2024-12-24T13:13:56.359+0000] {dagbag.py:588} INFO - Filling up the DagBag from /opt/airflow/dags/flatten.py
[2024-12-24T13:13:56.381+0000] {processor.py:925} INFO - DAG(s) 'process_forex_data' retrieved from /opt/airflow/dags/flatten.py
[2024-12-24T13:13:56.412+0000] {logging_mixin.py:190} INFO - [2024-12-24T13:13:56.412+0000] {dag.py:3239} INFO - Sync 1 DAGs
[2024-12-24T13:13:56.430+0000] {logging_mixin.py:190} INFO - [2024-12-24T13:13:56.430+0000] {dag.py:4180} INFO - Setting next_dagrun for process_forex_data to None, run_after=None
[2024-12-24T13:13:56.456+0000] {processor.py:208} INFO - Processing /opt/airflow/dags/flatten.py took 0.109 seconds
[2024-12-24T13:14:26.853+0000] {processor.py:186} INFO - Started process (PID=40810) to work on /opt/airflow/dags/flatten.py
[2024-12-24T13:14:26.854+0000] {processor.py:914} INFO - Processing file /opt/airflow/dags/flatten.py for tasks to queue
[2024-12-24T13:14:26.855+0000] {logging_mixin.py:190} INFO - [2024-12-24T13:14:26.855+0000] {dagbag.py:588} INFO - Filling up the DagBag from /opt/airflow/dags/flatten.py
[2024-12-24T13:14:26.878+0000] {processor.py:925} INFO - DAG(s) 'process_forex_data' retrieved from /opt/airflow/dags/flatten.py
[2024-12-24T13:14:26.912+0000] {logging_mixin.py:190} INFO - [2024-12-24T13:14:26.912+0000] {dag.py:3239} INFO - Sync 1 DAGs
[2024-12-24T13:14:26.930+0000] {logging_mixin.py:190} INFO - [2024-12-24T13:14:26.929+0000] {dag.py:4180} INFO - Setting next_dagrun for process_forex_data to None, run_after=None
[2024-12-24T13:14:26.955+0000] {processor.py:208} INFO - Processing /opt/airflow/dags/flatten.py took 0.113 seconds
[2024-12-24T13:14:57.137+0000] {processor.py:186} INFO - Started process (PID=40825) to work on /opt/airflow/dags/flatten.py
[2024-12-24T13:14:57.138+0000] {processor.py:914} INFO - Processing file /opt/airflow/dags/flatten.py for tasks to queue
[2024-12-24T13:14:57.140+0000] {logging_mixin.py:190} INFO - [2024-12-24T13:14:57.140+0000] {dagbag.py:588} INFO - Filling up the DagBag from /opt/airflow/dags/flatten.py
[2024-12-24T13:14:57.162+0000] {processor.py:925} INFO - DAG(s) 'process_forex_data' retrieved from /opt/airflow/dags/flatten.py
[2024-12-24T13:14:57.199+0000] {logging_mixin.py:190} INFO - [2024-12-24T13:14:57.198+0000] {dag.py:3239} INFO - Sync 1 DAGs
[2024-12-24T13:14:57.387+0000] {logging_mixin.py:190} INFO - [2024-12-24T13:14:57.386+0000] {dag.py:4180} INFO - Setting next_dagrun for process_forex_data to None, run_after=None
[2024-12-24T13:14:57.412+0000] {processor.py:208} INFO - Processing /opt/airflow/dags/flatten.py took 0.285 seconds
[2024-12-24T13:15:27.532+0000] {processor.py:186} INFO - Started process (PID=40839) to work on /opt/airflow/dags/flatten.py
[2024-12-24T13:15:27.533+0000] {processor.py:914} INFO - Processing file /opt/airflow/dags/flatten.py for tasks to queue
[2024-12-24T13:15:27.535+0000] {logging_mixin.py:190} INFO - [2024-12-24T13:15:27.535+0000] {dagbag.py:588} INFO - Filling up the DagBag from /opt/airflow/dags/flatten.py
[2024-12-24T13:15:27.562+0000] {processor.py:925} INFO - DAG(s) 'process_forex_data' retrieved from /opt/airflow/dags/flatten.py
[2024-12-24T13:15:27.797+0000] {logging_mixin.py:190} INFO - [2024-12-24T13:15:27.796+0000] {dag.py:3239} INFO - Sync 1 DAGs
[2024-12-24T13:15:27.821+0000] {logging_mixin.py:190} INFO - [2024-12-24T13:15:27.821+0000] {dag.py:4180} INFO - Setting next_dagrun for process_forex_data to None, run_after=None
[2024-12-24T13:15:27.858+0000] {processor.py:208} INFO - Processing /opt/airflow/dags/flatten.py took 0.336 seconds
[2024-12-24T13:15:37.315+0000] {processor.py:186} INFO - Started process (PID=40842) to work on /opt/airflow/dags/flatten.py
[2024-12-24T13:15:37.316+0000] {processor.py:914} INFO - Processing file /opt/airflow/dags/flatten.py for tasks to queue
[2024-12-24T13:15:37.318+0000] {logging_mixin.py:190} INFO - [2024-12-24T13:15:37.318+0000] {dagbag.py:588} INFO - Filling up the DagBag from /opt/airflow/dags/flatten.py
[2024-12-24T13:15:37.382+0000] {processor.py:925} INFO - DAG(s) 'process_forex_data' retrieved from /opt/airflow/dags/flatten.py
[2024-12-24T13:15:37.431+0000] {logging_mixin.py:190} INFO - [2024-12-24T13:15:37.430+0000] {dag.py:3239} INFO - Sync 1 DAGs
[2024-12-24T13:15:37.467+0000] {logging_mixin.py:190} INFO - [2024-12-24T13:15:37.466+0000] {dag.py:4180} INFO - Setting next_dagrun for process_forex_data to None, run_after=None
[2024-12-24T13:15:37.514+0000] {processor.py:208} INFO - Processing /opt/airflow/dags/flatten.py took 0.211 seconds
