[2024-12-17T11:36:38.565+0000] {local_task_job_runner.py:123} INFO - ::group::Pre task execution logs
[2024-12-17T11:36:38.617+0000] {taskinstance.py:2613} INFO - Dependencies all met for dep_context=non-requeueable deps ti=<TaskInstance: Our_first_dag_using_python_operator.greet scheduled__2024-12-17T11:10:00+00:00 [queued]>
[2024-12-17T11:36:38.638+0000] {taskinstance.py:2613} INFO - Dependencies all met for dep_context=requeueable deps ti=<TaskInstance: Our_first_dag_using_python_operator.greet scheduled__2024-12-17T11:10:00+00:00 [queued]>
[2024-12-17T11:36:38.640+0000] {taskinstance.py:2866} INFO - Starting attempt 1 of 6
[2024-12-17T11:36:38.771+0000] {taskinstance.py:2889} INFO - Executing <Task(PythonOperator): greet> on 2024-12-17 11:10:00+00:00
[2024-12-17T11:36:38.788+0000] {warnings.py:112} WARNING - /home/***/.local/lib/python3.12/site-packages/***/task/task_runner/standard_task_runner.py:70: DeprecationWarning: This process (pid=5295) is multi-threaded, use of fork() may lead to deadlocks in the child.
  pid = os.fork()

[2024-12-17T11:36:38.791+0000] {standard_task_runner.py:72} INFO - Started process 5301 to run task
[2024-12-17T11:36:38.801+0000] {standard_task_runner.py:104} INFO - Running: ['***', 'tasks', 'run', 'Our_first_dag_using_python_operator', 'greet', 'scheduled__2024-12-17T11:10:00+00:00', '--job-id', '960', '--raw', '--subdir', 'DAGS_FOLDER/create_dag_with_python.py', '--cfg-path', '/tmp/tmp0syt841g']
[2024-12-17T11:36:38.808+0000] {standard_task_runner.py:105} INFO - Job 960: Subtask greet
[2024-12-17T11:36:38.963+0000] {task_command.py:467} INFO - Running <TaskInstance: Our_first_dag_using_python_operator.greet scheduled__2024-12-17T11:10:00+00:00 [running]> on host 8348eb091483
[2024-12-17T11:36:39.231+0000] {taskinstance.py:3132} INFO - Exporting env vars: AIRFLOW_CTX_DAG_OWNER='srush' AIRFLOW_CTX_DAG_ID='Our_first_dag_using_python_operator' AIRFLOW_CTX_TASK_ID='greet' AIRFLOW_CTX_EXECUTION_DATE='2024-12-17T11:10:00+00:00' AIRFLOW_CTX_TRY_NUMBER='1' AIRFLOW_CTX_DAG_RUN_ID='scheduled__2024-12-17T11:10:00+00:00'
[2024-12-17T11:36:39.244+0000] {taskinstance.py:731} INFO - ::endgroup::
[2024-12-17T11:36:39.313+0000] {logging_mixin.py:190} INFO - Hello World! My name is Tom, I am 20 years old
[2024-12-17T11:36:39.315+0000] {python.py:240} INFO - Done. Returned value was: None
[2024-12-17T11:36:39.349+0000] {taskinstance.py:340} INFO - ::group::Post task execution logs
[2024-12-17T11:36:39.351+0000] {taskinstance.py:352} INFO - Marking task as SUCCESS. dag_id=Our_first_dag_using_python_operator, task_id=greet, run_id=scheduled__2024-12-17T11:10:00+00:00, execution_date=20241217T111000, start_date=20241217T113638, end_date=20241217T113639
[2024-12-17T11:36:39.768+0000] {local_task_job_runner.py:266} INFO - Task exited with return code 0
[2024-12-17T11:36:39.821+0000] {taskinstance.py:3895} INFO - 0 downstream tasks scheduled from follow-on schedule check
[2024-12-17T11:36:39.833+0000] {local_task_job_runner.py:245} INFO - ::endgroup::
