[2024-12-20T05:22:32.595+0000] {local_task_job_runner.py:123} INFO - ::group::Pre task execution logs
[2024-12-20T05:22:32.622+0000] {taskinstance.py:2613} INFO - Dependencies all met for dep_context=non-requeueable deps ti=<TaskInstance: demo_fetch_news.fetch_and_insert_news_all_countries scheduled__2024-12-19T00:00:00+00:00 [queued]>
[2024-12-20T05:22:32.637+0000] {taskinstance.py:2613} INFO - Dependencies all met for dep_context=requeueable deps ti=<TaskInstance: demo_fetch_news.fetch_and_insert_news_all_countries scheduled__2024-12-19T00:00:00+00:00 [queued]>
[2024-12-20T05:22:32.638+0000] {taskinstance.py:2866} INFO - Starting attempt 1 of 2
[2024-12-20T05:22:32.662+0000] {taskinstance.py:2889} INFO - Executing <Task(PythonOperator): fetch_and_insert_news_all_countries> on 2024-12-19 00:00:00+00:00
[2024-12-20T05:22:32.675+0000] {warnings.py:112} WARNING - /home/***/.local/lib/python3.12/site-packages/***/task/task_runner/standard_task_runner.py:70: DeprecationWarning: This process (pid=13929) is multi-threaded, use of fork() may lead to deadlocks in the child.
  pid = os.fork()

[2024-12-20T05:22:32.679+0000] {standard_task_runner.py:72} INFO - Started process 13932 to run task
[2024-12-20T05:22:32.677+0000] {standard_task_runner.py:104} INFO - Running: ['***', 'tasks', 'run', 'demo_fetch_news', 'fetch_and_insert_news_all_countries', 'scheduled__2024-12-19T00:00:00+00:00', '--job-id', '2620', '--raw', '--subdir', 'DAGS_FOLDER/batch_dag.py', '--cfg-path', '/tmp/tmpnat4d6sk']
[2024-12-20T05:22:32.681+0000] {standard_task_runner.py:105} INFO - Job 2620: Subtask fetch_and_insert_news_all_countries
[2024-12-20T05:22:32.803+0000] {task_command.py:467} INFO - Running <TaskInstance: demo_fetch_news.fetch_and_insert_news_all_countries scheduled__2024-12-19T00:00:00+00:00 [running]> on host 7b4c45f22bd5
[2024-12-20T05:22:32.986+0000] {taskinstance.py:3132} INFO - Exporting env vars: AIRFLOW_CTX_DAG_OWNER='srush' AIRFLOW_CTX_DAG_ID='demo_fetch_news' AIRFLOW_CTX_TASK_ID='fetch_and_insert_news_all_countries' AIRFLOW_CTX_EXECUTION_DATE='2024-12-19T00:00:00+00:00' AIRFLOW_CTX_TRY_NUMBER='1' AIRFLOW_CTX_DAG_RUN_ID='scheduled__2024-12-19T00:00:00+00:00'
[2024-12-20T05:22:32.989+0000] {taskinstance.py:731} INFO - ::endgroup::
[2024-12-20T05:22:33.037+0000] {base.py:84} INFO - Retrieving connection 'snowflake_con'
[2024-12-20T05:22:33.039+0000] {connection.py:414} INFO - Snowflake Connector for Python Version: 3.12.4, Python Version: 3.12.8, Platform: Linux-5.15.167.4-microsoft-standard-WSL2-x86_64-with-glibc2.36
[2024-12-20T05:22:33.042+0000] {connection.py:1197} INFO - Connecting to GLOBAL Snowflake domain
[2024-12-20T05:22:33.043+0000] {connection.py:1278} INFO - This connection is in OCSP Fail Open Mode. TLS Certificates would be checked for validity and revocation status. Any other Certificate Revocation related exceptions or OCSP Responder failures would be disregarded in favor of connectivity.
[2024-12-20T05:22:33.886+0000] {cursor.py:1166} INFO - Number of results in first chunk: 11
[2024-12-20T05:22:34.066+0000] {cursor.py:1166} INFO - Number of results in first chunk: 5
[2024-12-20T05:22:34.067+0000] {logging_mixin.py:190} INFO - Fetched Keywords: ['currency', 'forex', 'finance', 'disease', 'war', 'election', 'pandemic', 'inflation', 'bank', 'trade', 'treaty']
[2024-12-20T05:22:34.068+0000] {logging_mixin.py:190} INFO - Fetched Countries: ['CH', 'JA', 'NZ', 'SZ', 'RS']
[2024-12-20T05:22:34.069+0000] {logging_mixin.py:190} INFO - Processing news for country: CH
[2024-12-20T05:22:39.072+0000] {logging_mixin.py:190} INFO - Fetching news from 2024-12-18 to 2024-12-19 for CH...
[2024-12-20T05:22:44.459+0000] {logging_mixin.py:190} INFO - Inserted 250 articles into Snowflake table for CH.
[2024-12-20T05:22:49.460+0000] {logging_mixin.py:190} INFO - Fetching news from 2024-12-19 to 2024-12-20 for CH...
[2024-12-20T05:22:51.795+0000] {logging_mixin.py:190} INFO - Inserted 250 articles into Snowflake table for CH.
[2024-12-20T05:22:51.797+0000] {logging_mixin.py:190} INFO - Processing news for country: JA
[2024-12-20T05:22:56.796+0000] {logging_mixin.py:190} INFO - Fetching news from 2024-12-18 to 2024-12-19 for JA...
[2024-12-20T05:22:59.441+0000] {logging_mixin.py:190} INFO - Inserted 250 articles into Snowflake table for JA.
[2024-12-20T05:23:04.442+0000] {logging_mixin.py:190} INFO - Fetching news from 2024-12-19 to 2024-12-20 for JA...
[2024-12-20T05:23:08.873+0000] {logging_mixin.py:190} INFO - Inserted 250 articles into Snowflake table for JA.
[2024-12-20T05:23:08.874+0000] {logging_mixin.py:190} INFO - Processing news for country: NZ
[2024-12-20T05:23:13.875+0000] {logging_mixin.py:190} INFO - Fetching news from 2024-12-18 to 2024-12-19 for NZ...
[2024-12-20T05:23:18.062+0000] {logging_mixin.py:190} INFO - Inserted 115 articles into Snowflake table for NZ.
[2024-12-20T05:23:23.063+0000] {logging_mixin.py:190} INFO - Fetching news from 2024-12-19 to 2024-12-20 for NZ...
[2024-12-20T05:23:25.064+0000] {logging_mixin.py:190} INFO - Inserted 99 articles into Snowflake table for NZ.
[2024-12-20T05:23:25.065+0000] {logging_mixin.py:190} INFO - Processing news for country: SZ
[2024-12-20T05:23:30.066+0000] {logging_mixin.py:190} INFO - Fetching news from 2024-12-18 to 2024-12-19 for SZ...
[2024-12-20T05:23:35.415+0000] {logging_mixin.py:190} INFO - Inserted 250 articles into Snowflake table for SZ.
[2024-12-20T05:23:40.439+0000] {logging_mixin.py:190} INFO - Fetching news from 2024-12-19 to 2024-12-20 for SZ...
[2024-12-20T05:23:43.049+0000] {logging_mixin.py:190} INFO - Inserted 250 articles into Snowflake table for SZ.
[2024-12-20T05:23:43.050+0000] {logging_mixin.py:190} INFO - Processing news for country: RS
[2024-12-20T05:23:48.052+0000] {logging_mixin.py:190} INFO - Fetching news from 2024-12-18 to 2024-12-19 for RS...
[2024-12-20T05:23:50.592+0000] {logging_mixin.py:190} INFO - Inserted 250 articles into Snowflake table for RS.
[2024-12-20T05:23:55.591+0000] {logging_mixin.py:190} INFO - Fetching news from 2024-12-19 to 2024-12-20 for RS...
[2024-12-20T05:23:58.519+0000] {logging_mixin.py:190} INFO - Inserted 250 articles into Snowflake table for RS.
[2024-12-20T05:23:58.520+0000] {connection.py:789} INFO - closed
[2024-12-20T05:23:58.550+0000] {connection.py:795} INFO - No async queries seem to be running, deleting session
[2024-12-20T05:23:58.619+0000] {python.py:240} INFO - Done. Returned value was: None
[2024-12-20T05:23:58.638+0000] {taskinstance.py:340} INFO - ::group::Post task execution logs
[2024-12-20T05:23:58.639+0000] {taskinstance.py:352} INFO - Marking task as SUCCESS. dag_id=demo_fetch_news, task_id=fetch_and_insert_news_all_countries, run_id=scheduled__2024-12-19T00:00:00+00:00, execution_date=20241219T000000, start_date=20241220T052232, end_date=20241220T052358
[2024-12-20T05:23:58.714+0000] {local_task_job_runner.py:266} INFO - Task exited with return code 0
[2024-12-20T05:23:58.744+0000] {taskinstance.py:3895} INFO - 0 downstream tasks scheduled from follow-on schedule check
[2024-12-20T05:23:58.750+0000] {local_task_job_runner.py:245} INFO - ::endgroup::
[2024-12-20T10:08:55.268+0000] {local_task_job_runner.py:123} INFO - ::group::Pre task execution logs
[2024-12-20T10:08:55.310+0000] {taskinstance.py:2613} INFO - Dependencies all met for dep_context=non-requeueable deps ti=<TaskInstance: demo_fetch_news.fetch_and_insert_news_all_countries scheduled__2024-12-19T00:00:00+00:00 [queued]>
[2024-12-20T10:08:55.326+0000] {taskinstance.py:2613} INFO - Dependencies all met for dep_context=requeueable deps ti=<TaskInstance: demo_fetch_news.fetch_and_insert_news_all_countries scheduled__2024-12-19T00:00:00+00:00 [queued]>
[2024-12-20T10:08:55.327+0000] {taskinstance.py:2866} INFO - Starting attempt 1 of 2
[2024-12-20T10:08:55.357+0000] {taskinstance.py:2889} INFO - Executing <Task(PythonOperator): fetch_and_insert_news_all_countries> on 2024-12-19 00:00:00+00:00
[2024-12-20T10:08:55.368+0000] {warnings.py:112} WARNING - /home/***/.local/lib/python3.12/site-packages/***/task/task_runner/standard_task_runner.py:70: DeprecationWarning: This process (pid=761) is multi-threaded, use of fork() may lead to deadlocks in the child.
  pid = os.fork()

[2024-12-20T10:08:55.371+0000] {standard_task_runner.py:72} INFO - Started process 765 to run task
[2024-12-20T10:08:55.372+0000] {standard_task_runner.py:104} INFO - Running: ['***', 'tasks', 'run', 'demo_fetch_news', 'fetch_and_insert_news_all_countries', 'scheduled__2024-12-19T00:00:00+00:00', '--job-id', '7', '--raw', '--subdir', 'DAGS_FOLDER/batch_dag.py', '--cfg-path', '/tmp/tmpwft5w4f7']
[2024-12-20T10:08:55.376+0000] {standard_task_runner.py:105} INFO - Job 7: Subtask fetch_and_insert_news_all_countries
[2024-12-20T10:08:55.470+0000] {task_command.py:467} INFO - Running <TaskInstance: demo_fetch_news.fetch_and_insert_news_all_countries scheduled__2024-12-19T00:00:00+00:00 [running]> on host 4fe538676cbc
[2024-12-20T10:08:55.630+0000] {taskinstance.py:3132} INFO - Exporting env vars: AIRFLOW_CTX_DAG_OWNER='srush' AIRFLOW_CTX_DAG_ID='demo_fetch_news' AIRFLOW_CTX_TASK_ID='fetch_and_insert_news_all_countries' AIRFLOW_CTX_EXECUTION_DATE='2024-12-19T00:00:00+00:00' AIRFLOW_CTX_TRY_NUMBER='1' AIRFLOW_CTX_DAG_RUN_ID='scheduled__2024-12-19T00:00:00+00:00'
[2024-12-20T10:08:55.634+0000] {taskinstance.py:731} INFO - ::endgroup::
[2024-12-20T10:08:55.712+0000] {base.py:84} INFO - Retrieving connection 'snowflake_con'
[2024-12-20T10:08:55.715+0000] {connection.py:414} INFO - Snowflake Connector for Python Version: 3.12.4, Python Version: 3.12.8, Platform: Linux-5.15.167.4-microsoft-standard-WSL2-x86_64-with-glibc2.36
[2024-12-20T10:08:55.718+0000] {connection.py:1197} INFO - Connecting to GLOBAL Snowflake domain
[2024-12-20T10:08:55.720+0000] {connection.py:1278} INFO - This connection is in OCSP Fail Open Mode. TLS Certificates would be checked for validity and revocation status. Any other Certificate Revocation related exceptions or OCSP Responder failures would be disregarded in favor of connectivity.
[2024-12-20T10:08:56.492+0000] {cursor.py:1166} INFO - Number of results in first chunk: 11
[2024-12-20T10:08:56.559+0000] {cursor.py:1166} INFO - Number of results in first chunk: 5
[2024-12-20T10:08:56.561+0000] {logging_mixin.py:190} INFO - Fetched Keywords: ['currency', 'forex', 'finance', 'disease', 'war', 'election', 'pandemic', 'inflation', 'bank', 'trade', 'treaty']
[2024-12-20T10:08:56.563+0000] {logging_mixin.py:190} INFO - Fetched Countries: ['CH', 'JA', 'NZ', 'SZ', 'RS']
[2024-12-20T10:08:56.565+0000] {logging_mixin.py:190} INFO - Processing news for country: CH
[2024-12-20T10:09:01.569+0000] {logging_mixin.py:190} INFO - Fetching news from 2024-12-18 to 2024-12-19 for CH...
[2024-12-20T10:09:02.495+0000] {logging_mixin.py:190} INFO - Error fetching data for date: 2024-12-18 and country: CH. Error: The gdelt api returned a non-successful statuscode. This is the response message: Please limit requests to one every 5 seconds or contact kalev.leetaru5@gmail.com for larger queries.
[2024-12-20T10:09:07.500+0000] {logging_mixin.py:190} INFO - Fetching news from 2024-12-19 to 2024-12-20 for CH...
[2024-12-20T10:09:08.345+0000] {logging_mixin.py:190} INFO - Error fetching data for date: 2024-12-19 and country: CH. Error: The gdelt api returned a non-successful statuscode. This is the response message: Please limit requests to one every 5 seconds or contact kalev.leetaru5@gmail.com for larger queries.
[2024-12-20T10:09:08.347+0000] {logging_mixin.py:190} INFO - Processing news for country: JA
[2024-12-20T10:09:13.349+0000] {logging_mixin.py:190} INFO - Fetching news from 2024-12-18 to 2024-12-19 for JA...
[2024-12-20T10:09:14.255+0000] {logging_mixin.py:190} INFO - Error fetching data for date: 2024-12-18 and country: JA. Error: The gdelt api returned a non-successful statuscode. This is the response message: Please limit requests to one every 5 seconds or contact kalev.leetaru5@gmail.com for larger queries.
[2024-12-20T10:09:19.257+0000] {logging_mixin.py:190} INFO - Fetching news from 2024-12-19 to 2024-12-20 for JA...
[2024-12-20T10:09:20.099+0000] {logging_mixin.py:190} INFO - Error fetching data for date: 2024-12-19 and country: JA. Error: The gdelt api returned a non-successful statuscode. This is the response message: Please limit requests to one every 5 seconds or contact kalev.leetaru5@gmail.com for larger queries.
[2024-12-20T10:09:20.100+0000] {logging_mixin.py:190} INFO - Processing news for country: NZ
[2024-12-20T10:09:25.104+0000] {logging_mixin.py:190} INFO - Fetching news from 2024-12-18 to 2024-12-19 for NZ...
[2024-12-20T10:09:25.945+0000] {logging_mixin.py:190} INFO - Error fetching data for date: 2024-12-18 and country: NZ. Error: The gdelt api returned a non-successful statuscode. This is the response message: Please limit requests to one every 5 seconds or contact kalev.leetaru5@gmail.com for larger queries.
[2024-12-20T10:09:30.947+0000] {logging_mixin.py:190} INFO - Fetching news from 2024-12-19 to 2024-12-20 for NZ...
[2024-12-20T10:09:31.827+0000] {logging_mixin.py:190} INFO - Error fetching data for date: 2024-12-19 and country: NZ. Error: The gdelt api returned a non-successful statuscode. This is the response message: Please limit requests to one every 5 seconds or contact kalev.leetaru5@gmail.com for larger queries.
[2024-12-20T10:09:31.829+0000] {logging_mixin.py:190} INFO - Processing news for country: SZ
[2024-12-20T10:09:36.832+0000] {logging_mixin.py:190} INFO - Fetching news from 2024-12-18 to 2024-12-19 for SZ...
[2024-12-20T10:09:37.729+0000] {logging_mixin.py:190} INFO - Error fetching data for date: 2024-12-18 and country: SZ. Error: The gdelt api returned a non-successful statuscode. This is the response message: Please limit requests to one every 5 seconds or contact kalev.leetaru5@gmail.com for larger queries.
[2024-12-20T10:09:42.733+0000] {logging_mixin.py:190} INFO - Fetching news from 2024-12-19 to 2024-12-20 for SZ...
[2024-12-20T10:09:43.593+0000] {logging_mixin.py:190} INFO - Error fetching data for date: 2024-12-19 and country: SZ. Error: The gdelt api returned a non-successful statuscode. This is the response message: Please limit requests to one every 5 seconds or contact kalev.leetaru5@gmail.com for larger queries.
[2024-12-20T10:09:43.595+0000] {logging_mixin.py:190} INFO - Processing news for country: RS
[2024-12-20T10:09:48.597+0000] {logging_mixin.py:190} INFO - Fetching news from 2024-12-18 to 2024-12-19 for RS...
[2024-12-20T10:09:49.447+0000] {logging_mixin.py:190} INFO - Error fetching data for date: 2024-12-18 and country: RS. Error: The gdelt api returned a non-successful statuscode. This is the response message: Please limit requests to one every 5 seconds or contact kalev.leetaru5@gmail.com for larger queries.
[2024-12-20T10:09:54.450+0000] {logging_mixin.py:190} INFO - Fetching news from 2024-12-19 to 2024-12-20 for RS...
[2024-12-20T10:09:55.302+0000] {logging_mixin.py:190} INFO - Error fetching data for date: 2024-12-19 and country: RS. Error: The gdelt api returned a non-successful statuscode. This is the response message: Please limit requests to one every 5 seconds or contact kalev.leetaru5@gmail.com for larger queries.
[2024-12-20T10:09:55.304+0000] {connection.py:789} INFO - closed
[2024-12-20T10:09:55.339+0000] {connection.py:795} INFO - No async queries seem to be running, deleting session
[2024-12-20T10:09:55.379+0000] {python.py:240} INFO - Done. Returned value was: None
[2024-12-20T10:09:55.404+0000] {taskinstance.py:340} INFO - ::group::Post task execution logs
[2024-12-20T10:09:55.406+0000] {taskinstance.py:352} INFO - Marking task as SUCCESS. dag_id=demo_fetch_news, task_id=fetch_and_insert_news_all_countries, run_id=scheduled__2024-12-19T00:00:00+00:00, execution_date=20241219T000000, start_date=20241220T100855, end_date=20241220T100955
[2024-12-20T10:09:55.490+0000] {local_task_job_runner.py:266} INFO - Task exited with return code 0
[2024-12-20T10:09:55.515+0000] {taskinstance.py:3895} INFO - 0 downstream tasks scheduled from follow-on schedule check
[2024-12-20T10:09:55.520+0000] {local_task_job_runner.py:245} INFO - ::endgroup::
